[I 2025-04-14 18:20:50,064] Trial 24 finished with value: 0.15078835334904983 and parameters: {'n_estimators': 71, 'learning_rate': 0.04505580945191771, 'num_leaves': 30, 'max_depth': 4, 'min_child_samples': 23, 'subsample': 0.6508036485502561, 'colsample_bytree': 0.6819406589866116, 'reg_alpha': 1.0252286283382301e-05, 'reg_lambda': 0.00024364417784343182}. Best is trial 14 with value: 0.11484404443114325.

--- Optuna Trial 19 for LSTM_Baseload ---
Trial 19: Training model...
Trial 19: Validation Score (mae, scaled) = 0.159038

--- Optuna Trial 20 for LSTM_Baseload ---
Trial 20: Training model...
Trial 20: Validation Score (mae, scaled) = 0.139789

--- Optuna Trial 21 for LSTM_Baseload ---
Trial 21: Training model...
Trial 21: Validation Score (mae, scaled) = 0.146778

--- Optuna Trial 22 for LSTM_Baseload ---
Trial 22: Training model...
Trial 22: Validation Score (mae, scaled) = 0.148075

--- Optuna Trial 23 for LSTM_Baseload ---
Trial 23: Training model...
Trial 23: Validation Score (mae, scaled) = 0.139208

--- Optuna Trial 24 for LSTM_Baseload ---
Trial 24: Training model...
Trial 24: Validation Score (mae, scaled) = 0.143847

--- Best Results for Feeder=7, Arch=LSTM_Baseload, Scenario=24hr ---
Best Validation Score (mae, scaled): 0.139208
Best Hyperparameters:
  n_lstm_layers: 1
  lstm_units: 97
  n_dense_layers: 0
  lstm_dropout_0: 0.13541453088745595
  learning_rate: 0.0017748430448362071

--- Tuning: Arch=LSTM_Baseload, Scenario=Day ---
Loading existing model artifact to get scalers/columns...
Selecting model for Feeder 7, Arch: LSTM_Baseload, Scenario: Day, Version: None
Error: No matching model found for criteria: Feeder=7, Arch=LSTM_Baseload, Scenario=Day, Version=None
Warning: No existing model found for Feeder=7, Arch=LSTM_Baseload, Scenario=Day. Cannot get scalers. Skipping.

--- Tuning: Arch=LSTM_Baseload, Scenario=Night ---
Loading existing model artifact to get scalers/columns...
Selecting model for Feeder 7, Arch: LSTM_Baseload, Scenario: Night, Version: None
Error: No matching model found for criteria: Feeder=7, Arch=LSTM_Baseload, Scenario=Night, Version=None
Warning: No existing model found for Feeder=7, Arch=LSTM_Baseload, Scenario=Night. Cannot get scalers. Skipping.

--- Tuning: Arch=LSTM_Change_in_Load, Scenario=24hr ---
Loading existing model artifact to get scalers/columns...
Selecting model for Feeder 7, Arch: LSTM_Change_in_Load, Scenario: 24hr, Version: None
Selected Model ID: 166, Version: v1.1_Final_Forecasting_20250414170603, Path Info: {"keras_model": "models/feeder_7/LSTM_Change_in_Load_24hr_v1.1_Final_Forecasting_20250414170603.keras", "scalers_pkl": "models/feeder_7/LSTM_Change_in_Load_24hr_v1.1_Final_Forecasting_20250414170603_scalers.pkl"}
Loading artifact(s) based on path info: {'keras_model': 'models/feeder_7/LSTM_Change_in_Load_24hr_v1.1_Final_Forecasting_20250414170603.keras', 'scalers_pkl': 'models/feeder_7/LSTM_Change_in_Load_24hr_v1.1_Final_Forecasting_20250414170603_scalers.pkl'}
Detected separate Keras model (models/feeder_7/LSTM_Change_in_Load_24hr_v1.1_Final_Forecasting_20250414170603.keras) and scalers (models/feeder_7/LSTM_Change_in_Load_24hr_v1.1_Final_Forecasting_20250414170603_scalers.pkl).
Downloading Keras model to: H:\My Drive\Barbados_Forecasting_Tool_Final\tmp\LSTM_Change_in_Load_24hr_v1.1_Final_Forecasting_20250414170603.keras
Keras model downloaded. Loading...
Keras model loaded.
Downloading scalers pickle to: H:\My Drive\Barbados_Forecasting_Tool_Final\tmp\LSTM_Change_in_Load_24hr_v1.1_Final_Forecasting_20250414170603_scalers.pkl
Scalers pickle downloaded. Loading...
Scalers pickle loaded.
Cleaned up temporary file: H:\My Drive\Barbados_Forecasting_Tool_Final\tmp\LSTM_Change_in_Load_24hr_v1.1_Final_Forecasting_20250414170603.keras
Cleaned up temporary file: H:\My Drive\Barbados_Forecasting_Tool_Final\tmp\LSTM_Change_in_Load_24hr_v1.1_Final_Forecasting_20250414170603_scalers.pkl
Preparing training and validation data using loaded scalers...
Starting feature engineering for scenario: 24hr...
Pivoting data into daily vectors...
Reshaped data: X shape (152, 177), y shape (152, 24)
Transforming data using provided scalers (X and y)...
Data transformed.
Starting feature engineering for scenario: 24hr...
Pivoting data into daily vectors...
Reshaped data: X shape (30, 177), y shape (30, 24)
Transforming data using provided scalers (X and y)...
Data transformed.
Starting Optuna optimization (25 trials)...

--- Optuna Trial 0 for LSTM_Change_in_Load ---
Trial 0: Training model...
Trial 0: Validation Score (mae, scaled) = 0.175640

--- Optuna Trial 1 for LSTM_Change_in_Load ---
Trial 1: Training model...
Trial 1: Validation Score (mae, scaled) = 0.145227

--- Optuna Trial 2 for LSTM_Change_in_Load ---
Trial 2: Training model...
Trial 2: Validation Score (mae, scaled) = 0.116936

--- Optuna Trial 3 for LSTM_Change_in_Load ---
Trial 3: Training model...
Trial 3: Validation Score (mae, scaled) = 0.250801

--- Optuna Trial 4 for LSTM_Change_in_Load ---
Trial 4: Training model...
Trial 4: Validation Score (mae, scaled) = 0.153824

--- Optuna Trial 5 for LSTM_Change_in_Load ---
Trial 5: Training model...
Trial 5: Validation Score (mae, scaled) = 0.128529

--- Optuna Trial 6 for LSTM_Change_in_Load ---
Trial 6: Training model...
Trial 6: Validation Score (mae, scaled) = 0.203929

--- Optuna Trial 7 for LSTM_Change_in_Load ---
Trial 7: Training model...
Trial 7: Validation Score (mae, scaled) = 0.173482

--- Optuna Trial 8 for LSTM_Change_in_Load ---
Trial 8: Training model...
Trial 8: Validation Score (mae, scaled) = 0.275569

--- Optuna Trial 9 for LSTM_Change_in_Load ---
Trial 9: Training model...
Trial 9: Validation Score (mae, scaled) = 0.227000

--- Optuna Trial 10 for LSTM_Change_in_Load ---
Trial 10: Training model...
Trial 10: Validation Score (mae, scaled) = 0.118032

--- Optuna Trial 11 for LSTM_Change_in_Load ---
Trial 11: Training model...
Trial 11: Validation Score (mae, scaled) = 0.118704

--- Optuna Trial 12 for LSTM_Change_in_Load ---
Trial 12: Training model...
Trial 12: Validation Score (mae, scaled) = 0.129195

--- Optuna Trial 13 for LSTM_Change_in_Load ---
Trial 13: Training model...
Trial 13: Validation Score (mae, scaled) = 0.135221

--- Optuna Trial 14 for LSTM_Change_in_Load ---
Trial 14: Training model...
Trial 14: Validation Score (mae, scaled) = 0.131230

--- Optuna Trial 15 for LSTM_Change_in_Load ---
Trial 15: Training model...
Trial 15: Validation Score (mae, scaled) = 0.113783

--- Optuna Trial 16 for LSTM_Change_in_Load ---
Trial 16: Training model...
Trial 16: Validation Score (mae, scaled) = 0.126500

--- Optuna Trial 17 for LSTM_Change_in_Load ---
Trial 17: Training model...
Trial 17: Validation Score (mae, scaled) = 0.116777

--- Optuna Trial 18 for LSTM_Change_in_Load ---
Trial 18: Training model...
Trial 18: Validation Score (mae, scaled) = 0.120752

--- Optuna Trial 19 for LSTM_Change_in_Load ---
Trial 19: Training model...
Trial 19: Validation Score (mae, scaled) = 0.122575

--- Optuna Trial 20 for LSTM_Change_in_Load ---
Trial 20: Training model...
Trial 20: Validation Score (mae, scaled) = 0.136488

--- Optuna Trial 21 for LSTM_Change_in_Load ---
Trial 21: Training model...
Trial 21: Validation Score (mae, scaled) = 0.117604

--- Optuna Trial 22 for LSTM_Change_in_Load ---
Trial 22: Training model...
Trial 22: Validation Score (mae, scaled) = 0.113956

--- Optuna Trial 23 for LSTM_Change_in_Load ---
Trial 23: Training model...
Trial 23: Validation Score (mae, scaled) = 0.117223

--- Optuna Trial 24 for LSTM_Change_in_Load ---
Trial 24: Training model...
Trial 24: Validation Score (mae, scaled) = 0.119324

--- Best Results for Feeder=7, Arch=LSTM_Change_in_Load, Scenario=24hr ---
Best Validation Score (mae, scaled): 0.113783
Best Hyperparameters:
  n_lstm_layers: 1
  lstm_units: 87
  n_dense_layers: 0
  lstm_dropout_0: 0.28668509036197204
  learning_rate: 0.005932343474320879

--- Tuning: Arch=LSTM_Change_in_Load, Scenario=Day ---
Loading existing model artifact to get scalers/columns...
Selecting model for Feeder 7, Arch: LSTM_Change_in_Load, Scenario: Day, Version: None
Error: No matching model found for criteria: Feeder=7, Arch=LSTM_Change_in_Load, Scenario=Day, Version=None
Warning: No existing model found for Feeder=7, Arch=LSTM_Change_in_Load, Scenario=Day. Cannot get scalers. Skipping.

--- Tuning: Arch=LSTM_Change_in_Load, Scenario=Night ---
[I 2025-04-14 18:20:52,786] A new study created in memory with name: tune-8-LSTM_Baseload-24hr
[I 2025-04-14 18:20:59,783] Trial 0 finished with value: 0.13783417642116547 and parameters: {'n_lstm_layers': 2, 'lstm_units': 55, 'n_dense_layers': 1, 'lstm_dropout_0': 0.23160273061626319, 'lstm_dropout_1': 0.1149883702119134, 'dense_units_0': 20, 'dense_dropout_0': 0.19957638734326522, 'learning_rate': 0.005276920259539561}. Best is trial 0 with value: 0.13783417642116547.
[I 2025-04-14 18:21:05,321] Trial 1 finished with value: 0.23475585877895355 and parameters: {'n_lstm_layers': 1, 'lstm_units': 50, 'n_dense_layers': 2, 'lstm_dropout_0': 0.40327435090984665, 'dense_units_0': 50, 'dense_dropout_0': 0.10104634063482627, 'dense_units_1': 39, 'dense_dropout_1': 0.22694513223147725, 'learning_rate': 0.00014232018383283625}. Best is trial 0 with value: 0.13783417642116547.
[I 2025-04-14 18:21:13,290] Trial 2 finished with value: 0.421806663274765 and parameters: {'n_lstm_layers': 2, 'lstm_units': 56, 'n_dense_layers': 2, 'lstm_dropout_0': 0.215410407135693, 'lstm_dropout_1': 0.15969039266718174, 'dense_units_0': 20, 'dense_dropout_0': 0.2923985834142816, 'dense_units_1': 19, 'dense_dropout_1': 0.4973076568397178, 'learning_rate': 0.00010912123351456246}. Best is trial 0 with value: 0.13783417642116547.
[I 2025-04-14 18:21:21,039] Trial 3 finished with value: 0.21773618459701538 and parameters: {'n_lstm_layers': 2, 'lstm_units': 100, 'n_dense_layers': 0, 'lstm_dropout_0': 0.2587798943605726, 'lstm_dropout_1': 0.15838808243498925, 'learning_rate': 0.00014205309767862135}. Best is trial 0 with value: 0.13783417642116547.
[I 2025-04-14 18:21:26,410] Trial 4 finished with value: 0.1320381909608841 and parameters: {'n_lstm_layers': 1, 'lstm_units': 112, 'n_dense_layers': 0, 'lstm_dropout_0': 0.20656883449459917, 'learning_rate': 0.0027998977934862754}. Best is trial 4 with value: 0.1320381909608841.
[I 2025-04-14 18:21:33,885] Trial 5 finished with value: 0.221269428730011 and parameters: {'n_lstm_layers': 2, 'lstm_units': 45, 'n_dense_layers': 0, 'lstm_dropout_0': 0.29506375240988225, 'lstm_dropout_1': 0.10997205823230086, 'learning_rate': 0.00026990781302837076}. Best is trial 4 with value: 0.1320381909608841.
[I 2025-04-14 18:21:40,938] Trial 6 finished with value: 0.1565241813659668 and parameters: {'n_lstm_layers': 2, 'lstm_units': 90, 'n_dense_layers': 0, 'lstm_dropout_0': 0.13560155417204728, 'lstm_dropout_1': 0.3020977744835652, 'learning_rate': 0.0037682383185095674}. Best is trial 4 with value: 0.1320381909608841.
[I 2025-04-14 18:21:48,937] Trial 7 finished with value: 0.26343271136283875 and parameters: {'n_lstm_layers': 2, 'lstm_units': 47, 'n_dense_layers': 1, 'lstm_dropout_0': 0.46204793309673475, 'lstm_dropout_1': 0.49377350647529483, 'dense_units_0': 25, 'dense_dropout_0': 0.3028218981369588, 'learning_rate': 0.00014989435506812472}. Best is trial 4 with value: 0.1320381909608841.
[I 2025-04-14 18:21:56,550] Trial 8 finished with value: 0.14829665422439575 and parameters: {'n_lstm_layers': 2, 'lstm_units': 43, 'n_dense_layers': 2, 'lstm_dropout_0': 0.34249804289310526, 'lstm_dropout_1': 0.24997794627784697, 'dense_units_0': 30, 'dense_dropout_0': 0.22372222112508458, 'dense_units_1': 25, 'dense_dropout_1': 0.38284133376447216, 'learning_rate': 0.0009446548775650076}. Best is trial 4 with value: 0.1320381909608841.
[I 2025-04-14 18:22:04,024] Trial 9 finished with value: 0.13531769812107086 and parameters: {'n_lstm_layers': 2, 'lstm_units': 34, 'n_dense_layers': 2, 'lstm_dropout_0': 0.2702750155474554, 'lstm_dropout_1': 0.4531492881714577, 'dense_units_0': 27, 'dense_dropout_0': 0.32413583427951054, 'dense_units_1': 17, 'dense_dropout_1': 0.2230977995881463, 'learning_rate': 0.005343554818423554}. Best is trial 4 with value: 0.1320381909608841.
[I 2025-04-14 18:22:08,521] Trial 10 finished with value: 0.1321677267551422 and parameters: {'n_lstm_layers': 1, 'lstm_units': 122, 'n_dense_layers': 0, 'lstm_dropout_0': 0.10994970821152977, 'learning_rate': 0.0015775437414381735}. Best is trial 4 with value: 0.1320381909608841.
[I 2025-04-14 18:22:13,464] Trial 11 finished with value: 0.1326265186071396 and parameters: {'n_lstm_layers': 1, 'lstm_units': 124, 'n_dense_layers': 0, 'lstm_dropout_0': 0.10636195699534723, 'learning_rate': 0.0015211968183326703}. Best is trial 4 with value: 0.1320381909608841.
[I 2025-04-14 18:22:17,986] Trial 12 finished with value: 0.14712823927402496 and parameters: {'n_lstm_layers': 1, 'lstm_units': 83, 'n_dense_layers': 1, 'lstm_dropout_0': 0.16605794502021043, 'dense_units_0': 61, 'dense_dropout_0': 0.4707204918752804, 'learning_rate': 0.0015549314077258547}. Best is trial 4 with value: 0.1320381909608841.
[I 2025-04-14 18:22:22,769] Trial 13 finished with value: 0.15128718316555023 and parameters: {'n_lstm_layers': 1, 'lstm_units': 128, 'n_dense_layers': 0, 'lstm_dropout_0': 0.18360264720721137, 'learning_rate': 0.000791458372784901}. Best is trial 4 with value: 0.1320381909608841.
[I 2025-04-14 18:22:27,484] Trial 14 finished with value: 0.12569957971572876 and parameters: {'n_lstm_layers': 1, 'lstm_units': 78, 'n_dense_layers': 0, 'lstm_dropout_0': 0.10434836284218267, 'learning_rate': 0.00251665208851499}. Best is trial 14 with value: 0.12569957971572876.
[I 2025-04-14 18:22:31,565] Trial 15 finished with value: 0.15961714088916779 and parameters: {'n_lstm_layers': 1, 'lstm_units': 70, 'n_dense_layers': 1, 'lstm_dropout_0': 0.17510817468393114, 'dense_units_0': 41, 'dense_dropout_0': 0.4671135405904747, 'learning_rate': 0.009654615381011866}. Best is trial 14 with value: 0.12569957971572876.
[I 2025-04-14 18:22:36,045] Trial 16 finished with value: 0.14030027389526367 and parameters: {'n_lstm_layers': 1, 'lstm_units': 71, 'n_dense_layers': 0, 'lstm_dropout_0': 0.33481973322616254, 'learning_rate': 0.0027963360582193932}. Best is trial 14 with value: 0.12569957971572876.
[I 2025-04-14 18:22:41,009] Trial 17 finished with value: 0.166477233171463 and parameters: {'n_lstm_layers': 1, 'lstm_units': 105, 'n_dense_layers': 1, 'lstm_dropout_0': 0.20927395112060113, 'dense_units_0': 39, 'dense_dropout_0': 0.3995448313072406, 'learning_rate': 0.000521458917309886}. Best is trial 14 with value: 0.12569957971572876.
[I 2025-04-14 18:22:45,797] Trial 18 finished with value: 0.12806078791618347 and parameters: {'n_lstm_layers': 1, 'lstm_units': 79, 'n_dense_layers': 0, 'lstm_dropout_0': 0.146226877485463, 'learning_rate': 0.0028498477895534937}. Best is trial 14 with value: 0.12569957971572876.
[I 2025-04-14 18:22:49,625] Trial 19 finished with value: 0.15698643028736115 and parameters: {'n_lstm_layers': 1, 'lstm_units': 79, 'n_dense_layers': 1, 'lstm_dropout_0': 0.1439410452561963, 'dense_units_0': 17, 'dense_dropout_0': 0.13170162647216227, 'learning_rate': 0.008839158130055072}. Best is trial 14 with value: 0.12569957971572876.
[I 2025-04-14 18:22:54,448] Trial 20 finished with value: 0.1304575800895691 and parameters: {'n_lstm_layers': 1, 'lstm_units': 65, 'n_dense_layers': 0, 'lstm_dropout_0': 0.1084014599527173, 'learning_rate': 0.002541341218328841}. Best is trial 14 with value: 0.12569957971572876.
[I 2025-04-14 18:22:59,191] Trial 21 finished with value: 0.12790842354297638 and parameters: {'n_lstm_layers': 1, 'lstm_units': 66, 'n_dense_layers': 0, 'lstm_dropout_0': 0.1023593574751363, 'learning_rate': 0.0022629996791954767}. Best is trial 14 with value: 0.12569957971572876.
[I 2025-04-14 18:23:03,716] Trial 22 finished with value: 0.12912598252296448 and parameters: {'n_lstm_layers': 1, 'lstm_units': 76, 'n_dense_layers': 0, 'lstm_dropout_0': 0.15060023626644028, 'learning_rate': 0.004728854168636407}. Best is trial 14 with value: 0.12569957971572876.
[I 2025-04-14 18:23:08,503] Trial 23 finished with value: 0.1408107727766037 and parameters: {'n_lstm_layers': 1, 'lstm_units': 89, 'n_dense_layers': 0, 'lstm_dropout_0': 0.104201259010716, 'learning_rate': 0.0019814426146641134}. Best is trial 14 with value: 0.12569957971572876.
