[I 2025-04-14 17:38:30,689] Trial 24 finished with value: 0.09902390837669373 and parameters: {'n_layers': 2, 'units_layer_0': 240, 'dropout_layer_0': 0.3196263545723542, 'units_layer_1': 70, 'dropout_layer_1': 0.27389538745261827, 'learning_rate': 0.0016339182738731783}. Best is trial 23 with value: 0.08983203023672104.
Env file found at location:  H:\My Drive\Barbados_Forecasting_Tool_Final\.env
Env file found at location:  H:\My Drive\Barbados_Forecasting_Tool_Final\.env
Env file found at location:  H:\My Drive\Barbados_Forecasting_Tool_Final\.env
Env file found at location:  H:\My Drive\Barbados_Forecasting_Tool_Final\.env
Fetching list of Feeder IDs...
Found 12 feeders: [1, 2, 3, 4, 5, 6, 7, 8, 9, 10, 11, 12]
--- Starting Hyperparameter Tuning ---
Feeders: [1, 2, 3, 4, 5, 6, 7, 8, 9, 10, 11, 12]
Architectures: ['LightGBM_Baseline', 'ANN_Baseload', 'ANN_Change_in_Load', 'LSTM_Baseload', 'LSTM_Change_in_Load']
Scenarios: ['24hr', 'Day', 'Night']
Optuna Trials per combination: 25

Fetching training and validation data...
Fetching data for Feeder 1...
Fetching data for Feeder 1 from 2023-12-31 00:00:00+0000 to 2024-05-31 23:59:59+00...
Fetched 3624 records.
Fetching data for Feeder 1 from 2024-05-31 00:00:00+0000 to 2024-07-01 23:59:59+0000...
Fetched 768 records.
Fetching data for Feeder 2...
Fetching data for Feeder 2 from 2023-12-31 00:00:00+0000 to 2024-05-31 23:59:59+00...
Fetched 3672 records.
Fetching data for Feeder 2 from 2024-05-31 00:00:00+0000 to 2024-07-01 23:59:59+0000...
Fetched 744 records.
Fetching data for Feeder 3...
Fetching data for Feeder 3 from 2023-12-31 00:00:00+0000 to 2024-05-31 23:59:59+00...
Fetched 3624 records.
Fetching data for Feeder 3 from 2024-05-31 00:00:00+0000 to 2024-07-01 23:59:59+0000...
Fetched 792 records.
Fetching data for Feeder 4...
Fetching data for Feeder 4 from 2023-12-31 00:00:00+0000 to 2024-05-31 23:59:59+00...
Fetched 3672 records.
Fetching data for Feeder 4 from 2024-05-31 00:00:00+0000 to 2024-07-01 23:59:59+0000...
Fetched 720 records.
Fetching data for Feeder 5...
Fetching data for Feeder 5 from 2023-12-31 00:00:00+0000 to 2024-05-31 23:59:59+00...
Fetched 3624 records.
Fetching data for Feeder 5 from 2024-05-31 00:00:00+0000 to 2024-07-01 23:59:59+0000...
Fetched 792 records.
Fetching data for Feeder 6...
Fetching data for Feeder 6 from 2023-12-31 00:00:00+0000 to 2024-05-31 23:59:59+00...
Fetched 3672 records.
Fetching data for Feeder 6 from 2024-05-31 00:00:00+0000 to 2024-07-01 23:59:59+0000...
Fetched 792 records.
Fetching data for Feeder 7...
Fetching data for Feeder 7 from 2023-12-31 00:00:00+0000 to 2024-05-31 23:59:59+00...
Fetched 3672 records.
Fetching data for Feeder 7 from 2024-05-31 00:00:00+0000 to 2024-07-01 23:59:59+0000...
Fetched 744 records.
Fetching data for Feeder 8...
Fetching data for Feeder 8 from 2023-12-31 00:00:00+0000 to 2024-05-31 23:59:59+00...
Fetched 3672 records.
Fetching data for Feeder 8 from 2024-05-31 00:00:00+0000 to 2024-07-01 23:59:59+0000...
Fetched 744 records.
Fetching data for Feeder 9...
Fetching data for Feeder 9 from 2023-12-31 00:00:00+0000 to 2024-05-31 23:59:59+00...
Fetched 1848 records.
Fetching data for Feeder 9 from 2024-05-31 00:00:00+0000 to 2024-07-01 23:59:59+0000...
Fetched 792 records.
Fetching data for Feeder 10...
Fetching data for Feeder 10 from 2023-12-31 00:00:00+0000 to 2024-05-31 23:59:59+00...
Fetched 1848 records.
Fetching data for Feeder 10 from 2024-05-31 00:00:00+0000 to 2024-07-01 23:59:59+0000...
Fetched 792 records.
Fetching data for Feeder 11...
Fetching data for Feeder 11 from 2023-12-31 00:00:00+0000 to 2024-05-31 23:59:59+00...
Fetched 3672 records.
Fetching data for Feeder 11 from 2024-05-31 00:00:00+0000 to 2024-07-01 23:59:59+0000...
Fetched 744 records.
Fetching data for Feeder 12...
Fetching data for Feeder 12 from 2023-12-31 00:00:00+0000 to 2024-05-31 23:59:59+00...
Fetched 3624 records.
Fetching data for Feeder 12 from 2024-05-31 00:00:00+0000 to 2024-07-01 23:59:59+0000...
Fetched 792 records.

===== Tuning for Feeder 1 =====

--- Tuning: Arch=LightGBM_Baseline, Scenario=24hr ---
Loading existing model artifact to get scalers/columns...
Selecting model for Feeder 1, Arch: LightGBM_Baseline, Scenario: 24hr, Version: None
Selected Model ID: 140, Version: v1.1_Final_Forecasting_20250414170303, Path Info: models/feeder_1/LightGBM_Baseline_24hr_v1.1_Final_Forecasting_20250414170303.pkl
Loading artifact(s) based on path info: models/feeder_1/LightGBM_Baseline_24hr_v1.1_Final_Forecasting_20250414170303.pkl
Detected single pickle artifact path: models/feeder_1/LightGBM_Baseline_24hr_v1.1_Final_Forecasting_20250414170303.pkl
Downloading single pickle artifact to: H:\My Drive\Barbados_Forecasting_Tool_Final\tmp\LightGBM_Baseline_24hr_v1.1_Final_Forecasting_20250414170303.pkl
Single pickle downloaded. Loading...
Single pickle loaded.
Cleaned up temporary file: H:\My Drive\Barbados_Forecasting_Tool_Final\tmp\LightGBM_Baseline_24hr_v1.1_Final_Forecasting_20250414170303.pkl
Preparing training and validation data using loaded scalers...
Starting feature engineering for scenario: 24hr...
Pivoting data into daily vectors...
Reshaped data: X shape (150, 177), y shape (150, 24)
Transforming data using provided scalers (X and y)...
Data transformed.
Starting feature engineering for scenario: 24hr...
Pivoting data into daily vectors...
Reshaped data: X shape (31, 177), y shape (31, 24)
Transforming data using provided scalers (X and y)...
Data transformed.
Starting Optuna optimization (25 trials)...

--- Optuna Trial 0 for LightGBM_Baseline ---
Trial 0: Training model...
Trial 0: Evaluating model...
Trial 0: Validation Score (mae, scaled) = 0.114894

--- Optuna Trial 1 for LightGBM_Baseline ---
Trial 1: Training model...
Trial 1: Evaluating model...
Trial 1: Validation Score (mae, scaled) = 0.085249

--- Optuna Trial 2 for LightGBM_Baseline ---
Trial 2: Training model...
Trial 2: Evaluating model...
Trial 2: Validation Score (mae, scaled) = 0.085068

--- Optuna Trial 3 for LightGBM_Baseline ---
Trial 3: Training model...
Trial 3: Evaluating model...
Trial 3: Validation Score (mae, scaled) = 0.084513

--- Optuna Trial 4 for LightGBM_Baseline ---
Trial 4: Training model...
Trial 4: Evaluating model...
Trial 4: Validation Score (mae, scaled) = 0.104901

--- Optuna Trial 5 for LightGBM_Baseline ---
Trial 5: Training model...
Trial 5: Evaluating model...
Trial 5: Validation Score (mae, scaled) = 0.114565

--- Optuna Trial 6 for LightGBM_Baseline ---
Trial 6: Training model...
Trial 6: Evaluating model...
Trial 6: Validation Score (mae, scaled) = 0.083740

--- Optuna Trial 7 for LightGBM_Baseline ---
Trial 7: Training model...
Trial 7: Evaluating model...
Trial 7: Validation Score (mae, scaled) = 0.108293

--- Optuna Trial 8 for LightGBM_Baseline ---
Trial 8: Training model...
Trial 8: Evaluating model...
Trial 8: Validation Score (mae, scaled) = 0.097852

--- Optuna Trial 9 for LightGBM_Baseline ---
Trial 9: Training model...
Trial 9: Evaluating model...
Trial 9: Validation Score (mae, scaled) = 0.086493

--- Optuna Trial 10 for LightGBM_Baseline ---
Trial 10: Training model...
Trial 10: Evaluating model...
Trial 10: Validation Score (mae, scaled) = 0.087147

--- Optuna Trial 11 for LightGBM_Baseline ---
Trial 11: Training model...
Trial 11: Evaluating model...
Trial 11: Validation Score (mae, scaled) = 0.083986

--- Optuna Trial 12 for LightGBM_Baseline ---
Trial 12: Training model...
Trial 12: Evaluating model...
Trial 12: Validation Score (mae, scaled) = 0.090307

--- Optuna Trial 13 for LightGBM_Baseline ---
Trial 13: Training model...
Trial 13: Evaluating model...
Trial 13: Validation Score (mae, scaled) = 0.083798

--- Optuna Trial 14 for LightGBM_Baseline ---
Trial 14: Training model...
Trial 14: Evaluating model...
Trial 14: Validation Score (mae, scaled) = 0.086294

--- Optuna Trial 15 for LightGBM_Baseline ---
Trial 15: Training model...
Trial 15: Evaluating model...
Trial 15: Validation Score (mae, scaled) = 0.083542

--- Optuna Trial 16 for LightGBM_Baseline ---
Trial 16: Training model...
Trial 16: Evaluating model...
Trial 16: Validation Score (mae, scaled) = 0.082925

--- Optuna Trial 17 for LightGBM_Baseline ---
Trial 17: Training model...
Trial 17: Evaluating model...
Trial 17: Validation Score (mae, scaled) = 0.085138
[I 2025-04-14 17:38:32,254] A new study created in memory with name: tune-1-ANN_Change_in_Load-24hr
[I 2025-04-14 17:38:34,864] Trial 0 finished with value: 0.08107500523328781 and parameters: {'n_layers': 2, 'units_layer_0': 39, 'dropout_layer_0': 0.13398313602389333, 'units_layer_1': 105, 'dropout_layer_1': 0.30438656077380144, 'learning_rate': 0.0010283092581385457}. Best is trial 0 with value: 0.08107500523328781.
[I 2025-04-14 17:38:37,020] Trial 1 finished with value: 0.06326958537101746 and parameters: {'n_layers': 2, 'units_layer_0': 54, 'dropout_layer_0': 0.1444449672486801, 'units_layer_1': 244, 'dropout_layer_1': 0.19402385084936424, 'learning_rate': 0.009908798713996336}. Best is trial 1 with value: 0.06326958537101746.
[I 2025-04-14 17:38:39,441] Trial 2 finished with value: 0.0654028058052063 and parameters: {'n_layers': 2, 'units_layer_0': 155, 'dropout_layer_0': 0.44536243377307205, 'units_layer_1': 174, 'dropout_layer_1': 0.34659836325376314, 'learning_rate': 0.0019113640851388769}. Best is trial 1 with value: 0.06326958537101746.
[I 2025-04-14 17:38:42,107] Trial 3 finished with value: 0.2010890245437622 and parameters: {'n_layers': 2, 'units_layer_0': 75, 'dropout_layer_0': 0.3631424062760342, 'units_layer_1': 59, 'dropout_layer_1': 0.24817371374610986, 'learning_rate': 0.0001044492637280952}. Best is trial 1 with value: 0.06326958537101746.
[I 2025-04-14 17:38:44,348] Trial 4 finished with value: 0.06494703888893127 and parameters: {'n_layers': 3, 'units_layer_0': 32, 'dropout_layer_0': 0.3888842906492741, 'units_layer_1': 80, 'dropout_layer_1': 0.11284881335759361, 'units_layer_2': 42, 'dropout_layer_2': 0.20964408206013535, 'learning_rate': 0.006628870994643889}. Best is trial 1 with value: 0.06326958537101746.
[I 2025-04-14 17:38:47,090] Trial 5 finished with value: 0.06483311951160431 and parameters: {'n_layers': 3, 'units_layer_0': 230, 'dropout_layer_0': 0.4642741451348237, 'units_layer_1': 33, 'dropout_layer_1': 0.15441069846246053, 'units_layer_2': 136, 'dropout_layer_2': 0.16703155836690703, 'learning_rate': 0.0024458553972670645}. Best is trial 1 with value: 0.06326958537101746.
[I 2025-04-14 17:38:49,892] Trial 6 finished with value: 0.0644090473651886 and parameters: {'n_layers': 2, 'units_layer_0': 57, 'dropout_layer_0': 0.3743335678493932, 'units_layer_1': 255, 'dropout_layer_1': 0.3769742622640587, 'learning_rate': 0.003223526584856648}. Best is trial 1 with value: 0.06326958537101746.
[I 2025-04-14 17:38:52,016] Trial 7 finished with value: 0.09340770542621613 and parameters: {'n_layers': 1, 'units_layer_0': 157, 'dropout_layer_0': 0.3820597594855092, 'learning_rate': 0.001634633344073459}. Best is trial 1 with value: 0.06326958537101746.
[I 2025-04-14 17:38:54,470] Trial 8 finished with value: 0.06924036145210266 and parameters: {'n_layers': 2, 'units_layer_0': 101, 'dropout_layer_0': 0.27128320434684783, 'units_layer_1': 76, 'dropout_layer_1': 0.20906702811319972, 'learning_rate': 0.002845945003481368}. Best is trial 1 with value: 0.06326958537101746.
[I 2025-04-14 17:38:57,188] Trial 9 finished with value: 0.09785325825214386 and parameters: {'n_layers': 2, 'units_layer_0': 33, 'dropout_layer_0': 0.33285451223801826, 'units_layer_1': 49, 'dropout_layer_1': 0.4262184279138037, 'learning_rate': 0.0006036749540766561}. Best is trial 1 with value: 0.06326958537101746.
[I 2025-04-14 17:38:59,790] Trial 10 finished with value: 0.07427626848220825 and parameters: {'n_layers': 1, 'units_layer_0': 53, 'dropout_layer_0': 0.1026879342251916, 'learning_rate': 0.00710502717284074}. Best is trial 1 with value: 0.06326958537101746.
[I 2025-04-14 17:39:02,609] Trial 11 finished with value: 0.0662417784333229 and parameters: {'n_layers': 1, 'units_layer_0': 61, 'dropout_layer_0': 0.22300272524133408, 'learning_rate': 0.009963076006419151}. Best is trial 1 with value: 0.06326958537101746.
[I 2025-04-14 17:39:05,314] Trial 12 finished with value: 0.06511588394641876 and parameters: {'n_layers': 3, 'units_layer_0': 51, 'dropout_layer_0': 0.19795253341232835, 'units_layer_1': 238, 'dropout_layer_1': 0.48882184090977504, 'units_layer_2': 252, 'dropout_layer_2': 0.48554536180375873, 'learning_rate': 0.003775795071019569}. Best is trial 1 with value: 0.06326958537101746.
[I 2025-04-14 17:39:08,195] Trial 13 finished with value: 0.08275561034679413 and parameters: {'n_layers': 2, 'units_layer_0': 94, 'dropout_layer_0': 0.27963412584661573, 'units_layer_1': 251, 'dropout_layer_1': 0.3749276618208693, 'learning_rate': 0.00037590589442184453}. Best is trial 1 with value: 0.06326958537101746.
[I 2025-04-14 17:39:11,199] Trial 14 finished with value: 0.06172779202461243 and parameters: {'n_layers': 3, 'units_layer_0': 67, 'dropout_layer_0': 0.18743639333565498, 'units_layer_1': 146, 'dropout_layer_1': 0.21560215568540808, 'units_layer_2': 35, 'dropout_layer_2': 0.4145244715036238, 'learning_rate': 0.004839588117070405}. Best is trial 14 with value: 0.06172779202461243.
[I 2025-04-14 17:39:14,134] Trial 15 finished with value: 0.06644991040229797 and parameters: {'n_layers': 3, 'units_layer_0': 79, 'dropout_layer_0': 0.17388615440836966, 'units_layer_1': 144, 'dropout_layer_1': 0.21548597539215408, 'units_layer_2': 33, 'dropout_layer_2': 0.4366670338623666, 'learning_rate': 0.004992413512834596}. Best is trial 14 with value: 0.06172779202461243.
[I 2025-04-14 17:39:17,033] Trial 16 finished with value: 0.06503782421350479 and parameters: {'n_layers': 3, 'units_layer_0': 120, 'dropout_layer_0': 0.1555860960857964, 'units_layer_1': 153, 'dropout_layer_1': 0.17142834991953765, 'units_layer_2': 63, 'dropout_layer_2': 0.3556577717581978, 'learning_rate': 0.009852185076228268}. Best is trial 14 with value: 0.06172779202461243.
[I 2025-04-14 17:39:19,897] Trial 17 finished with value: 0.10161249339580536 and parameters: {'n_layers': 3, 'units_layer_0': 42, 'dropout_layer_0': 0.2338464379757434, 'units_layer_1': 125, 'dropout_layer_1': 0.27199960830643904, 'units_layer_2': 80, 'dropout_layer_2': 0.31915464075164457, 'learning_rate': 0.0002157663301418334}. Best is trial 14 with value: 0.06172779202461243.
[I 2025-04-14 17:39:22,414] Trial 18 finished with value: 0.10761616379022598 and parameters: {'n_layers': 1, 'units_layer_0': 66, 'dropout_layer_0': 0.11412260369271135, 'learning_rate': 0.0011752138803897056}. Best is trial 14 with value: 0.06172779202461243.
[I 2025-04-14 17:39:24,306] Trial 19 finished with value: 0.065648652613163 and parameters: {'n_layers': 3, 'units_layer_0': 45, 'dropout_layer_0': 0.23789169321491296, 'units_layer_1': 188, 'dropout_layer_1': 0.10376354102849383, 'units_layer_2': 52, 'dropout_layer_2': 0.3876383837166346, 'learning_rate': 0.0047954575110737375}. Best is trial 14 with value: 0.06172779202461243.
[I 2025-04-14 17:39:27,016] Trial 20 finished with value: 0.07911978662014008 and parameters: {'n_layers': 2, 'units_layer_0': 120, 'dropout_layer_0': 0.16998479333327743, 'units_layer_1': 196, 'dropout_layer_1': 0.1708853026627943, 'learning_rate': 0.0005241746684871866}. Best is trial 14 with value: 0.06172779202461243.
[I 2025-04-14 17:39:29,093] Trial 21 finished with value: 0.06358727812767029 and parameters: {'n_layers': 2, 'units_layer_0': 59, 'dropout_layer_0': 0.3228436006705221, 'units_layer_1': 245, 'dropout_layer_1': 0.3380253178111562, 'learning_rate': 0.0034865428020479693}. Best is trial 14 with value: 0.06172779202461243.
[I 2025-04-14 17:39:31,245] Trial 22 finished with value: 0.06508798897266388 and parameters: {'n_layers': 2, 'units_layer_0': 69, 'dropout_layer_0': 0.31785539690354664, 'units_layer_1': 199, 'dropout_layer_1': 0.3048749071739751, 'learning_rate': 0.006035564688437782}. Best is trial 14 with value: 0.06172779202461243.
[I 2025-04-14 17:39:33,520] Trial 23 finished with value: 0.06371282041072845 and parameters: {'n_layers': 2, 'units_layer_0': 89, 'dropout_layer_0': 0.2715305677138143, 'units_layer_1': 132, 'dropout_layer_1': 0.23348329807490859, 'learning_rate': 0.0040143938097783}. Best is trial 14 with value: 0.06172779202461243.
