[I 2025-04-14 18:26:25,542] Trial 24 finished with value: 0.1146148566060504 and parameters: {'n_estimators': 199, 'learning_rate': 0.04720950142611617, 'num_leaves': 20, 'max_depth': 8, 'min_child_samples': 25, 'subsample': 0.9645396002245049, 'colsample_bytree': 0.7022459534347694, 'reg_alpha': 1.0836994751543816e-07, 'reg_lambda': 2.2848001164358234e-05}. Best is trial 4 with value: 0.11450163699627809.
Selecting model for Feeder 8, Arch: LSTM_Change_in_Load, Scenario: 24hr, Version: None
Selected Model ID: 170, Version: v1.1_Final_Forecasting_20250414170626, Path Info: {"keras_model": "models/feeder_8/LSTM_Change_in_Load_24hr_v1.1_Final_Forecasting_20250414170626.keras", "scalers_pkl": "models/feeder_8/LSTM_Change_in_Load_24hr_v1.1_Final_Forecasting_20250414170626_scalers.pkl"}
Loading artifact(s) based on path info: {'keras_model': 'models/feeder_8/LSTM_Change_in_Load_24hr_v1.1_Final_Forecasting_20250414170626.keras', 'scalers_pkl': 'models/feeder_8/LSTM_Change_in_Load_24hr_v1.1_Final_Forecasting_20250414170626_scalers.pkl'}
Detected separate Keras model (models/feeder_8/LSTM_Change_in_Load_24hr_v1.1_Final_Forecasting_20250414170626.keras) and scalers (models/feeder_8/LSTM_Change_in_Load_24hr_v1.1_Final_Forecasting_20250414170626_scalers.pkl).
Downloading Keras model to: H:\My Drive\Barbados_Forecasting_Tool_Final\tmp\LSTM_Change_in_Load_24hr_v1.1_Final_Forecasting_20250414170626.keras
Keras model downloaded. Loading...
Keras model loaded.
Downloading scalers pickle to: H:\My Drive\Barbados_Forecasting_Tool_Final\tmp\LSTM_Change_in_Load_24hr_v1.1_Final_Forecasting_20250414170626_scalers.pkl
Scalers pickle downloaded. Loading...
Scalers pickle loaded.
Cleaned up temporary file: H:\My Drive\Barbados_Forecasting_Tool_Final\tmp\LSTM_Change_in_Load_24hr_v1.1_Final_Forecasting_20250414170626.keras
Cleaned up temporary file: H:\My Drive\Barbados_Forecasting_Tool_Final\tmp\LSTM_Change_in_Load_24hr_v1.1_Final_Forecasting_20250414170626_scalers.pkl
Preparing training and validation data using loaded scalers...
Starting feature engineering for scenario: 24hr...
Pivoting data into daily vectors...
Reshaped data: X shape (152, 177), y shape (152, 24)
Transforming data using provided scalers (X and y)...
Data transformed.
Starting feature engineering for scenario: 24hr...
Pivoting data into daily vectors...
Reshaped data: X shape (30, 177), y shape (30, 24)
Transforming data using provided scalers (X and y)...
Data transformed.
Starting Optuna optimization (25 trials)...

--- Optuna Trial 0 for LSTM_Change_in_Load ---
Trial 0: Training model...
Trial 0: Validation Score (mae, scaled) = 0.108861

--- Optuna Trial 1 for LSTM_Change_in_Load ---
Trial 1: Training model...
Trial 1: Validation Score (mae, scaled) = 0.101690

--- Optuna Trial 2 for LSTM_Change_in_Load ---
Trial 2: Training model...
Trial 2: Validation Score (mae, scaled) = 0.111007

--- Optuna Trial 3 for LSTM_Change_in_Load ---
Trial 3: Training model...
Trial 3: Validation Score (mae, scaled) = 0.223243

--- Optuna Trial 4 for LSTM_Change_in_Load ---
Trial 4: Training model...
Trial 4: Validation Score (mae, scaled) = 0.109121

--- Optuna Trial 5 for LSTM_Change_in_Load ---
Trial 5: Training model...
Trial 5: Validation Score (mae, scaled) = 0.106803

--- Optuna Trial 6 for LSTM_Change_in_Load ---
Trial 6: Training model...
Trial 6: Validation Score (mae, scaled) = 0.105057

--- Optuna Trial 7 for LSTM_Change_in_Load ---
Trial 7: Training model...
Trial 7: Validation Score (mae, scaled) = 0.099882

--- Optuna Trial 8 for LSTM_Change_in_Load ---
Trial 8: Training model...
Trial 8: Validation Score (mae, scaled) = 0.113614

--- Optuna Trial 9 for LSTM_Change_in_Load ---
Trial 9: Training model...
Trial 9: Validation Score (mae, scaled) = 0.101119

--- Optuna Trial 10 for LSTM_Change_in_Load ---
Trial 10: Training model...
Trial 10: Validation Score (mae, scaled) = 0.140653

--- Optuna Trial 11 for LSTM_Change_in_Load ---
Trial 11: Training model...
Trial 11: Validation Score (mae, scaled) = 0.098406

--- Optuna Trial 12 for LSTM_Change_in_Load ---
Trial 12: Training model...
Trial 12: Validation Score (mae, scaled) = 0.101526

--- Optuna Trial 13 for LSTM_Change_in_Load ---
Trial 13: Training model...
Trial 13: Validation Score (mae, scaled) = 0.111272

--- Optuna Trial 14 for LSTM_Change_in_Load ---
Trial 14: Training model...
Trial 14: Validation Score (mae, scaled) = 0.101533

--- Optuna Trial 15 for LSTM_Change_in_Load ---
Trial 15: Training model...
Trial 15: Validation Score (mae, scaled) = 0.100899

--- Optuna Trial 16 for LSTM_Change_in_Load ---
Trial 16: Training model...
Trial 16: Validation Score (mae, scaled) = 0.104918

--- Optuna Trial 17 for LSTM_Change_in_Load ---
Trial 17: Training model...
Trial 17: Validation Score (mae, scaled) = 0.116223

--- Optuna Trial 18 for LSTM_Change_in_Load ---
Trial 18: Training model...
Trial 18: Validation Score (mae, scaled) = 0.227640

--- Optuna Trial 19 for LSTM_Change_in_Load ---
Trial 19: Training model...
Trial 19: Validation Score (mae, scaled) = 0.244408

--- Optuna Trial 20 for LSTM_Change_in_Load ---
Trial 20: Training model...
Trial 20: Validation Score (mae, scaled) = 0.101617

--- Optuna Trial 21 for LSTM_Change_in_Load ---
Trial 21: Training model...
Trial 21: Validation Score (mae, scaled) = 0.099932

--- Optuna Trial 22 for LSTM_Change_in_Load ---
Trial 22: Training model...
Trial 22: Validation Score (mae, scaled) = 0.102263

--- Optuna Trial 23 for LSTM_Change_in_Load ---
Trial 23: Training model...
Trial 23: Validation Score (mae, scaled) = 0.100586

--- Optuna Trial 24 for LSTM_Change_in_Load ---
Trial 24: Training model...
Trial 24: Validation Score (mae, scaled) = 0.100370

--- Best Results for Feeder=8, Arch=LSTM_Change_in_Load, Scenario=24hr ---
Best Validation Score (mae, scaled): 0.098406
Best Hyperparameters:
  n_lstm_layers: 2
  lstm_units: 50
  n_dense_layers: 2
  lstm_dropout_0: 0.3658954649238185
  lstm_dropout_1: 0.21554559347667882
  dense_units_0: 59
  dense_dropout_0: 0.10073885924604259
  dense_units_1: 51
  dense_dropout_1: 0.10667216924023493
  learning_rate: 0.0046435408312779595

--- Tuning: Arch=LSTM_Change_in_Load, Scenario=Day ---
Loading existing model artifact to get scalers/columns...
Selecting model for Feeder 8, Arch: LSTM_Change_in_Load, Scenario: Day, Version: None
Error: No matching model found for criteria: Feeder=8, Arch=LSTM_Change_in_Load, Scenario=Day, Version=None
Warning: No existing model found for Feeder=8, Arch=LSTM_Change_in_Load, Scenario=Day. Cannot get scalers. Skipping.

--- Tuning: Arch=LSTM_Change_in_Load, Scenario=Night ---
Loading existing model artifact to get scalers/columns...
Selecting model for Feeder 8, Arch: LSTM_Change_in_Load, Scenario: Night, Version: None
Error: No matching model found for criteria: Feeder=8, Arch=LSTM_Change_in_Load, Scenario=Night, Version=None
Warning: No existing model found for Feeder=8, Arch=LSTM_Change_in_Load, Scenario=Night. Cannot get scalers. Skipping.

===== Tuning for Feeder 9 =====

--- Tuning: Arch=LightGBM_Baseline, Scenario=24hr ---
Loading existing model artifact to get scalers/columns...
Selecting model for Feeder 9, Arch: LightGBM_Baseline, Scenario: 24hr, Version: None
Selected Model ID: 172, Version: v1.1_Final_Forecasting_20250414170639, Path Info: models/feeder_9/LightGBM_Baseline_24hr_v1.1_Final_Forecasting_20250414170639.pkl
Loading artifact(s) based on path info: models/feeder_9/LightGBM_Baseline_24hr_v1.1_Final_Forecasting_20250414170639.pkl
Detected single pickle artifact path: models/feeder_9/LightGBM_Baseline_24hr_v1.1_Final_Forecasting_20250414170639.pkl
Downloading single pickle artifact to: H:\My Drive\Barbados_Forecasting_Tool_Final\tmp\LightGBM_Baseline_24hr_v1.1_Final_Forecasting_20250414170639.pkl
Single pickle downloaded. Loading...
Single pickle loaded.
Cleaned up temporary file: H:\My Drive\Barbados_Forecasting_Tool_Final\tmp\LightGBM_Baseline_24hr_v1.1_Final_Forecasting_20250414170639.pkl
Preparing training and validation data using loaded scalers...
Starting feature engineering for scenario: 24hr...
Pivoting data into daily vectors...
Reshaped data: X shape (76, 177), y shape (76, 24)
Transforming data using provided scalers (X and y)...
Data transformed.
Starting feature engineering for scenario: 24hr...
Pivoting data into daily vectors...
Reshaped data: X shape (32, 177), y shape (32, 24)
[I 2025-04-14 18:26:27,957] A new study created in memory with name: tune-9-LSTM_Baseload-24hr
[I 2025-04-14 18:26:32,163] Trial 0 finished with value: 0.1998172104358673 and parameters: {'n_lstm_layers': 1, 'lstm_units': 32, 'n_dense_layers': 1, 'lstm_dropout_0': 0.14766845934128714, 'dense_units_0': 50, 'dense_dropout_0': 0.12350576765247152, 'learning_rate': 0.00022920125014953713}. Best is trial 0 with value: 0.1998172104358673.
[I 2025-04-14 18:26:36,902] Trial 1 finished with value: 0.16793712973594666 and parameters: {'n_lstm_layers': 1, 'lstm_units': 84, 'n_dense_layers': 0, 'lstm_dropout_0': 0.1832352295416694, 'learning_rate': 0.00010980672299879215}. Best is trial 1 with value: 0.16793712973594666.
[I 2025-04-14 18:26:44,268] Trial 2 finished with value: 0.4725308120250702 and parameters: {'n_lstm_layers': 2, 'lstm_units': 38, 'n_dense_layers': 2, 'lstm_dropout_0': 0.10818923545767745, 'lstm_dropout_1': 0.22846240965134454, 'dense_units_0': 21, 'dense_dropout_0': 0.4539620466606584, 'dense_units_1': 40, 'dense_dropout_1': 0.465504987154742, 'learning_rate': 0.00013575448041196035}. Best is trial 1 with value: 0.16793712973594666.
[I 2025-04-14 18:26:52,132] Trial 3 finished with value: 0.23061616718769073 and parameters: {'n_lstm_layers': 2, 'lstm_units': 67, 'n_dense_layers': 2, 'lstm_dropout_0': 0.37663733687455636, 'lstm_dropout_1': 0.3977623214844421, 'dense_units_0': 43, 'dense_dropout_0': 0.2250305052335353, 'dense_units_1': 18, 'dense_dropout_1': 0.25134194883395283, 'learning_rate': 0.0005225732892344257}. Best is trial 1 with value: 0.16793712973594666.
[I 2025-04-14 18:26:56,593] Trial 4 finished with value: 0.13944408297538757 and parameters: {'n_lstm_layers': 1, 'lstm_units': 55, 'n_dense_layers': 1, 'lstm_dropout_0': 0.49655956518224553, 'dense_units_0': 43, 'dense_dropout_0': 0.3789553271445735, 'learning_rate': 0.001918606253804309}. Best is trial 4 with value: 0.13944408297538757.
[I 2025-04-14 18:27:01,446] Trial 5 finished with value: 0.19983285665512085 and parameters: {'n_lstm_layers': 1, 'lstm_units': 55, 'n_dense_layers': 1, 'lstm_dropout_0': 0.40448070965993643, 'dense_units_0': 36, 'dense_dropout_0': 0.3775402375764708, 'learning_rate': 0.00045973091994962954}. Best is trial 4 with value: 0.13944408297538757.
[I 2025-04-14 18:27:07,980] Trial 6 finished with value: 0.12945881485939026 and parameters: {'n_lstm_layers': 2, 'lstm_units': 70, 'n_dense_layers': 2, 'lstm_dropout_0': 0.14901585656158584, 'lstm_dropout_1': 0.1085634717030508, 'dense_units_0': 23, 'dense_dropout_0': 0.296002237044793, 'dense_units_1': 36, 'dense_dropout_1': 0.27651052035195045, 'learning_rate': 0.0059868221762878465}. Best is trial 6 with value: 0.12945881485939026.
[I 2025-04-14 18:27:15,331] Trial 7 finished with value: 0.17050409317016602 and parameters: {'n_lstm_layers': 2, 'lstm_units': 43, 'n_dense_layers': 2, 'lstm_dropout_0': 0.4059370920059703, 'lstm_dropout_1': 0.2687608664432566, 'dense_units_0': 43, 'dense_dropout_0': 0.11939028897624789, 'dense_units_1': 18, 'dense_dropout_1': 0.44077694844174353, 'learning_rate': 0.0015076822701801948}. Best is trial 6 with value: 0.12945881485939026.
[I 2025-04-14 18:27:20,178] Trial 8 finished with value: 0.14939577877521515 and parameters: {'n_lstm_layers': 1, 'lstm_units': 54, 'n_dense_layers': 2, 'lstm_dropout_0': 0.17788746321619753, 'dense_units_0': 54, 'dense_dropout_0': 0.14983684559307398, 'dense_units_1': 54, 'dense_dropout_1': 0.2525149722175388, 'learning_rate': 0.000493562432057802}. Best is trial 6 with value: 0.12945881485939026.
[I 2025-04-14 18:27:26,178] Trial 9 finished with value: 0.12441956996917725 and parameters: {'n_lstm_layers': 2, 'lstm_units': 113, 'n_dense_layers': 0, 'lstm_dropout_0': 0.3404090612181371, 'lstm_dropout_1': 0.2656185384768937, 'learning_rate': 0.007582638673023543}. Best is trial 9 with value: 0.12441956996917725.
[I 2025-04-14 18:27:31,994] Trial 10 finished with value: 0.12708473205566406 and parameters: {'n_lstm_layers': 2, 'lstm_units': 127, 'n_dense_layers': 0, 'lstm_dropout_0': 0.27009312021213444, 'lstm_dropout_1': 0.41687127244523736, 'learning_rate': 0.00673279128547197}. Best is trial 9 with value: 0.12441956996917725.
[I 2025-04-14 18:27:39,209] Trial 11 finished with value: 0.11981435865163803 and parameters: {'n_lstm_layers': 2, 'lstm_units': 127, 'n_dense_layers': 0, 'lstm_dropout_0': 0.2742595769742452, 'lstm_dropout_1': 0.48154187208487037, 'learning_rate': 0.008923888036289917}. Best is trial 11 with value: 0.11981435865163803.
[I 2025-04-14 18:27:45,227] Trial 12 finished with value: 0.12961268424987793 and parameters: {'n_lstm_layers': 2, 'lstm_units': 125, 'n_dense_layers': 0, 'lstm_dropout_0': 0.2838768613100527, 'lstm_dropout_1': 0.49047325808637793, 'learning_rate': 0.009998851595054637}. Best is trial 11 with value: 0.11981435865163803.
[I 2025-04-14 18:27:52,561] Trial 13 finished with value: 0.1190260723233223 and parameters: {'n_lstm_layers': 2, 'lstm_units': 100, 'n_dense_layers': 0, 'lstm_dropout_0': 0.3237453245326612, 'lstm_dropout_1': 0.3435250574112641, 'learning_rate': 0.003787752060730693}. Best is trial 13 with value: 0.1190260723233223.
[I 2025-04-14 18:27:59,654] Trial 14 finished with value: 0.11994296312332153 and parameters: {'n_lstm_layers': 2, 'lstm_units': 96, 'n_dense_layers': 0, 'lstm_dropout_0': 0.23566308564703425, 'lstm_dropout_1': 0.38115638990326184, 'learning_rate': 0.003335814863838643}. Best is trial 13 with value: 0.1190260723233223.
[I 2025-04-14 18:28:06,007] Trial 15 finished with value: 0.125778466463089 and parameters: {'n_lstm_layers': 2, 'lstm_units': 94, 'n_dense_layers': 0, 'lstm_dropout_0': 0.32560441064101686, 'lstm_dropout_1': 0.4971591224445397, 'learning_rate': 0.0033389882947392558}. Best is trial 13 with value: 0.1190260723233223.
[I 2025-04-14 18:28:13,428] Trial 16 finished with value: 0.12729395925998688 and parameters: {'n_lstm_layers': 2, 'lstm_units': 105, 'n_dense_layers': 1, 'lstm_dropout_0': 0.2394719599187256, 'lstm_dropout_1': 0.33550424494275644, 'dense_units_0': 16, 'dense_dropout_0': 0.4791438803552193, 'learning_rate': 0.003570477112674069}. Best is trial 13 with value: 0.1190260723233223.
[I 2025-04-14 18:28:20,458] Trial 17 finished with value: 0.12015771120786667 and parameters: {'n_lstm_layers': 2, 'lstm_units': 80, 'n_dense_layers': 0, 'lstm_dropout_0': 0.46611339873508606, 'lstm_dropout_1': 0.17007850780132017, 'learning_rate': 0.0018012772073346822}. Best is trial 13 with value: 0.1190260723233223.
[I 2025-04-14 18:28:27,690] Trial 18 finished with value: 0.12143261730670929 and parameters: {'n_lstm_layers': 2, 'lstm_units': 108, 'n_dense_layers': 1, 'lstm_dropout_0': 0.33292700698368133, 'lstm_dropout_1': 0.44006075579437565, 'dense_units_0': 27, 'dense_dropout_0': 0.23487785230731167, 'learning_rate': 0.004586289595013277}. Best is trial 13 with value: 0.1190260723233223.
[I 2025-04-14 18:28:34,807] Trial 19 finished with value: 0.1188216507434845 and parameters: {'n_lstm_layers': 2, 'lstm_units': 82, 'n_dense_layers': 0, 'lstm_dropout_0': 0.2354281028791115, 'lstm_dropout_1': 0.33251150617828823, 'learning_rate': 0.001141397815731878}. Best is trial 19 with value: 0.1188216507434845.
[I 2025-04-14 18:28:38,379] Trial 20 finished with value: 0.13771620392799377 and parameters: {'n_lstm_layers': 1, 'lstm_units': 79, 'n_dense_layers': 0, 'lstm_dropout_0': 0.2152159886261667, 'learning_rate': 0.0009072545405521158}. Best is trial 19 with value: 0.1188216507434845.
[I 2025-04-14 18:28:44,137] Trial 21 finished with value: 0.13420650362968445 and parameters: {'n_lstm_layers': 2, 'lstm_units': 93, 'n_dense_layers': 0, 'lstm_dropout_0': 0.2773310174242138, 'lstm_dropout_1': 0.3225294409724807, 'learning_rate': 0.0025358018437725634}. Best is trial 19 with value: 0.1188216507434845.
[I 2025-04-14 18:28:50,255] Trial 22 finished with value: 0.13502256572246552 and parameters: {'n_lstm_layers': 2, 'lstm_units': 119, 'n_dense_layers': 0, 'lstm_dropout_0': 0.3091459902369137, 'lstm_dropout_1': 0.36872706016069173, 'learning_rate': 0.0010358722253731771}. Best is trial 19 with value: 0.1188216507434845.
[I 2025-04-14 18:28:56,313] Trial 23 finished with value: 0.1442585587501526 and parameters: {'n_lstm_layers': 2, 'lstm_units': 102, 'n_dense_layers': 0, 'lstm_dropout_0': 0.3637926270514258, 'lstm_dropout_1': 0.4441347840901667, 'learning_rate': 0.0009645160445527932}. Best is trial 19 with value: 0.1188216507434845.
