[I 2025-04-14 18:17:21,109] Trial 18 finished with value: 0.2418881356716156 and parameters: {'n_lstm_layers': 2, 'lstm_units': 102, 'n_dense_layers': 0, 'lstm_dropout_0': 0.2217134268771682, 'lstm_dropout_1': 0.1659973969502766, 'learning_rate': 0.0002672245902566555}. Best is trial 10 with value: 0.1422305405139923.
Trial 15: Training model...
Trial 15: Validation Score (mae, scaled) = 0.105702

--- Optuna Trial 16 for LSTM_Change_in_Load ---
Trial 16: Training model...
Trial 16: Validation Score (mae, scaled) = 0.105251

--- Optuna Trial 17 for LSTM_Change_in_Load ---
Trial 17: Training model...
Trial 17: Validation Score (mae, scaled) = 0.101254

--- Optuna Trial 18 for LSTM_Change_in_Load ---
Trial 18: Training model...
Trial 18: Validation Score (mae, scaled) = 0.102466

--- Optuna Trial 19 for LSTM_Change_in_Load ---
Trial 19: Training model...
Trial 19: Validation Score (mae, scaled) = 0.112858

--- Optuna Trial 20 for LSTM_Change_in_Load ---
Trial 20: Training model...
Trial 20: Validation Score (mae, scaled) = 0.126190

--- Optuna Trial 21 for LSTM_Change_in_Load ---
Trial 21: Training model...
Trial 21: Validation Score (mae, scaled) = 0.101457

--- Optuna Trial 22 for LSTM_Change_in_Load ---
Trial 22: Training model...
Trial 22: Validation Score (mae, scaled) = 0.102973

--- Optuna Trial 23 for LSTM_Change_in_Load ---
Trial 23: Training model...
Trial 23: Validation Score (mae, scaled) = 0.101580

--- Optuna Trial 24 for LSTM_Change_in_Load ---
Trial 24: Training model...
Trial 24: Validation Score (mae, scaled) = 0.102688

--- Best Results for Feeder=6, Arch=LSTM_Change_in_Load, Scenario=24hr ---
Best Validation Score (mae, scaled): 0.100573
Best Hyperparameters:
  n_lstm_layers: 2
  lstm_units: 116
  n_dense_layers: 0
  lstm_dropout_0: 0.49562958928984724
  lstm_dropout_1: 0.14974988853790872
  learning_rate: 0.000537599716249571

--- Tuning: Arch=LSTM_Change_in_Load, Scenario=Day ---
Loading existing model artifact to get scalers/columns...
Selecting model for Feeder 6, Arch: LSTM_Change_in_Load, Scenario: Day, Version: None
Error: No matching model found for criteria: Feeder=6, Arch=LSTM_Change_in_Load, Scenario=Day, Version=None
Warning: No existing model found for Feeder=6, Arch=LSTM_Change_in_Load, Scenario=Day. Cannot get scalers. Skipping.

--- Tuning: Arch=LSTM_Change_in_Load, Scenario=Night ---
Loading existing model artifact to get scalers/columns...
Selecting model for Feeder 6, Arch: LSTM_Change_in_Load, Scenario: Night, Version: None
Error: No matching model found for criteria: Feeder=6, Arch=LSTM_Change_in_Load, Scenario=Night, Version=None
Warning: No existing model found for Feeder=6, Arch=LSTM_Change_in_Load, Scenario=Night. Cannot get scalers. Skipping.

===== Tuning for Feeder 7 =====

--- Tuning: Arch=LightGBM_Baseline, Scenario=24hr ---
Loading existing model artifact to get scalers/columns...
Selecting model for Feeder 7, Arch: LightGBM_Baseline, Scenario: 24hr, Version: None
Selected Model ID: 164, Version: v1.1_Final_Forecasting_20250414170550, Path Info: models/feeder_7/LightGBM_Baseline_24hr_v1.1_Final_Forecasting_20250414170550.pkl
Loading artifact(s) based on path info: models/feeder_7/LightGBM_Baseline_24hr_v1.1_Final_Forecasting_20250414170550.pkl
Detected single pickle artifact path: models/feeder_7/LightGBM_Baseline_24hr_v1.1_Final_Forecasting_20250414170550.pkl
Downloading single pickle artifact to: H:\My Drive\Barbados_Forecasting_Tool_Final\tmp\LightGBM_Baseline_24hr_v1.1_Final_Forecasting_20250414170550.pkl
Single pickle downloaded. Loading...
Single pickle loaded.
Cleaned up temporary file: H:\My Drive\Barbados_Forecasting_Tool_Final\tmp\LightGBM_Baseline_24hr_v1.1_Final_Forecasting_20250414170550.pkl
Preparing training and validation data using loaded scalers...
Starting feature engineering for scenario: 24hr...
Pivoting data into daily vectors...
Reshaped data: X shape (152, 177), y shape (152, 24)
Transforming data using provided scalers (X and y)...
Data transformed.
Starting feature engineering for scenario: 24hr...
Pivoting data into daily vectors...
Reshaped data: X shape (30, 177), y shape (30, 24)
Transforming data using provided scalers (X and y)...
Data transformed.
Starting Optuna optimization (25 trials)...

--- Optuna Trial 0 for LightGBM_Baseline ---
Trial 0: Training model...
Trial 0: Evaluating model...
Trial 0: Validation Score (mae, scaled) = 0.288870

--- Optuna Trial 1 for LightGBM_Baseline ---
Trial 1: Training model...
Trial 1: Evaluating model...
Trial 1: Validation Score (mae, scaled) = 0.302115

--- Optuna Trial 2 for LightGBM_Baseline ---
Trial 2: Training model...
Trial 2: Evaluating model...
Trial 2: Validation Score (mae, scaled) = 0.193540

--- Optuna Trial 3 for LightGBM_Baseline ---
Trial 3: Training model...
Trial 3: Evaluating model...
Trial 3: Validation Score (mae, scaled) = 0.301359

--- Optuna Trial 4 for LightGBM_Baseline ---
Trial 4: Training model...
Trial 4: Evaluating model...
Trial 4: Validation Score (mae, scaled) = 0.157023

--- Optuna Trial 5 for LightGBM_Baseline ---
Trial 5: Training model...
Trial 5: Evaluating model...
Trial 5: Validation Score (mae, scaled) = 0.296443

--- Optuna Trial 6 for LightGBM_Baseline ---
Trial 6: Training model...
Trial 6: Evaluating model...
Trial 6: Validation Score (mae, scaled) = 0.289855

--- Optuna Trial 7 for LightGBM_Baseline ---
Trial 7: Training model...
Trial 7: Evaluating model...
Trial 7: Validation Score (mae, scaled) = 0.233400

--- Optuna Trial 8 for LightGBM_Baseline ---
Trial 8: Training model...
Trial 8: Evaluating model...
Trial 8: Validation Score (mae, scaled) = 0.162110

--- Optuna Trial 9 for LightGBM_Baseline ---
Trial 9: Training model...
Trial 9: Evaluating model...
Trial 9: Validation Score (mae, scaled) = 0.162345

--- Optuna Trial 10 for LightGBM_Baseline ---
Trial 10: Training model...
Trial 10: Evaluating model...
Trial 10: Validation Score (mae, scaled) = 0.153718

--- Optuna Trial 11 for LightGBM_Baseline ---
Trial 11: Training model...
Trial 11: Evaluating model...
Trial 11: Validation Score (mae, scaled) = 0.153065

--- Optuna Trial 12 for LightGBM_Baseline ---
Trial 12: Training model...
Trial 12: Evaluating model...
Trial 12: Validation Score (mae, scaled) = 0.156942

--- Optuna Trial 13 for LightGBM_Baseline ---
Trial 13: Training model...
Trial 13: Evaluating model...
Trial 13: Validation Score (mae, scaled) = 0.163225

--- Optuna Trial 14 for LightGBM_Baseline ---
Trial 14: Training model...
Trial 14: Evaluating model...
Trial 14: Validation Score (mae, scaled) = 0.161972

--- Optuna Trial 15 for LightGBM_Baseline ---
Trial 15: Training model...
Trial 15: Evaluating model...
Trial 15: Validation Score (mae, scaled) = 0.256562

--- Optuna Trial 16 for LightGBM_Baseline ---
Trial 16: Training model...
Trial 16: Evaluating model...
Trial 16: Validation Score (mae, scaled) = 0.185886

--- Optuna Trial 17 for LightGBM_Baseline ---
Trial 17: Training model...
Trial 17: Evaluating model...
Trial 17: Validation Score (mae, scaled) = 0.193064

--- Optuna Trial 18 for LightGBM_Baseline ---
Trial 18: Training model...
Trial 18: Evaluating model...
Trial 18: Validation Score (mae, scaled) = 0.157714

--- Optuna Trial 19 for LightGBM_Baseline ---
Trial 19: Training model...
Trial 19: Evaluating model...
Trial 19: Validation Score (mae, scaled) = 0.175857

--- Optuna Trial 20 for LightGBM_Baseline ---
Trial 20: Training model...
Trial 20: Evaluating model...
Trial 20: Validation Score (mae, scaled) = 0.166886

--- Optuna Trial 21 for LightGBM_Baseline ---
Trial 21: Training model...
Trial 21: Evaluating model...
Trial 21: Validation Score (mae, scaled) = 0.156688

--- Optuna Trial 22 for LightGBM_Baseline ---
Trial 22: Training model...
Trial 22: Evaluating model...
Trial 22: Validation Score (mae, scaled) = 0.158802

--- Optuna Trial 23 for LightGBM_Baseline ---
Trial 23: Training model...
Trial 23: Evaluating model...
Trial 23: Validation Score (mae, scaled) = 0.164238

--- Optuna Trial 24 for LightGBM_Baseline ---
Trial 24: Training model...
Trial 24: Evaluating model...
Trial 24: Validation Score (mae, scaled) = 0.156476

--- Best Results for Feeder=7, Arch=LightGBM_Baseline, Scenario=24hr ---
Best Validation Score (mae, scaled): 0.153065
Best Hyperparameters:
  n_estimators: 198
[I 2025-04-14 18:17:28,647] Trial 19 finished with value: 0.15903808176517487 and parameters: {'n_lstm_layers': 2, 'lstm_units': 56, 'n_dense_layers': 1, 'lstm_dropout_0': 0.29624128410335365, 'lstm_dropout_1': 0.10848644346282275, 'dense_units_0': 26, 'dense_dropout_0': 0.2042763860078881, 'learning_rate': 0.004617586555329417}. Best is trial 10 with value: 0.1422305405139923.
[I 2025-04-14 18:17:33,319] Trial 20 finished with value: 0.13978862762451172 and parameters: {'n_lstm_layers': 1, 'lstm_units': 114, 'n_dense_layers': 0, 'lstm_dropout_0': 0.10550129428397861, 'learning_rate': 0.001634085467102943}. Best is trial 20 with value: 0.13978862762451172.
[I 2025-04-14 18:17:38,099] Trial 21 finished with value: 0.1467779129743576 and parameters: {'n_lstm_layers': 1, 'lstm_units': 112, 'n_dense_layers': 0, 'lstm_dropout_0': 0.10106039024396586, 'learning_rate': 0.001833540851305143}. Best is trial 20 with value: 0.13978862762451172.
[I 2025-04-14 18:17:43,418] Trial 22 finished with value: 0.14807520806789398 and parameters: {'n_lstm_layers': 1, 'lstm_units': 117, 'n_dense_layers': 0, 'lstm_dropout_0': 0.15004669227595174, 'learning_rate': 0.0009401142028296035}. Best is trial 20 with value: 0.13978862762451172.
[I 2025-04-14 18:17:48,408] Trial 23 finished with value: 0.13920839130878448 and parameters: {'n_lstm_layers': 1, 'lstm_units': 97, 'n_dense_layers': 0, 'lstm_dropout_0': 0.13541453088745595, 'learning_rate': 0.0017748430448362071}. Best is trial 23 with value: 0.13920839130878448.
[I 2025-04-14 18:17:53,184] Trial 24 finished with value: 0.14384682476520538 and parameters: {'n_lstm_layers': 1, 'lstm_units': 95, 'n_dense_layers': 0, 'lstm_dropout_0': 0.17547236224372784, 'learning_rate': 0.005343501332714874}. Best is trial 23 with value: 0.13920839130878448.
[I 2025-04-14 18:17:54,765] A new study created in memory with name: tune-7-LSTM_Change_in_Load-24hr
[I 2025-04-14 18:18:02,481] Trial 0 finished with value: 0.17564034461975098 and parameters: {'n_lstm_layers': 2, 'lstm_units': 63, 'n_dense_layers': 1, 'lstm_dropout_0': 0.2338965637751053, 'lstm_dropout_1': 0.14747152859134213, 'dense_units_0': 62, 'dense_dropout_0': 0.11219207044345457, 'learning_rate': 0.00032489002038244436}. Best is trial 0 with value: 0.17564034461975098.
[I 2025-04-14 18:18:10,218] Trial 1 finished with value: 0.14522674679756165 and parameters: {'n_lstm_layers': 2, 'lstm_units': 79, 'n_dense_layers': 0, 'lstm_dropout_0': 0.19387745256884942, 'lstm_dropout_1': 0.10935096370405498, 'learning_rate': 0.0005876701351168696}. Best is trial 1 with value: 0.14522674679756165.
[I 2025-04-14 18:18:15,318] Trial 2 finished with value: 0.11693631857633591 and parameters: {'n_lstm_layers': 1, 'lstm_units': 71, 'n_dense_layers': 0, 'lstm_dropout_0': 0.33405743004242, 'learning_rate': 0.0015407990674613063}. Best is trial 2 with value: 0.11693631857633591.
[I 2025-04-14 18:18:23,939] Trial 3 finished with value: 0.2508009672164917 and parameters: {'n_lstm_layers': 2, 'lstm_units': 58, 'n_dense_layers': 2, 'lstm_dropout_0': 0.10735329698891466, 'lstm_dropout_1': 0.13452873198239132, 'dense_units_0': 45, 'dense_dropout_0': 0.22093315905812322, 'dense_units_1': 16, 'dense_dropout_1': 0.2014642559958762, 'learning_rate': 0.0002279276194910384}. Best is trial 2 with value: 0.11693631857633591.
[I 2025-04-14 18:18:31,959] Trial 4 finished with value: 0.1538238823413849 and parameters: {'n_lstm_layers': 2, 'lstm_units': 33, 'n_dense_layers': 2, 'lstm_dropout_0': 0.3315725144160615, 'lstm_dropout_1': 0.38213136167374173, 'dense_units_0': 33, 'dense_dropout_0': 0.4457435693582167, 'dense_units_1': 34, 'dense_dropout_1': 0.17222209160730118, 'learning_rate': 0.0011265692569404153}. Best is trial 2 with value: 0.11693631857633591.
[I 2025-04-14 18:18:37,466] Trial 5 finished with value: 0.12852880358695984 and parameters: {'n_lstm_layers': 1, 'lstm_units': 97, 'n_dense_layers': 2, 'lstm_dropout_0': 0.40606825363493637, 'dense_units_0': 29, 'dense_dropout_0': 0.2760813315973828, 'dense_units_1': 47, 'dense_dropout_1': 0.17744767310506676, 'learning_rate': 0.004434211764416298}. Best is trial 2 with value: 0.11693631857633591.
[I 2025-04-14 18:18:45,536] Trial 6 finished with value: 0.20392853021621704 and parameters: {'n_lstm_layers': 2, 'lstm_units': 116, 'n_dense_layers': 0, 'lstm_dropout_0': 0.18652655779715968, 'lstm_dropout_1': 0.12352370397359143, 'learning_rate': 0.00011894231521340617}. Best is trial 2 with value: 0.11693631857633591.
[I 2025-04-14 18:18:53,590] Trial 7 finished with value: 0.17348241806030273 and parameters: {'n_lstm_layers': 2, 'lstm_units': 71, 'n_dense_layers': 1, 'lstm_dropout_0': 0.45661986126826315, 'lstm_dropout_1': 0.116441515841287, 'dense_units_0': 16, 'dense_dropout_0': 0.4709005768046457, 'learning_rate': 0.0007048706044974772}. Best is trial 2 with value: 0.11693631857633591.
[I 2025-04-14 18:18:59,138] Trial 8 finished with value: 0.2755689024925232 and parameters: {'n_lstm_layers': 1, 'lstm_units': 64, 'n_dense_layers': 2, 'lstm_dropout_0': 0.2157860149768138, 'dense_units_0': 28, 'dense_dropout_0': 0.22432594371692915, 'dense_units_1': 34, 'dense_dropout_1': 0.3392579191344354, 'learning_rate': 0.00010089642919906023}. Best is trial 2 with value: 0.11693631857633591.
[I 2025-04-14 18:19:07,595] Trial 9 finished with value: 0.22699959576129913 and parameters: {'n_lstm_layers': 2, 'lstm_units': 125, 'n_dense_layers': 2, 'lstm_dropout_0': 0.12745469646868576, 'lstm_dropout_1': 0.177275142144829, 'dense_units_0': 16, 'dense_dropout_0': 0.192832851208512, 'dense_units_1': 22, 'dense_dropout_1': 0.35758256694647417, 'learning_rate': 0.00022495876919878755}. Best is trial 2 with value: 0.11693631857633591.
[I 2025-04-14 18:19:12,514] Trial 10 finished with value: 0.11803150177001953 and parameters: {'n_lstm_layers': 1, 'lstm_units': 45, 'n_dense_layers': 0, 'lstm_dropout_0': 0.3303884147744588, 'learning_rate': 0.0031914701125662936}. Best is trial 2 with value: 0.11693631857633591.
[I 2025-04-14 18:19:17,618] Trial 11 finished with value: 0.11870376765727997 and parameters: {'n_lstm_layers': 1, 'lstm_units': 44, 'n_dense_layers': 0, 'lstm_dropout_0': 0.32994694262956076, 'learning_rate': 0.003220891730301912}. Best is trial 2 with value: 0.11693631857633591.
[I 2025-04-14 18:19:21,544] Trial 12 finished with value: 0.12919537723064423 and parameters: {'n_lstm_layers': 1, 'lstm_units': 46, 'n_dense_layers': 0, 'lstm_dropout_0': 0.37881451686695045, 'learning_rate': 0.00969299814130653}. Best is trial 2 with value: 0.11693631857633591.
[I 2025-04-14 18:19:26,462] Trial 13 finished with value: 0.13522087037563324 and parameters: {'n_lstm_layers': 1, 'lstm_units': 49, 'n_dense_layers': 1, 'lstm_dropout_0': 0.26515955146668085, 'dense_units_0': 22, 'dense_dropout_0': 0.34489068547055707, 'learning_rate': 0.0018715545562871306}. Best is trial 2 with value: 0.11693631857633591.
[I 2025-04-14 18:19:31,310] Trial 14 finished with value: 0.13123026490211487 and parameters: {'n_lstm_layers': 1, 'lstm_units': 36, 'n_dense_layers': 0, 'lstm_dropout_0': 0.49492730334077634, 'learning_rate': 0.0021230805423863883}. Best is trial 2 with value: 0.11693631857633591.
[I 2025-04-14 18:19:35,812] Trial 15 finished with value: 0.1137830838561058 and parameters: {'n_lstm_layers': 1, 'lstm_units': 87, 'n_dense_layers': 0, 'lstm_dropout_0': 0.28668509036197204, 'learning_rate': 0.005932343474320879}. Best is trial 15 with value: 0.1137830838561058.
[I 2025-04-14 18:19:40,919] Trial 16 finished with value: 0.12650033831596375 and parameters: {'n_lstm_layers': 1, 'lstm_units': 93, 'n_dense_layers': 1, 'lstm_dropout_0': 0.2798899412315026, 'dense_units_0': 64, 'dense_dropout_0': 0.3780667873144618, 'learning_rate': 0.009685571539756134}. Best is trial 15 with value: 0.1137830838561058.
[I 2025-04-14 18:19:45,590] Trial 17 finished with value: 0.11677651107311249 and parameters: {'n_lstm_layers': 1, 'lstm_units': 83, 'n_dense_layers': 0, 'lstm_dropout_0': 0.3834600598697249, 'learning_rate': 0.005140450086057357}. Best is trial 15 with value: 0.1137830838561058.
[I 2025-04-14 18:19:50,374] Trial 18 finished with value: 0.12075197696685791 and parameters: {'n_lstm_layers': 1, 'lstm_units': 91, 'n_dense_layers': 1, 'lstm_dropout_0': 0.39845401386525964, 'dense_units_0': 44, 'dense_dropout_0': 0.11178815947355203, 'learning_rate': 0.005231388822262214}. Best is trial 15 with value: 0.1137830838561058.
[I 2025-04-14 18:19:54,081] Trial 19 finished with value: 0.12257542461156845 and parameters: {'n_lstm_layers': 1, 'lstm_units': 102, 'n_dense_layers': 0, 'lstm_dropout_0': 0.457259999953298, 'learning_rate': 0.005870161758106344}. Best is trial 15 with value: 0.1137830838561058.
[I 2025-04-14 18:19:58,872] Trial 20 finished with value: 0.13648809492588043 and parameters: {'n_lstm_layers': 1, 'lstm_units': 81, 'n_dense_layers': 1, 'lstm_dropout_0': 0.3739871656702304, 'dense_units_0': 22, 'dense_dropout_0': 0.391091059304574, 'learning_rate': 0.006856428094038995}. Best is trial 15 with value: 0.1137830838561058.
[I 2025-04-14 18:20:03,953] Trial 21 finished with value: 0.11760406196117401 and parameters: {'n_lstm_layers': 1, 'lstm_units': 79, 'n_dense_layers': 0, 'lstm_dropout_0': 0.3076151622561947, 'learning_rate': 0.0016469082515981196}. Best is trial 15 with value: 0.1137830838561058.
[I 2025-04-14 18:20:08,839] Trial 22 finished with value: 0.11395635455846786 and parameters: {'n_lstm_layers': 1, 'lstm_units': 69, 'n_dense_layers': 0, 'lstm_dropout_0': 0.3577850152264406, 'learning_rate': 0.003463306315052967}. Best is trial 15 with value: 0.1137830838561058.
[I 2025-04-14 18:20:13,640] Trial 23 finished with value: 0.11722278594970703 and parameters: {'n_lstm_layers': 1, 'lstm_units': 111, 'n_dense_layers': 0, 'lstm_dropout_0': 0.4263495777979493, 'learning_rate': 0.0027535850156729653}. Best is trial 15 with value: 0.1137830838561058.
