[I 2025-04-14 18:13:12,083] Trial 14 finished with value: 0.1017829030752182 and parameters: {'n_lstm_layers': 2, 'lstm_units': 79, 'n_dense_layers': 0, 'lstm_dropout_0': 0.3849798526770651, 'lstm_dropout_1': 0.2893068857807282, 'learning_rate': 0.0022436912405107037}. Best is trial 4 with value: 0.10057272017002106.
Trial 13: Evaluating model...
Trial 13: Validation Score (mae, scaled) = 0.146942

--- Optuna Trial 14 for LightGBM_Baseline ---
Trial 14: Training model...
Trial 14: Evaluating model...
Trial 14: Validation Score (mae, scaled) = 0.158492

--- Optuna Trial 15 for LightGBM_Baseline ---
Trial 15: Training model...
Trial 15: Evaluating model...
Trial 15: Validation Score (mae, scaled) = 0.144008

--- Optuna Trial 16 for LightGBM_Baseline ---
Trial 16: Training model...
Trial 16: Evaluating model...
Trial 16: Validation Score (mae, scaled) = 0.139725

--- Optuna Trial 17 for LightGBM_Baseline ---
Trial 17: Training model...
Trial 17: Evaluating model...
Trial 17: Validation Score (mae, scaled) = 0.146899

--- Optuna Trial 18 for LightGBM_Baseline ---
Trial 18: Training model...
Trial 18: Evaluating model...
Trial 18: Validation Score (mae, scaled) = 0.169138

--- Optuna Trial 19 for LightGBM_Baseline ---
Trial 19: Training model...
Trial 19: Evaluating model...
Trial 19: Validation Score (mae, scaled) = 0.154008

--- Optuna Trial 20 for LightGBM_Baseline ---
Trial 20: Training model...
Trial 20: Evaluating model...
Trial 20: Validation Score (mae, scaled) = 0.202928

--- Optuna Trial 21 for LightGBM_Baseline ---
Trial 21: Training model...
Trial 21: Evaluating model...
Trial 21: Validation Score (mae, scaled) = 0.139501

--- Optuna Trial 22 for LightGBM_Baseline ---
Trial 22: Training model...
Trial 22: Evaluating model...
Trial 22: Validation Score (mae, scaled) = 0.133085

--- Optuna Trial 23 for LightGBM_Baseline ---
Trial 23: Training model...
Trial 23: Evaluating model...
Trial 23: Validation Score (mae, scaled) = 0.137141

--- Optuna Trial 24 for LightGBM_Baseline ---
Trial 24: Training model...
Trial 24: Evaluating model...
Trial 24: Validation Score (mae, scaled) = 0.143100

--- Best Results for Feeder=6, Arch=LightGBM_Baseline, Scenario=24hr ---
Best Validation Score (mae, scaled): 0.133085
Best Hyperparameters:
  n_estimators: 253
  learning_rate: 0.29471490959730323
  num_leaves: 56
  max_depth: 12
  min_child_samples: 5
  subsample: 0.870653286534444
  colsample_bytree: 0.9497587992545666
  reg_alpha: 0.0001289760492381335
  reg_lambda: 5.059092462761579e-05

--- Tuning: Arch=LightGBM_Baseline, Scenario=Day ---
Loading existing model artifact to get scalers/columns...
Selecting model for Feeder 6, Arch: LightGBM_Baseline, Scenario: Day, Version: None
Error: No matching model found for criteria: Feeder=6, Arch=LightGBM_Baseline, Scenario=Day, Version=None
Warning: No existing model found for Feeder=6, Arch=LightGBM_Baseline, Scenario=Day. Cannot get scalers. Skipping.

--- Tuning: Arch=LightGBM_Baseline, Scenario=Night ---
Loading existing model artifact to get scalers/columns...
Selecting model for Feeder 6, Arch: LightGBM_Baseline, Scenario: Night, Version: None
Error: No matching model found for criteria: Feeder=6, Arch=LightGBM_Baseline, Scenario=Night, Version=None
Warning: No existing model found for Feeder=6, Arch=LightGBM_Baseline, Scenario=Night. Cannot get scalers. Skipping.

--- Tuning: Arch=ANN_Baseload, Scenario=24hr ---
Loading existing model artifact to get scalers/columns...
Selecting model for Feeder 6, Arch: ANN_Baseload, Scenario: 24hr, Version: None
Error: No matching model found for criteria: Feeder=6, Arch=ANN_Baseload, Scenario=24hr, Version=None
Warning: No existing model found for Feeder=6, Arch=ANN_Baseload, Scenario=24hr. Cannot get scalers. Skipping.

--- Tuning: Arch=ANN_Baseload, Scenario=Day ---
Loading existing model artifact to get scalers/columns...
Selecting model for Feeder 6, Arch: ANN_Baseload, Scenario: Day, Version: None
Error: No matching model found for criteria: Feeder=6, Arch=ANN_Baseload, Scenario=Day, Version=None
Warning: No existing model found for Feeder=6, Arch=ANN_Baseload, Scenario=Day. Cannot get scalers. Skipping.

--- Tuning: Arch=ANN_Baseload, Scenario=Night ---
Loading existing model artifact to get scalers/columns...
Selecting model for Feeder 6, Arch: ANN_Baseload, Scenario: Night, Version: None
Error: No matching model found for criteria: Feeder=6, Arch=ANN_Baseload, Scenario=Night, Version=None
Warning: No existing model found for Feeder=6, Arch=ANN_Baseload, Scenario=Night. Cannot get scalers. Skipping.

--- Tuning: Arch=ANN_Change_in_Load, Scenario=24hr ---
Loading existing model artifact to get scalers/columns...
Selecting model for Feeder 6, Arch: ANN_Change_in_Load, Scenario: 24hr, Version: None
Error: No matching model found for criteria: Feeder=6, Arch=ANN_Change_in_Load, Scenario=24hr, Version=None
Warning: No existing model found for Feeder=6, Arch=ANN_Change_in_Load, Scenario=24hr. Cannot get scalers. Skipping.

--- Tuning: Arch=ANN_Change_in_Load, Scenario=Day ---
Loading existing model artifact to get scalers/columns...
Selecting model for Feeder 6, Arch: ANN_Change_in_Load, Scenario: Day, Version: None
Error: No matching model found for criteria: Feeder=6, Arch=ANN_Change_in_Load, Scenario=Day, Version=None
Warning: No existing model found for Feeder=6, Arch=ANN_Change_in_Load, Scenario=Day. Cannot get scalers. Skipping.

--- Tuning: Arch=ANN_Change_in_Load, Scenario=Night ---
Loading existing model artifact to get scalers/columns...
Selecting model for Feeder 6, Arch: ANN_Change_in_Load, Scenario: Night, Version: None
Error: No matching model found for criteria: Feeder=6, Arch=ANN_Change_in_Load, Scenario=Night, Version=None
Warning: No existing model found for Feeder=6, Arch=ANN_Change_in_Load, Scenario=Night. Cannot get scalers. Skipping.

--- Tuning: Arch=LSTM_Baseload, Scenario=24hr ---
Loading existing model artifact to get scalers/columns...
Selecting model for Feeder 6, Arch: LSTM_Baseload, Scenario: 24hr, Version: None
Selected Model ID: 161, Version: v1.1_Final_Forecasting_20250414170528, Path Info: {"keras_model": "models/feeder_6/LSTM_Baseload_24hr_v1.1_Final_Forecasting_20250414170528.keras", "scalers_pkl": "models/feeder_6/LSTM_Baseload_24hr_v1.1_Final_Forecasting_20250414170528_scalers.pkl"}
Loading artifact(s) based on path info: {'keras_model': 'models/feeder_6/LSTM_Baseload_24hr_v1.1_Final_Forecasting_20250414170528.keras', 'scalers_pkl': 'models/feeder_6/LSTM_Baseload_24hr_v1.1_Final_Forecasting_20250414170528_scalers.pkl'}
Detected separate Keras model (models/feeder_6/LSTM_Baseload_24hr_v1.1_Final_Forecasting_20250414170528.keras) and scalers (models/feeder_6/LSTM_Baseload_24hr_v1.1_Final_Forecasting_20250414170528_scalers.pkl).
Downloading Keras model to: H:\My Drive\Barbados_Forecasting_Tool_Final\tmp\LSTM_Baseload_24hr_v1.1_Final_Forecasting_20250414170528.keras
Keras model downloaded. Loading...
Keras model loaded.
Downloading scalers pickle to: H:\My Drive\Barbados_Forecasting_Tool_Final\tmp\LSTM_Baseload_24hr_v1.1_Final_Forecasting_20250414170528_scalers.pkl
Scalers pickle downloaded. Loading...
Scalers pickle loaded.
Cleaned up temporary file: H:\My Drive\Barbados_Forecasting_Tool_Final\tmp\LSTM_Baseload_24hr_v1.1_Final_Forecasting_20250414170528.keras
Cleaned up temporary file: H:\My Drive\Barbados_Forecasting_Tool_Final\tmp\LSTM_Baseload_24hr_v1.1_Final_Forecasting_20250414170528_scalers.pkl
Preparing training and validation data using loaded scalers...
Starting feature engineering for scenario: 24hr...
Pivoting data into daily vectors...
Reshaped data: X shape (152, 177), y shape (152, 24)
Transforming data using provided scalers (X and y)...
Data transformed.
Starting feature engineering for scenario: 24hr...
Pivoting data into daily vectors...
Reshaped data: X shape (32, 177), y shape (32, 24)
Transforming data using provided scalers (X and y)...
Data transformed.
Starting Optuna optimization (25 trials)...

--- Optuna Trial 0 for LSTM_Baseload ---
Trial 0: Training model...
Trial 0: Validation Score (mae, scaled) = 0.282551

--- Optuna Trial 1 for LSTM_Baseload ---
Trial 1: Training model...
Trial 1: Validation Score (mae, scaled) = 0.153998

--- Optuna Trial 2 for LSTM_Baseload ---
Trial 2: Training model...
Trial 2: Validation Score (mae, scaled) = 0.232953
[I 2025-04-14 18:13:19,276] Trial 15 finished with value: 0.10570193827152252 and parameters: {'n_lstm_layers': 2, 'lstm_units': 74, 'n_dense_layers': 0, 'lstm_dropout_0': 0.38300650723125157, 'lstm_dropout_1': 0.2239056112784309, 'learning_rate': 0.0006623357008659084}. Best is trial 4 with value: 0.10057272017002106.
[I 2025-04-14 18:13:26,192] Trial 16 finished with value: 0.10525070130825043 and parameters: {'n_lstm_layers': 2, 'lstm_units': 105, 'n_dense_layers': 0, 'lstm_dropout_0': 0.19268687986525396, 'lstm_dropout_1': 0.2585939971628339, 'learning_rate': 0.0016601360513095063}. Best is trial 4 with value: 0.10057272017002106.
[I 2025-04-14 18:13:33,822] Trial 17 finished with value: 0.10125391185283661 and parameters: {'n_lstm_layers': 2, 'lstm_units': 32, 'n_dense_layers': 0, 'lstm_dropout_0': 0.3656487384488486, 'lstm_dropout_1': 0.1009194316513683, 'learning_rate': 0.009833767256745235}. Best is trial 4 with value: 0.10057272017002106.
[I 2025-04-14 18:13:41,022] Trial 18 finished with value: 0.1024659126996994 and parameters: {'n_lstm_layers': 2, 'lstm_units': 33, 'n_dense_layers': 0, 'lstm_dropout_0': 0.100377282093945, 'lstm_dropout_1': 0.10770191640619181, 'learning_rate': 0.008995500493658128}. Best is trial 4 with value: 0.10057272017002106.
[I 2025-04-14 18:13:48,798] Trial 19 finished with value: 0.11285805702209473 and parameters: {'n_lstm_layers': 2, 'lstm_units': 34, 'n_dense_layers': 1, 'lstm_dropout_0': 0.4424396083404383, 'lstm_dropout_1': 0.1064803362608631, 'dense_units_0': 37, 'dense_dropout_0': 0.2085696405442401, 'learning_rate': 0.0003364848640834929}. Best is trial 4 with value: 0.10057272017002106.
[I 2025-04-14 18:13:56,619] Trial 20 finished with value: 0.12618952989578247 and parameters: {'n_lstm_layers': 2, 'lstm_units': 48, 'n_dense_layers': 0, 'lstm_dropout_0': 0.27793388403630737, 'lstm_dropout_1': 0.16481299141415623, 'learning_rate': 0.0001377814692214853}. Best is trial 4 with value: 0.10057272017002106.
[I 2025-04-14 18:14:03,916] Trial 21 finished with value: 0.1014573946595192 and parameters: {'n_lstm_layers': 2, 'lstm_units': 76, 'n_dense_layers': 0, 'lstm_dropout_0': 0.37174458479692496, 'lstm_dropout_1': 0.35014685298021775, 'learning_rate': 0.004256523472169394}. Best is trial 4 with value: 0.10057272017002106.
[I 2025-04-14 18:14:10,928] Trial 22 finished with value: 0.10297276079654694 and parameters: {'n_lstm_layers': 2, 'lstm_units': 67, 'n_dense_layers': 0, 'lstm_dropout_0': 0.35908175840946177, 'lstm_dropout_1': 0.38357811989013435, 'learning_rate': 0.0093520229222013}. Best is trial 4 with value: 0.10057272017002106.
[I 2025-04-14 18:14:17,572] Trial 23 finished with value: 0.10157984495162964 and parameters: {'n_lstm_layers': 2, 'lstm_units': 107, 'n_dense_layers': 0, 'lstm_dropout_0': 0.31300007688821585, 'lstm_dropout_1': 0.4138339790145748, 'learning_rate': 0.005981907694411558}. Best is trial 4 with value: 0.10057272017002106.
[I 2025-04-14 18:14:24,505] Trial 24 finished with value: 0.1026884913444519 and parameters: {'n_lstm_layers': 2, 'lstm_units': 39, 'n_dense_layers': 0, 'lstm_dropout_0': 0.45611165360075556, 'lstm_dropout_1': 0.3619148723780537, 'learning_rate': 0.00423029673256659}. Best is trial 4 with value: 0.10057272017002106.
[I 2025-04-14 18:14:25,422] A new study created in memory with name: tune-7-LightGBM_Baseline-24hr
[I 2025-04-14 18:14:29,496] Trial 0 finished with value: 0.2888699647514969 and parameters: {'n_estimators': 256, 'learning_rate': 0.004410599358283486, 'num_leaves': 42, 'max_depth': 3, 'min_child_samples': 45, 'subsample': 0.6577518959036579, 'colsample_bytree': 0.9296506464360568, 'reg_alpha': 2.173444040222774e-05, 'reg_lambda': 0.001107247765835592}. Best is trial 0 with value: 0.2888699647514969.
[I 2025-04-14 18:14:30,323] Trial 1 finished with value: 0.30211514316933935 and parameters: {'n_estimators': 190, 'learning_rate': 0.0011258654224151855, 'num_leaves': 31, 'max_depth': 9, 'min_child_samples': 29, 'subsample': 0.6154537093801637, 'colsample_bytree': 0.7055751664108263, 'reg_alpha': 0.02466064655564216, 'reg_lambda': 1.5250136641884477e-08}. Best is trial 0 with value: 0.2888699647514969.
[I 2025-04-14 18:14:31,608] Trial 2 finished with value: 0.19353995581593694 and parameters: {'n_estimators': 289, 'learning_rate': 0.0152059201893336, 'num_leaves': 46, 'max_depth': 12, 'min_child_samples': 26, 'subsample': 0.5166422373042475, 'colsample_bytree': 0.5485361583314154, 'reg_alpha': 1.0921965079267233e-06, 'reg_lambda': 9.195175305906326e-07}. Best is trial 2 with value: 0.19353995581593694.
[I 2025-04-14 18:14:32,097] Trial 3 finished with value: 0.3013589578499645 and parameters: {'n_estimators': 107, 'learning_rate': 0.002347229616277772, 'num_leaves': 40, 'max_depth': 6, 'min_child_samples': 37, 'subsample': 0.9511901799993523, 'colsample_bytree': 0.5934982987604003, 'reg_alpha': 0.00013459408801269984, 'reg_lambda': 1.6553781455547134e-08}. Best is trial 2 with value: 0.19353995581593694.
[I 2025-04-14 18:14:33,504] Trial 4 finished with value: 0.15702259304228627 and parameters: {'n_estimators': 235, 'learning_rate': 0.07800728249470384, 'num_leaves': 43, 'max_depth': 3, 'min_child_samples': 7, 'subsample': 0.9722194394732815, 'colsample_bytree': 0.5809902022022366, 'reg_alpha': 0.02978434624210623, 'reg_lambda': 0.0007997067289328278}. Best is trial 4 with value: 0.15702259304228627.
[I 2025-04-14 18:14:34,040] Trial 5 finished with value: 0.29644343275718554 and parameters: {'n_estimators': 61, 'learning_rate': 0.0038447161962566487, 'num_leaves': 38, 'max_depth': 10, 'min_child_samples': 18, 'subsample': 0.599386675383411, 'colsample_bytree': 0.8623188541700422, 'reg_alpha': 1.6031420789657498e-08, 'reg_lambda': 0.00316754796842966}. Best is trial 4 with value: 0.15702259304228627.
[I 2025-04-14 18:14:34,783] Trial 6 finished with value: 0.2898545243380489 and parameters: {'n_estimators': 79, 'learning_rate': 0.003825595846294991, 'num_leaves': 27, 'max_depth': 6, 'min_child_samples': 13, 'subsample': 0.623201487102157, 'colsample_bytree': 0.6256088038350754, 'reg_alpha': 0.0060310798357938716, 'reg_lambda': 0.0063912209437311214}. Best is trial 4 with value: 0.15702259304228627.
[I 2025-04-14 18:14:35,710] Trial 7 finished with value: 0.2333995954974385 and parameters: {'n_estimators': 103, 'learning_rate': 0.010266330104402942, 'num_leaves': 47, 'max_depth': 7, 'min_child_samples': 11, 'subsample': 0.7682375592507785, 'colsample_bytree': 0.5509102299560311, 'reg_alpha': 0.39429139515425665, 'reg_lambda': 9.9841308384003e-08}. Best is trial 4 with value: 0.15702259304228627.
[I 2025-04-14 18:14:37,033] Trial 8 finished with value: 0.16211010671851975 and parameters: {'n_estimators': 267, 'learning_rate': 0.06615716198416434, 'num_leaves': 13, 'max_depth': 3, 'min_child_samples': 21, 'subsample': 0.970840253815547, 'colsample_bytree': 0.6584185608710391, 'reg_alpha': 0.0016407917108946229, 'reg_lambda': 0.11043508155791511}. Best is trial 4 with value: 0.15702259304228627.
[I 2025-04-14 18:14:37,579] Trial 9 finished with value: 0.16234483846284534 and parameters: {'n_estimators': 70, 'learning_rate': 0.1958941917553744, 'num_leaves': 49, 'max_depth': 11, 'min_child_samples': 19, 'subsample': 0.6590523143579458, 'colsample_bytree': 0.734073316511743, 'reg_alpha': 0.16992517933055698, 'reg_lambda': 3.4469061936541035e-08}. Best is trial 4 with value: 0.15702259304228627.
[I 2025-04-14 18:14:39,913] Trial 10 finished with value: 0.15371848538443478 and parameters: {'n_estimators': 211, 'learning_rate': 0.06871052706811402, 'num_leaves': 59, 'max_depth': 5, 'min_child_samples': 5, 'subsample': 0.8238362885685595, 'colsample_bytree': 0.820370608163606, 'reg_alpha': 0.00016783814431510662, 'reg_lambda': 1.1517755638726528e-05}. Best is trial 10 with value: 0.15371848538443478.
[I 2025-04-14 18:14:41,675] Trial 11 finished with value: 0.15306525899547843 and parameters: {'n_estimators': 198, 'learning_rate': 0.0712077716299931, 'num_leaves': 60, 'max_depth': 4, 'min_child_samples': 5, 'subsample': 0.8535759889033576, 'colsample_bytree': 0.8376771882983307, 'reg_alpha': 0.00046509175327640517, 'reg_lambda': 1.1379492797485943e-05}. Best is trial 11 with value: 0.15306525899547843.
[I 2025-04-14 18:14:43,639] Trial 12 finished with value: 0.1569416780163149 and parameters: {'n_estimators': 178, 'learning_rate': 0.04805903274115697, 'num_leaves': 60, 'max_depth': 5, 'min_child_samples': 5, 'subsample': 0.843988614761576, 'colsample_bytree': 0.8308534221469397, 'reg_alpha': 0.00011686613283951238, 'reg_lambda': 1.2568738101105482e-05}. Best is trial 11 with value: 0.15306525899547843.
[I 2025-04-14 18:14:45,319] Trial 13 finished with value: 0.1632248919428056 and parameters: {'n_estimators': 145, 'learning_rate': 0.2843489006005632, 'num_leaves': 57, 'max_depth': 5, 'min_child_samples': 5, 'subsample': 0.8539535914224607, 'colsample_bytree': 0.8213855154827034, 'reg_alpha': 3.4288364122471723e-06, 'reg_lambda': 1.6263522523310285e-05}. Best is trial 11 with value: 0.15306525899547843.
[I 2025-04-14 18:14:46,956] Trial 14 finished with value: 0.1619716307327297 and parameters: {'n_estimators': 210, 'learning_rate': 0.02776910021014526, 'num_leaves': 53, 'max_depth': 5, 'min_child_samples': 13, 'subsample': 0.8557637603309903, 'colsample_bytree': 0.9925155117827575, 'reg_alpha': 0.0008905646510425524, 'reg_lambda': 1.8172192200276565e-06}. Best is trial 11 with value: 0.15306525899547843.
[I 2025-04-14 18:14:47,552] Trial 15 finished with value: 0.25656210321272194 and parameters: {'n_estimators': 151, 'learning_rate': 0.12133299270026028, 'num_leaves': 60, 'max_depth': 8, 'min_child_samples': 50, 'subsample': 0.7874026228816657, 'colsample_bytree': 0.772164760981907, 'reg_alpha': 2.476718576389073e-07, 'reg_lambda': 6.654668057178423e-05}. Best is trial 11 with value: 0.15306525899547843.
[I 2025-04-14 18:14:48,655] Trial 16 finished with value: 0.18588626974638378 and parameters: {'n_estimators': 232, 'learning_rate': 0.02958785253594773, 'num_leaves': 21, 'max_depth': 4, 'min_child_samples': 28, 'subsample': 0.8955084366661434, 'colsample_bytree': 0.9034467644153512, 'reg_alpha': 1.9057242651481388e-05, 'reg_lambda': 8.1492598431728e-07}. Best is trial 11 with value: 0.15306525899547843.
[I 2025-04-14 18:14:49,381] Trial 17 finished with value: 0.1930640513475371 and parameters: {'n_estimators': 153, 'learning_rate': 0.11952753008771207, 'num_leaves': 53, 'max_depth': 7, 'min_child_samples': 36, 'subsample': 0.7172678013568073, 'colsample_bytree': 0.7774794910265507, 'reg_alpha': 0.000497105565813633, 'reg_lambda': 5.795024437315089e-05}. Best is trial 11 with value: 0.15306525899547843.
[I 2025-04-14 18:14:50,971] Trial 18 finished with value: 0.1577138980039193 and parameters: {'n_estimators': 210, 'learning_rate': 0.03839393228986802, 'num_leaves': 54, 'max_depth': 4, 'min_child_samples': 10, 'subsample': 0.907552790114694, 'colsample_bytree': 0.96140450161763, 'reg_alpha': 1.4296892844196207e-05, 'reg_lambda': 5.815550822038658e-06}. Best is trial 11 with value: 0.15306525899547843.
[I 2025-04-14 18:14:52,490] Trial 19 finished with value: 0.1758566225475671 and parameters: {'n_estimators': 210, 'learning_rate': 0.0139870169839135, 'num_leaves': 33, 'max_depth': 6, 'min_child_samples': 16, 'subsample': 0.8062156194022772, 'colsample_bytree': 0.8819211132138476, 'reg_alpha': 0.006162587992706761, 'reg_lambda': 0.9562734794803945}. Best is trial 11 with value: 0.15306525899547843.
[I 2025-04-14 18:14:53,293] Trial 20 finished with value: 0.1668858888241367 and parameters: {'n_estimators': 130, 'learning_rate': 0.1319766977181512, 'num_leaves': 51, 'max_depth': 4, 'min_child_samples': 23, 'subsample': 0.7302584092175809, 'colsample_bytree': 0.8087284726229288, 'reg_alpha': 1.2545799197671322e-07, 'reg_lambda': 0.00033363411551355816}. Best is trial 11 with value: 0.15306525899547843.
[I 2025-04-14 18:14:55,309] Trial 21 finished with value: 0.15668842679716707 and parameters: {'n_estimators': 178, 'learning_rate': 0.05414639506613722, 'num_leaves': 60, 'max_depth': 5, 'min_child_samples': 5, 'subsample': 0.8424762455605671, 'colsample_bytree': 0.8364962929023345, 'reg_alpha': 0.00011619016869572268, 'reg_lambda': 1.665431536911648e-05}. Best is trial 11 with value: 0.15306525899547843.
[I 2025-04-14 18:14:56,994] Trial 22 finished with value: 0.15880161829666153 and parameters: {'n_estimators': 184, 'learning_rate': 0.06394357027724495, 'num_leaves': 57, 'max_depth': 5, 'min_child_samples': 9, 'subsample': 0.9143200659987409, 'colsample_bytree': 0.711279161863153, 'reg_alpha': 0.00019360875652916576, 'reg_lambda': 1.7976385178102675e-07}. Best is trial 11 with value: 0.15306525899547843.
[I 2025-04-14 18:14:58,866] Trial 23 finished with value: 0.1642377378832781 and parameters: {'n_estimators': 227, 'learning_rate': 0.022136131858098453, 'num_leaves': 60, 'max_depth': 8, 'min_child_samples': 15, 'subsample': 0.8222760015491654, 'colsample_bytree': 0.8521842916215433, 'reg_alpha': 3.019233173320975e-05, 'reg_lambda': 4.070014921169851e-06}. Best is trial 11 with value: 0.15306525899547843.
