[I 2025-04-14 18:31:37,736] Trial 10 finished with value: 0.1703326548544306 and parameters: {'n_estimators': 224, 'learning_rate': 0.23923438745930548, 'num_leaves': 41, 'max_depth': 6, 'min_child_samples': 49, 'subsample': 0.8083951055157576, 'colsample_bytree': 0.6800531403127441, 'reg_alpha': 0.00028047816764656755, 'reg_lambda': 1.7961233070559604e-08}. Best is trial 0 with value: 0.15537048638173753.
Selected Model ID: 173, Version: v1.1_Final_Forecasting_20250414170641, Path Info: {"keras_model": "models/feeder_9/LSTM_Baseload_24hr_v1.1_Final_Forecasting_20250414170641.keras", "scalers_pkl": "models/feeder_9/LSTM_Baseload_24hr_v1.1_Final_Forecasting_20250414170641_scalers.pkl"}
Loading artifact(s) based on path info: {'keras_model': 'models/feeder_9/LSTM_Baseload_24hr_v1.1_Final_Forecasting_20250414170641.keras', 'scalers_pkl': 'models/feeder_9/LSTM_Baseload_24hr_v1.1_Final_Forecasting_20250414170641_scalers.pkl'}
Detected separate Keras model (models/feeder_9/LSTM_Baseload_24hr_v1.1_Final_Forecasting_20250414170641.keras) and scalers (models/feeder_9/LSTM_Baseload_24hr_v1.1_Final_Forecasting_20250414170641_scalers.pkl).
Downloading Keras model to: H:\My Drive\Barbados_Forecasting_Tool_Final\tmp\LSTM_Baseload_24hr_v1.1_Final_Forecasting_20250414170641.keras
Keras model downloaded. Loading...
Keras model loaded.
Downloading scalers pickle to: H:\My Drive\Barbados_Forecasting_Tool_Final\tmp\LSTM_Baseload_24hr_v1.1_Final_Forecasting_20250414170641_scalers.pkl
Scalers pickle downloaded. Loading...
Scalers pickle loaded.
Cleaned up temporary file: H:\My Drive\Barbados_Forecasting_Tool_Final\tmp\LSTM_Baseload_24hr_v1.1_Final_Forecasting_20250414170641.keras
Cleaned up temporary file: H:\My Drive\Barbados_Forecasting_Tool_Final\tmp\LSTM_Baseload_24hr_v1.1_Final_Forecasting_20250414170641_scalers.pkl
Preparing training and validation data using loaded scalers...
Starting feature engineering for scenario: 24hr...
Pivoting data into daily vectors...
Reshaped data: X shape (76, 177), y shape (76, 24)
Transforming data using provided scalers (X and y)...
Data transformed.
Starting feature engineering for scenario: 24hr...
Pivoting data into daily vectors...
Reshaped data: X shape (32, 177), y shape (32, 24)
Transforming data using provided scalers (X and y)...
Data transformed.
Starting Optuna optimization (25 trials)...

--- Optuna Trial 0 for LSTM_Baseload ---
Trial 0: Training model...
Trial 0: Validation Score (mae, scaled) = 0.199817

--- Optuna Trial 1 for LSTM_Baseload ---
Trial 1: Training model...
Trial 1: Validation Score (mae, scaled) = 0.167937

--- Optuna Trial 2 for LSTM_Baseload ---
Trial 2: Training model...
Trial 2: Validation Score (mae, scaled) = 0.472531

--- Optuna Trial 3 for LSTM_Baseload ---
Trial 3: Training model...
Trial 3: Validation Score (mae, scaled) = 0.230616

--- Optuna Trial 4 for LSTM_Baseload ---
Trial 4: Training model...
Trial 4: Validation Score (mae, scaled) = 0.139444

--- Optuna Trial 5 for LSTM_Baseload ---
Trial 5: Training model...
Trial 5: Validation Score (mae, scaled) = 0.199833

--- Optuna Trial 6 for LSTM_Baseload ---
Trial 6: Training model...
Trial 6: Validation Score (mae, scaled) = 0.129459

--- Optuna Trial 7 for LSTM_Baseload ---
Trial 7: Training model...
Trial 7: Validation Score (mae, scaled) = 0.170504

--- Optuna Trial 8 for LSTM_Baseload ---
Trial 8: Training model...
Trial 8: Validation Score (mae, scaled) = 0.149396

--- Optuna Trial 9 for LSTM_Baseload ---
Trial 9: Training model...
Trial 9: Validation Score (mae, scaled) = 0.124420

--- Optuna Trial 10 for LSTM_Baseload ---
Trial 10: Training model...
Trial 10: Validation Score (mae, scaled) = 0.127085

--- Optuna Trial 11 for LSTM_Baseload ---
Trial 11: Training model...
Trial 11: Validation Score (mae, scaled) = 0.119814

--- Optuna Trial 12 for LSTM_Baseload ---
Trial 12: Training model...
Trial 12: Validation Score (mae, scaled) = 0.129613

--- Optuna Trial 13 for LSTM_Baseload ---
Trial 13: Training model...
Trial 13: Validation Score (mae, scaled) = 0.119026

--- Optuna Trial 14 for LSTM_Baseload ---
Trial 14: Training model...
Trial 14: Validation Score (mae, scaled) = 0.119943

--- Optuna Trial 15 for LSTM_Baseload ---
Trial 15: Training model...
Trial 15: Validation Score (mae, scaled) = 0.125778

--- Optuna Trial 16 for LSTM_Baseload ---
Trial 16: Training model...
Trial 16: Validation Score (mae, scaled) = 0.127294

--- Optuna Trial 17 for LSTM_Baseload ---
Trial 17: Training model...
Trial 17: Validation Score (mae, scaled) = 0.120158

--- Optuna Trial 18 for LSTM_Baseload ---
Trial 18: Training model...
Trial 18: Validation Score (mae, scaled) = 0.121433

--- Optuna Trial 19 for LSTM_Baseload ---
Trial 19: Training model...
Trial 19: Validation Score (mae, scaled) = 0.118822

--- Optuna Trial 20 for LSTM_Baseload ---
Trial 20: Training model...
Trial 20: Validation Score (mae, scaled) = 0.137716

--- Optuna Trial 21 for LSTM_Baseload ---
Trial 21: Training model...
Trial 21: Validation Score (mae, scaled) = 0.134207

--- Optuna Trial 22 for LSTM_Baseload ---
Trial 22: Training model...
Trial 22: Validation Score (mae, scaled) = 0.135023

--- Optuna Trial 23 for LSTM_Baseload ---
Trial 23: Training model...
Trial 23: Validation Score (mae, scaled) = 0.144259

--- Optuna Trial 24 for LSTM_Baseload ---
Trial 24: Training model...
Trial 24: Validation Score (mae, scaled) = 0.124684

--- Best Results for Feeder=9, Arch=LSTM_Baseload, Scenario=24hr ---
Best Validation Score (mae, scaled): 0.118822
Best Hyperparameters:
  n_lstm_layers: 2
  lstm_units: 82
  n_dense_layers: 0
  lstm_dropout_0: 0.2354281028791115
  lstm_dropout_1: 0.33251150617828823
  learning_rate: 0.001141397815731878

--- Tuning: Arch=LSTM_Baseload, Scenario=Day ---
Loading existing model artifact to get scalers/columns...
Selecting model for Feeder 9, Arch: LSTM_Baseload, Scenario: Day, Version: None
Error: No matching model found for criteria: Feeder=9, Arch=LSTM_Baseload, Scenario=Day, Version=None
Warning: No existing model found for Feeder=9, Arch=LSTM_Baseload, Scenario=Day. Cannot get scalers. Skipping.

--- Tuning: Arch=LSTM_Baseload, Scenario=Night ---
Loading existing model artifact to get scalers/columns...
Selecting model for Feeder 9, Arch: LSTM_Baseload, Scenario: Night, Version: None
Error: No matching model found for criteria: Feeder=9, Arch=LSTM_Baseload, Scenario=Night, Version=None
Warning: No existing model found for Feeder=9, Arch=LSTM_Baseload, Scenario=Night. Cannot get scalers. Skipping.

--- Tuning: Arch=LSTM_Change_in_Load, Scenario=24hr ---
Loading existing model artifact to get scalers/columns...
Selecting model for Feeder 9, Arch: LSTM_Change_in_Load, Scenario: 24hr, Version: None
Selected Model ID: 174, Version: v1.1_Final_Forecasting_20250414170648, Path Info: {"keras_model": "models/feeder_9/LSTM_Change_in_Load_24hr_v1.1_Final_Forecasting_20250414170648.keras", "scalers_pkl": "models/feeder_9/LSTM_Change_in_Load_24hr_v1.1_Final_Forecasting_20250414170648_scalers.pkl"}
Loading artifact(s) based on path info: {'keras_model': 'models/feeder_9/LSTM_Change_in_Load_24hr_v1.1_Final_Forecasting_20250414170648.keras', 'scalers_pkl': 'models/feeder_9/LSTM_Change_in_Load_24hr_v1.1_Final_Forecasting_20250414170648_scalers.pkl'}
Detected separate Keras model (models/feeder_9/LSTM_Change_in_Load_24hr_v1.1_Final_Forecasting_20250414170648.keras) and scalers (models/feeder_9/LSTM_Change_in_Load_24hr_v1.1_Final_Forecasting_20250414170648_scalers.pkl).
Downloading Keras model to: H:\My Drive\Barbados_Forecasting_Tool_Final\tmp\LSTM_Change_in_Load_24hr_v1.1_Final_Forecasting_20250414170648.keras
Keras model downloaded. Loading...
Keras model loaded.
Downloading scalers pickle to: H:\My Drive\Barbados_Forecasting_Tool_Final\tmp\LSTM_Change_in_Load_24hr_v1.1_Final_Forecasting_20250414170648_scalers.pkl
Scalers pickle downloaded. Loading...
Scalers pickle loaded.
Cleaned up temporary file: H:\My Drive\Barbados_Forecasting_Tool_Final\tmp\LSTM_Change_in_Load_24hr_v1.1_Final_Forecasting_20250414170648.keras
Cleaned up temporary file: H:\My Drive\Barbados_Forecasting_Tool_Final\tmp\LSTM_Change_in_Load_24hr_v1.1_Final_Forecasting_20250414170648_scalers.pkl
Preparing training and validation data using loaded scalers...
Starting feature engineering for scenario: 24hr...
Pivoting data into daily vectors...
Reshaped data: X shape (76, 177), y shape (76, 24)
[I 2025-04-14 18:31:38,480] Trial 11 finished with value: 0.1553589417946088 and parameters: {'n_estimators': 183, 'learning_rate': 0.026807397165187864, 'num_leaves': 45, 'max_depth': 6, 'min_child_samples': 17, 'subsample': 0.6766746125557253, 'colsample_bytree': 0.5973441765283993, 'reg_alpha': 0.0013286304888501987, 'reg_lambda': 0.5038862615469456}. Best is trial 11 with value: 0.1553589417946088.
[I 2025-04-14 18:31:39,312] Trial 12 finished with value: 0.1562266300783733 and parameters: {'n_estimators': 215, 'learning_rate': 0.06770244613924535, 'num_leaves': 45, 'max_depth': 6, 'min_child_samples': 19, 'subsample': 0.6761365344453663, 'colsample_bytree': 0.5792977150344056, 'reg_alpha': 0.0006166923139102957, 'reg_lambda': 0.951546096944246}. Best is trial 11 with value: 0.1553589417946088.
[I 2025-04-14 18:31:39,941] Trial 13 finished with value: 0.16015527148896194 and parameters: {'n_estimators': 169, 'learning_rate': 0.006727800127881768, 'num_leaves': 28, 'max_depth': 4, 'min_child_samples': 19, 'subsample': 0.7909979840396671, 'colsample_bytree': 0.6449948559710681, 'reg_alpha': 1.3481948876067116e-05, 'reg_lambda': 0.5335848293808312}. Best is trial 11 with value: 0.1553589417946088.
[I 2025-04-14 18:31:41,647] Trial 14 finished with value: 0.15324728826797324 and parameters: {'n_estimators': 229, 'learning_rate': 0.015367922521804266, 'num_leaves': 47, 'max_depth': 6, 'min_child_samples': 5, 'subsample': 0.7461358409822427, 'colsample_bytree': 0.7497854231982228, 'reg_alpha': 0.00225594560166635, 'reg_lambda': 0.03982146668079337}. Best is trial 14 with value: 0.15324728826797324.
[I 2025-04-14 18:31:43,067] Trial 15 finished with value: 0.15601005865027093 and parameters: {'n_estimators': 208, 'learning_rate': 0.0795962885533083, 'num_leaves': 45, 'max_depth': 5, 'min_child_samples': 6, 'subsample': 0.751217285881939, 'colsample_bytree': 0.7617618904409665, 'reg_alpha': 0.004026481667904035, 'reg_lambda': 0.05605114815117824}. Best is trial 14 with value: 0.15324728826797324.
[I 2025-04-14 18:31:44,948] Trial 16 finished with value: 0.15957995730797625 and parameters: {'n_estimators': 249, 'learning_rate': 0.003731002999316387, 'num_leaves': 27, 'max_depth': 7, 'min_child_samples': 5, 'subsample': 0.835788949868841, 'colsample_bytree': 0.5776362431969024, 'reg_alpha': 1.889639501648415e-05, 'reg_lambda': 0.012234175739326279}. Best is trial 14 with value: 0.15324728826797324.
[I 2025-04-14 18:31:45,810] Trial 17 finished with value: 0.15459063987618807 and parameters: {'n_estimators': 188, 'learning_rate': 0.020346989313114825, 'num_leaves': 45, 'max_depth': 3, 'min_child_samples': 13, 'subsample': 0.7252376318370084, 'colsample_bytree': 0.9916953858989652, 'reg_alpha': 0.8738084237402063, 'reg_lambda': 0.10595392955536777}. Best is trial 14 with value: 0.15324728826797324.
[I 2025-04-14 18:31:46,546] Trial 18 finished with value: 0.15488174573907607 and parameters: {'n_estimators': 143, 'learning_rate': 0.01652684721836177, 'num_leaves': 10, 'max_depth': 3, 'min_child_samples': 11, 'subsample': 0.8593235961944115, 'colsample_bytree': 0.9983240411005025, 'reg_alpha': 0.6199622892645562, 'reg_lambda': 0.0014595977921508603}. Best is trial 14 with value: 0.15324728826797324.
[I 2025-04-14 18:31:47,240] Trial 19 finished with value: 0.1599544437191158 and parameters: {'n_estimators': 243, 'learning_rate': 0.0672475164999649, 'num_leaves': 37, 'max_depth': 4, 'min_child_samples': 25, 'subsample': 0.7484004222554334, 'colsample_bytree': 0.988753937826555, 'reg_alpha': 0.6544657370842009, 'reg_lambda': 0.062538607190891}. Best is trial 14 with value: 0.15324728826797324.
[I 2025-04-14 18:31:48,360] Trial 20 finished with value: 0.1661668597532264 and parameters: {'n_estimators': 194, 'learning_rate': 0.0010399638652751097, 'num_leaves': 32, 'max_depth': 4, 'min_child_samples': 8, 'subsample': 0.9464638586204873, 'colsample_bytree': 0.7427180307395087, 'reg_alpha': 4.4791082352647405e-05, 'reg_lambda': 0.05936408237526425}. Best is trial 14 with value: 0.15324728826797324.
[I 2025-04-14 18:31:49,030] Trial 21 finished with value: 0.15548128267336184 and parameters: {'n_estimators': 142, 'learning_rate': 0.013834858018310522, 'num_leaves': 12, 'max_depth': 3, 'min_child_samples': 12, 'subsample': 0.8554603396186072, 'colsample_bytree': 0.9886571038018993, 'reg_alpha': 0.4620724281280963, 'reg_lambda': 0.0019066708859456162}. Best is trial 14 with value: 0.15324728826797324.
[I 2025-04-14 18:31:49,708] Trial 22 finished with value: 0.15891592088953335 and parameters: {'n_estimators': 141, 'learning_rate': 0.00795671440778534, 'num_leaves': 13, 'max_depth': 3, 'min_child_samples': 13, 'subsample': 0.749105462367174, 'colsample_bytree': 0.9397490776517485, 'reg_alpha': 0.0974711035707775, 'reg_lambda': 0.0010452029855394405}. Best is trial 14 with value: 0.15324728826797324.
[I 2025-04-14 18:31:50,679] Trial 23 finished with value: 0.16044570561163404 and parameters: {'n_estimators': 170, 'learning_rate': 0.004261612480007112, 'num_leaves': 20, 'max_depth': 5, 'min_child_samples': 9, 'subsample': 0.8713377523626092, 'colsample_bytree': 0.9369508252098752, 'reg_alpha': 0.01233180259300773, 'reg_lambda': 0.012297117525754145}. Best is trial 14 with value: 0.15324728826797324.
