[I 2025-04-14 17:57:01,387] Trial 24 finished with value: 0.1838060637382415 and parameters: {'n_estimators': 193, 'learning_rate': 0.07850657671971363, 'num_leaves': 28, 'max_depth': 9, 'min_child_samples': 18, 'subsample': 0.9646162608843553, 'colsample_bytree': 0.8440112438159499, 'reg_alpha': 6.64931900319882e-05, 'reg_lambda': 0.9121940092633462}. Best is trial 11 with value: 0.1805710277800642.

--- Optuna Trial 20 for LSTM_Baseload ---
Trial 20: Training model...
Trial 20: Validation Score (mae, scaled) = 0.055118

--- Optuna Trial 21 for LSTM_Baseload ---
Trial 21: Training model...
Trial 21: Validation Score (mae, scaled) = 0.054410

--- Optuna Trial 22 for LSTM_Baseload ---
Trial 22: Training model...
Trial 22: Validation Score (mae, scaled) = 0.055351

--- Optuna Trial 23 for LSTM_Baseload ---
Trial 23: Training model...
Trial 23: Validation Score (mae, scaled) = 0.063684

--- Optuna Trial 24 for LSTM_Baseload ---
Trial 24: Training model...
Trial 24: Validation Score (mae, scaled) = 0.056021

--- Best Results for Feeder=3, Arch=LSTM_Baseload, Scenario=24hr ---
Best Validation Score (mae, scaled): 0.053225
Best Hyperparameters:
  n_lstm_layers: 1
  lstm_units: 73
  n_dense_layers: 1
  lstm_dropout_0: 0.3728473852130089
  dense_units_0: 47
  dense_dropout_0: 0.3847274684317129
  learning_rate: 0.008504021355281777

--- Tuning: Arch=LSTM_Baseload, Scenario=Day ---
Loading existing model artifact to get scalers/columns...
Selecting model for Feeder 3, Arch: LSTM_Baseload, Scenario: Day, Version: None
Error: No matching model found for criteria: Feeder=3, Arch=LSTM_Baseload, Scenario=Day, Version=None
Warning: No existing model found for Feeder=3, Arch=LSTM_Baseload, Scenario=Day. Cannot get scalers. Skipping.

--- Tuning: Arch=LSTM_Baseload, Scenario=Night ---
Loading existing model artifact to get scalers/columns...
Selecting model for Feeder 3, Arch: LSTM_Baseload, Scenario: Night, Version: None
Error: No matching model found for criteria: Feeder=3, Arch=LSTM_Baseload, Scenario=Night, Version=None
Warning: No existing model found for Feeder=3, Arch=LSTM_Baseload, Scenario=Night. Cannot get scalers. Skipping.

--- Tuning: Arch=LSTM_Change_in_Load, Scenario=24hr ---
Loading existing model artifact to get scalers/columns...
Selecting model for Feeder 3, Arch: LSTM_Change_in_Load, Scenario: 24hr, Version: None
Selected Model ID: 150, Version: v1.1_Final_Forecasting_20250414170417, Path Info: {"keras_model": "models/feeder_3/LSTM_Change_in_Load_24hr_v1.1_Final_Forecasting_20250414170417.keras", "scalers_pkl": "models/feeder_3/LSTM_Change_in_Load_24hr_v1.1_Final_Forecasting_20250414170417_scalers.pkl"}
Loading artifact(s) based on path info: {'keras_model': 'models/feeder_3/LSTM_Change_in_Load_24hr_v1.1_Final_Forecasting_20250414170417.keras', 'scalers_pkl': 'models/feeder_3/LSTM_Change_in_Load_24hr_v1.1_Final_Forecasting_20250414170417_scalers.pkl'}
Detected separate Keras model (models/feeder_3/LSTM_Change_in_Load_24hr_v1.1_Final_Forecasting_20250414170417.keras) and scalers (models/feeder_3/LSTM_Change_in_Load_24hr_v1.1_Final_Forecasting_20250414170417_scalers.pkl).
Downloading Keras model to: H:\My Drive\Barbados_Forecasting_Tool_Final\tmp\LSTM_Change_in_Load_24hr_v1.1_Final_Forecasting_20250414170417.keras
Keras model downloaded. Loading...
Keras model loaded.
Downloading scalers pickle to: H:\My Drive\Barbados_Forecasting_Tool_Final\tmp\LSTM_Change_in_Load_24hr_v1.1_Final_Forecasting_20250414170417_scalers.pkl
Scalers pickle downloaded. Loading...
Scalers pickle loaded.
Cleaned up temporary file: H:\My Drive\Barbados_Forecasting_Tool_Final\tmp\LSTM_Change_in_Load_24hr_v1.1_Final_Forecasting_20250414170417.keras
Cleaned up temporary file: H:\My Drive\Barbados_Forecasting_Tool_Final\tmp\LSTM_Change_in_Load_24hr_v1.1_Final_Forecasting_20250414170417_scalers.pkl
Preparing training and validation data using loaded scalers...
Starting feature engineering for scenario: 24hr...
Pivoting data into daily vectors...
Reshaped data: X shape (150, 177), y shape (150, 24)
Transforming data using provided scalers (X and y)...
Data transformed.
Starting feature engineering for scenario: 24hr...
Pivoting data into daily vectors...
Reshaped data: X shape (32, 177), y shape (32, 24)
Transforming data using provided scalers (X and y)...
Data transformed.
Starting Optuna optimization (25 trials)...

--- Optuna Trial 0 for LSTM_Change_in_Load ---
Trial 0: Training model...
Trial 0: Validation Score (mae, scaled) = 0.048619

--- Optuna Trial 1 for LSTM_Change_in_Load ---
Trial 1: Training model...
Trial 1: Validation Score (mae, scaled) = 0.046764

--- Optuna Trial 2 for LSTM_Change_in_Load ---
Trial 2: Training model...
Trial 2: Validation Score (mae, scaled) = 0.144737

--- Optuna Trial 3 for LSTM_Change_in_Load ---
Trial 3: Training model...
Trial 3: Validation Score (mae, scaled) = 0.059518

--- Optuna Trial 4 for LSTM_Change_in_Load ---
Trial 4: Training model...
Trial 4: Validation Score (mae, scaled) = 0.049311

--- Optuna Trial 5 for LSTM_Change_in_Load ---
Trial 5: Training model...
Trial 5: Validation Score (mae, scaled) = 0.191390

--- Optuna Trial 6 for LSTM_Change_in_Load ---
Trial 6: Training model...
Trial 6: Validation Score (mae, scaled) = 0.049759

--- Optuna Trial 7 for LSTM_Change_in_Load ---
Trial 7: Training model...
Trial 7: Validation Score (mae, scaled) = 0.046695

--- Optuna Trial 8 for LSTM_Change_in_Load ---
Trial 8: Training model...
Trial 8: Validation Score (mae, scaled) = 0.045438

--- Optuna Trial 9 for LSTM_Change_in_Load ---
Trial 9: Training model...
Trial 9: Validation Score (mae, scaled) = 0.045280

--- Optuna Trial 10 for LSTM_Change_in_Load ---
Trial 10: Training model...
Trial 10: Validation Score (mae, scaled) = 0.045364

--- Optuna Trial 11 for LSTM_Change_in_Load ---
Trial 11: Training model...
Trial 11: Validation Score (mae, scaled) = 0.045368

--- Optuna Trial 12 for LSTM_Change_in_Load ---
Trial 12: Training model...
Trial 12: Validation Score (mae, scaled) = 0.046076

--- Optuna Trial 13 for LSTM_Change_in_Load ---
Trial 13: Training model...
Trial 13: Validation Score (mae, scaled) = 0.045337

--- Optuna Trial 14 for LSTM_Change_in_Load ---
Trial 14: Training model...
Trial 14: Validation Score (mae, scaled) = 0.045580

--- Optuna Trial 15 for LSTM_Change_in_Load ---
Trial 15: Training model...
Trial 15: Validation Score (mae, scaled) = 0.059982

--- Optuna Trial 16 for LSTM_Change_in_Load ---
Trial 16: Training model...
Trial 16: Validation Score (mae, scaled) = 0.045081

--- Optuna Trial 17 for LSTM_Change_in_Load ---
Trial 17: Training model...
Trial 17: Validation Score (mae, scaled) = 0.046332

--- Optuna Trial 18 for LSTM_Change_in_Load ---
Trial 18: Training model...
Trial 18: Validation Score (mae, scaled) = 0.051666

--- Optuna Trial 19 for LSTM_Change_in_Load ---
Trial 19: Training model...
Trial 19: Validation Score (mae, scaled) = 0.045696

--- Optuna Trial 20 for LSTM_Change_in_Load ---
Trial 20: Training model...
Trial 20: Validation Score (mae, scaled) = 0.050059

--- Optuna Trial 21 for LSTM_Change_in_Load ---
Trial 21: Training model...
Trial 21: Validation Score (mae, scaled) = 0.045195

--- Optuna Trial 22 for LSTM_Change_in_Load ---
Trial 22: Training model...
Trial 22: Validation Score (mae, scaled) = 0.045457

--- Optuna Trial 23 for LSTM_Change_in_Load ---
Trial 23: Training model...
Trial 23: Validation Score (mae, scaled) = 0.045321

--- Optuna Trial 24 for LSTM_Change_in_Load ---
Trial 24: Training model...
Trial 24: Validation Score (mae, scaled) = 0.045281

--- Best Results for Feeder=3, Arch=LSTM_Change_in_Load, Scenario=24hr ---
Best Validation Score (mae, scaled): 0.045081
Best Hyperparameters:
  n_lstm_layers: 2
  lstm_units: 47
  n_dense_layers: 0
  lstm_dropout_0: 0.2674524414312311
  lstm_dropout_1: 0.10002270904965499
  learning_rate: 0.004524347631653716

--- Tuning: Arch=LSTM_Change_in_Load, Scenario=Day ---
Loading existing model artifact to get scalers/columns...
Selecting model for Feeder 3, Arch: LSTM_Change_in_Load, Scenario: Day, Version: None
Error: No matching model found for criteria: Feeder=3, Arch=LSTM_Change_in_Load, Scenario=Day, Version=None
Warning: No existing model found for Feeder=3, Arch=LSTM_Change_in_Load, Scenario=Day. Cannot get scalers. Skipping.

--- Tuning: Arch=LSTM_Change_in_Load, Scenario=Night ---
[I 2025-04-14 17:57:05,088] A new study created in memory with name: tune-4-LSTM_Baseload-24hr
[I 2025-04-14 17:57:11,357] Trial 0 finished with value: 0.2658168077468872 and parameters: {'n_lstm_layers': 2, 'lstm_units': 96, 'n_dense_layers': 0, 'lstm_dropout_0': 0.471545809200255, 'lstm_dropout_1': 0.2865546002096333, 'learning_rate': 0.0007404588169270818}. Best is trial 0 with value: 0.2658168077468872.
[I 2025-04-14 17:57:19,175] Trial 1 finished with value: 0.26580941677093506 and parameters: {'n_lstm_layers': 2, 'lstm_units': 91, 'n_dense_layers': 0, 'lstm_dropout_0': 0.2792279479018405, 'lstm_dropout_1': 0.3236650996333833, 'learning_rate': 0.00017501452119969102}. Best is trial 1 with value: 0.26580941677093506.
[I 2025-04-14 17:57:24,218] Trial 2 finished with value: 0.36886662244796753 and parameters: {'n_lstm_layers': 1, 'lstm_units': 64, 'n_dense_layers': 1, 'lstm_dropout_0': 0.37399609270976963, 'dense_units_0': 16, 'dense_dropout_0': 0.24966587882632052, 'learning_rate': 0.00025439297108192623}. Best is trial 1 with value: 0.26580941677093506.
[I 2025-04-14 17:57:28,833] Trial 3 finished with value: 0.16781757771968842 and parameters: {'n_lstm_layers': 1, 'lstm_units': 82, 'n_dense_layers': 1, 'lstm_dropout_0': 0.3590813858165105, 'dense_units_0': 31, 'dense_dropout_0': 0.21284717344122217, 'learning_rate': 0.006903839646376025}. Best is trial 3 with value: 0.16781757771968842.
[I 2025-04-14 17:57:35,432] Trial 4 finished with value: 0.2326744645833969 and parameters: {'n_lstm_layers': 2, 'lstm_units': 53, 'n_dense_layers': 2, 'lstm_dropout_0': 0.3272889213892224, 'lstm_dropout_1': 0.27161414296323405, 'dense_units_0': 28, 'dense_dropout_0': 0.48815338169148503, 'dense_units_1': 51, 'dense_dropout_1': 0.4366308916994456, 'learning_rate': 0.005436078801657627}. Best is trial 3 with value: 0.16781757771968842.
[I 2025-04-14 17:57:43,088] Trial 5 finished with value: 0.17155636847019196 and parameters: {'n_lstm_layers': 2, 'lstm_units': 82, 'n_dense_layers': 2, 'lstm_dropout_0': 0.16223841799398966, 'lstm_dropout_1': 0.33712479895594855, 'dense_units_0': 36, 'dense_dropout_0': 0.13964108833140654, 'dense_units_1': 25, 'dense_dropout_1': 0.29621167314792435, 'learning_rate': 0.003566763427797038}. Best is trial 3 with value: 0.16781757771968842.
[I 2025-04-14 17:57:48,166] Trial 6 finished with value: 0.49353936314582825 and parameters: {'n_lstm_layers': 1, 'lstm_units': 82, 'n_dense_layers': 1, 'lstm_dropout_0': 0.12782559741719127, 'dense_units_0': 24, 'dense_dropout_0': 0.36906594702236195, 'learning_rate': 0.00010819099438068342}. Best is trial 3 with value: 0.16781757771968842.
[I 2025-04-14 17:57:55,879] Trial 7 finished with value: 0.26926612854003906 and parameters: {'n_lstm_layers': 2, 'lstm_units': 53, 'n_dense_layers': 1, 'lstm_dropout_0': 0.3157552373011431, 'lstm_dropout_1': 0.30165854250949076, 'dense_units_0': 38, 'dense_dropout_0': 0.2471125994114478, 'learning_rate': 0.00027688412272739154}. Best is trial 3 with value: 0.16781757771968842.
[I 2025-04-14 17:58:03,297] Trial 8 finished with value: 0.28858739137649536 and parameters: {'n_lstm_layers': 2, 'lstm_units': 67, 'n_dense_layers': 0, 'lstm_dropout_0': 0.17891083390912024, 'lstm_dropout_1': 0.45675536224255686, 'learning_rate': 0.00019411717877185016}. Best is trial 3 with value: 0.16781757771968842.
[I 2025-04-14 17:58:07,088] Trial 9 finished with value: 0.241171732544899 and parameters: {'n_lstm_layers': 1, 'lstm_units': 125, 'n_dense_layers': 2, 'lstm_dropout_0': 0.11913322447163709, 'dense_units_0': 22, 'dense_dropout_0': 0.4189358268369908, 'dense_units_1': 61, 'dense_dropout_1': 0.13078639039852585, 'learning_rate': 0.007139023580108519}. Best is trial 3 with value: 0.16781757771968842.
[I 2025-04-14 17:58:11,471] Trial 10 finished with value: 0.19558608531951904 and parameters: {'n_lstm_layers': 1, 'lstm_units': 35, 'n_dense_layers': 1, 'lstm_dropout_0': 0.4807533504359094, 'dense_units_0': 61, 'dense_dropout_0': 0.1397800241330075, 'learning_rate': 0.0019786550829338106}. Best is trial 3 with value: 0.16781757771968842.
[I 2025-04-14 17:58:16,219] Trial 11 finished with value: 0.18644186854362488 and parameters: {'n_lstm_layers': 1, 'lstm_units': 123, 'n_dense_layers': 2, 'lstm_dropout_0': 0.2149247015737533, 'dense_units_0': 41, 'dense_dropout_0': 0.10273433708696358, 'dense_units_1': 18, 'dense_dropout_1': 0.2897177336429681, 'learning_rate': 0.0028205019473088624}. Best is trial 3 with value: 0.16781757771968842.
[I 2025-04-14 17:58:20,878] Trial 12 finished with value: 0.21689681708812714 and parameters: {'n_lstm_layers': 1, 'lstm_units': 79, 'n_dense_layers': 2, 'lstm_dropout_0': 0.410954760716427, 'dense_units_0': 38, 'dense_dropout_0': 0.19034011245582794, 'dense_units_1': 24, 'dense_dropout_1': 0.29204536679167703, 'learning_rate': 0.00892926762184159}. Best is trial 3 with value: 0.16781757771968842.
[I 2025-04-14 17:58:28,625] Trial 13 finished with value: 0.17086762189865112 and parameters: {'n_lstm_layers': 2, 'lstm_units': 101, 'n_dense_layers': 1, 'lstm_dropout_0': 0.25098978399347144, 'lstm_dropout_1': 0.10033713486903217, 'dense_units_0': 56, 'dense_dropout_0': 0.20277888891773016, 'learning_rate': 0.0032358804481415547}. Best is trial 3 with value: 0.16781757771968842.
[I 2025-04-14 17:58:36,174] Trial 14 finished with value: 0.17091704905033112 and parameters: {'n_lstm_layers': 2, 'lstm_units': 103, 'n_dense_layers': 1, 'lstm_dropout_0': 0.25267908405617967, 'lstm_dropout_1': 0.10545220199343047, 'dense_units_0': 58, 'dense_dropout_0': 0.3024208587700649, 'learning_rate': 0.0013822777878874106}. Best is trial 3 with value: 0.16781757771968842.
[I 2025-04-14 17:58:40,994] Trial 15 finished with value: 0.18181711435317993 and parameters: {'n_lstm_layers': 1, 'lstm_units': 109, 'n_dense_layers': 1, 'lstm_dropout_0': 0.36418164438391837, 'dense_units_0': 48, 'dense_dropout_0': 0.21260759623373038, 'learning_rate': 0.0007236775560426284}. Best is trial 3 with value: 0.16781757771968842.
[I 2025-04-14 17:58:45,928] Trial 16 finished with value: 0.16843606531620026 and parameters: {'n_lstm_layers': 1, 'lstm_units': 32, 'n_dense_layers': 0, 'lstm_dropout_0': 0.24544662483452312, 'learning_rate': 0.004073039859149476}. Best is trial 3 with value: 0.16781757771968842.
[I 2025-04-14 17:58:50,406] Trial 17 finished with value: 0.18069809675216675 and parameters: {'n_lstm_layers': 1, 'lstm_units': 35, 'n_dense_layers': 0, 'lstm_dropout_0': 0.416683004909571, 'learning_rate': 0.0048577740089396125}. Best is trial 3 with value: 0.16781757771968842.
[I 2025-04-14 17:58:54,612] Trial 18 finished with value: 0.18067613244056702 and parameters: {'n_lstm_layers': 1, 'lstm_units': 42, 'n_dense_layers': 0, 'lstm_dropout_0': 0.22166848501017755, 'learning_rate': 0.0098533204817497}. Best is trial 3 with value: 0.16781757771968842.
[I 2025-04-14 17:58:59,353] Trial 19 finished with value: 0.17257286608219147 and parameters: {'n_lstm_layers': 1, 'lstm_units': 52, 'n_dense_layers': 0, 'lstm_dropout_0': 0.3380771961592547, 'learning_rate': 0.001723855240903172}. Best is trial 3 with value: 0.16781757771968842.
[I 2025-04-14 17:59:03,912] Trial 20 finished with value: 0.17593905329704285 and parameters: {'n_lstm_layers': 1, 'lstm_units': 43, 'n_dense_layers': 0, 'lstm_dropout_0': 0.28587411673726254, 'learning_rate': 0.0010028264801904914}. Best is trial 3 with value: 0.16781757771968842.
[I 2025-04-14 17:59:10,477] Trial 21 finished with value: 0.2104509025812149 and parameters: {'n_lstm_layers': 2, 'lstm_units': 71, 'n_dense_layers': 1, 'lstm_dropout_0': 0.24089769625787183, 'lstm_dropout_1': 0.12151398893622112, 'dense_units_0': 29, 'dense_dropout_0': 0.30754810534197813, 'learning_rate': 0.002889960804567493}. Best is trial 3 with value: 0.16781757771968842.
[I 2025-04-14 17:59:14,384] Trial 22 finished with value: 0.17475885152816772 and parameters: {'n_lstm_layers': 1, 'lstm_units': 90, 'n_dense_layers': 1, 'lstm_dropout_0': 0.18999477996477573, 'dense_units_0': 50, 'dense_dropout_0': 0.18790409813627945, 'learning_rate': 0.005153260149481194}. Best is trial 3 with value: 0.16781757771968842.
[I 2025-04-14 17:59:19,330] Trial 23 finished with value: 0.17411307990550995 and parameters: {'n_lstm_layers': 1, 'lstm_units': 32, 'n_dense_layers': 1, 'lstm_dropout_0': 0.2689579770110725, 'dense_units_0': 20, 'dense_dropout_0': 0.2559913871525643, 'learning_rate': 0.003896893013531558}. Best is trial 3 with value: 0.16781757771968842.
