[I 2025-04-14 18:09:08,111] Trial 2 finished with value: 0.2329527884721756 and parameters: {'n_lstm_layers': 1, 'lstm_units': 46, 'n_dense_layers': 2, 'lstm_dropout_0': 0.19276187222888486, 'dense_units_0': 56, 'dense_dropout_0': 0.19413521419402047, 'dense_units_1': 54, 'dense_dropout_1': 0.2912144806668818, 'learning_rate': 0.0001673511210366919}. Best is trial 1 with value: 0.15399815142154694.
Starting Optuna optimization (25 trials)...

--- Optuna Trial 0 for LSTM_Change_in_Load ---
Trial 0: Training model...
Trial 0: Validation Score (mae, scaled) = 0.148558

--- Optuna Trial 1 for LSTM_Change_in_Load ---
Trial 1: Training model...
Trial 1: Validation Score (mae, scaled) = 0.172148

--- Optuna Trial 2 for LSTM_Change_in_Load ---
Trial 2: Training model...
Trial 2: Validation Score (mae, scaled) = 0.142898

--- Optuna Trial 3 for LSTM_Change_in_Load ---
Trial 3: Training model...
Trial 3: Validation Score (mae, scaled) = 0.145055

--- Optuna Trial 4 for LSTM_Change_in_Load ---
Trial 4: Training model...
Trial 4: Validation Score (mae, scaled) = 0.132519

--- Optuna Trial 5 for LSTM_Change_in_Load ---
Trial 5: Training model...
Trial 5: Validation Score (mae, scaled) = 0.275386

--- Optuna Trial 6 for LSTM_Change_in_Load ---
Trial 6: Training model...
Trial 6: Validation Score (mae, scaled) = 0.145075

--- Optuna Trial 7 for LSTM_Change_in_Load ---
Trial 7: Training model...
Trial 7: Validation Score (mae, scaled) = 0.125291

--- Optuna Trial 8 for LSTM_Change_in_Load ---
Trial 8: Training model...
Trial 8: Validation Score (mae, scaled) = 0.150703

--- Optuna Trial 9 for LSTM_Change_in_Load ---
Trial 9: Training model...
Trial 9: Validation Score (mae, scaled) = 0.155538

--- Optuna Trial 10 for LSTM_Change_in_Load ---
Trial 10: Training model...
Trial 10: Validation Score (mae, scaled) = 0.162291

--- Optuna Trial 11 for LSTM_Change_in_Load ---
Trial 11: Training model...
Trial 11: Validation Score (mae, scaled) = 0.124063

--- Optuna Trial 12 for LSTM_Change_in_Load ---
Trial 12: Training model...
Trial 12: Validation Score (mae, scaled) = 0.122047

--- Optuna Trial 13 for LSTM_Change_in_Load ---
Trial 13: Training model...
Trial 13: Validation Score (mae, scaled) = 0.125926

--- Optuna Trial 14 for LSTM_Change_in_Load ---
Trial 14: Training model...
Trial 14: Validation Score (mae, scaled) = 0.123311

--- Optuna Trial 15 for LSTM_Change_in_Load ---
Trial 15: Training model...
Trial 15: Validation Score (mae, scaled) = 0.125517

--- Optuna Trial 16 for LSTM_Change_in_Load ---
Trial 16: Training model...
Trial 16: Validation Score (mae, scaled) = 0.125371

--- Optuna Trial 17 for LSTM_Change_in_Load ---
Trial 17: Training model...
Trial 17: Validation Score (mae, scaled) = 0.138111

--- Optuna Trial 18 for LSTM_Change_in_Load ---
Trial 18: Training model...
Trial 18: Validation Score (mae, scaled) = 0.120304

--- Optuna Trial 19 for LSTM_Change_in_Load ---
Trial 19: Training model...
Trial 19: Validation Score (mae, scaled) = 0.132034

--- Optuna Trial 20 for LSTM_Change_in_Load ---
Trial 20: Training model...
Trial 20: Validation Score (mae, scaled) = 0.126012

--- Optuna Trial 21 for LSTM_Change_in_Load ---
Trial 21: Training model...
Trial 21: Validation Score (mae, scaled) = 0.122570

--- Optuna Trial 22 for LSTM_Change_in_Load ---
Trial 22: Training model...
Trial 22: Validation Score (mae, scaled) = 0.124406

--- Optuna Trial 23 for LSTM_Change_in_Load ---
Trial 23: Training model...
Trial 23: Validation Score (mae, scaled) = 0.122144

--- Optuna Trial 24 for LSTM_Change_in_Load ---
Trial 24: Training model...
Trial 24: Validation Score (mae, scaled) = 0.122217

--- Best Results for Feeder=5, Arch=LSTM_Change_in_Load, Scenario=24hr ---
Best Validation Score (mae, scaled): 0.120304
Best Hyperparameters:
  n_lstm_layers: 1
  lstm_units: 107
  n_dense_layers: 0
  lstm_dropout_0: 0.4304650216554355
  learning_rate: 0.004524594816263526

--- Tuning: Arch=LSTM_Change_in_Load, Scenario=Day ---
Loading existing model artifact to get scalers/columns...
Selecting model for Feeder 5, Arch: LSTM_Change_in_Load, Scenario: Day, Version: None
Error: No matching model found for criteria: Feeder=5, Arch=LSTM_Change_in_Load, Scenario=Day, Version=None
Warning: No existing model found for Feeder=5, Arch=LSTM_Change_in_Load, Scenario=Day. Cannot get scalers. Skipping.

--- Tuning: Arch=LSTM_Change_in_Load, Scenario=Night ---
Loading existing model artifact to get scalers/columns...
Selecting model for Feeder 5, Arch: LSTM_Change_in_Load, Scenario: Night, Version: None
Error: No matching model found for criteria: Feeder=5, Arch=LSTM_Change_in_Load, Scenario=Night, Version=None
Warning: No existing model found for Feeder=5, Arch=LSTM_Change_in_Load, Scenario=Night. Cannot get scalers. Skipping.

===== Tuning for Feeder 6 =====

--- Tuning: Arch=LightGBM_Baseline, Scenario=24hr ---
Loading existing model artifact to get scalers/columns...
Selecting model for Feeder 6, Arch: LightGBM_Baseline, Scenario: 24hr, Version: None
Selected Model ID: 160, Version: v1.1_Final_Forecasting_20250414170525, Path Info: models/feeder_6/LightGBM_Baseline_24hr_v1.1_Final_Forecasting_20250414170525.pkl
Loading artifact(s) based on path info: models/feeder_6/LightGBM_Baseline_24hr_v1.1_Final_Forecasting_20250414170525.pkl
Detected single pickle artifact path: models/feeder_6/LightGBM_Baseline_24hr_v1.1_Final_Forecasting_20250414170525.pkl
Downloading single pickle artifact to: H:\My Drive\Barbados_Forecasting_Tool_Final\tmp\LightGBM_Baseline_24hr_v1.1_Final_Forecasting_20250414170525.pkl
Single pickle downloaded. Loading...
Single pickle loaded.
Cleaned up temporary file: H:\My Drive\Barbados_Forecasting_Tool_Final\tmp\LightGBM_Baseline_24hr_v1.1_Final_Forecasting_20250414170525.pkl
Preparing training and validation data using loaded scalers...
Starting feature engineering for scenario: 24hr...
Pivoting data into daily vectors...
Reshaped data: X shape (152, 177), y shape (152, 24)
Transforming data using provided scalers (X and y)...
Data transformed.
Starting feature engineering for scenario: 24hr...
Pivoting data into daily vectors...
Reshaped data: X shape (32, 177), y shape (32, 24)
Transforming data using provided scalers (X and y)...
Data transformed.
Starting Optuna optimization (25 trials)...

--- Optuna Trial 0 for LightGBM_Baseline ---
Trial 0: Training model...
Trial 0: Evaluating model...
Trial 0: Validation Score (mae, scaled) = 0.280764

--- Optuna Trial 1 for LightGBM_Baseline ---
Trial 1: Training model...
Trial 1: Evaluating model...
Trial 1: Validation Score (mae, scaled) = 0.142355

--- Optuna Trial 2 for LightGBM_Baseline ---
Trial 2: Training model...
Trial 2: Evaluating model...
Trial 2: Validation Score (mae, scaled) = 0.173444

--- Optuna Trial 3 for LightGBM_Baseline ---
Trial 3: Training model...
Trial 3: Evaluating model...
Trial 3: Validation Score (mae, scaled) = 0.292901

--- Optuna Trial 4 for LightGBM_Baseline ---
Trial 4: Training model...
Trial 4: Evaluating model...
Trial 4: Validation Score (mae, scaled) = 0.197645

--- Optuna Trial 5 for LightGBM_Baseline ---
Trial 5: Training model...
Trial 5: Evaluating model...
Trial 5: Validation Score (mae, scaled) = 0.194183

--- Optuna Trial 6 for LightGBM_Baseline ---
Trial 6: Training model...
Trial 6: Evaluating model...
Trial 6: Validation Score (mae, scaled) = 0.282098

--- Optuna Trial 7 for LightGBM_Baseline ---
Trial 7: Training model...
Trial 7: Evaluating model...
Trial 7: Validation Score (mae, scaled) = 0.199557

--- Optuna Trial 8 for LightGBM_Baseline ---
Trial 8: Training model...
Trial 8: Evaluating model...
Trial 8: Validation Score (mae, scaled) = 0.250729

--- Optuna Trial 9 for LightGBM_Baseline ---
Trial 9: Training model...
Trial 9: Evaluating model...
Trial 9: Validation Score (mae, scaled) = 0.189561

--- Optuna Trial 10 for LightGBM_Baseline ---
Trial 10: Training model...
Trial 10: Evaluating model...
Trial 10: Validation Score (mae, scaled) = 0.138280

--- Optuna Trial 11 for LightGBM_Baseline ---
Trial 11: Training model...
Trial 11: Evaluating model...
Trial 11: Validation Score (mae, scaled) = 0.137225

--- Optuna Trial 12 for LightGBM_Baseline ---
Trial 12: Training model...
Trial 12: Evaluating model...
Trial 12: Validation Score (mae, scaled) = 0.139666

--- Optuna Trial 13 for LightGBM_Baseline ---
Trial 13: Training model...
[I 2025-04-14 18:09:15,652] Trial 3 finished with value: 0.13758300244808197 and parameters: {'n_lstm_layers': 2, 'lstm_units': 125, 'n_dense_layers': 1, 'lstm_dropout_0': 0.4609926632285267, 'lstm_dropout_1': 0.19462054498999942, 'dense_units_0': 60, 'dense_dropout_0': 0.43603719128778295, 'learning_rate': 0.0012017271312937082}. Best is trial 3 with value: 0.13758300244808197.
[I 2025-04-14 18:09:20,211] Trial 4 finished with value: 0.1721278429031372 and parameters: {'n_lstm_layers': 1, 'lstm_units': 83, 'n_dense_layers': 1, 'lstm_dropout_0': 0.3191251639114938, 'dense_units_0': 19, 'dense_dropout_0': 0.4437751952016852, 'learning_rate': 0.0009927080176202919}. Best is trial 3 with value: 0.13758300244808197.
[I 2025-04-14 18:09:27,793] Trial 5 finished with value: 0.1015990599989891 and parameters: {'n_lstm_layers': 2, 'lstm_units': 101, 'n_dense_layers': 0, 'lstm_dropout_0': 0.4607434836545944, 'lstm_dropout_1': 0.10127039430369172, 'learning_rate': 0.004123758270745923}. Best is trial 5 with value: 0.1015990599989891.
[I 2025-04-14 18:09:32,768] Trial 6 finished with value: 0.23083555698394775 and parameters: {'n_lstm_layers': 1, 'lstm_units': 85, 'n_dense_layers': 0, 'lstm_dropout_0': 0.29075199362879167, 'learning_rate': 0.00010325863411043172}. Best is trial 5 with value: 0.1015990599989891.
[I 2025-04-14 18:09:39,789] Trial 7 finished with value: 0.10681606829166412 and parameters: {'n_lstm_layers': 2, 'lstm_units': 66, 'n_dense_layers': 0, 'lstm_dropout_0': 0.40325899361840356, 'lstm_dropout_1': 0.16190646526245997, 'learning_rate': 0.009095777312490387}. Best is trial 5 with value: 0.1015990599989891.
[I 2025-04-14 18:09:44,636] Trial 8 finished with value: 0.10789396613836288 and parameters: {'n_lstm_layers': 1, 'lstm_units': 46, 'n_dense_layers': 0, 'lstm_dropout_0': 0.45560766924666984, 'learning_rate': 0.0014794214685436298}. Best is trial 5 with value: 0.1015990599989891.
[I 2025-04-14 18:09:49,356] Trial 9 finished with value: 0.20599859952926636 and parameters: {'n_lstm_layers': 1, 'lstm_units': 43, 'n_dense_layers': 0, 'lstm_dropout_0': 0.18831334033952885, 'learning_rate': 0.00016903055622181885}. Best is trial 5 with value: 0.1015990599989891.
[I 2025-04-14 18:09:56,625] Trial 10 finished with value: 0.10572919249534607 and parameters: {'n_lstm_layers': 2, 'lstm_units': 127, 'n_dense_layers': 0, 'lstm_dropout_0': 0.3542572599355109, 'lstm_dropout_1': 0.47552118763420664, 'learning_rate': 0.006930544315970393}. Best is trial 5 with value: 0.1015990599989891.
[I 2025-04-14 18:10:03,866] Trial 11 finished with value: 0.10778063535690308 and parameters: {'n_lstm_layers': 2, 'lstm_units': 126, 'n_dense_layers': 0, 'lstm_dropout_0': 0.35795283078308404, 'lstm_dropout_1': 0.4621271524790077, 'learning_rate': 0.008346422873669941}. Best is trial 5 with value: 0.1015990599989891.
[I 2025-04-14 18:10:11,239] Trial 12 finished with value: 0.11278387159109116 and parameters: {'n_lstm_layers': 2, 'lstm_units': 98, 'n_dense_layers': 0, 'lstm_dropout_0': 0.49988035997420327, 'lstm_dropout_1': 0.4953480754901823, 'learning_rate': 0.003794936074714008}. Best is trial 5 with value: 0.1015990599989891.
[I 2025-04-14 18:10:18,881] Trial 13 finished with value: 0.1192198395729065 and parameters: {'n_lstm_layers': 2, 'lstm_units': 102, 'n_dense_layers': 1, 'lstm_dropout_0': 0.38780462585639985, 'lstm_dropout_1': 0.32800367754605275, 'dense_units_0': 16, 'dense_dropout_0': 0.1166480508837176, 'learning_rate': 0.003211500123464183}. Best is trial 5 with value: 0.1015990599989891.
[I 2025-04-14 18:10:26,247] Trial 14 finished with value: 0.10628819465637207 and parameters: {'n_lstm_layers': 2, 'lstm_units': 66, 'n_dense_layers': 0, 'lstm_dropout_0': 0.27991514400909934, 'lstm_dropout_1': 0.2517746080611267, 'learning_rate': 0.0040104617275117755}. Best is trial 5 with value: 0.1015990599989891.
[I 2025-04-14 18:10:33,779] Trial 15 finished with value: 0.1107071191072464 and parameters: {'n_lstm_layers': 2, 'lstm_units': 105, 'n_dense_layers': 1, 'lstm_dropout_0': 0.42510232188540875, 'lstm_dropout_1': 0.11404813686071502, 'dense_units_0': 42, 'dense_dropout_0': 0.28861662440861824, 'learning_rate': 0.0023337213841472357}. Best is trial 5 with value: 0.1015990599989891.
[I 2025-04-14 18:10:40,088] Trial 16 finished with value: 0.15952208638191223 and parameters: {'n_lstm_layers': 2, 'lstm_units': 78, 'n_dense_layers': 0, 'lstm_dropout_0': 0.3497059908140048, 'lstm_dropout_1': 0.40051063436347645, 'learning_rate': 0.006917059334057334}. Best is trial 5 with value: 0.1015990599989891.
[I 2025-04-14 18:10:47,725] Trial 17 finished with value: 0.11372267454862595 and parameters: {'n_lstm_layers': 2, 'lstm_units': 111, 'n_dense_layers': 2, 'lstm_dropout_0': 0.24454773735456836, 'lstm_dropout_1': 0.3900028565362797, 'dense_units_0': 37, 'dense_dropout_0': 0.2951940898293457, 'dense_units_1': 16, 'dense_dropout_1': 0.10131694056015858, 'learning_rate': 0.005141581144483929}. Best is trial 5 with value: 0.1015990599989891.
[I 2025-04-14 18:10:54,482] Trial 18 finished with value: 0.1752745509147644 and parameters: {'n_lstm_layers': 2, 'lstm_units': 57, 'n_dense_layers': 1, 'lstm_dropout_0': 0.4609106990438617, 'lstm_dropout_1': 0.2560610533707969, 'dense_units_0': 21, 'dense_dropout_0': 0.49727718732893506, 'learning_rate': 0.0022284307595166813}. Best is trial 5 with value: 0.1015990599989891.
[I 2025-04-14 18:11:01,986] Trial 19 finished with value: 0.11751087754964828 and parameters: {'n_lstm_layers': 2, 'lstm_units': 90, 'n_dense_layers': 0, 'lstm_dropout_0': 0.49586241050388186, 'lstm_dropout_1': 0.39690206821810586, 'learning_rate': 0.0007129189858497897}. Best is trial 5 with value: 0.1015990599989891.
[I 2025-04-14 18:11:09,027] Trial 20 finished with value: 0.11405812203884125 and parameters: {'n_lstm_layers': 2, 'lstm_units': 74, 'n_dense_layers': 1, 'lstm_dropout_0': 0.3668569884853882, 'lstm_dropout_1': 0.12199606796599335, 'dense_units_0': 44, 'dense_dropout_0': 0.21318810133027194, 'learning_rate': 0.0021690553941128093}. Best is trial 5 with value: 0.1015990599989891.
[I 2025-04-14 18:11:16,310] Trial 21 finished with value: 0.10770632326602936 and parameters: {'n_lstm_layers': 2, 'lstm_units': 55, 'n_dense_layers': 0, 'lstm_dropout_0': 0.2736070167086259, 'lstm_dropout_1': 0.24138260845643825, 'learning_rate': 0.005008015432713736}. Best is trial 5 with value: 0.1015990599989891.
[I 2025-04-14 18:11:23,666] Trial 22 finished with value: 0.0951991081237793 and parameters: {'n_lstm_layers': 2, 'lstm_units': 113, 'n_dense_layers': 0, 'lstm_dropout_0': 0.24453837958067076, 'lstm_dropout_1': 0.2660251228172408, 'learning_rate': 0.005286364249348776}. Best is trial 22 with value: 0.0951991081237793.
[I 2025-04-14 18:11:31,136] Trial 23 finished with value: 0.08877730369567871 and parameters: {'n_lstm_layers': 2, 'lstm_units': 118, 'n_dense_layers': 0, 'lstm_dropout_0': 0.23404914145337877, 'lstm_dropout_1': 0.19981906966616403, 'learning_rate': 0.006267757934529045}. Best is trial 23 with value: 0.08877730369567871.
[I 2025-04-14 18:11:38,101] Trial 24 finished with value: 0.10097891092300415 and parameters: {'n_lstm_layers': 2, 'lstm_units': 113, 'n_dense_layers': 0, 'lstm_dropout_0': 0.2289563664020055, 'lstm_dropout_1': 0.1801104660131314, 'learning_rate': 0.0056137962115745295}. Best is trial 23 with value: 0.08877730369567871.
[I 2025-04-14 18:11:39,433] A new study created in memory with name: tune-6-LSTM_Change_in_Load-24hr
[I 2025-04-14 18:11:47,217] Trial 0 finished with value: 0.20764800906181335 and parameters: {'n_lstm_layers': 2, 'lstm_units': 45, 'n_dense_layers': 2, 'lstm_dropout_0': 0.3395131860898207, 'lstm_dropout_1': 0.15304736448160305, 'dense_units_0': 42, 'dense_dropout_0': 0.4005572449472782, 'dense_units_1': 44, 'dense_dropout_1': 0.4337019069070803, 'learning_rate': 0.0001067575715840105}. Best is trial 0 with value: 0.20764800906181335.
[I 2025-04-14 18:11:50,918] Trial 1 finished with value: 0.10777954012155533 and parameters: {'n_lstm_layers': 1, 'lstm_units': 59, 'n_dense_layers': 1, 'lstm_dropout_0': 0.3991982412609115, 'dense_units_0': 25, 'dense_dropout_0': 0.28295116723417446, 'learning_rate': 0.0061533039563138655}. Best is trial 1 with value: 0.10777954012155533.
[I 2025-04-14 18:11:55,370] Trial 2 finished with value: 0.10423583537340164 and parameters: {'n_lstm_layers': 1, 'lstm_units': 53, 'n_dense_layers': 0, 'lstm_dropout_0': 0.22818178628370164, 'learning_rate': 0.005720679797679945}. Best is trial 2 with value: 0.10423583537340164.
[I 2025-04-14 18:11:59,820] Trial 3 finished with value: 0.11198043078184128 and parameters: {'n_lstm_layers': 1, 'lstm_units': 56, 'n_dense_layers': 1, 'lstm_dropout_0': 0.13691975759340358, 'dense_units_0': 28, 'dense_dropout_0': 0.42565101069127, 'learning_rate': 0.0012312326222018515}. Best is trial 2 with value: 0.10423583537340164.
[I 2025-04-14 18:12:07,120] Trial 4 finished with value: 0.10057272017002106 and parameters: {'n_lstm_layers': 2, 'lstm_units': 116, 'n_dense_layers': 0, 'lstm_dropout_0': 0.49562958928984724, 'lstm_dropout_1': 0.14974988853790872, 'learning_rate': 0.000537599716249571}. Best is trial 4 with value: 0.10057272017002106.
[I 2025-04-14 18:12:11,242] Trial 5 finished with value: 0.10708869248628616 and parameters: {'n_lstm_layers': 1, 'lstm_units': 58, 'n_dense_layers': 0, 'lstm_dropout_0': 0.41493321439753783, 'learning_rate': 0.0015238194872878952}. Best is trial 4 with value: 0.10057272017002106.
[I 2025-04-14 18:12:16,090] Trial 6 finished with value: 0.12079279124736786 and parameters: {'n_lstm_layers': 1, 'lstm_units': 97, 'n_dense_layers': 1, 'lstm_dropout_0': 0.3435539730317654, 'dense_units_0': 62, 'dense_dropout_0': 0.344944624249388, 'learning_rate': 0.0004274973492408192}. Best is trial 4 with value: 0.10057272017002106.
[I 2025-04-14 18:12:23,371] Trial 7 finished with value: 0.11316223442554474 and parameters: {'n_lstm_layers': 2, 'lstm_units': 74, 'n_dense_layers': 0, 'lstm_dropout_0': 0.30970956782737585, 'lstm_dropout_1': 0.1927801015782812, 'learning_rate': 0.0002664883311427592}. Best is trial 4 with value: 0.10057272017002106.
[I 2025-04-14 18:12:27,861] Trial 8 finished with value: 0.16430149972438812 and parameters: {'n_lstm_layers': 1, 'lstm_units': 94, 'n_dense_layers': 1, 'lstm_dropout_0': 0.47113042076940503, 'dense_units_0': 51, 'dense_dropout_0': 0.4172916545543772, 'learning_rate': 0.00018695945053059926}. Best is trial 4 with value: 0.10057272017002106.
[I 2025-04-14 18:12:34,977] Trial 9 finished with value: 0.11818588525056839 and parameters: {'n_lstm_layers': 2, 'lstm_units': 39, 'n_dense_layers': 1, 'lstm_dropout_0': 0.2585965302830862, 'lstm_dropout_1': 0.33724770379420344, 'dense_units_0': 25, 'dense_dropout_0': 0.2849270017302008, 'learning_rate': 0.0008734179069135108}. Best is trial 4 with value: 0.10057272017002106.
[I 2025-04-14 18:12:42,522] Trial 10 finished with value: 0.10303056985139847 and parameters: {'n_lstm_layers': 2, 'lstm_units': 128, 'n_dense_layers': 2, 'lstm_dropout_0': 0.4765066093874943, 'lstm_dropout_1': 0.48351515303768794, 'dense_units_0': 17, 'dense_dropout_0': 0.10793394473131002, 'dense_units_1': 19, 'dense_dropout_1': 0.11247468665026378, 'learning_rate': 0.0033272215509209035}. Best is trial 4 with value: 0.10057272017002106.
[I 2025-04-14 18:12:50,174] Trial 11 finished with value: 0.10487771034240723 and parameters: {'n_lstm_layers': 2, 'lstm_units': 118, 'n_dense_layers': 2, 'lstm_dropout_0': 0.49319366488985966, 'lstm_dropout_1': 0.4696748729527754, 'dense_units_0': 16, 'dense_dropout_0': 0.10124219532760409, 'dense_units_1': 16, 'dense_dropout_1': 0.11397491958221434, 'learning_rate': 0.0027336991877197794}. Best is trial 4 with value: 0.10057272017002106.
[I 2025-04-14 18:12:57,713] Trial 12 finished with value: 0.12554454803466797 and parameters: {'n_lstm_layers': 2, 'lstm_units': 126, 'n_dense_layers': 2, 'lstm_dropout_0': 0.4258229032353207, 'lstm_dropout_1': 0.49214898418153247, 'dense_units_0': 17, 'dense_dropout_0': 0.12116246418687673, 'dense_units_1': 19, 'dense_dropout_1': 0.10134848420696496, 'learning_rate': 0.0005746965058444918}. Best is trial 4 with value: 0.10057272017002106.
[I 2025-04-14 18:13:04,887] Trial 13 finished with value: 0.10211926698684692 and parameters: {'n_lstm_layers': 2, 'lstm_units': 86, 'n_dense_layers': 0, 'lstm_dropout_0': 0.48147036066212323, 'lstm_dropout_1': 0.3155794783480735, 'learning_rate': 0.002776705815115965}. Best is trial 4 with value: 0.10057272017002106.
