[I 2025-04-14 17:50:02,159] Trial 15 finished with value: 0.0934901311993599 and parameters: {'n_lstm_layers': 2, 'lstm_units': 42, 'n_dense_layers': 1, 'lstm_dropout_0': 0.2784203243617744, 'lstm_dropout_1': 0.12526834101309087, 'dense_units_0': 18, 'dense_dropout_0': 0.1402205801870126, 'learning_rate': 0.005587383159934564}. Best is trial 3 with value: 0.09098302572965622.
Trial 14: Validation Score (mae, scaled) = 0.106141

--- Optuna Trial 15 for LightGBM_Baseline ---
Trial 15: Training model...
Trial 15: Evaluating model...
Trial 15: Validation Score (mae, scaled) = 0.093737

--- Optuna Trial 16 for LightGBM_Baseline ---
Trial 16: Training model...
Trial 16: Evaluating model...
Trial 16: Validation Score (mae, scaled) = 0.093609

--- Optuna Trial 17 for LightGBM_Baseline ---
Trial 17: Training model...
Trial 17: Evaluating model...
Trial 17: Validation Score (mae, scaled) = 0.096991

--- Optuna Trial 18 for LightGBM_Baseline ---
Trial 18: Training model...
Trial 18: Evaluating model...
Trial 18: Validation Score (mae, scaled) = 0.094129

--- Optuna Trial 19 for LightGBM_Baseline ---
Trial 19: Training model...
Trial 19: Evaluating model...
Trial 19: Validation Score (mae, scaled) = 0.121222

--- Optuna Trial 20 for LightGBM_Baseline ---
Trial 20: Training model...
Trial 20: Evaluating model...
Trial 20: Validation Score (mae, scaled) = 0.107791

--- Optuna Trial 21 for LightGBM_Baseline ---
Trial 21: Training model...
Trial 21: Evaluating model...
Trial 21: Validation Score (mae, scaled) = 0.093857

--- Optuna Trial 22 for LightGBM_Baseline ---
Trial 22: Training model...
Trial 22: Evaluating model...
Trial 22: Validation Score (mae, scaled) = 0.094118

--- Optuna Trial 23 for LightGBM_Baseline ---
Trial 23: Training model...
Trial 23: Evaluating model...
Trial 23: Validation Score (mae, scaled) = 0.114368

--- Optuna Trial 24 for LightGBM_Baseline ---
Trial 24: Training model...
Trial 24: Evaluating model...
Trial 24: Validation Score (mae, scaled) = 0.094155

--- Best Results for Feeder=2, Arch=LightGBM_Baseline, Scenario=24hr ---
Best Validation Score (mae, scaled): 0.091713
Best Hyperparameters:
  n_estimators: 73
  learning_rate: 0.16494242595095507
  num_leaves: 49
  max_depth: 3
  min_child_samples: 14
  subsample: 0.5988240151343207
  colsample_bytree: 0.8013284743960083
  reg_alpha: 2.0251231679776354e-08
  reg_lambda: 0.0009687043359664956

--- Tuning: Arch=LightGBM_Baseline, Scenario=Day ---
Loading existing model artifact to get scalers/columns...
Selecting model for Feeder 2, Arch: LightGBM_Baseline, Scenario: Day, Version: None
Error: No matching model found for criteria: Feeder=2, Arch=LightGBM_Baseline, Scenario=Day, Version=None
Warning: No existing model found for Feeder=2, Arch=LightGBM_Baseline, Scenario=Day. Cannot get scalers. Skipping.

--- Tuning: Arch=LightGBM_Baseline, Scenario=Night ---
Loading existing model artifact to get scalers/columns...
Selecting model for Feeder 2, Arch: LightGBM_Baseline, Scenario: Night, Version: None
Error: No matching model found for criteria: Feeder=2, Arch=LightGBM_Baseline, Scenario=Night, Version=None
Warning: No existing model found for Feeder=2, Arch=LightGBM_Baseline, Scenario=Night. Cannot get scalers. Skipping.

--- Tuning: Arch=ANN_Baseload, Scenario=24hr ---
Loading existing model artifact to get scalers/columns...
Selecting model for Feeder 2, Arch: ANN_Baseload, Scenario: 24hr, Version: None
Error: No matching model found for criteria: Feeder=2, Arch=ANN_Baseload, Scenario=24hr, Version=None
Warning: No existing model found for Feeder=2, Arch=ANN_Baseload, Scenario=24hr. Cannot get scalers. Skipping.

--- Tuning: Arch=ANN_Baseload, Scenario=Day ---
Loading existing model artifact to get scalers/columns...
Selecting model for Feeder 2, Arch: ANN_Baseload, Scenario: Day, Version: None
Error: No matching model found for criteria: Feeder=2, Arch=ANN_Baseload, Scenario=Day, Version=None
Warning: No existing model found for Feeder=2, Arch=ANN_Baseload, Scenario=Day. Cannot get scalers. Skipping.

--- Tuning: Arch=ANN_Baseload, Scenario=Night ---
Loading existing model artifact to get scalers/columns...
Selecting model for Feeder 2, Arch: ANN_Baseload, Scenario: Night, Version: None
Error: No matching model found for criteria: Feeder=2, Arch=ANN_Baseload, Scenario=Night, Version=None
Warning: No existing model found for Feeder=2, Arch=ANN_Baseload, Scenario=Night. Cannot get scalers. Skipping.

--- Tuning: Arch=ANN_Change_in_Load, Scenario=24hr ---
Loading existing model artifact to get scalers/columns...
Selecting model for Feeder 2, Arch: ANN_Change_in_Load, Scenario: 24hr, Version: None
Error: No matching model found for criteria: Feeder=2, Arch=ANN_Change_in_Load, Scenario=24hr, Version=None
Warning: No existing model found for Feeder=2, Arch=ANN_Change_in_Load, Scenario=24hr. Cannot get scalers. Skipping.

--- Tuning: Arch=ANN_Change_in_Load, Scenario=Day ---
Loading existing model artifact to get scalers/columns...
Selecting model for Feeder 2, Arch: ANN_Change_in_Load, Scenario: Day, Version: None
Error: No matching model found for criteria: Feeder=2, Arch=ANN_Change_in_Load, Scenario=Day, Version=None
Warning: No existing model found for Feeder=2, Arch=ANN_Change_in_Load, Scenario=Day. Cannot get scalers. Skipping.

--- Tuning: Arch=ANN_Change_in_Load, Scenario=Night ---
Loading existing model artifact to get scalers/columns...
Selecting model for Feeder 2, Arch: ANN_Change_in_Load, Scenario: Night, Version: None
Error: No matching model found for criteria: Feeder=2, Arch=ANN_Change_in_Load, Scenario=Night, Version=None
Warning: No existing model found for Feeder=2, Arch=ANN_Change_in_Load, Scenario=Night. Cannot get scalers. Skipping.

--- Tuning: Arch=LSTM_Baseload, Scenario=24hr ---
Loading existing model artifact to get scalers/columns...
Selecting model for Feeder 2, Arch: LSTM_Baseload, Scenario: 24hr, Version: None
Selected Model ID: 145, Version: v1.1_Final_Forecasting_20250414170340, Path Info: {"keras_model": "models/feeder_2/LSTM_Baseload_24hr_v1.1_Final_Forecasting_20250414170340.keras", "scalers_pkl": "models/feeder_2/LSTM_Baseload_24hr_v1.1_Final_Forecasting_20250414170340_scalers.pkl"}
Loading artifact(s) based on path info: {'keras_model': 'models/feeder_2/LSTM_Baseload_24hr_v1.1_Final_Forecasting_20250414170340.keras', 'scalers_pkl': 'models/feeder_2/LSTM_Baseload_24hr_v1.1_Final_Forecasting_20250414170340_scalers.pkl'}
Detected separate Keras model (models/feeder_2/LSTM_Baseload_24hr_v1.1_Final_Forecasting_20250414170340.keras) and scalers (models/feeder_2/LSTM_Baseload_24hr_v1.1_Final_Forecasting_20250414170340_scalers.pkl).
Downloading Keras model to: H:\My Drive\Barbados_Forecasting_Tool_Final\tmp\LSTM_Baseload_24hr_v1.1_Final_Forecasting_20250414170340.keras
Keras model downloaded. Loading...
Keras model loaded.
Downloading scalers pickle to: H:\My Drive\Barbados_Forecasting_Tool_Final\tmp\LSTM_Baseload_24hr_v1.1_Final_Forecasting_20250414170340_scalers.pkl
Scalers pickle downloaded. Loading...
Scalers pickle loaded.
Cleaned up temporary file: H:\My Drive\Barbados_Forecasting_Tool_Final\tmp\LSTM_Baseload_24hr_v1.1_Final_Forecasting_20250414170340.keras
Cleaned up temporary file: H:\My Drive\Barbados_Forecasting_Tool_Final\tmp\LSTM_Baseload_24hr_v1.1_Final_Forecasting_20250414170340_scalers.pkl
Preparing training and validation data using loaded scalers...
Starting feature engineering for scenario: 24hr...
Pivoting data into daily vectors...
Reshaped data: X shape (152, 177), y shape (152, 24)
Transforming data using provided scalers (X and y)...
Data transformed.
Starting feature engineering for scenario: 24hr...
Pivoting data into daily vectors...
Reshaped data: X shape (30, 177), y shape (30, 24)
Transforming data using provided scalers (X and y)...
Data transformed.
Starting Optuna optimization (25 trials)...

--- Optuna Trial 0 for LSTM_Baseload ---
Trial 0: Training model...
Trial 0: Validation Score (mae, scaled) = 0.143931

--- Optuna Trial 1 for LSTM_Baseload ---
Trial 1: Training model...
Trial 1: Validation Score (mae, scaled) = 0.223858

--- Optuna Trial 2 for LSTM_Baseload ---
Trial 2: Training model...
Trial 2: Validation Score (mae, scaled) = 0.137871

--- Optuna Trial 3 for LSTM_Baseload ---
Trial 3: Training model...
Trial 3: Validation Score (mae, scaled) = 0.121552

--- Optuna Trial 4 for LSTM_Baseload ---
Trial 4: Training model...
[I 2025-04-14 17:50:09,767] Trial 16 finished with value: 0.11145603656768799 and parameters: {'n_lstm_layers': 2, 'lstm_units': 62, 'n_dense_layers': 1, 'lstm_dropout_0': 0.14780071984005455, 'lstm_dropout_1': 0.4410416577398951, 'dense_units_0': 17, 'dense_dropout_0': 0.41805417568854464, 'learning_rate': 0.0017193607366546224}. Best is trial 3 with value: 0.09098302572965622.
[I 2025-04-14 17:50:14,677] Trial 17 finished with value: 0.09369222819805145 and parameters: {'n_lstm_layers': 1, 'lstm_units': 61, 'n_dense_layers': 0, 'lstm_dropout_0': 0.40908888389999887, 'learning_rate': 0.0020494787675419566}. Best is trial 3 with value: 0.09098302572965622.
[I 2025-04-14 17:50:22,205] Trial 18 finished with value: 0.08597281575202942 and parameters: {'n_lstm_layers': 2, 'lstm_units': 98, 'n_dense_layers': 1, 'lstm_dropout_0': 0.20042059664590312, 'lstm_dropout_1': 0.26169928068784837, 'dense_units_0': 50, 'dense_dropout_0': 0.12236734149397777, 'learning_rate': 0.005711374221914915}. Best is trial 18 with value: 0.08597281575202942.
[I 2025-04-14 17:50:30,020] Trial 19 finished with value: 0.08479864150285721 and parameters: {'n_lstm_layers': 2, 'lstm_units': 100, 'n_dense_layers': 1, 'lstm_dropout_0': 0.31919056548067415, 'lstm_dropout_1': 0.2566754956483025, 'dense_units_0': 64, 'dense_dropout_0': 0.10831157130924224, 'learning_rate': 0.0054834224985391014}. Best is trial 19 with value: 0.08479864150285721.
[I 2025-04-14 17:50:34,986] Trial 20 finished with value: 0.091105617582798 and parameters: {'n_lstm_layers': 1, 'lstm_units': 103, 'n_dense_layers': 1, 'lstm_dropout_0': 0.3264770875693302, 'dense_units_0': 59, 'dense_dropout_0': 0.14433996980437971, 'learning_rate': 0.004741296464120098}. Best is trial 19 with value: 0.08479864150285721.
[I 2025-04-14 17:50:42,066] Trial 21 finished with value: 0.08880908787250519 and parameters: {'n_lstm_layers': 2, 'lstm_units': 101, 'n_dense_layers': 1, 'lstm_dropout_0': 0.26074203419062303, 'lstm_dropout_1': 0.24405775401873964, 'dense_units_0': 50, 'dense_dropout_0': 0.1109970656226386, 'learning_rate': 0.00623487158938037}. Best is trial 19 with value: 0.08479864150285721.
[I 2025-04-14 17:50:49,837] Trial 22 finished with value: 0.09127993881702423 and parameters: {'n_lstm_layers': 2, 'lstm_units': 106, 'n_dense_layers': 1, 'lstm_dropout_0': 0.25622114934382495, 'lstm_dropout_1': 0.24581420693016148, 'dense_units_0': 50, 'dense_dropout_0': 0.10168610380767841, 'learning_rate': 0.0028681304957933777}. Best is trial 19 with value: 0.08479864150285721.
[I 2025-04-14 17:50:56,563] Trial 23 finished with value: 0.09565691649913788 and parameters: {'n_lstm_layers': 2, 'lstm_units': 92, 'n_dense_layers': 1, 'lstm_dropout_0': 0.31997403938427715, 'lstm_dropout_1': 0.24455163142750366, 'dense_units_0': 64, 'dense_dropout_0': 0.10082228507470956, 'learning_rate': 0.0059997682572679265}. Best is trial 19 with value: 0.08479864150285721.
[I 2025-04-14 17:51:04,266] Trial 24 finished with value: 0.09122106432914734 and parameters: {'n_lstm_layers': 2, 'lstm_units': 107, 'n_dense_layers': 1, 'lstm_dropout_0': 0.3569075492661033, 'lstm_dropout_1': 0.19642382982368706, 'dense_units_0': 49, 'dense_dropout_0': 0.16636878220807894, 'learning_rate': 0.002835230387149298}. Best is trial 19 with value: 0.08479864150285721.
[I 2025-04-14 17:51:05,540] A new study created in memory with name: tune-3-LightGBM_Baseline-24hr
[I 2025-04-14 17:51:09,696] Trial 0 finished with value: 0.04965568091106576 and parameters: {'n_estimators': 126, 'learning_rate': 0.02559299480398126, 'num_leaves': 40, 'max_depth': 5, 'min_child_samples': 37, 'subsample': 0.6560469515552267, 'colsample_bytree': 0.7180648439725924, 'reg_alpha': 0.00013630142248478597, 'reg_lambda': 4.674217405878829e-08}. Best is trial 0 with value: 0.04965568091106576.
[I 2025-04-14 17:51:10,491] Trial 1 finished with value: 0.048753479307145214 and parameters: {'n_estimators': 114, 'learning_rate': 0.03244857152521878, 'num_leaves': 57, 'max_depth': 10, 'min_child_samples': 20, 'subsample': 0.7127685235954886, 'colsample_bytree': 0.5597874513052898, 'reg_alpha': 0.0076153203904857905, 'reg_lambda': 4.8167718444907585e-05}. Best is trial 1 with value: 0.048753479307145214.
[I 2025-04-14 17:51:10,851] Trial 2 finished with value: 0.06160499322057362 and parameters: {'n_estimators': 60, 'learning_rate': 0.0027647007326880775, 'num_leaves': 50, 'max_depth': 11, 'min_child_samples': 35, 'subsample': 0.9341561650959479, 'colsample_bytree': 0.7843362379775035, 'reg_alpha': 0.012984778614960247, 'reg_lambda': 0.015284976332301274}. Best is trial 1 with value: 0.048753479307145214.
[I 2025-04-14 17:51:12,299] Trial 3 finished with value: 0.04912331362601898 and parameters: {'n_estimators': 287, 'learning_rate': 0.012024342929984576, 'num_leaves': 32, 'max_depth': 6, 'min_child_samples': 24, 'subsample': 0.8474101343714213, 'colsample_bytree': 0.7470915779604632, 'reg_alpha': 0.000996026350793915, 'reg_lambda': 0.003331681603836727}. Best is trial 1 with value: 0.048753479307145214.
[I 2025-04-14 17:51:12,977] Trial 4 finished with value: 0.04891620083604231 and parameters: {'n_estimators': 163, 'learning_rate': 0.08855736399268384, 'num_leaves': 57, 'max_depth': 7, 'min_child_samples': 40, 'subsample': 0.9753467206577957, 'colsample_bytree': 0.8267336041566742, 'reg_alpha': 0.012374492414753937, 'reg_lambda': 1.058344134042464e-07}. Best is trial 1 with value: 0.048753479307145214.
[I 2025-04-14 17:51:13,724] Trial 5 finished with value: 0.05133966944261873 and parameters: {'n_estimators': 171, 'learning_rate': 0.010542508096010993, 'num_leaves': 27, 'max_depth': 7, 'min_child_samples': 32, 'subsample': 0.6837638700545403, 'colsample_bytree': 0.8385344263836554, 'reg_alpha': 6.436393881657304e-07, 'reg_lambda': 2.0228796934153085e-05}. Best is trial 1 with value: 0.048753479307145214.
[I 2025-04-14 17:51:14,293] Trial 6 finished with value: 0.059589238438298005 and parameters: {'n_estimators': 125, 'learning_rate': 0.002427372141318852, 'num_leaves': 58, 'max_depth': 8, 'min_child_samples': 41, 'subsample': 0.7810734802070759, 'colsample_bytree': 0.6477932601390215, 'reg_alpha': 1.4710678090223653e-06, 'reg_lambda': 1.1706671154491802e-07}. Best is trial 1 with value: 0.048753479307145214.
[I 2025-04-14 17:51:16,189] Trial 7 finished with value: 0.05950597543887359 and parameters: {'n_estimators': 286, 'learning_rate': 0.0010127833489290117, 'num_leaves': 12, 'max_depth': 9, 'min_child_samples': 17, 'subsample': 0.6776166520922056, 'colsample_bytree': 0.5194944077626461, 'reg_alpha': 0.001219104942728549, 'reg_lambda': 2.6112702838445182e-05}. Best is trial 1 with value: 0.048753479307145214.
[I 2025-04-14 17:51:17,524] Trial 8 finished with value: 0.05620969934114184 and parameters: {'n_estimators': 241, 'learning_rate': 0.0024579229042198314, 'num_leaves': 30, 'max_depth': 9, 'min_child_samples': 21, 'subsample': 0.9973664532286105, 'colsample_bytree': 0.7718205086962501, 'reg_alpha': 0.007671309823032007, 'reg_lambda': 0.000496401499369658}. Best is trial 1 with value: 0.048753479307145214.
[I 2025-04-14 17:51:18,215] Trial 9 finished with value: 0.06112895549319328 and parameters: {'n_estimators': 156, 'learning_rate': 0.001209134883616583, 'num_leaves': 52, 'max_depth': 9, 'min_child_samples': 40, 'subsample': 0.9294101292682616, 'colsample_bytree': 0.8151960241472145, 'reg_alpha': 0.21756098338378863, 'reg_lambda': 1.0289859641346133e-05}. Best is trial 1 with value: 0.048753479307145214.
[I 2025-04-14 17:51:18,844] Trial 10 finished with value: 0.04794830380050464 and parameters: {'n_estimators': 60, 'learning_rate': 0.21536600748058388, 'num_leaves': 44, 'max_depth': 3, 'min_child_samples': 6, 'subsample': 0.5149124220004353, 'colsample_bytree': 0.9769862349681175, 'reg_alpha': 1.608709878285765e-08, 'reg_lambda': 0.207055538327243}. Best is trial 10 with value: 0.04794830380050464.
[I 2025-04-14 17:51:19,487] Trial 11 finished with value: 0.04779301877523554 and parameters: {'n_estimators': 56, 'learning_rate': 0.2529123409929625, 'num_leaves': 43, 'max_depth': 3, 'min_child_samples': 5, 'subsample': 0.5216162127787921, 'colsample_bytree': 0.9733744070601357, 'reg_alpha': 4.404260154360035e-08, 'reg_lambda': 0.293391060646091}. Best is trial 11 with value: 0.04779301877523554.
[I 2025-04-14 17:51:20,086] Trial 12 finished with value: 0.047900923883371214 and parameters: {'n_estimators': 58, 'learning_rate': 0.2712392842226386, 'num_leaves': 42, 'max_depth': 3, 'min_child_samples': 6, 'subsample': 0.5020113051396848, 'colsample_bytree': 0.986588207724165, 'reg_alpha': 2.8162998205761242e-08, 'reg_lambda': 0.7908028878375639}. Best is trial 11 with value: 0.04779301877523554.
[I 2025-04-14 17:51:20,794] Trial 13 finished with value: 0.04971368892259979 and parameters: {'n_estimators': 83, 'learning_rate': 0.2866777319573619, 'num_leaves': 40, 'max_depth': 3, 'min_child_samples': 6, 'subsample': 0.5097834301943922, 'colsample_bytree': 0.9814845403620069, 'reg_alpha': 1.3053941893668475e-08, 'reg_lambda': 0.8490088310415558}. Best is trial 11 with value: 0.04779301877523554.
[I 2025-04-14 17:51:22,404] Trial 14 finished with value: 0.04770320990498255 and parameters: {'n_estimators': 226, 'learning_rate': 0.09366857168798846, 'num_leaves': 22, 'max_depth': 4, 'min_child_samples': 14, 'subsample': 0.5830621047879283, 'colsample_bytree': 0.9101315943483237, 'reg_alpha': 1.1797219423663298e-06, 'reg_lambda': 0.048441450491068364}. Best is trial 14 with value: 0.04770320990498255.
[I 2025-04-14 17:51:24,377] Trial 15 finished with value: 0.047145095795558374 and parameters: {'n_estimators': 223, 'learning_rate': 0.06856482671559008, 'num_leaves': 21, 'max_depth': 5, 'min_child_samples': 13, 'subsample': 0.5829821236998173, 'colsample_bytree': 0.9072033258167731, 'reg_alpha': 1.4896384584284221e-06, 'reg_lambda': 0.024113614875541957}. Best is trial 15 with value: 0.047145095795558374.
[I 2025-04-14 17:51:26,124] Trial 16 finished with value: 0.04774146034295252 and parameters: {'n_estimators': 223, 'learning_rate': 0.07107531695180656, 'num_leaves': 19, 'max_depth': 5, 'min_child_samples': 14, 'subsample': 0.5966104481807946, 'colsample_bytree': 0.8995275849044362, 'reg_alpha': 7.496857587751424e-06, 'reg_lambda': 0.013293985720797343}. Best is trial 15 with value: 0.047145095795558374.
[I 2025-04-14 17:51:26,976] Trial 17 finished with value: 0.05067084077675923 and parameters: {'n_estimators': 224, 'learning_rate': 0.0793522625814878, 'num_leaves': 22, 'max_depth': 5, 'min_child_samples': 49, 'subsample': 0.5977908051928346, 'colsample_bytree': 0.8987528478202531, 'reg_alpha': 5.421161926428712e-07, 'reg_lambda': 0.03416981021157951}. Best is trial 15 with value: 0.047145095795558374.
[I 2025-04-14 17:51:28,995] Trial 18 finished with value: 0.04740086109819314 and parameters: {'n_estimators': 252, 'learning_rate': 0.043919086500439124, 'num_leaves': 12, 'max_depth': 4, 'min_child_samples': 13, 'subsample': 0.6054910444375006, 'colsample_bytree': 0.9002461347643711, 'reg_alpha': 1.4949891744545218e-05, 'reg_lambda': 0.0017131354562762813}. Best is trial 15 with value: 0.047145095795558374.
[I 2025-04-14 17:51:31,418] Trial 19 finished with value: 0.047236555607043484 and parameters: {'n_estimators': 256, 'learning_rate': 0.039879959330519285, 'num_leaves': 13, 'max_depth': 6, 'min_child_samples': 11, 'subsample': 0.7549302357383822, 'colsample_bytree': 0.6679510866141299, 'reg_alpha': 1.8647371986488487e-05, 'reg_lambda': 0.0005940485788836323}. Best is trial 15 with value: 0.047145095795558374.
[I 2025-04-14 17:51:32,396] Trial 20 finished with value: 0.05174215690379208 and parameters: {'n_estimators': 198, 'learning_rate': 0.007511575353343239, 'num_leaves': 17, 'max_depth': 6, 'min_child_samples': 29, 'subsample': 0.7853304628088088, 'colsample_bytree': 0.6660801750471509, 'reg_alpha': 8.275878916802446e-05, 'reg_lambda': 0.0002251572009802294}. Best is trial 15 with value: 0.047145095795558374.
[I 2025-04-14 17:51:34,663] Trial 21 finished with value: 0.04736034703141756 and parameters: {'n_estimators': 258, 'learning_rate': 0.04155349204222502, 'num_leaves': 10, 'max_depth': 6, 'min_child_samples': 11, 'subsample': 0.7441044089362382, 'colsample_bytree': 0.6252545753562541, 'reg_alpha': 2.1946839615634688e-05, 'reg_lambda': 0.00308642291482003}. Best is trial 15 with value: 0.047145095795558374.
[I 2025-04-14 17:51:37,102] Trial 22 finished with value: 0.04734516133126396 and parameters: {'n_estimators': 267, 'learning_rate': 0.04883210927656652, 'num_leaves': 10, 'max_depth': 6, 'min_child_samples': 9, 'subsample': 0.8310532019243833, 'colsample_bytree': 0.6039332603759655, 'reg_alpha': 1.9304480509666114e-05, 'reg_lambda': 2.2180698291851903e-06}. Best is trial 15 with value: 0.047145095795558374.
[I 2025-04-14 17:51:39,584] Trial 23 finished with value: 0.04749487556418088 and parameters: {'n_estimators': 268, 'learning_rate': 0.018884806261042515, 'num_leaves': 16, 'max_depth': 7, 'min_child_samples': 11, 'subsample': 0.8481937176789819, 'colsample_bytree': 0.586335651375878, 'reg_alpha': 5.5303054257942364e-06, 'reg_lambda': 2.7588973199861413e-06}. Best is trial 15 with value: 0.047145095795558374.
