[I 2025-04-14 18:03:02,649] Trial 24 finished with value: 0.12239177253179516 and parameters: {'n_estimators': 195, 'learning_rate': 0.024262591274705585, 'num_leaves': 59, 'max_depth': 11, 'min_child_samples': 39, 'subsample': 0.9222669414462193, 'colsample_bytree': 0.858861696233264, 'reg_alpha': 0.8457592648364314, 'reg_lambda': 0.10377546333429624}. Best is trial 23 with value: 0.12152016150106992.
Selected Model ID: 154, Version: v1.1_Final_Forecasting_20250414170444, Path Info: {"keras_model": "models/feeder_4/LSTM_Change_in_Load_24hr_v1.1_Final_Forecasting_20250414170444.keras", "scalers_pkl": "models/feeder_4/LSTM_Change_in_Load_24hr_v1.1_Final_Forecasting_20250414170444_scalers.pkl"}
Loading artifact(s) based on path info: {'keras_model': 'models/feeder_4/LSTM_Change_in_Load_24hr_v1.1_Final_Forecasting_20250414170444.keras', 'scalers_pkl': 'models/feeder_4/LSTM_Change_in_Load_24hr_v1.1_Final_Forecasting_20250414170444_scalers.pkl'}
Detected separate Keras model (models/feeder_4/LSTM_Change_in_Load_24hr_v1.1_Final_Forecasting_20250414170444.keras) and scalers (models/feeder_4/LSTM_Change_in_Load_24hr_v1.1_Final_Forecasting_20250414170444_scalers.pkl).
Downloading Keras model to: H:\My Drive\Barbados_Forecasting_Tool_Final\tmp\LSTM_Change_in_Load_24hr_v1.1_Final_Forecasting_20250414170444.keras
Keras model downloaded. Loading...
Keras model loaded.
Downloading scalers pickle to: H:\My Drive\Barbados_Forecasting_Tool_Final\tmp\LSTM_Change_in_Load_24hr_v1.1_Final_Forecasting_20250414170444_scalers.pkl
Scalers pickle downloaded. Loading...
Scalers pickle loaded.
Cleaned up temporary file: H:\My Drive\Barbados_Forecasting_Tool_Final\tmp\LSTM_Change_in_Load_24hr_v1.1_Final_Forecasting_20250414170444.keras
Cleaned up temporary file: H:\My Drive\Barbados_Forecasting_Tool_Final\tmp\LSTM_Change_in_Load_24hr_v1.1_Final_Forecasting_20250414170444_scalers.pkl
Preparing training and validation data using loaded scalers...
Starting feature engineering for scenario: 24hr...
Pivoting data into daily vectors...
Reshaped data: X shape (152, 177), y shape (152, 24)
Transforming data using provided scalers (X and y)...
Data transformed.
Starting feature engineering for scenario: 24hr...
Pivoting data into daily vectors...
Reshaped data: X shape (29, 177), y shape (29, 24)
Transforming data using provided scalers (X and y)...
Data transformed.
Starting Optuna optimization (25 trials)...

--- Optuna Trial 0 for LSTM_Change_in_Load ---
Trial 0: Training model...
Trial 0: Validation Score (mae, scaled) = 0.188834

--- Optuna Trial 1 for LSTM_Change_in_Load ---
Trial 1: Training model...
Trial 1: Validation Score (mae, scaled) = 0.324947

--- Optuna Trial 2 for LSTM_Change_in_Load ---
Trial 2: Training model...
Trial 2: Validation Score (mae, scaled) = 0.142543

--- Optuna Trial 3 for LSTM_Change_in_Load ---
Trial 3: Training model...
Trial 3: Validation Score (mae, scaled) = 0.125587

--- Optuna Trial 4 for LSTM_Change_in_Load ---
Trial 4: Training model...
Trial 4: Validation Score (mae, scaled) = 0.364187

--- Optuna Trial 5 for LSTM_Change_in_Load ---
Trial 5: Training model...
Trial 5: Validation Score (mae, scaled) = 0.172659

--- Optuna Trial 6 for LSTM_Change_in_Load ---
Trial 6: Training model...
Trial 6: Validation Score (mae, scaled) = 0.135970

--- Optuna Trial 7 for LSTM_Change_in_Load ---
Trial 7: Training model...
Trial 7: Validation Score (mae, scaled) = 0.208953

--- Optuna Trial 8 for LSTM_Change_in_Load ---
Trial 8: Training model...
Trial 8: Validation Score (mae, scaled) = 0.209130

--- Optuna Trial 9 for LSTM_Change_in_Load ---
Trial 9: Training model...
Trial 9: Validation Score (mae, scaled) = 0.140381

--- Optuna Trial 10 for LSTM_Change_in_Load ---
Trial 10: Training model...
Trial 10: Validation Score (mae, scaled) = 0.127051

--- Optuna Trial 11 for LSTM_Change_in_Load ---
Trial 11: Training model...
Trial 11: Validation Score (mae, scaled) = 0.126718

--- Optuna Trial 12 for LSTM_Change_in_Load ---
Trial 12: Training model...
Trial 12: Validation Score (mae, scaled) = 0.125946

--- Optuna Trial 13 for LSTM_Change_in_Load ---
Trial 13: Training model...
Trial 13: Validation Score (mae, scaled) = 0.123774

--- Optuna Trial 14 for LSTM_Change_in_Load ---
Trial 14: Training model...
Trial 14: Validation Score (mae, scaled) = 0.121488

--- Optuna Trial 15 for LSTM_Change_in_Load ---
Trial 15: Training model...
Trial 15: Validation Score (mae, scaled) = 0.123336

--- Optuna Trial 16 for LSTM_Change_in_Load ---
Trial 16: Training model...
Trial 16: Validation Score (mae, scaled) = 0.122954

--- Optuna Trial 17 for LSTM_Change_in_Load ---
Trial 17: Training model...
Trial 17: Validation Score (mae, scaled) = 0.137763

--- Optuna Trial 18 for LSTM_Change_in_Load ---
Trial 18: Training model...
Trial 18: Validation Score (mae, scaled) = 0.126299

--- Optuna Trial 19 for LSTM_Change_in_Load ---
Trial 19: Training model...
Trial 19: Validation Score (mae, scaled) = 0.122101

--- Optuna Trial 20 for LSTM_Change_in_Load ---
Trial 20: Training model...
Trial 20: Validation Score (mae, scaled) = 0.140711

--- Optuna Trial 21 for LSTM_Change_in_Load ---
Trial 21: Training model...
Trial 21: Validation Score (mae, scaled) = 0.122442

--- Optuna Trial 22 for LSTM_Change_in_Load ---
Trial 22: Training model...
Trial 22: Validation Score (mae, scaled) = 0.124943

--- Optuna Trial 23 for LSTM_Change_in_Load ---
Trial 23: Training model...
Trial 23: Validation Score (mae, scaled) = 0.125775

--- Optuna Trial 24 for LSTM_Change_in_Load ---
Trial 24: Training model...
Trial 24: Validation Score (mae, scaled) = 0.124656

--- Best Results for Feeder=4, Arch=LSTM_Change_in_Load, Scenario=24hr ---
Best Validation Score (mae, scaled): 0.121488
Best Hyperparameters:
  n_lstm_layers: 2
  lstm_units: 83
  n_dense_layers: 0
  lstm_dropout_0: 0.4912371753978999
  lstm_dropout_1: 0.3439956026283413
  learning_rate: 0.008642039575007658

--- Tuning: Arch=LSTM_Change_in_Load, Scenario=Day ---
Loading existing model artifact to get scalers/columns...
Selecting model for Feeder 4, Arch: LSTM_Change_in_Load, Scenario: Day, Version: None
Error: No matching model found for criteria: Feeder=4, Arch=LSTM_Change_in_Load, Scenario=Day, Version=None
Warning: No existing model found for Feeder=4, Arch=LSTM_Change_in_Load, Scenario=Day. Cannot get scalers. Skipping.

--- Tuning: Arch=LSTM_Change_in_Load, Scenario=Night ---
Loading existing model artifact to get scalers/columns...
Selecting model for Feeder 4, Arch: LSTM_Change_in_Load, Scenario: Night, Version: None
Error: No matching model found for criteria: Feeder=4, Arch=LSTM_Change_in_Load, Scenario=Night, Version=None
Warning: No existing model found for Feeder=4, Arch=LSTM_Change_in_Load, Scenario=Night. Cannot get scalers. Skipping.

===== Tuning for Feeder 5 =====

--- Tuning: Arch=LightGBM_Baseline, Scenario=24hr ---
Loading existing model artifact to get scalers/columns...
Selecting model for Feeder 5, Arch: LightGBM_Baseline, Scenario: 24hr, Version: None
Selected Model ID: 156, Version: v1.1_Final_Forecasting_20250414170458, Path Info: models/feeder_5/LightGBM_Baseline_24hr_v1.1_Final_Forecasting_20250414170458.pkl
Loading artifact(s) based on path info: models/feeder_5/LightGBM_Baseline_24hr_v1.1_Final_Forecasting_20250414170458.pkl
Detected single pickle artifact path: models/feeder_5/LightGBM_Baseline_24hr_v1.1_Final_Forecasting_20250414170458.pkl
Downloading single pickle artifact to: H:\My Drive\Barbados_Forecasting_Tool_Final\tmp\LightGBM_Baseline_24hr_v1.1_Final_Forecasting_20250414170458.pkl
Single pickle downloaded. Loading...
Single pickle loaded.
Cleaned up temporary file: H:\My Drive\Barbados_Forecasting_Tool_Final\tmp\LightGBM_Baseline_24hr_v1.1_Final_Forecasting_20250414170458.pkl
Preparing training and validation data using loaded scalers...
Starting feature engineering for scenario: 24hr...
Pivoting data into daily vectors...
Reshaped data: X shape (150, 177), y shape (150, 24)
Transforming data using provided scalers (X and y)...
Data transformed.
Starting feature engineering for scenario: 24hr...
Pivoting data into daily vectors...
Reshaped data: X shape (32, 177), y shape (32, 24)
Transforming data using provided scalers (X and y)...
Data transformed.
Starting Optuna optimization (25 trials)...

--- Optuna Trial 0 for LightGBM_Baseline ---
Trial 0: Training model...
Trial 0: Evaluating model...
[I 2025-04-14 18:03:05,388] A new study created in memory with name: tune-5-LSTM_Baseload-24hr
[I 2025-04-14 18:03:09,563] Trial 0 finished with value: 0.15229664742946625 and parameters: {'n_lstm_layers': 1, 'lstm_units': 66, 'n_dense_layers': 2, 'lstm_dropout_0': 0.19116283973199777, 'dense_units_0': 24, 'dense_dropout_0': 0.4381518195329054, 'dense_units_1': 47, 'dense_dropout_1': 0.349699880824903, 'learning_rate': 0.0033523344586069096}. Best is trial 0 with value: 0.15229664742946625.
[I 2025-04-14 18:03:14,031] Trial 1 finished with value: 0.14656701683998108 and parameters: {'n_lstm_layers': 1, 'lstm_units': 33, 'n_dense_layers': 1, 'lstm_dropout_0': 0.2425406603101825, 'dense_units_0': 32, 'dense_dropout_0': 0.37300737115464655, 'learning_rate': 0.0014392978323062094}. Best is trial 1 with value: 0.14656701683998108.
[I 2025-04-14 18:03:21,288] Trial 2 finished with value: 0.19509369134902954 and parameters: {'n_lstm_layers': 2, 'lstm_units': 45, 'n_dense_layers': 0, 'lstm_dropout_0': 0.3046445579483611, 'lstm_dropout_1': 0.3748748832150012, 'learning_rate': 0.00021943162364527206}. Best is trial 1 with value: 0.14656701683998108.
[I 2025-04-14 18:03:28,748] Trial 3 finished with value: 0.2594614326953888 and parameters: {'n_lstm_layers': 2, 'lstm_units': 65, 'n_dense_layers': 2, 'lstm_dropout_0': 0.3538432067182793, 'lstm_dropout_1': 0.31767876728331773, 'dense_units_0': 49, 'dense_dropout_0': 0.17593972066126798, 'dense_units_1': 19, 'dense_dropout_1': 0.24581523588232895, 'learning_rate': 0.00026232933985324266}. Best is trial 1 with value: 0.14656701683998108.
[I 2025-04-14 18:03:36,211] Trial 4 finished with value: 0.1254481077194214 and parameters: {'n_lstm_layers': 2, 'lstm_units': 108, 'n_dense_layers': 0, 'lstm_dropout_0': 0.1702998075739121, 'lstm_dropout_1': 0.2739042036232272, 'learning_rate': 0.0016927465122475217}. Best is trial 4 with value: 0.1254481077194214.
[I 2025-04-14 18:03:40,476] Trial 5 finished with value: 0.14235323667526245 and parameters: {'n_lstm_layers': 1, 'lstm_units': 104, 'n_dense_layers': 2, 'lstm_dropout_0': 0.30369961639519116, 'dense_units_0': 18, 'dense_dropout_0': 0.4334100473453585, 'dense_units_1': 43, 'dense_dropout_1': 0.10022833187551089, 'learning_rate': 0.0036358885342869358}. Best is trial 4 with value: 0.1254481077194214.
[I 2025-04-14 18:03:48,146] Trial 6 finished with value: 0.16541209816932678 and parameters: {'n_lstm_layers': 2, 'lstm_units': 44, 'n_dense_layers': 2, 'lstm_dropout_0': 0.33876976139048187, 'lstm_dropout_1': 0.4080426373122651, 'dense_units_0': 53, 'dense_dropout_0': 0.36404419580435143, 'dense_units_1': 20, 'dense_dropout_1': 0.2888321533602692, 'learning_rate': 0.0006020388665060687}. Best is trial 4 with value: 0.1254481077194214.
[I 2025-04-14 18:03:55,592] Trial 7 finished with value: 0.29124587774276733 and parameters: {'n_lstm_layers': 2, 'lstm_units': 79, 'n_dense_layers': 2, 'lstm_dropout_0': 0.2592066324133526, 'lstm_dropout_1': 0.3635156360029893, 'dense_units_0': 40, 'dense_dropout_0': 0.18715269026996828, 'dense_units_1': 25, 'dense_dropout_1': 0.2808083268447364, 'learning_rate': 0.00014507542374006375}. Best is trial 4 with value: 0.1254481077194214.
[I 2025-04-14 18:04:02,585] Trial 8 finished with value: 0.139516681432724 and parameters: {'n_lstm_layers': 2, 'lstm_units': 72, 'n_dense_layers': 0, 'lstm_dropout_0': 0.40463934684294534, 'lstm_dropout_1': 0.3703447767600706, 'learning_rate': 0.00887107137299647}. Best is trial 4 with value: 0.1254481077194214.
[I 2025-04-14 18:04:06,927] Trial 9 finished with value: 0.12739625573158264 and parameters: {'n_lstm_layers': 1, 'lstm_units': 87, 'n_dense_layers': 0, 'lstm_dropout_0': 0.2809613309326908, 'learning_rate': 0.0036226312114557772}. Best is trial 4 with value: 0.1254481077194214.
[I 2025-04-14 18:04:14,570] Trial 10 finished with value: 0.1475183665752411 and parameters: {'n_lstm_layers': 2, 'lstm_units': 126, 'n_dense_layers': 1, 'lstm_dropout_0': 0.10075756375643176, 'lstm_dropout_1': 0.13858743860381598, 'dense_units_0': 16, 'dense_dropout_0': 0.2544228926917206, 'learning_rate': 0.0007338913847436274}. Best is trial 4 with value: 0.1254481077194214.
[I 2025-04-14 18:04:18,875] Trial 11 finished with value: 0.13228818774223328 and parameters: {'n_lstm_layers': 1, 'lstm_units': 95, 'n_dense_layers': 0, 'lstm_dropout_0': 0.4886456126370703, 'learning_rate': 0.002054717216080878}. Best is trial 4 with value: 0.1254481077194214.
[I 2025-04-14 18:04:23,355] Trial 12 finished with value: 0.12770409882068634 and parameters: {'n_lstm_layers': 1, 'lstm_units': 94, 'n_dense_layers': 0, 'lstm_dropout_0': 0.14583025596342802, 'learning_rate': 0.009489042728328883}. Best is trial 4 with value: 0.1254481077194214.
[I 2025-04-14 18:04:28,134] Trial 13 finished with value: 0.13508793711662292 and parameters: {'n_lstm_layers': 1, 'lstm_units': 124, 'n_dense_layers': 1, 'lstm_dropout_0': 0.19920752325013885, 'dense_units_0': 27, 'dense_dropout_0': 0.11893827884635394, 'learning_rate': 0.004227438029632248}. Best is trial 4 with value: 0.1254481077194214.
[I 2025-04-14 18:04:35,177] Trial 14 finished with value: 0.13150282204151154 and parameters: {'n_lstm_layers': 2, 'lstm_units': 80, 'n_dense_layers': 0, 'lstm_dropout_0': 0.21759269366584624, 'lstm_dropout_1': 0.19175666759438043, 'learning_rate': 0.0014634948269754882}. Best is trial 4 with value: 0.1254481077194214.
[I 2025-04-14 18:04:39,848] Trial 15 finished with value: 0.13781829178333282 and parameters: {'n_lstm_layers': 1, 'lstm_units': 54, 'n_dense_layers': 0, 'lstm_dropout_0': 0.14010431570037385, 'learning_rate': 0.0005837244876256853}. Best is trial 4 with value: 0.1254481077194214.
[I 2025-04-14 18:04:47,299] Trial 16 finished with value: 0.1268148422241211 and parameters: {'n_lstm_layers': 2, 'lstm_units': 106, 'n_dense_layers': 1, 'lstm_dropout_0': 0.3731700288024761, 'lstm_dropout_1': 0.49710049756036273, 'dense_units_0': 59, 'dense_dropout_0': 0.4992065126632123, 'learning_rate': 0.005261199547001121}. Best is trial 4 with value: 0.1254481077194214.
[I 2025-04-14 18:04:54,012] Trial 17 finished with value: 0.14654478430747986 and parameters: {'n_lstm_layers': 2, 'lstm_units': 112, 'n_dense_layers': 1, 'lstm_dropout_0': 0.40444938805529423, 'lstm_dropout_1': 0.4826041975781888, 'dense_units_0': 40, 'dense_dropout_0': 0.4830487940460782, 'learning_rate': 0.0018916078448542365}. Best is trial 4 with value: 0.1254481077194214.
[I 2025-04-14 18:05:00,692] Trial 18 finished with value: 0.13574771583080292 and parameters: {'n_lstm_layers': 2, 'lstm_units': 108, 'n_dense_layers': 1, 'lstm_dropout_0': 0.4630602904367415, 'lstm_dropout_1': 0.23912448202124512, 'dense_units_0': 63, 'dense_dropout_0': 0.31050077916730773, 'learning_rate': 0.005461780975396882}. Best is trial 4 with value: 0.1254481077194214.
[I 2025-04-14 18:05:08,359] Trial 19 finished with value: 0.1336645632982254 and parameters: {'n_lstm_layers': 2, 'lstm_units': 97, 'n_dense_layers': 1, 'lstm_dropout_0': 0.4045665073574667, 'lstm_dropout_1': 0.27451339163215593, 'dense_units_0': 64, 'dense_dropout_0': 0.2952977719904295, 'learning_rate': 0.000990956520062691}. Best is trial 4 with value: 0.1254481077194214.
[I 2025-04-14 18:05:15,697] Trial 20 finished with value: 0.13300898671150208 and parameters: {'n_lstm_layers': 2, 'lstm_units': 57, 'n_dense_layers': 1, 'lstm_dropout_0': 0.3585119878063313, 'lstm_dropout_1': 0.4956717499742994, 'dense_units_0': 38, 'dense_dropout_0': 0.48973196322244783, 'learning_rate': 0.005999755974921954}. Best is trial 4 with value: 0.1254481077194214.
[I 2025-04-14 18:05:20,446] Trial 21 finished with value: 0.12807801365852356 and parameters: {'n_lstm_layers': 1, 'lstm_units': 85, 'n_dense_layers': 0, 'lstm_dropout_0': 0.2698892190577187, 'learning_rate': 0.0024509902277217604}. Best is trial 4 with value: 0.1254481077194214.
[I 2025-04-14 18:05:27,666] Trial 22 finished with value: 0.12679249048233032 and parameters: {'n_lstm_layers': 2, 'lstm_units': 87, 'n_dense_layers': 0, 'lstm_dropout_0': 0.32182631429647773, 'lstm_dropout_1': 0.23148204733462713, 'learning_rate': 0.0029604162694561427}. Best is trial 4 with value: 0.1254481077194214.
[I 2025-04-14 18:05:34,326] Trial 23 finished with value: 0.13109023869037628 and parameters: {'n_lstm_layers': 2, 'lstm_units': 110, 'n_dense_layers': 0, 'lstm_dropout_0': 0.44129194147592954, 'lstm_dropout_1': 0.227328876902495, 'learning_rate': 0.006099178445793942}. Best is trial 4 with value: 0.1254481077194214.
