[I 2025-04-14 18:45:51,254] Trial 24 finished with value: 0.032705508172512054 and parameters: {'n_lstm_layers': 2, 'lstm_units': 61, 'n_dense_layers': 0, 'lstm_dropout_0': 0.1480122154703271, 'lstm_dropout_1': 0.24594247033383898, 'learning_rate': 0.0024326125463904748}. Best is trial 24 with value: 0.032705508172512054.
  lstm_units: 115
  n_dense_layers: 1
  lstm_dropout_0: 0.2285828274457054
  lstm_dropout_1: 0.16919725134303384
  dense_units_0: 41
  dense_dropout_0: 0.10060917757860122
  learning_rate: 0.0036422237367562294

--- Tuning: Arch=LSTM_Change_in_Load, Scenario=Day ---
Loading existing model artifact to get scalers/columns...
Selecting model for Feeder 11, Arch: LSTM_Change_in_Load, Scenario: Day, Version: None
Error: No matching model found for criteria: Feeder=11, Arch=LSTM_Change_in_Load, Scenario=Day, Version=None
Warning: No existing model found for Feeder=11, Arch=LSTM_Change_in_Load, Scenario=Day. Cannot get scalers. Skipping.

--- Tuning: Arch=LSTM_Change_in_Load, Scenario=Night ---
Loading existing model artifact to get scalers/columns...
Selecting model for Feeder 11, Arch: LSTM_Change_in_Load, Scenario: Night, Version: None
Error: No matching model found for criteria: Feeder=11, Arch=LSTM_Change_in_Load, Scenario=Night, Version=None
Warning: No existing model found for Feeder=11, Arch=LSTM_Change_in_Load, Scenario=Night. Cannot get scalers. Skipping.

===== Tuning for Feeder 12 =====

--- Tuning: Arch=LightGBM_Baseline, Scenario=24hr ---
Loading existing model artifact to get scalers/columns...
Selecting model for Feeder 12, Arch: LightGBM_Baseline, Scenario: 24hr, Version: None
Selected Model ID: 184, Version: v1.1_Final_Forecasting_20250414170745, Path Info: models/feeder_12/LightGBM_Baseline_24hr_v1.1_Final_Forecasting_20250414170745.pkl
Loading artifact(s) based on path info: models/feeder_12/LightGBM_Baseline_24hr_v1.1_Final_Forecasting_20250414170745.pkl
Detected single pickle artifact path: models/feeder_12/LightGBM_Baseline_24hr_v1.1_Final_Forecasting_20250414170745.pkl
Downloading single pickle artifact to: H:\My Drive\Barbados_Forecasting_Tool_Final\tmp\LightGBM_Baseline_24hr_v1.1_Final_Forecasting_20250414170745.pkl
Single pickle downloaded. Loading...
Single pickle loaded.
Cleaned up temporary file: H:\My Drive\Barbados_Forecasting_Tool_Final\tmp\LightGBM_Baseline_24hr_v1.1_Final_Forecasting_20250414170745.pkl
Preparing training and validation data using loaded scalers...
Starting feature engineering for scenario: 24hr...
Pivoting data into daily vectors...
Reshaped data: X shape (150, 177), y shape (150, 24)
Transforming data using provided scalers (X and y)...
Data transformed.
Starting feature engineering for scenario: 24hr...
Pivoting data into daily vectors...
Reshaped data: X shape (32, 177), y shape (32, 24)
Transforming data using provided scalers (X and y)...
Data transformed.
Starting Optuna optimization (25 trials)...

--- Optuna Trial 0 for LightGBM_Baseline ---
Trial 0: Training model...
Trial 0: Evaluating model...
Trial 0: Validation Score (mae, scaled) = 0.030836

--- Optuna Trial 1 for LightGBM_Baseline ---
Trial 1: Training model...
Trial 1: Evaluating model...
Trial 1: Validation Score (mae, scaled) = 0.047093

--- Optuna Trial 2 for LightGBM_Baseline ---
Trial 2: Training model...
Trial 2: Evaluating model...
Trial 2: Validation Score (mae, scaled) = 0.047793

--- Optuna Trial 3 for LightGBM_Baseline ---
Trial 3: Training model...
Trial 3: Evaluating model...
Trial 3: Validation Score (mae, scaled) = 0.061542

--- Optuna Trial 4 for LightGBM_Baseline ---
Trial 4: Training model...
Trial 4: Evaluating model...
Trial 4: Validation Score (mae, scaled) = 0.044020

--- Optuna Trial 5 for LightGBM_Baseline ---
Trial 5: Training model...
Trial 5: Evaluating model...
Trial 5: Validation Score (mae, scaled) = 0.060878

--- Optuna Trial 6 for LightGBM_Baseline ---
Trial 6: Training model...
Trial 6: Evaluating model...
Trial 6: Validation Score (mae, scaled) = 0.028816

--- Optuna Trial 7 for LightGBM_Baseline ---
Trial 7: Training model...
Trial 7: Evaluating model...
Trial 7: Validation Score (mae, scaled) = 0.061597

--- Optuna Trial 8 for LightGBM_Baseline ---
Trial 8: Training model...
Trial 8: Evaluating model...
Trial 8: Validation Score (mae, scaled) = 0.030474

--- Optuna Trial 9 for LightGBM_Baseline ---
Trial 9: Training model...
Trial 9: Evaluating model...
Trial 9: Validation Score (mae, scaled) = 0.029257

--- Optuna Trial 10 for LightGBM_Baseline ---
Trial 10: Training model...
Trial 10: Evaluating model...
Trial 10: Validation Score (mae, scaled) = 0.038809

--- Optuna Trial 11 for LightGBM_Baseline ---
Trial 11: Training model...
Trial 11: Evaluating model...
Trial 11: Validation Score (mae, scaled) = 0.028900

--- Optuna Trial 12 for LightGBM_Baseline ---
Trial 12: Training model...
Trial 12: Evaluating model...
Trial 12: Validation Score (mae, scaled) = 0.029617

--- Optuna Trial 13 for LightGBM_Baseline ---
Trial 13: Training model...
Trial 13: Evaluating model...
Trial 13: Validation Score (mae, scaled) = 0.028441

--- Optuna Trial 14 for LightGBM_Baseline ---
Trial 14: Training model...
Trial 14: Evaluating model...
Trial 14: Validation Score (mae, scaled) = 0.027884

--- Optuna Trial 15 for LightGBM_Baseline ---
Trial 15: Training model...
Trial 15: Evaluating model...
Trial 15: Validation Score (mae, scaled) = 0.032924

--- Optuna Trial 16 for LightGBM_Baseline ---
Trial 16: Training model...
Trial 16: Evaluating model...
Trial 16: Validation Score (mae, scaled) = 0.027371

--- Optuna Trial 17 for LightGBM_Baseline ---
Trial 17: Training model...
Trial 17: Evaluating model...
Trial 17: Validation Score (mae, scaled) = 0.054107

--- Optuna Trial 18 for LightGBM_Baseline ---
Trial 18: Training model...
Trial 18: Evaluating model...
Trial 18: Validation Score (mae, scaled) = 0.053561

--- Optuna Trial 19 for LightGBM_Baseline ---
Trial 19: Training model...
Trial 19: Evaluating model...
Trial 19: Validation Score (mae, scaled) = 0.029247

--- Optuna Trial 20 for LightGBM_Baseline ---
Trial 20: Training model...
Trial 20: Evaluating model...
Trial 20: Validation Score (mae, scaled) = 0.047438

--- Optuna Trial 21 for LightGBM_Baseline ---
Trial 21: Training model...
Trial 21: Evaluating model...
Trial 21: Validation Score (mae, scaled) = 0.027800

--- Optuna Trial 22 for LightGBM_Baseline ---
Trial 22: Training model...
Trial 22: Evaluating model...
Trial 22: Validation Score (mae, scaled) = 0.053473

--- Optuna Trial 23 for LightGBM_Baseline ---
Trial 23: Training model...
Trial 23: Evaluating model...
Trial 23: Validation Score (mae, scaled) = 0.027756

--- Optuna Trial 24 for LightGBM_Baseline ---
Trial 24: Training model...
Trial 24: Evaluating model...
Trial 24: Validation Score (mae, scaled) = 0.028943

--- Best Results for Feeder=12, Arch=LightGBM_Baseline, Scenario=24hr ---
Best Validation Score (mae, scaled): 0.027371
Best Hyperparameters:
  n_estimators: 299
  learning_rate: 0.021717148882897903
  num_leaves: 22
  max_depth: 7
  min_child_samples: 41
  subsample: 0.5989940441261528
  colsample_bytree: 0.8884160934573438
  reg_alpha: 0.07610914060294705
  reg_lambda: 1.9418139277052897e-08

--- Tuning: Arch=LightGBM_Baseline, Scenario=Day ---
Loading existing model artifact to get scalers/columns...
Selecting model for Feeder 12, Arch: LightGBM_Baseline, Scenario: Day, Version: None
Error: No matching model found for criteria: Feeder=12, Arch=LightGBM_Baseline, Scenario=Day, Version=None
Warning: No existing model found for Feeder=12, Arch=LightGBM_Baseline, Scenario=Day. Cannot get scalers. Skipping.

--- Tuning: Arch=LightGBM_Baseline, Scenario=Night ---
Loading existing model artifact to get scalers/columns...
Selecting model for Feeder 12, Arch: LightGBM_Baseline, Scenario: Night, Version: None
Error: No matching model found for criteria: Feeder=12, Arch=LightGBM_Baseline, Scenario=Night, Version=None
Warning: No existing model found for Feeder=12, Arch=LightGBM_Baseline, Scenario=Night. Cannot get scalers. Skipping.

--- Tuning: Arch=ANN_Baseload, Scenario=24hr ---
Loading existing model artifact to get scalers/columns...
Selecting model for Feeder 12, Arch: ANN_Baseload, Scenario: 24hr, Version: None
[I 2025-04-14 18:45:52,582] A new study created in memory with name: tune-12-LSTM_Change_in_Load-24hr
[I 2025-04-14 18:45:57,469] Trial 0 finished with value: 0.048726681619882584 and parameters: {'n_lstm_layers': 1, 'lstm_units': 48, 'n_dense_layers': 2, 'lstm_dropout_0': 0.38135222237105526, 'dense_units_0': 40, 'dense_dropout_0': 0.22476916088179022, 'dense_units_1': 56, 'dense_dropout_1': 0.3392308221896513, 'learning_rate': 0.0007596572819968436}. Best is trial 0 with value: 0.048726681619882584.
[I 2025-04-14 18:46:04,970] Trial 1 finished with value: 0.044811710715293884 and parameters: {'n_lstm_layers': 2, 'lstm_units': 96, 'n_dense_layers': 2, 'lstm_dropout_0': 0.1394035771829068, 'lstm_dropout_1': 0.178800504864585, 'dense_units_0': 22, 'dense_dropout_0': 0.2258560409927094, 'dense_units_1': 20, 'dense_dropout_1': 0.13993659418855905, 'learning_rate': 0.0021642638468656436}. Best is trial 1 with value: 0.044811710715293884.
[I 2025-04-14 18:46:12,372] Trial 2 finished with value: 0.04359309747815132 and parameters: {'n_lstm_layers': 2, 'lstm_units': 37, 'n_dense_layers': 0, 'lstm_dropout_0': 0.32443160813631045, 'lstm_dropout_1': 0.16139847176978056, 'learning_rate': 0.002177116139554525}. Best is trial 2 with value: 0.04359309747815132.
[I 2025-04-14 18:46:17,024] Trial 3 finished with value: 0.10556550323963165 and parameters: {'n_lstm_layers': 1, 'lstm_units': 109, 'n_dense_layers': 2, 'lstm_dropout_0': 0.40768483567228786, 'dense_units_0': 40, 'dense_dropout_0': 0.278983321161717, 'dense_units_1': 40, 'dense_dropout_1': 0.3020227368200959, 'learning_rate': 0.0002736545714694407}. Best is trial 2 with value: 0.04359309747815132.
[I 2025-04-14 18:46:21,793] Trial 4 finished with value: 0.04554923251271248 and parameters: {'n_lstm_layers': 1, 'lstm_units': 76, 'n_dense_layers': 0, 'lstm_dropout_0': 0.17068072435796827, 'learning_rate': 0.000830784194525543}. Best is trial 2 with value: 0.04359309747815132.
[I 2025-04-14 18:46:26,545] Trial 5 finished with value: 0.03780539706349373 and parameters: {'n_lstm_layers': 1, 'lstm_units': 73, 'n_dense_layers': 1, 'lstm_dropout_0': 0.4659054922621725, 'dense_units_0': 34, 'dense_dropout_0': 0.20994300105650066, 'learning_rate': 0.0035553169106696952}. Best is trial 5 with value: 0.03780539706349373.
[I 2025-04-14 18:46:33,858] Trial 6 finished with value: 0.23360919952392578 and parameters: {'n_lstm_layers': 2, 'lstm_units': 76, 'n_dense_layers': 1, 'lstm_dropout_0': 0.10582280060431103, 'lstm_dropout_1': 0.24038821170346478, 'dense_units_0': 22, 'dense_dropout_0': 0.4952821993493479, 'learning_rate': 0.00013726586399588617}. Best is trial 5 with value: 0.03780539706349373.
[I 2025-04-14 18:46:38,643] Trial 7 finished with value: 0.06832101941108704 and parameters: {'n_lstm_layers': 1, 'lstm_units': 119, 'n_dense_layers': 0, 'lstm_dropout_0': 0.3307825783681875, 'learning_rate': 0.00016371903246861988}. Best is trial 5 with value: 0.03780539706349373.
[I 2025-04-14 18:46:45,946] Trial 8 finished with value: 0.03511636704206467 and parameters: {'n_lstm_layers': 2, 'lstm_units': 120, 'n_dense_layers': 1, 'lstm_dropout_0': 0.4646125728015842, 'lstm_dropout_1': 0.11179009797872319, 'dense_units_0': 38, 'dense_dropout_0': 0.15304886599084533, 'learning_rate': 0.004261186186680868}. Best is trial 8 with value: 0.03511636704206467.
[I 2025-04-14 18:46:51,013] Trial 9 finished with value: 0.035333793610334396 and parameters: {'n_lstm_layers': 1, 'lstm_units': 34, 'n_dense_layers': 2, 'lstm_dropout_0': 0.4777735438531251, 'dense_units_0': 22, 'dense_dropout_0': 0.20742076220831587, 'dense_units_1': 43, 'dense_dropout_1': 0.1168656230129527, 'learning_rate': 0.005009609490463576}. Best is trial 8 with value: 0.03511636704206467.
[I 2025-04-14 18:46:58,477] Trial 10 finished with value: 0.03163100406527519 and parameters: {'n_lstm_layers': 2, 'lstm_units': 53, 'n_dense_layers': 1, 'lstm_dropout_0': 0.2251892786440224, 'lstm_dropout_1': 0.4697160729701241, 'dense_units_0': 64, 'dense_dropout_0': 0.10371474633760605, 'learning_rate': 0.008347199946264292}. Best is trial 10 with value: 0.03163100406527519.
[I 2025-04-14 18:47:05,723] Trial 11 finished with value: 0.033335112035274506 and parameters: {'n_lstm_layers': 2, 'lstm_units': 53, 'n_dense_layers': 1, 'lstm_dropout_0': 0.2247648357676823, 'lstm_dropout_1': 0.49841855944937813, 'dense_units_0': 64, 'dense_dropout_0': 0.10878124631368155, 'learning_rate': 0.009394879691159937}. Best is trial 10 with value: 0.03163100406527519.
[I 2025-04-14 18:47:12,919] Trial 12 finished with value: 0.031964972615242004 and parameters: {'n_lstm_layers': 2, 'lstm_units': 52, 'n_dense_layers': 1, 'lstm_dropout_0': 0.22729960909662425, 'lstm_dropout_1': 0.4968015442314284, 'dense_units_0': 63, 'dense_dropout_0': 0.10477415649823091, 'learning_rate': 0.008086184489610827}. Best is trial 10 with value: 0.03163100406527519.
[I 2025-04-14 18:47:20,463] Trial 13 finished with value: 0.03482411801815033 and parameters: {'n_lstm_layers': 2, 'lstm_units': 50, 'n_dense_layers': 1, 'lstm_dropout_0': 0.24507118314607956, 'lstm_dropout_1': 0.4910797466765211, 'dense_units_0': 64, 'dense_dropout_0': 0.39458542658396, 'learning_rate': 0.008098237757267182}. Best is trial 10 with value: 0.03163100406527519.
[I 2025-04-14 18:47:28,111] Trial 14 finished with value: 0.03922833502292633 and parameters: {'n_lstm_layers': 2, 'lstm_units': 42, 'n_dense_layers': 1, 'lstm_dropout_0': 0.24366907789897319, 'lstm_dropout_1': 0.3590210935711706, 'dense_units_0': 52, 'dense_dropout_0': 0.11813192286619498, 'learning_rate': 0.0017430478745390039}. Best is trial 10 with value: 0.03163100406527519.
[I 2025-04-14 18:47:35,417] Trial 15 finished with value: 0.03230378404259682 and parameters: {'n_lstm_layers': 2, 'lstm_units': 60, 'n_dense_layers': 0, 'lstm_dropout_0': 0.20293658494881983, 'lstm_dropout_1': 0.3874261995330813, 'learning_rate': 0.00986780013129469}. Best is trial 10 with value: 0.03163100406527519.
[I 2025-04-14 18:47:42,522] Trial 16 finished with value: 0.07347330451011658 and parameters: {'n_lstm_layers': 2, 'lstm_units': 60, 'n_dense_layers': 1, 'lstm_dropout_0': 0.28433371515137995, 'lstm_dropout_1': 0.42377568757034356, 'dense_units_0': 48, 'dense_dropout_0': 0.31303145572161994, 'learning_rate': 0.00047450806051993445}. Best is trial 10 with value: 0.03163100406527519.
[I 2025-04-14 18:47:50,098] Trial 17 finished with value: 0.035008735954761505 and parameters: {'n_lstm_layers': 2, 'lstm_units': 44, 'n_dense_layers': 0, 'lstm_dropout_0': 0.2812865240749252, 'lstm_dropout_1': 0.31747663776720636, 'learning_rate': 0.0050242635112042675}. Best is trial 10 with value: 0.03163100406527519.
[I 2025-04-14 18:47:57,742] Trial 18 finished with value: 0.037739578634500504 and parameters: {'n_lstm_layers': 2, 'lstm_units': 66, 'n_dense_layers': 1, 'lstm_dropout_0': 0.17661721738530928, 'lstm_dropout_1': 0.4413816516438418, 'dense_units_0': 50, 'dense_dropout_0': 0.1634612664080116, 'learning_rate': 0.0015294841032154286}. Best is trial 10 with value: 0.03163100406527519.
[I 2025-04-14 18:48:05,474] Trial 19 finished with value: 0.047600165009498596 and parameters: {'n_lstm_layers': 2, 'lstm_units': 91, 'n_dense_layers': 2, 'lstm_dropout_0': 0.14301221894527374, 'lstm_dropout_1': 0.4443543153433661, 'dense_units_0': 17, 'dense_dropout_0': 0.10528910557024576, 'dense_units_1': 16, 'dense_dropout_1': 0.48925164780555075, 'learning_rate': 0.003291796446667085}. Best is trial 10 with value: 0.03163100406527519.
[I 2025-04-14 18:48:13,045] Trial 20 finished with value: 0.03331143036484718 and parameters: {'n_lstm_layers': 2, 'lstm_units': 40, 'n_dense_layers': 1, 'lstm_dropout_0': 0.3736037858370721, 'lstm_dropout_1': 0.28559386573095685, 'dense_units_0': 54, 'dense_dropout_0': 0.3189445869456239, 'learning_rate': 0.006518040945616527}. Best is trial 10 with value: 0.03163100406527519.
[I 2025-04-14 18:48:20,527] Trial 21 finished with value: 0.031615931540727615 and parameters: {'n_lstm_layers': 2, 'lstm_units': 58, 'n_dense_layers': 0, 'lstm_dropout_0': 0.20759715942685714, 'lstm_dropout_1': 0.381022890770056, 'learning_rate': 0.009742756373105673}. Best is trial 21 with value: 0.031615931540727615.
[I 2025-04-14 18:48:27,892] Trial 22 finished with value: 0.03587304800748825 and parameters: {'n_lstm_layers': 2, 'lstm_units': 54, 'n_dense_layers': 0, 'lstm_dropout_0': 0.20380890415880532, 'lstm_dropout_1': 0.39060238596636127, 'learning_rate': 0.006690112138288274}. Best is trial 21 with value: 0.031615931540727615.
[I 2025-04-14 18:48:35,449] Trial 23 finished with value: 0.03534869849681854 and parameters: {'n_lstm_layers': 2, 'lstm_units': 64, 'n_dense_layers': 0, 'lstm_dropout_0': 0.2661691239596081, 'lstm_dropout_1': 0.46942871531340663, 'learning_rate': 0.0030639034782283304}. Best is trial 21 with value: 0.031615931540727615.
