[I 2025-04-14 18:48:42,967] Trial 24 finished with value: 0.03192569315433502 and parameters: {'n_lstm_layers': 2, 'lstm_units': 56, 'n_dense_layers': 1, 'lstm_dropout_0': 0.2055181474574334, 'lstm_dropout_1': 0.3986470752490024, 'dense_units_0': 28, 'dense_dropout_0': 0.16416707562460034, 'learning_rate': 0.006179970147295016}. Best is trial 21 with value: 0.031615931540727615.
Error: No matching model found for criteria: Feeder=12, Arch=ANN_Baseload, Scenario=24hr, Version=None
Warning: No existing model found for Feeder=12, Arch=ANN_Baseload, Scenario=24hr. Cannot get scalers. Skipping.

--- Tuning: Arch=ANN_Baseload, Scenario=Day ---
Loading existing model artifact to get scalers/columns...
Selecting model for Feeder 12, Arch: ANN_Baseload, Scenario: Day, Version: None
Error: No matching model found for criteria: Feeder=12, Arch=ANN_Baseload, Scenario=Day, Version=None
Warning: No existing model found for Feeder=12, Arch=ANN_Baseload, Scenario=Day. Cannot get scalers. Skipping.

--- Tuning: Arch=ANN_Baseload, Scenario=Night ---
Loading existing model artifact to get scalers/columns...
Selecting model for Feeder 12, Arch: ANN_Baseload, Scenario: Night, Version: None
Error: No matching model found for criteria: Feeder=12, Arch=ANN_Baseload, Scenario=Night, Version=None
Warning: No existing model found for Feeder=12, Arch=ANN_Baseload, Scenario=Night. Cannot get scalers. Skipping.

--- Tuning: Arch=ANN_Change_in_Load, Scenario=24hr ---
Loading existing model artifact to get scalers/columns...
Selecting model for Feeder 12, Arch: ANN_Change_in_Load, Scenario: 24hr, Version: None
Error: No matching model found for criteria: Feeder=12, Arch=ANN_Change_in_Load, Scenario=24hr, Version=None
Warning: No existing model found for Feeder=12, Arch=ANN_Change_in_Load, Scenario=24hr. Cannot get scalers. Skipping.

--- Tuning: Arch=ANN_Change_in_Load, Scenario=Day ---
Loading existing model artifact to get scalers/columns...
Selecting model for Feeder 12, Arch: ANN_Change_in_Load, Scenario: Day, Version: None
Error: No matching model found for criteria: Feeder=12, Arch=ANN_Change_in_Load, Scenario=Day, Version=None
Warning: No existing model found for Feeder=12, Arch=ANN_Change_in_Load, Scenario=Day. Cannot get scalers. Skipping.

--- Tuning: Arch=ANN_Change_in_Load, Scenario=Night ---
Loading existing model artifact to get scalers/columns...
Selecting model for Feeder 12, Arch: ANN_Change_in_Load, Scenario: Night, Version: None
Error: No matching model found for criteria: Feeder=12, Arch=ANN_Change_in_Load, Scenario=Night, Version=None
Warning: No existing model found for Feeder=12, Arch=ANN_Change_in_Load, Scenario=Night. Cannot get scalers. Skipping.

--- Tuning: Arch=LSTM_Baseload, Scenario=24hr ---
Loading existing model artifact to get scalers/columns...
Selecting model for Feeder 12, Arch: LSTM_Baseload, Scenario: 24hr, Version: None
Selected Model ID: 185, Version: v1.1_Final_Forecasting_20250414170747, Path Info: {"keras_model": "models/feeder_12/LSTM_Baseload_24hr_v1.1_Final_Forecasting_20250414170747.keras", "scalers_pkl": "models/feeder_12/LSTM_Baseload_24hr_v1.1_Final_Forecasting_20250414170747_scalers.pkl"}
Loading artifact(s) based on path info: {'keras_model': 'models/feeder_12/LSTM_Baseload_24hr_v1.1_Final_Forecasting_20250414170747.keras', 'scalers_pkl': 'models/feeder_12/LSTM_Baseload_24hr_v1.1_Final_Forecasting_20250414170747_scalers.pkl'}
Detected separate Keras model (models/feeder_12/LSTM_Baseload_24hr_v1.1_Final_Forecasting_20250414170747.keras) and scalers (models/feeder_12/LSTM_Baseload_24hr_v1.1_Final_Forecasting_20250414170747_scalers.pkl).
Downloading Keras model to: H:\My Drive\Barbados_Forecasting_Tool_Final\tmp\LSTM_Baseload_24hr_v1.1_Final_Forecasting_20250414170747.keras
Keras model downloaded. Loading...
Keras model loaded.
Downloading scalers pickle to: H:\My Drive\Barbados_Forecasting_Tool_Final\tmp\LSTM_Baseload_24hr_v1.1_Final_Forecasting_20250414170747_scalers.pkl
Scalers pickle downloaded. Loading...
Scalers pickle loaded.
Cleaned up temporary file: H:\My Drive\Barbados_Forecasting_Tool_Final\tmp\LSTM_Baseload_24hr_v1.1_Final_Forecasting_20250414170747.keras
Cleaned up temporary file: H:\My Drive\Barbados_Forecasting_Tool_Final\tmp\LSTM_Baseload_24hr_v1.1_Final_Forecasting_20250414170747_scalers.pkl
Preparing training and validation data using loaded scalers...
Starting feature engineering for scenario: 24hr...
Pivoting data into daily vectors...
Reshaped data: X shape (150, 177), y shape (150, 24)
Transforming data using provided scalers (X and y)...
Data transformed.
Starting feature engineering for scenario: 24hr...
Pivoting data into daily vectors...
Reshaped data: X shape (32, 177), y shape (32, 24)
Transforming data using provided scalers (X and y)...
Data transformed.
Starting Optuna optimization (25 trials)...

--- Optuna Trial 0 for LSTM_Baseload ---
Trial 0: Training model...
Trial 0: Validation Score (mae, scaled) = 0.078168

--- Optuna Trial 1 for LSTM_Baseload ---
Trial 1: Training model...
Trial 1: Validation Score (mae, scaled) = 0.056920

--- Optuna Trial 2 for LSTM_Baseload ---
Trial 2: Training model...
Trial 2: Validation Score (mae, scaled) = 0.037177

--- Optuna Trial 3 for LSTM_Baseload ---
Trial 3: Training model...
Trial 3: Validation Score (mae, scaled) = 0.097118

--- Optuna Trial 4 for LSTM_Baseload ---
Trial 4: Training model...
Trial 4: Validation Score (mae, scaled) = 0.039258

--- Optuna Trial 5 for LSTM_Baseload ---
Trial 5: Training model...
Trial 5: Validation Score (mae, scaled) = 0.046112

--- Optuna Trial 6 for LSTM_Baseload ---
Trial 6: Training model...
Trial 6: Validation Score (mae, scaled) = 0.099129

--- Optuna Trial 7 for LSTM_Baseload ---
Trial 7: Training model...
Trial 7: Validation Score (mae, scaled) = 0.037649

--- Optuna Trial 8 for LSTM_Baseload ---
Trial 8: Training model...
Trial 8: Validation Score (mae, scaled) = 0.047139

--- Optuna Trial 9 for LSTM_Baseload ---
Trial 9: Training model...
Trial 9: Validation Score (mae, scaled) = 0.039706

--- Optuna Trial 10 for LSTM_Baseload ---
Trial 10: Training model...
Trial 10: Validation Score (mae, scaled) = 0.034527

--- Optuna Trial 11 for LSTM_Baseload ---
Trial 11: Training model...
Trial 11: Validation Score (mae, scaled) = 0.035157

--- Optuna Trial 12 for LSTM_Baseload ---
Trial 12: Training model...
Trial 12: Validation Score (mae, scaled) = 0.034338

--- Optuna Trial 13 for LSTM_Baseload ---
Trial 13: Training model...
Trial 13: Validation Score (mae, scaled) = 0.032945

--- Optuna Trial 14 for LSTM_Baseload ---
Trial 14: Training model...
Trial 14: Validation Score (mae, scaled) = 0.034818

--- Optuna Trial 15 for LSTM_Baseload ---
Trial 15: Training model...
Trial 15: Validation Score (mae, scaled) = 0.035063

--- Optuna Trial 16 for LSTM_Baseload ---
Trial 16: Training model...
Trial 16: Validation Score (mae, scaled) = 0.033340

--- Optuna Trial 17 for LSTM_Baseload ---
Trial 17: Training model...
Trial 17: Validation Score (mae, scaled) = 0.038601

--- Optuna Trial 18 for LSTM_Baseload ---
Trial 18: Training model...
Trial 18: Validation Score (mae, scaled) = 0.038088

--- Optuna Trial 19 for LSTM_Baseload ---
Trial 19: Training model...
Trial 19: Validation Score (mae, scaled) = 0.045142

--- Optuna Trial 20 for LSTM_Baseload ---
Trial 20: Training model...
Trial 20: Validation Score (mae, scaled) = 0.036164

--- Optuna Trial 21 for LSTM_Baseload ---
Trial 21: Training model...
Trial 21: Validation Score (mae, scaled) = 0.036590

--- Optuna Trial 22 for LSTM_Baseload ---
Trial 22: Training model...
Trial 22: Validation Score (mae, scaled) = 0.035522

--- Optuna Trial 23 for LSTM_Baseload ---
Trial 23: Training model...
Trial 23: Validation Score (mae, scaled) = 0.035646

--- Optuna Trial 24 for LSTM_Baseload ---
Trial 24: Training model...
Trial 24: Validation Score (mae, scaled) = 0.032706

--- Best Results for Feeder=12, Arch=LSTM_Baseload, Scenario=24hr ---
Best Validation Score (mae, scaled): 0.032706
Best Hyperparameters:
  n_lstm_layers: 2
  lstm_units: 61
  n_dense_layers: 0
  lstm_dropout_0: 0.1480122154703271
  lstm_dropout_1: 0.24594247033383898
  learning_rate: 0.0024326125463904748

--- Tuning: Arch=LSTM_Baseload, Scenario=Day ---
Loading existing model artifact to get scalers/columns...
Selecting model for Feeder 12, Arch: LSTM_Baseload, Scenario: Day, Version: None
Error: No matching model found for criteria: Feeder=12, Arch=LSTM_Baseload, Scenario=Day, Version=None
Warning: No existing model found for Feeder=12, Arch=LSTM_Baseload, Scenario=Day. Cannot get scalers. Skipping.

--- Tuning: Arch=LSTM_Baseload, Scenario=Night ---
Loading existing model artifact to get scalers/columns...
Selecting model for Feeder 12, Arch: LSTM_Baseload, Scenario: Night, Version: None
Error: No matching model found for criteria: Feeder=12, Arch=LSTM_Baseload, Scenario=Night, Version=None
Warning: No existing model found for Feeder=12, Arch=LSTM_Baseload, Scenario=Night. Cannot get scalers. Skipping.

--- Tuning: Arch=LSTM_Change_in_Load, Scenario=24hr ---
Loading existing model artifact to get scalers/columns...
Selecting model for Feeder 12, Arch: LSTM_Change_in_Load, Scenario: 24hr, Version: None
Selected Model ID: 186, Version: v1.1_Final_Forecasting_20250414170755, Path Info: {"keras_model": "models/feeder_12/LSTM_Change_in_Load_24hr_v1.1_Final_Forecasting_20250414170755.keras", "scalers_pkl": "models/feeder_12/LSTM_Change_in_Load_24hr_v1.1_Final_Forecasting_20250414170755_scalers.pkl"}
Loading artifact(s) based on path info: {'keras_model': 'models/feeder_12/LSTM_Change_in_Load_24hr_v1.1_Final_Forecasting_20250414170755.keras', 'scalers_pkl': 'models/feeder_12/LSTM_Change_in_Load_24hr_v1.1_Final_Forecasting_20250414170755_scalers.pkl'}
Detected separate Keras model (models/feeder_12/LSTM_Change_in_Load_24hr_v1.1_Final_Forecasting_20250414170755.keras) and scalers (models/feeder_12/LSTM_Change_in_Load_24hr_v1.1_Final_Forecasting_20250414170755_scalers.pkl).
Downloading Keras model to: H:\My Drive\Barbados_Forecasting_Tool_Final\tmp\LSTM_Change_in_Load_24hr_v1.1_Final_Forecasting_20250414170755.keras
Keras model downloaded. Loading...
Keras model loaded.
Downloading scalers pickle to: H:\My Drive\Barbados_Forecasting_Tool_Final\tmp\LSTM_Change_in_Load_24hr_v1.1_Final_Forecasting_20250414170755_scalers.pkl
Scalers pickle downloaded. Loading...
Scalers pickle loaded.
Cleaned up temporary file: H:\My Drive\Barbados_Forecasting_Tool_Final\tmp\LSTM_Change_in_Load_24hr_v1.1_Final_Forecasting_20250414170755.keras
Cleaned up temporary file: H:\My Drive\Barbados_Forecasting_Tool_Final\tmp\LSTM_Change_in_Load_24hr_v1.1_Final_Forecasting_20250414170755_scalers.pkl
Preparing training and validation data using loaded scalers...
Starting feature engineering for scenario: 24hr...
Pivoting data into daily vectors...
Reshaped data: X shape (150, 177), y shape (150, 24)
Transforming data using provided scalers (X and y)...
Data transformed.
Starting feature engineering for scenario: 24hr...
Pivoting data into daily vectors...
Reshaped data: X shape (32, 177), y shape (32, 24)
Transforming data using provided scalers (X and y)...
Data transformed.
Starting Optuna optimization (25 trials)...

--- Optuna Trial 0 for LSTM_Change_in_Load ---
Trial 0: Training model...
Trial 0: Validation Score (mae, scaled) = 0.048727

--- Optuna Trial 1 for LSTM_Change_in_Load ---
Trial 1: Training model...
Trial 1: Validation Score (mae, scaled) = 0.044812

--- Optuna Trial 2 for LSTM_Change_in_Load ---
Trial 2: Training model...
Trial 2: Validation Score (mae, scaled) = 0.043593

--- Optuna Trial 3 for LSTM_Change_in_Load ---
Trial 3: Training model...
Trial 3: Validation Score (mae, scaled) = 0.105566

--- Optuna Trial 4 for LSTM_Change_in_Load ---
Trial 4: Training model...
Trial 4: Validation Score (mae, scaled) = 0.045549

--- Optuna Trial 5 for LSTM_Change_in_Load ---
Trial 5: Training model...
Trial 5: Validation Score (mae, scaled) = 0.037805

--- Optuna Trial 6 for LSTM_Change_in_Load ---
Trial 6: Training model...
Trial 6: Validation Score (mae, scaled) = 0.233609

--- Optuna Trial 7 for LSTM_Change_in_Load ---
Trial 7: Training model...
Trial 7: Validation Score (mae, scaled) = 0.068321

--- Optuna Trial 8 for LSTM_Change_in_Load ---
Trial 8: Training model...
Trial 8: Validation Score (mae, scaled) = 0.035116

--- Optuna Trial 9 for LSTM_Change_in_Load ---
Trial 9: Training model...
Trial 9: Validation Score (mae, scaled) = 0.035334

--- Optuna Trial 10 for LSTM_Change_in_Load ---
Trial 10: Training model...
Trial 10: Validation Score (mae, scaled) = 0.031631

--- Optuna Trial 11 for LSTM_Change_in_Load ---
Trial 11: Training model...
Trial 11: Validation Score (mae, scaled) = 0.033335

--- Optuna Trial 12 for LSTM_Change_in_Load ---
Trial 12: Training model...
Trial 12: Validation Score (mae, scaled) = 0.031965

--- Optuna Trial 13 for LSTM_Change_in_Load ---
Trial 13: Training model...
Trial 13: Validation Score (mae, scaled) = 0.034824

--- Optuna Trial 14 for LSTM_Change_in_Load ---
Trial 14: Training model...
Trial 14: Validation Score (mae, scaled) = 0.039228

--- Optuna Trial 15 for LSTM_Change_in_Load ---
Trial 15: Training model...
Trial 15: Validation Score (mae, scaled) = 0.032304

--- Optuna Trial 16 for LSTM_Change_in_Load ---
Trial 16: Training model...
Trial 16: Validation Score (mae, scaled) = 0.073473

--- Optuna Trial 17 for LSTM_Change_in_Load ---
Trial 17: Training model...
Trial 17: Validation Score (mae, scaled) = 0.035009

--- Optuna Trial 18 for LSTM_Change_in_Load ---
Trial 18: Training model...
Trial 18: Validation Score (mae, scaled) = 0.037740

--- Optuna Trial 19 for LSTM_Change_in_Load ---
Trial 19: Training model...
Trial 19: Validation Score (mae, scaled) = 0.047600

--- Optuna Trial 20 for LSTM_Change_in_Load ---
Trial 20: Training model...
Trial 20: Validation Score (mae, scaled) = 0.033311

--- Optuna Trial 21 for LSTM_Change_in_Load ---
Trial 21: Training model...
Trial 21: Validation Score (mae, scaled) = 0.031616

--- Optuna Trial 22 for LSTM_Change_in_Load ---
Trial 22: Training model...
Trial 22: Validation Score (mae, scaled) = 0.035873

--- Optuna Trial 23 for LSTM_Change_in_Load ---
Trial 23: Training model...
Trial 23: Validation Score (mae, scaled) = 0.035349

--- Optuna Trial 24 for LSTM_Change_in_Load ---
Trial 24: Training model...
Trial 24: Validation Score (mae, scaled) = 0.031926

--- Best Results for Feeder=12, Arch=LSTM_Change_in_Load, Scenario=24hr ---
Best Validation Score (mae, scaled): 0.031616
Best Hyperparameters:
  n_lstm_layers: 2
  lstm_units: 58
  n_dense_layers: 0
  lstm_dropout_0: 0.20759715942685714
  lstm_dropout_1: 0.381022890770056
  learning_rate: 0.009742756373105673

--- Tuning: Arch=LSTM_Change_in_Load, Scenario=Day ---
Loading existing model artifact to get scalers/columns...
Selecting model for Feeder 12, Arch: LSTM_Change_in_Load, Scenario: Day, Version: None
Error: No matching model found for criteria: Feeder=12, Arch=LSTM_Change_in_Load, Scenario=Day, Version=None
Warning: No existing model found for Feeder=12, Arch=LSTM_Change_in_Load, Scenario=Day. Cannot get scalers. Skipping.

--- Tuning: Arch=LSTM_Change_in_Load, Scenario=Night ---
Loading existing model artifact to get scalers/columns...
Selecting model for Feeder 12, Arch: LSTM_Change_in_Load, Scenario: Night, Version: None
Error: No matching model found for criteria: Feeder=12, Arch=LSTM_Change_in_Load, Scenario=Night, Version=None
Warning: No existing model found for Feeder=12, Arch=LSTM_Change_in_Load, Scenario=Night. Cannot get scalers. Skipping.

===== Hyperparameter Tuning Summary =====

Feeder: 1, Architecture: LightGBM_Baseline, Scenario: 24hr
  Best Score (mae, scaled): 0.082489
  Best Params: {'n_estimators': 97, 'learning_rate': 0.143780173340082, 'num_leaves': 47, 'max_depth': 9, 'min_child_samples': 20, 'subsample': 0.8625111026367087, 'colsample_bytree': 0.9981403657772591, 'reg_alpha': 5.476285507534117e-06, 'reg_lambda': 0.0003991187467010624}

Feeder: 1, Architecture: ANN_Baseload, Scenario: 24hr
  Best Score (mae, scaled): 0.089832
  Best Params: {'n_layers': 3, 'units_layer_0': 255, 'dropout_layer_0': 0.28062027452977767, 'units_layer_1': 71, 'dropout_layer_1': 0.2925653022404558, 'units_layer_2': 131, 'dropout_layer_2': 0.21331008677904822, 'learning_rate': 0.003775193066223191}

Feeder: 1, Architecture: ANN_Change_in_Load, Scenario: 24hr
  Best Score (mae, scaled): 0.061728
  Best Params: {'n_layers': 3, 'units_layer_0': 67, 'dropout_layer_0': 0.18743639333565498, 'units_layer_1': 146, 'dropout_layer_1': 0.21560215568540808, 'units_layer_2': 35, 'dropout_layer_2': 0.4145244715036238, 'learning_rate': 0.004839588117070405}

Feeder: 1, Architecture: LSTM_Baseload, Scenario: 24hr
  Best Score (mae, scaled): 0.082314
  Best Params: {'n_lstm_layers': 2, 'lstm_units': 44, 'n_dense_layers': 0, 'lstm_dropout_0': 0.20505835763267546, 'lstm_dropout_1': 0.11259093026249084, 'learning_rate': 0.0022551761476824477}

Feeder: 1, Architecture: LSTM_Change_in_Load, Scenario: 24hr
  Best Score (mae, scaled): 0.059903
  Best Params: {'n_lstm_layers': 2, 'lstm_units': 79, 'n_dense_layers': 0, 'lstm_dropout_0': 0.10039998011565632, 'lstm_dropout_1': 0.3146228283196653, 'learning_rate': 0.005853592387776404}

Feeder: 2, Architecture: LightGBM_Baseline, Scenario: 24hr
  Best Score (mae, scaled): 0.091713
  Best Params: {'n_estimators': 73, 'learning_rate': 0.16494242595095507, 'num_leaves': 49, 'max_depth': 3, 'min_child_samples': 14, 'subsample': 0.5988240151343207, 'colsample_bytree': 0.8013284743960083, 'reg_alpha': 2.0251231679776354e-08, 'reg_lambda': 0.0009687043359664956}

Feeder: 2, Architecture: LSTM_Baseload, Scenario: 24hr
  Best Score (mae, scaled): 0.100899
  Best Params: {'n_lstm_layers': 2, 'lstm_units': 92, 'n_dense_layers': 1, 'lstm_dropout_0': 0.29777493411700545, 'lstm_dropout_1': 0.24045226694478883, 'dense_units_0': 20, 'dense_dropout_0': 0.2390892086324524, 'learning_rate': 0.005842769995302442}

Feeder: 2, Architecture: LSTM_Change_in_Load, Scenario: 24hr
  Best Score (mae, scaled): 0.084799
  Best Params: {'n_lstm_layers': 2, 'lstm_units': 100, 'n_dense_layers': 1, 'lstm_dropout_0': 0.31919056548067415, 'lstm_dropout_1': 0.2566754956483025, 'dense_units_0': 64, 'dense_dropout_0': 0.10831157130924224, 'learning_rate': 0.0054834224985391014}

Feeder: 3, Architecture: LightGBM_Baseline, Scenario: 24hr
  Best Score (mae, scaled): 0.047145
  Best Params: {'n_estimators': 223, 'learning_rate': 0.06856482671559008, 'num_leaves': 21, 'max_depth': 5, 'min_child_samples': 13, 'subsample': 0.5829821236998173, 'colsample_bytree': 0.9072033258167731, 'reg_alpha': 1.4896384584284221e-06, 'reg_lambda': 0.024113614875541957}

Feeder: 3, Architecture: LSTM_Baseload, Scenario: 24hr
  Best Score (mae, scaled): 0.053225
  Best Params: {'n_lstm_layers': 1, 'lstm_units': 73, 'n_dense_layers': 1, 'lstm_dropout_0': 0.3728473852130089, 'dense_units_0': 47, 'dense_dropout_0': 0.3847274684317129, 'learning_rate': 0.008504021355281777}

Feeder: 3, Architecture: LSTM_Change_in_Load, Scenario: 24hr
  Best Score (mae, scaled): 0.045081
  Best Params: {'n_lstm_layers': 2, 'lstm_units': 47, 'n_dense_layers': 0, 'lstm_dropout_0': 0.2674524414312311, 'lstm_dropout_1': 0.10002270904965499, 'learning_rate': 0.004524347631653716}

Feeder: 4, Architecture: LightGBM_Baseline, Scenario: 24hr
  Best Score (mae, scaled): 0.180571
  Best Params: {'n_estimators': 236, 'learning_rate': 0.2891874557120938, 'num_leaves': 43, 'max_depth': 6, 'min_child_samples': 23, 'subsample': 0.9266744852958987, 'colsample_bytree': 0.9014508188889362, 'reg_alpha': 0.9153281537337985, 'reg_lambda': 0.45567184251439646}

Feeder: 4, Architecture: LSTM_Baseload, Scenario: 24hr
  Best Score (mae, scaled): 0.167818
  Best Params: {'n_lstm_layers': 1, 'lstm_units': 82, 'n_dense_layers': 1, 'lstm_dropout_0': 0.3590813858165105, 'dense_units_0': 31, 'dense_dropout_0': 0.21284717344122217, 'learning_rate': 0.006903839646376025}

Feeder: 4, Architecture: LSTM_Change_in_Load, Scenario: 24hr
  Best Score (mae, scaled): 0.121488
  Best Params: {'n_lstm_layers': 2, 'lstm_units': 83, 'n_dense_layers': 0, 'lstm_dropout_0': 0.4912371753978999, 'lstm_dropout_1': 0.3439956026283413, 'learning_rate': 0.008642039575007658}

Feeder: 5, Architecture: LightGBM_Baseline, Scenario: 24hr
  Best Score (mae, scaled): 0.121520
  Best Params: {'n_estimators': 196, 'learning_rate': 0.028185632368471845, 'num_leaves': 60, 'max_depth': 11, 'min_child_samples': 38, 'subsample': 0.9722910966716541, 'colsample_bytree': 0.8527236004809267, 'reg_alpha': 0.2919728256814584, 'reg_lambda': 0.0961960751689055}

Feeder: 5, Architecture: LSTM_Baseload, Scenario: 24hr
  Best Score (mae, scaled): 0.125448
  Best Params: {'n_lstm_layers': 2, 'lstm_units': 108, 'n_dense_layers': 0, 'lstm_dropout_0': 0.1702998075739121, 'lstm_dropout_1': 0.2739042036232272, 'learning_rate': 0.0016927465122475217}

Feeder: 5, Architecture: LSTM_Change_in_Load, Scenario: 24hr
  Best Score (mae, scaled): 0.120304
  Best Params: {'n_lstm_layers': 1, 'lstm_units': 107, 'n_dense_layers': 0, 'lstm_dropout_0': 0.4304650216554355, 'learning_rate': 0.004524594816263526}

Feeder: 6, Architecture: LightGBM_Baseline, Scenario: 24hr
  Best Score (mae, scaled): 0.133085
  Best Params: {'n_estimators': 253, 'learning_rate': 0.29471490959730323, 'num_leaves': 56, 'max_depth': 12, 'min_child_samples': 5, 'subsample': 0.870653286534444, 'colsample_bytree': 0.9497587992545666, 'reg_alpha': 0.0001289760492381335, 'reg_lambda': 5.059092462761579e-05}

Feeder: 6, Architecture: LSTM_Baseload, Scenario: 24hr
  Best Score (mae, scaled): 0.088777
  Best Params: {'n_lstm_layers': 2, 'lstm_units': 118, 'n_dense_layers': 0, 'lstm_dropout_0': 0.23404914145337877, 'lstm_dropout_1': 0.19981906966616403, 'learning_rate': 0.006267757934529045}

Feeder: 6, Architecture: LSTM_Change_in_Load, Scenario: 24hr
  Best Score (mae, scaled): 0.100573
  Best Params: {'n_lstm_layer