[I 2025-04-14 18:36:53,671] Trial 21 finished with value: 0.10514222787282711 and parameters: {'n_estimators': 69, 'learning_rate': 0.05923797833322377, 'num_leaves': 28, 'max_depth': 7, 'min_child_samples': 12, 'subsample': 0.8277605465243136, 'colsample_bytree': 0.57782037107845, 'reg_alpha': 8.370752982492088e-07, 'reg_lambda': 7.1631172282747185e-06}. Best is trial 6 with value: 0.0961180001574335.
[I 2025-04-14 18:36:54,814] Trial 22 finished with value: 0.10732507025195537 and parameters: {'n_estimators': 84, 'learning_rate': 0.11644050030035749, 'num_leaves': 36, 'max_depth': 6, 'min_child_samples': 13, 'subsample': 0.7933075476403048, 'colsample_bytree': 0.5412120880614787, 'reg_alpha': 1.2053722635039867e-06, 'reg_lambda': 7.058543801460353e-06}. Best is trial 6 with value: 0.0961180001574335.

Starting Optuna optimization (25 trials)...

--- Optuna Trial 0 for LSTM_Baseload ---
Trial 0: Training model...
Trial 0: Validation Score (mae, scaled) = 0.165258

--- Optuna Trial 1 for LSTM_Baseload ---
Trial 1: Training model...
Trial 1: Validation Score (mae, scaled) = 0.169269

--- Optuna Trial 2 for LSTM_Baseload ---
Trial 2: Training model...
Trial 2: Validation Score (mae, scaled) = 0.165024

--- Optuna Trial 3 for LSTM_Baseload ---
Trial 3: Training model...
Trial 3: Validation Score (mae, scaled) = 0.167441

--- Optuna Trial 4 for LSTM_Baseload ---
Trial 4: Training model...
Trial 4: Validation Score (mae, scaled) = 0.162989

--- Optuna Trial 5 for LSTM_Baseload ---
Trial 5: Training model...
Trial 5: Validation Score (mae, scaled) = 0.168471

--- Optuna Trial 6 for LSTM_Baseload ---
Trial 6: Training model...
Trial 6: Validation Score (mae, scaled) = 0.171489

--- Optuna Trial 7 for LSTM_Baseload ---
Trial 7: Training model...
Trial 7: Validation Score (mae, scaled) = 0.161540

--- Optuna Trial 8 for LSTM_Baseload ---
Trial 8: Training model...
Trial 8: Validation Score (mae, scaled) = 0.166990

--- Optuna Trial 9 for LSTM_Baseload ---
Trial 9: Training model...
Trial 9: Validation Score (mae, scaled) = 0.279642

--- Optuna Trial 10 for LSTM_Baseload ---
Trial 10: Training model...
Trial 10: Validation Score (mae, scaled) = 0.174938

--- Optuna Trial 11 for LSTM_Baseload ---
Trial 11: Training model...
Trial 11: Validation Score (mae, scaled) = 0.161961

--- Optuna Trial 12 for LSTM_Baseload ---
Trial 12: Training model...
Trial 12: Validation Score (mae, scaled) = 0.163106

--- Optuna Trial 13 for LSTM_Baseload ---
Trial 13: Training model...
Trial 13: Validation Score (mae, scaled) = 0.161676

--- Optuna Trial 14 for LSTM_Baseload ---
Trial 14: Training model...
Trial 14: Validation Score (mae, scaled) = 0.202174

--- Optuna Trial 15 for LSTM_Baseload ---
Trial 15: Training model...
Trial 15: Validation Score (mae, scaled) = 0.163435

--- Optuna Trial 16 for LSTM_Baseload ---
Trial 16: Training model...
Trial 16: Validation Score (mae, scaled) = 0.362135

--- Optuna Trial 17 for LSTM_Baseload ---
Trial 17: Training model...
Trial 17: Validation Score (mae, scaled) = 0.161613

--- Optuna Trial 18 for LSTM_Baseload ---
Trial 18: Training model...
Trial 18: Validation Score (mae, scaled) = 0.177428

--- Optuna Trial 19 for LSTM_Baseload ---
Trial 19: Training model...
Trial 19: Validation Score (mae, scaled) = 0.168565

--- Optuna Trial 20 for LSTM_Baseload ---
Trial 20: Training model...
Trial 20: Validation Score (mae, scaled) = 0.162987

--- Optuna Trial 21 for LSTM_Baseload ---
Trial 21: Training model...
Trial 21: Validation Score (mae, scaled) = 0.164880

--- Optuna Trial 22 for LSTM_Baseload ---
Trial 22: Training model...
Trial 22: Validation Score (mae, scaled) = 0.162694

--- Optuna Trial 23 for LSTM_Baseload ---
Trial 23: Training model...
Trial 23: Validation Score (mae, scaled) = 0.163295

--- Optuna Trial 24 for LSTM_Baseload ---
Trial 24: Training model...
Trial 24: Validation Score (mae, scaled) = 0.163505

--- Best Results for Feeder=10, Arch=LSTM_Baseload, Scenario=24hr ---
Best Validation Score (mae, scaled): 0.161540
Best Hyperparameters:
  n_lstm_layers: 2
  lstm_units: 109
  n_dense_layers: 0
  lstm_dropout_0: 0.18177978754814667
  lstm_dropout_1: 0.12694580777200143
  learning_rate: 0.0026192952484302558

--- Tuning: Arch=LSTM_Baseload, Scenario=Day ---
Loading existing model artifact to get scalers/columns...
Selecting model for Feeder 10, Arch: LSTM_Baseload, Scenario: Day, Version: None
Error: No matching model found for criteria: Feeder=10, Arch=LSTM_Baseload, Scenario=Day, Version=None
Warning: No existing model found for Feeder=10, Arch=LSTM_Baseload, Scenario=Day. Cannot get scalers. Skipping.

--- Tuning: Arch=LSTM_Baseload, Scenario=Night ---
Loading existing model artifact to get scalers/columns...
Selecting model for Feeder 10, Arch: LSTM_Baseload, Scenario: Night, Version: None
Error: No matching model found for criteria: Feeder=10, Arch=LSTM_Baseload, Scenario=Night, Version=None
Warning: No existing model found for Feeder=10, Arch=LSTM_Baseload, Scenario=Night. Cannot get scalers. Skipping.

--- Tuning: Arch=LSTM_Change_in_Load, Scenario=24hr ---
Loading existing model artifact to get scalers/columns...
Selecting model for Feeder 10, Arch: LSTM_Change_in_Load, Scenario: 24hr, Version: None
Selected Model ID: 178, Version: v1.1_Final_Forecasting_20250414170709, Path Info: {"keras_model": "models/feeder_10/LSTM_Change_in_Load_24hr_v1.1_Final_Forecasting_20250414170709.keras", "scalers_pkl": "models/feeder_10/LSTM_Change_in_Load_24hr_v1.1_Final_Forecasting_20250414170709_scalers.pkl"}
Loading artifact(s) based on path info: {'keras_model': 'models/feeder_10/LSTM_Change_in_Load_24hr_v1.1_Final_Forecasting_20250414170709.keras', 'scalers_pkl': 'models/feeder_10/LSTM_Change_in_Load_24hr_v1.1_Final_Forecasting_20250414170709_scalers.pkl'}
Detected separate Keras model (models/feeder_10/LSTM_Change_in_Load_24hr_v1.1_Final_Forecasting_20250414170709.keras) and scalers (models/feeder_10/LSTM_Change_in_Load_24hr_v1.1_Final_Forecasting_20250414170709_scalers.pkl).
Downloading Keras model to: H:\My Drive\Barbados_Forecasting_Tool_Final\tmp\LSTM_Change_in_Load_24hr_v1.1_Final_Forecasting_20250414170709.keras
Keras model downloaded. Loading...
Keras model loaded.
Downloading scalers pickle to: H:\My Drive\Barbados_Forecasting_Tool_Final\tmp\LSTM_Change_in_Load_24hr_v1.1_Final_Forecasting_20250414170709_scalers.pkl
Scalers pickle downloaded. Loading...
Scalers pickle loaded.
Cleaned up temporary file: H:\My Drive\Barbados_Forecasting_Tool_Final\tmp\LSTM_Change_in_Load_24hr_v1.1_Final_Forecasting_20250414170709.keras
Cleaned up temporary file: H:\My Drive\Barbados_Forecasting_Tool_Final\tmp\LSTM_Change_in_Load_24hr_v1.1_Final_Forecasting_20250414170709_scalers.pkl
Preparing training and validation data using loaded scalers...
Starting feature engineering for scenario: 24hr...
Pivoting data into daily vectors...
Reshaped data: X shape (76, 177), y shape (76, 24)
Transforming data using provided scalers (X and y)...
Data transformed.
Starting feature engineering for scenario: 24hr...
Pivoting data into daily vectors...
Reshaped data: X shape (32, 177), y shape (32, 24)
Transforming data using provided scalers (X and y)...
Data transformed.
Starting Optuna optimization (25 trials)...

--- Optuna Trial 0 for LSTM_Change_in_Load ---
Trial 0: Training model...
Trial 0: Validation Score (mae, scaled) = 0.173296

--- Optuna Trial 1 for LSTM_Change_in_Load ---
Trial 1: Training model...
Trial 1: Validation Score (mae, scaled) = 0.221088

--- Optuna Trial 2 for LSTM_Change_in_Load ---
Trial 2: Training model...
Trial 2: Validation Score (mae, scaled) = 0.169557

--- Optuna Trial 3 for LSTM_Change_in_Load ---
Trial 3: Training model...
Trial 3: Validation Score (mae, scaled) = 0.223496

--- Optuna Trial 4 for LSTM_Change_in_Load ---
Trial 4: Training model...
Trial 4: Validation Score (mae, scaled) = 0.165379

--- Optuna Trial 5 for LSTM_Change_in_Load ---
Trial 5: Training model...
Trial 5: Validation Score (mae, scaled) = 0.225469

--- Optuna Trial 6 for LSTM_Change_in_Load ---
Trial 6: Training model...
Trial 6: Validation Score (mae, scaled) = 0.170020

--- Optuna Trial 7 for LSTM_Change_in_Load ---
Trial 7: Training model...
Trial 7: Validation Score (mae, scaled) = 0.168439

--- Optuna Trial 8 for LSTM_Change_in_Load ---
Trial 8: Training model...
Trial 8: Validation Score (mae, scaled) = 0.165578

--- Optuna Trial 9 for LSTM_Change_in_Load ---
Trial 9: Training model...
Trial 9: Validation Score (mae, scaled) = 0.166644

--- Optuna Trial 10 for LSTM_Change_in_Load ---
Trial 10: Training model...
Trial 10: Validation Score (mae, scaled) = 0.167966

--- Optuna Trial 11 for LSTM_Change_in_Load ---
Trial 11: Training model...
Trial 11: Validation Score (mae, scaled) = 0.165689
[I 2025-04-14 18:36:55,734] Trial 23 finished with value: 0.10077351191645545 and parameters: {'n_estimators': 114, 'learning_rate': 0.03866868604412037, 'num_leaves': 18, 'max_depth': 9, 'min_child_samples': 18, 'subsample': 0.9099818609989857, 'colsample_bytree': 0.6193879261984734, 'reg_alpha': 4.387143977237275e-07, 'reg_lambda': 1.3107988224767723e-07}. Best is trial 6 with value: 0.0961180001574335.
[I 2025-04-14 18:36:56,495] Trial 24 finished with value: 0.14806136185862248 and parameters: {'n_estimators': 124, 'learning_rate': 0.025585022654285566, 'num_leaves': 15, 'max_depth': 10, 'min_child_samples': 25, 'subsample': 0.9018839793562681, 'colsample_bytree': 0.6295250275407723, 'reg_alpha': 1.0893432770772942e-08, 'reg_lambda': 9.445226167071478e-08}. Best is trial 6 with value: 0.0961180001574335.
[I 2025-04-14 18:36:59,470] A new study created in memory with name: tune-11-LSTM_Baseload-24hr
[I 2025-04-14 18:37:07,111] Trial 0 finished with value: 0.18862101435661316 and parameters: {'n_lstm_layers': 2, 'lstm_units': 65, 'n_dense_layers': 0, 'lstm_dropout_0': 0.4439218867738708, 'lstm_dropout_1': 0.3798880965443513, 'learning_rate': 0.00023449224259781336}. Best is trial 0 with value: 0.18862101435661316.
[I 2025-04-14 18:37:12,243] Trial 1 finished with value: 0.15265877544879913 and parameters: {'n_lstm_layers': 1, 'lstm_units': 35, 'n_dense_layers': 1, 'lstm_dropout_0': 0.35289361443554723, 'dense_units_0': 20, 'dense_dropout_0': 0.20111333876066442, 'learning_rate': 0.000785054363182483}. Best is trial 1 with value: 0.15265877544879913.
[I 2025-04-14 18:37:17,113] Trial 2 finished with value: 0.13178658485412598 and parameters: {'n_lstm_layers': 1, 'lstm_units': 41, 'n_dense_layers': 0, 'lstm_dropout_0': 0.4344211844605931, 'learning_rate': 0.0011980542877013554}. Best is trial 2 with value: 0.13178658485412598.
[I 2025-04-14 18:37:24,042] Trial 3 finished with value: 0.14280669391155243 and parameters: {'n_lstm_layers': 2, 'lstm_units': 116, 'n_dense_layers': 2, 'lstm_dropout_0': 0.3768159255067166, 'lstm_dropout_1': 0.16149206995980256, 'dense_units_0': 57, 'dense_dropout_0': 0.3843603241053307, 'dense_units_1': 53, 'dense_dropout_1': 0.4615052874044717, 'learning_rate': 0.0013703392676389491}. Best is trial 2 with value: 0.13178658485412598.
[I 2025-04-14 18:37:29,182] Trial 4 finished with value: 0.11999282240867615 and parameters: {'n_lstm_layers': 1, 'lstm_units': 59, 'n_dense_layers': 2, 'lstm_dropout_0': 0.10430954511745832, 'dense_units_0': 22, 'dense_dropout_0': 0.39390885177704504, 'dense_units_1': 54, 'dense_dropout_1': 0.3671550411524003, 'learning_rate': 0.0013590038562701341}. Best is trial 4 with value: 0.11999282240867615.
[I 2025-04-14 18:37:34,265] Trial 5 finished with value: 0.11223309487104416 and parameters: {'n_lstm_layers': 1, 'lstm_units': 53, 'n_dense_layers': 2, 'lstm_dropout_0': 0.2259321677589232, 'dense_units_0': 18, 'dense_dropout_0': 0.15221938787764544, 'dense_units_1': 49, 'dense_dropout_1': 0.31222205921164603, 'learning_rate': 0.002167966276724681}. Best is trial 5 with value: 0.11223309487104416.
[I 2025-04-14 18:37:42,088] Trial 6 finished with value: 0.13122043013572693 and parameters: {'n_lstm_layers': 2, 'lstm_units': 88, 'n_dense_layers': 2, 'lstm_dropout_0': 0.19593486617770176, 'lstm_dropout_1': 0.48134679789761303, 'dense_units_0': 30, 'dense_dropout_0': 0.49484998065822694, 'dense_units_1': 24, 'dense_dropout_1': 0.3326667062545392, 'learning_rate': 0.00234727703412098}. Best is trial 5 with value: 0.11223309487104416.
[I 2025-04-14 18:37:49,316] Trial 7 finished with value: 0.11265594512224197 and parameters: {'n_lstm_layers': 2, 'lstm_units': 123, 'n_dense_layers': 1, 'lstm_dropout_0': 0.3211866397624986, 'lstm_dropout_1': 0.4632838902824823, 'dense_units_0': 46, 'dense_dropout_0': 0.18679612664795955, 'learning_rate': 0.007262284342107441}. Best is trial 5 with value: 0.11223309487104416.
[I 2025-04-14 18:37:56,911] Trial 8 finished with value: 0.15242251753807068 and parameters: {'n_lstm_layers': 2, 'lstm_units': 37, 'n_dense_layers': 2, 'lstm_dropout_0': 0.4729937985374796, 'lstm_dropout_1': 0.46576656085913715, 'dense_units_0': 35, 'dense_dropout_0': 0.44568589198841035, 'dense_units_1': 20, 'dense_dropout_1': 0.4869473152086775, 'learning_rate': 0.0037083774144632104}. Best is trial 5 with value: 0.11223309487104416.
[I 2025-04-14 18:38:01,426] Trial 9 finished with value: 0.13772697746753693 and parameters: {'n_lstm_layers': 1, 'lstm_units': 33, 'n_dense_layers': 2, 'lstm_dropout_0': 0.31483150401817994, 'dense_units_0': 39, 'dense_dropout_0': 0.36880331897505114, 'dense_units_1': 18, 'dense_dropout_1': 0.36873333686892196, 'learning_rate': 0.009589599876632523}. Best is trial 5 with value: 0.11223309487104416.
[I 2025-04-14 18:38:06,478] Trial 10 finished with value: 0.3721170425415039 and parameters: {'n_lstm_layers': 1, 'lstm_units': 53, 'n_dense_layers': 1, 'lstm_dropout_0': 0.22553758067420632, 'dense_units_0': 16, 'dense_dropout_0': 0.11101680782655718, 'learning_rate': 0.00012299998302025945}. Best is trial 5 with value: 0.11223309487104416.
[I 2025-04-14 18:38:13,961] Trial 11 finished with value: 0.09854495525360107 and parameters: {'n_lstm_layers': 2, 'lstm_units': 84, 'n_dense_layers': 1, 'lstm_dropout_0': 0.2495586331656735, 'lstm_dropout_1': 0.23951942526028394, 'dense_units_0': 58, 'dense_dropout_0': 0.2098373588561905, 'learning_rate': 0.009778938872259967}. Best is trial 11 with value: 0.09854495525360107.
[I 2025-04-14 18:38:18,485] Trial 12 finished with value: 0.11658094823360443 and parameters: {'n_lstm_layers': 1, 'lstm_units': 80, 'n_dense_layers': 1, 'lstm_dropout_0': 0.22153161954798864, 'dense_units_0': 60, 'dense_dropout_0': 0.2465147029789242, 'learning_rate': 0.004142789710571623}. Best is trial 11 with value: 0.09854495525360107.
[I 2025-04-14 18:38:26,044] Trial 13 finished with value: 0.14570344984531403 and parameters: {'n_lstm_layers': 2, 'lstm_units': 47, 'n_dense_layers': 0, 'lstm_dropout_0': 0.16265947430383937, 'lstm_dropout_1': 0.20667887906375565, 'learning_rate': 0.0004913594669768247}. Best is trial 11 with value: 0.09854495525360107.
