[I 2025-04-14 17:51:41,560] Trial 24 finished with value: 0.04819289746287867 and parameters: {'n_estimators': 196, 'learning_rate': 0.1263667041834071, 'num_leaves': 25, 'max_depth': 6, 'min_child_samples': 10, 'subsample': 0.8273935841654902, 'colsample_bytree': 0.6867955424073064, 'reg_alpha': 0.00012008851003988364, 'reg_lambda': 8.51429189141433e-07}. Best is trial 15 with value: 0.047145095795558374.
Trial 4: Validation Score (mae, scaled) = 0.121737

--- Optuna Trial 5 for LSTM_Baseload ---
Trial 5: Training model...
Trial 5: Validation Score (mae, scaled) = 0.113347

--- Optuna Trial 6 for LSTM_Baseload ---
Trial 6: Training model...
Trial 6: Validation Score (mae, scaled) = 0.218653

--- Optuna Trial 7 for LSTM_Baseload ---
Trial 7: Training model...
Trial 7: Validation Score (mae, scaled) = 0.286626

--- Optuna Trial 8 for LSTM_Baseload ---
Trial 8: Training model...
Trial 8: Validation Score (mae, scaled) = 0.249094

--- Optuna Trial 9 for LSTM_Baseload ---
Trial 9: Training model...
Trial 9: Validation Score (mae, scaled) = 0.158912

--- Optuna Trial 10 for LSTM_Baseload ---
Trial 10: Training model...
Trial 10: Validation Score (mae, scaled) = 0.112606

--- Optuna Trial 11 for LSTM_Baseload ---
Trial 11: Training model...
Trial 11: Validation Score (mae, scaled) = 0.113758

--- Optuna Trial 12 for LSTM_Baseload ---
Trial 12: Training model...
Trial 12: Validation Score (mae, scaled) = 0.115182

--- Optuna Trial 13 for LSTM_Baseload ---
Trial 13: Training model...
Trial 13: Validation Score (mae, scaled) = 0.115665

--- Optuna Trial 14 for LSTM_Baseload ---
Trial 14: Training model...
Trial 14: Validation Score (mae, scaled) = 0.117942

--- Optuna Trial 15 for LSTM_Baseload ---
Trial 15: Training model...
Trial 15: Validation Score (mae, scaled) = 0.117600

--- Optuna Trial 16 for LSTM_Baseload ---
Trial 16: Training model...
Trial 16: Validation Score (mae, scaled) = 0.100899

--- Optuna Trial 17 for LSTM_Baseload ---
Trial 17: Training model...
Trial 17: Validation Score (mae, scaled) = 0.105813

--- Optuna Trial 18 for LSTM_Baseload ---
Trial 18: Training model...
Trial 18: Validation Score (mae, scaled) = 0.164246

--- Optuna Trial 19 for LSTM_Baseload ---
Trial 19: Training model...
Trial 19: Validation Score (mae, scaled) = 0.103728

--- Optuna Trial 20 for LSTM_Baseload ---
Trial 20: Training model...
Trial 20: Validation Score (mae, scaled) = 0.116161

--- Optuna Trial 21 for LSTM_Baseload ---
Trial 21: Training model...
Trial 21: Validation Score (mae, scaled) = 0.103772

--- Optuna Trial 22 for LSTM_Baseload ---
Trial 22: Training model...
Trial 22: Validation Score (mae, scaled) = 0.113070

--- Optuna Trial 23 for LSTM_Baseload ---
Trial 23: Training model...
Trial 23: Validation Score (mae, scaled) = 0.113025

--- Optuna Trial 24 for LSTM_Baseload ---
Trial 24: Training model...
Trial 24: Validation Score (mae, scaled) = 0.149087

--- Best Results for Feeder=2, Arch=LSTM_Baseload, Scenario=24hr ---
Best Validation Score (mae, scaled): 0.100899
Best Hyperparameters:
  n_lstm_layers: 2
  lstm_units: 92
  n_dense_layers: 1
  lstm_dropout_0: 0.29777493411700545
  lstm_dropout_1: 0.24045226694478883
  dense_units_0: 20
  dense_dropout_0: 0.2390892086324524
  learning_rate: 0.005842769995302442

--- Tuning: Arch=LSTM_Baseload, Scenario=Day ---
Loading existing model artifact to get scalers/columns...
Selecting model for Feeder 2, Arch: LSTM_Baseload, Scenario: Day, Version: None
Error: No matching model found for criteria: Feeder=2, Arch=LSTM_Baseload, Scenario=Day, Version=None
Warning: No existing model found for Feeder=2, Arch=LSTM_Baseload, Scenario=Day. Cannot get scalers. Skipping.

--- Tuning: Arch=LSTM_Baseload, Scenario=Night ---
Loading existing model artifact to get scalers/columns...
Selecting model for Feeder 2, Arch: LSTM_Baseload, Scenario: Night, Version: None
Error: No matching model found for criteria: Feeder=2, Arch=LSTM_Baseload, Scenario=Night, Version=None
Warning: No existing model found for Feeder=2, Arch=LSTM_Baseload, Scenario=Night. Cannot get scalers. Skipping.

--- Tuning: Arch=LSTM_Change_in_Load, Scenario=24hr ---
Loading existing model artifact to get scalers/columns...
Selecting model for Feeder 2, Arch: LSTM_Change_in_Load, Scenario: 24hr, Version: None
Selected Model ID: 146, Version: v1.1_Final_Forecasting_20250414170350, Path Info: {"keras_model": "models/feeder_2/LSTM_Change_in_Load_24hr_v1.1_Final_Forecasting_20250414170350.keras", "scalers_pkl": "models/feeder_2/LSTM_Change_in_Load_24hr_v1.1_Final_Forecasting_20250414170350_scalers.pkl"}
Loading artifact(s) based on path info: {'keras_model': 'models/feeder_2/LSTM_Change_in_Load_24hr_v1.1_Final_Forecasting_20250414170350.keras', 'scalers_pkl': 'models/feeder_2/LSTM_Change_in_Load_24hr_v1.1_Final_Forecasting_20250414170350_scalers.pkl'}
Detected separate Keras model (models/feeder_2/LSTM_Change_in_Load_24hr_v1.1_Final_Forecasting_20250414170350.keras) and scalers (models/feeder_2/LSTM_Change_in_Load_24hr_v1.1_Final_Forecasting_20250414170350_scalers.pkl).
Downloading Keras model to: H:\My Drive\Barbados_Forecasting_Tool_Final\tmp\LSTM_Change_in_Load_24hr_v1.1_Final_Forecasting_20250414170350.keras
Keras model downloaded. Loading...
Keras model loaded.
Downloading scalers pickle to: H:\My Drive\Barbados_Forecasting_Tool_Final\tmp\LSTM_Change_in_Load_24hr_v1.1_Final_Forecasting_20250414170350_scalers.pkl
Scalers pickle downloaded. Loading...
Scalers pickle loaded.
Cleaned up temporary file: H:\My Drive\Barbados_Forecasting_Tool_Final\tmp\LSTM_Change_in_Load_24hr_v1.1_Final_Forecasting_20250414170350.keras
Cleaned up temporary file: H:\My Drive\Barbados_Forecasting_Tool_Final\tmp\LSTM_Change_in_Load_24hr_v1.1_Final_Forecasting_20250414170350_scalers.pkl
Preparing training and validation data using loaded scalers...
Starting feature engineering for scenario: 24hr...
Pivoting data into daily vectors...
Reshaped data: X shape (152, 177), y shape (152, 24)
Transforming data using provided scalers (X and y)...
Data transformed.
Starting feature engineering for scenario: 24hr...
Pivoting data into daily vectors...
Reshaped data: X shape (30, 177), y shape (30, 24)
Transforming data using provided scalers (X and y)...
Data transformed.
Starting Optuna optimization (25 trials)...

--- Optuna Trial 0 for LSTM_Change_in_Load ---
Trial 0: Training model...
Trial 0: Validation Score (mae, scaled) = 0.186403

--- Optuna Trial 1 for LSTM_Change_in_Load ---
Trial 1: Training model...
Trial 1: Validation Score (mae, scaled) = 0.224619

--- Optuna Trial 2 for LSTM_Change_in_Load ---
Trial 2: Training model...
Trial 2: Validation Score (mae, scaled) = 0.108962

--- Optuna Trial 3 for LSTM_Change_in_Load ---
Trial 3: Training model...
Trial 3: Validation Score (mae, scaled) = 0.090983

--- Optuna Trial 4 for LSTM_Change_in_Load ---
Trial 4: Training model...
Trial 4: Validation Score (mae, scaled) = 0.192463

--- Optuna Trial 5 for LSTM_Change_in_Load ---
Trial 5: Training model...
Trial 5: Validation Score (mae, scaled) = 0.129297

--- Optuna Trial 6 for LSTM_Change_in_Load ---
Trial 6: Training model...
Trial 6: Validation Score (mae, scaled) = 0.114607

--- Optuna Trial 7 for LSTM_Change_in_Load ---
Trial 7: Training model...
Trial 7: Validation Score (mae, scaled) = 0.101858

--- Optuna Trial 8 for LSTM_Change_in_Load ---
Trial 8: Training model...
Trial 8: Validation Score (mae, scaled) = 0.195945

--- Optuna Trial 9 for LSTM_Change_in_Load ---
Trial 9: Training model...
Trial 9: Validation Score (mae, scaled) = 0.111221

--- Optuna Trial 10 for LSTM_Change_in_Load ---
Trial 10: Training model...
Trial 10: Validation Score (mae, scaled) = 0.094267

--- Optuna Trial 11 for LSTM_Change_in_Load ---
Trial 11: Training model...
Trial 11: Validation Score (mae, scaled) = 0.092667

--- Optuna Trial 12 for LSTM_Change_in_Load ---
Trial 12: Training model...
Trial 12: Validation Score (mae, scaled) = 0.099146

--- Optuna Trial 13 for LSTM_Change_in_Load ---
Trial 13: Training model...
Trial 13: Validation Score (mae, scaled) = 0.092723

--- Optuna Trial 14 for LSTM_Change_in_Load ---
Trial 14: Training model...
Trial 14: Validation Score (mae, scaled) = 0.093993

--- Optuna Trial 15 for LSTM_Change_in_Load ---
Trial 15: Training model...
Trial 15: Validation Score (mae, scaled) = 0.093490

--- Optuna Trial 16 for LSTM_Change_in_Load ---
Trial 16: Training model...[I 2025-04-14 17:51:44,941] A new study created in memory with name: tune-3-LSTM_Baseload-24hr
[I 2025-04-14 17:51:49,902] Trial 0 finished with value: 0.0765526071190834 and parameters: {'n_lstm_layers': 1, 'lstm_units': 58, 'n_dense_layers': 2, 'lstm_dropout_0': 0.2593707244949722, 'dense_units_0': 32, 'dense_dropout_0': 0.344612502156762, 'dense_units_1': 39, 'dense_dropout_1': 0.1531717760518912, 'learning_rate': 0.0003141695038334125}. Best is trial 0 with value: 0.0765526071190834.
[I 2025-04-14 17:51:55,066] Trial 1 finished with value: 0.1272897720336914 and parameters: {'n_lstm_layers': 1, 'lstm_units': 116, 'n_dense_layers': 2, 'lstm_dropout_0': 0.1206716199390578, 'dense_units_0': 57, 'dense_dropout_0': 0.11327749659332853, 'dense_units_1': 23, 'dense_dropout_1': 0.3271344899532034, 'learning_rate': 0.0001507279144384034}. Best is trial 0 with value: 0.0765526071190834.
[I 2025-04-14 17:52:02,265] Trial 2 finished with value: 0.12358853965997696 and parameters: {'n_lstm_layers': 2, 'lstm_units': 97, 'n_dense_layers': 1, 'lstm_dropout_0': 0.430579340246371, 'lstm_dropout_1': 0.10572466448678597, 'dense_units_0': 21, 'dense_dropout_0': 0.24173863009426155, 'learning_rate': 0.0001668863921193942}. Best is trial 0 with value: 0.0765526071190834.
[I 2025-04-14 17:52:09,685] Trial 3 finished with value: 0.058056168258190155 and parameters: {'n_lstm_layers': 2, 'lstm_units': 34, 'n_dense_layers': 2, 'lstm_dropout_0': 0.3065296130910681, 'lstm_dropout_1': 0.2009795898196957, 'dense_units_0': 29, 'dense_dropout_0': 0.23069408565500835, 'dense_units_1': 40, 'dense_dropout_1': 0.22249675487718573, 'learning_rate': 0.001652594653320424}. Best is trial 3 with value: 0.058056168258190155.
[I 2025-04-14 17:52:16,783] Trial 4 finished with value: 0.06646381318569183 and parameters: {'n_lstm_layers': 2, 'lstm_units': 52, 'n_dense_layers': 0, 'lstm_dropout_0': 0.31862413837214243, 'lstm_dropout_1': 0.4028971971414773, 'learning_rate': 0.00030824254161438726}. Best is trial 3 with value: 0.058056168258190155.
[I 2025-04-14 17:52:24,364] Trial 5 finished with value: 0.08903960883617401 and parameters: {'n_lstm_layers': 2, 'lstm_units': 120, 'n_dense_layers': 2, 'lstm_dropout_0': 0.18469532821529955, 'lstm_dropout_1': 0.36619293639563855, 'dense_units_0': 22, 'dense_dropout_0': 0.1250887043867681, 'dense_units_1': 43, 'dense_dropout_1': 0.46419687527656084, 'learning_rate': 0.0003436037014763251}. Best is trial 3 with value: 0.058056168258190155.
[I 2025-04-14 17:52:28,669] Trial 6 finished with value: 0.05361509695649147 and parameters: {'n_lstm_layers': 1, 'lstm_units': 70, 'n_dense_layers': 0, 'lstm_dropout_0': 0.494957108791353, 'learning_rate': 0.007510391505539189}. Best is trial 6 with value: 0.05361509695649147.
[I 2025-04-14 17:52:32,769] Trial 7 finished with value: 0.0561872236430645 and parameters: {'n_lstm_layers': 1, 'lstm_units': 89, 'n_dense_layers': 0, 'lstm_dropout_0': 0.20994840139152995, 'learning_rate': 0.0019168070932699267}. Best is trial 6 with value: 0.05361509695649147.
[I 2025-04-14 17:52:39,983] Trial 8 finished with value: 0.10387089848518372 and parameters: {'n_lstm_layers': 2, 'lstm_units': 92, 'n_dense_layers': 1, 'lstm_dropout_0': 0.289747442481173, 'lstm_dropout_1': 0.1344870427457491, 'dense_units_0': 27, 'dense_dropout_0': 0.48227028486650325, 'learning_rate': 0.00029164005314364673}. Best is trial 6 with value: 0.05361509695649147.
[I 2025-04-14 17:52:46,448] Trial 9 finished with value: 0.054430972784757614 and parameters: {'n_lstm_layers': 2, 'lstm_units': 114, 'n_dense_layers': 1, 'lstm_dropout_0': 0.1751942944667922, 'lstm_dropout_1': 0.14399895651278585, 'dense_units_0': 36, 'dense_dropout_0': 0.33837509747490563, 'learning_rate': 0.009781894692397299}. Best is trial 6 with value: 0.05361509695649147.
[I 2025-04-14 17:52:50,430] Trial 10 finished with value: 0.056120067834854126 and parameters: {'n_lstm_layers': 1, 'lstm_units': 41, 'n_dense_layers': 0, 'lstm_dropout_0': 0.49583924597820755, 'learning_rate': 0.009161192180323}. Best is trial 6 with value: 0.05361509695649147.
[I 2025-04-14 17:52:55,251] Trial 11 finished with value: 0.053224772214889526 and parameters: {'n_lstm_layers': 1, 'lstm_units': 73, 'n_dense_layers': 1, 'lstm_dropout_0': 0.3728473852130089, 'dense_units_0': 47, 'dense_dropout_0': 0.3847274684317129, 'learning_rate': 0.008504021355281777}. Best is trial 11 with value: 0.053224772214889526.
[I 2025-04-14 17:52:59,180] Trial 12 finished with value: 0.057361066341400146 and parameters: {'n_lstm_layers': 1, 'lstm_units': 75, 'n_dense_layers': 0, 'lstm_dropout_0': 0.4002906831592256, 'learning_rate': 0.004192314887349906}. Best is trial 11 with value: 0.053224772214889526.
[I 2025-04-14 17:53:03,659] Trial 13 finished with value: 0.054022349417209625 and parameters: {'n_lstm_layers': 1, 'lstm_units': 65, 'n_dense_layers': 1, 'lstm_dropout_0': 0.4992286472903188, 'dense_units_0': 55, 'dense_dropout_0': 0.45878923458403903, 'learning_rate': 0.004150926170160678}. Best is trial 11 with value: 0.053224772214889526.
[I 2025-04-14 17:53:07,610] Trial 14 finished with value: 0.05725695937871933 and parameters: {'n_lstm_layers': 1, 'lstm_units': 74, 'n_dense_layers': 0, 'lstm_dropout_0': 0.3941443430245511, 'learning_rate': 0.004178581277342826}. Best is trial 11 with value: 0.053224772214889526.
[I 2025-04-14 17:53:12,419] Trial 15 finished with value: 0.06347048282623291 and parameters: {'n_lstm_layers': 1, 'lstm_units': 48, 'n_dense_layers': 1, 'lstm_dropout_0': 0.4417141991811425, 'dense_units_0': 43, 'dense_dropout_0': 0.40213356807866635, 'learning_rate': 0.0010155653354267783}. Best is trial 11 with value: 0.053224772214889526.
[I 2025-04-14 17:53:15,734] Trial 16 finished with value: 0.05892118811607361 and parameters: {'n_lstm_layers': 1, 'lstm_units': 75, 'n_dense_layers': 0, 'lstm_dropout_0': 0.3675862468486055, 'learning_rate': 0.005916663168712089}. Best is trial 11 with value: 0.053224772214889526.
[I 2025-04-14 17:53:20,147] Trial 17 finished with value: 0.06179671734571457 and parameters: {'n_lstm_layers': 1, 'lstm_units': 64, 'n_dense_layers': 1, 'lstm_dropout_0': 0.3515753217035035, 'dense_units_0': 16, 'dense_dropout_0': 0.26185087350558184, 'learning_rate': 0.0021594692907117015}. Best is trial 11 with value: 0.053224772214889526.
[I 2025-04-14 17:53:24,872] Trial 18 finished with value: 0.06721962988376617 and parameters: {'n_lstm_layers': 1, 'lstm_units': 46, 'n_dense_layers': 1, 'lstm_dropout_0': 0.446527446733902, 'dense_units_0': 45, 'dense_dropout_0': 0.40508631330567674, 'learning_rate': 0.0007095039845958852}. Best is trial 11 with value: 0.053224772214889526.
