[I 2025-04-14 17:42:08,167] Trial 0 finished with value: 0.06356934458017349 and parameters: {'n_lstm_layers': 1, 'lstm_units': 96, 'n_dense_layers': 2, 'lstm_dropout_0': 0.31637930655128765, 'dense_units_0': 19, 'dense_dropout_0': 0.49456125802881545, 'dense_units_1': 31, 'dense_dropout_1': 0.2575134340185266, 'learning_rate': 0.0033451631813684298}. Best is trial 0 with value: 0.06356934458017349.
Selecting model for Feeder 1, Arch: ANN_Baseload, Scenario: Day, Version: None
Error: No matching model found for criteria: Feeder=1, Arch=ANN_Baseload, Scenario=Day, Version=None
Warning: No existing model found for Feeder=1, Arch=ANN_Baseload, Scenario=Day. Cannot get scalers. Skipping.

--- Tuning: Arch=ANN_Baseload, Scenario=Night ---
Loading existing model artifact to get scalers/columns...
Selecting model for Feeder 1, Arch: ANN_Baseload, Scenario: Night, Version: None
Error: No matching model found for criteria: Feeder=1, Arch=ANN_Baseload, Scenario=Night, Version=None
Warning: No existing model found for Feeder=1, Arch=ANN_Baseload, Scenario=Night. Cannot get scalers. Skipping.

--- Tuning: Arch=ANN_Change_in_Load, Scenario=24hr ---
Loading existing model artifact to get scalers/columns...
Selecting model for Feeder 1, Arch: ANN_Change_in_Load, Scenario: 24hr, Version: None
Selected Model ID: 87, Version: v1.0_automated_training_20250414021805, Path Info: {"keras_model": "models/feeder_1/ANN_Change_in_Load_24hr_v1.0_automated_training_20250414021805.keras", "scalers_pkl": "models/feeder_1/ANN_Change_in_Load_24hr_v1.0_automated_training_20250414021805_scalers.pkl"}
Loading artifact(s) based on path info: {'keras_model': 'models/feeder_1/ANN_Change_in_Load_24hr_v1.0_automated_training_20250414021805.keras', 'scalers_pkl': 'models/feeder_1/ANN_Change_in_Load_24hr_v1.0_automated_training_20250414021805_scalers.pkl'}
Detected separate Keras model (models/feeder_1/ANN_Change_in_Load_24hr_v1.0_automated_training_20250414021805.keras) and scalers (models/feeder_1/ANN_Change_in_Load_24hr_v1.0_automated_training_20250414021805_scalers.pkl).
Downloading Keras model to: H:\My Drive\Barbados_Forecasting_Tool_Final\tmp\ANN_Change_in_Load_24hr_v1.0_automated_training_20250414021805.keras
Keras model downloaded. Loading...
Keras model loaded.
Downloading scalers pickle to: H:\My Drive\Barbados_Forecasting_Tool_Final\tmp\ANN_Change_in_Load_24hr_v1.0_automated_training_20250414021805_scalers.pkl
Scalers pickle downloaded. Loading...
Scalers pickle loaded.
Cleaned up temporary file: H:\My Drive\Barbados_Forecasting_Tool_Final\tmp\ANN_Change_in_Load_24hr_v1.0_automated_training_20250414021805.keras
Cleaned up temporary file: H:\My Drive\Barbados_Forecasting_Tool_Final\tmp\ANN_Change_in_Load_24hr_v1.0_automated_training_20250414021805_scalers.pkl
Preparing training and validation data using loaded scalers...
Starting feature engineering for scenario: 24hr...
Pivoting data into daily vectors...
Reshaped data: X shape (150, 177), y shape (150, 24)
Transforming data using provided scalers (X and y)...
Data transformed.
Starting feature engineering for scenario: 24hr...
Pivoting data into daily vectors...
Reshaped data: X shape (31, 177), y shape (31, 24)
Transforming data using provided scalers (X and y)...
Data transformed.
Starting Optuna optimization (25 trials)...

--- Optuna Trial 0 for ANN_Change_in_Load ---
Trial 0: Training model...
Trial 0: Validation Score (mae, scaled) = 0.081075

--- Optuna Trial 1 for ANN_Change_in_Load ---
Trial 1: Training model...
Trial 1: Validation Score (mae, scaled) = 0.063270

--- Optuna Trial 2 for ANN_Change_in_Load ---
Trial 2: Training model...
Trial 2: Validation Score (mae, scaled) = 0.065403

--- Optuna Trial 3 for ANN_Change_in_Load ---
Trial 3: Training model...
Trial 3: Validation Score (mae, scaled) = 0.201089

--- Optuna Trial 4 for ANN_Change_in_Load ---
Trial 4: Training model...
Trial 4: Validation Score (mae, scaled) = 0.064947

--- Optuna Trial 5 for ANN_Change_in_Load ---
Trial 5: Training model...
Trial 5: Validation Score (mae, scaled) = 0.064833

--- Optuna Trial 6 for ANN_Change_in_Load ---
Trial 6: Training model...
Trial 6: Validation Score (mae, scaled) = 0.064409

--- Optuna Trial 7 for ANN_Change_in_Load ---
Trial 7: Training model...
Trial 7: Validation Score (mae, scaled) = 0.093408

--- Optuna Trial 8 for ANN_Change_in_Load ---
Trial 8: Training model...
Trial 8: Validation Score (mae, scaled) = 0.069240

--- Optuna Trial 9 for ANN_Change_in_Load ---
Trial 9: Training model...
Trial 9: Validation Score (mae, scaled) = 0.097853

--- Optuna Trial 10 for ANN_Change_in_Load ---
Trial 10: Training model...
Trial 10: Validation Score (mae, scaled) = 0.074276

--- Optuna Trial 11 for ANN_Change_in_Load ---
Trial 11: Training model...
Trial 11: Validation Score (mae, scaled) = 0.066242

--- Optuna Trial 12 for ANN_Change_in_Load ---
Trial 12: Training model...
Trial 12: Validation Score (mae, scaled) = 0.065116

--- Optuna Trial 13 for ANN_Change_in_Load ---
Trial 13: Training model...
Trial 13: Validation Score (mae, scaled) = 0.082756

--- Optuna Trial 14 for ANN_Change_in_Load ---
Trial 14: Training model...
Trial 14: Validation Score (mae, scaled) = 0.061728

--- Optuna Trial 15 for ANN_Change_in_Load ---
Trial 15: Training model...
Trial 15: Validation Score (mae, scaled) = 0.066450

--- Optuna Trial 16 for ANN_Change_in_Load ---
Trial 16: Training model...
Trial 16: Validation Score (mae, scaled) = 0.065038

--- Optuna Trial 17 for ANN_Change_in_Load ---
Trial 17: Training model...
Trial 17: Validation Score (mae, scaled) = 0.101612

--- Optuna Trial 18 for ANN_Change_in_Load ---
Trial 18: Training model...
Trial 18: Validation Score (mae, scaled) = 0.107616

--- Optuna Trial 19 for ANN_Change_in_Load ---
Trial 19: Training model...
Trial 19: Validation Score (mae, scaled) = 0.065649

--- Optuna Trial 20 for ANN_Change_in_Load ---
Trial 20: Training model...
Trial 20: Validation Score (mae, scaled) = 0.079120

--- Optuna Trial 21 for ANN_Change_in_Load ---
Trial 21: Training model...
Trial 21: Validation Score (mae, scaled) = 0.063587

--- Optuna Trial 22 for ANN_Change_in_Load ---
Trial 22: Training model...
Trial 22: Validation Score (mae, scaled) = 0.065088

--- Optuna Trial 23 for ANN_Change_in_Load ---
Trial 23: Training model...
Trial 23: Validation Score (mae, scaled) = 0.063713

--- Optuna Trial 24 for ANN_Change_in_Load ---
Trial 24: Training model...
Trial 24: Validation Score (mae, scaled) = 0.067805

--- Best Results for Feeder=1, Arch=ANN_Change_in_Load, Scenario=24hr ---
Best Validation Score (mae, scaled): 0.061728
Best Hyperparameters:
  n_layers: 3
  units_layer_0: 67
  dropout_layer_0: 0.18743639333565498
  units_layer_1: 146
  dropout_layer_1: 0.21560215568540808
  units_layer_2: 35
  dropout_layer_2: 0.4145244715036238
  learning_rate: 0.004839588117070405

--- Tuning: Arch=ANN_Change_in_Load, Scenario=Day ---
Loading existing model artifact to get scalers/columns...
Selecting model for Feeder 1, Arch: ANN_Change_in_Load, Scenario: Day, Version: None
Error: No matching model found for criteria: Feeder=1, Arch=ANN_Change_in_Load, Scenario=Day, Version=None
Warning: No existing model found for Feeder=1, Arch=ANN_Change_in_Load, Scenario=Day. Cannot get scalers. Skipping.

--- Tuning: Arch=ANN_Change_in_Load, Scenario=Night ---
Loading existing model artifact to get scalers/columns...
Selecting model for Feeder 1, Arch: ANN_Change_in_Load, Scenario: Night, Version: None
Error: No matching model found for criteria: Feeder=1, Arch=ANN_Change_in_Load, Scenario=Night, Version=None
Warning: No existing model found for Feeder=1, Arch=ANN_Change_in_Load, Scenario=Night. Cannot get scalers. Skipping.

--- Tuning: Arch=LSTM_Baseload, Scenario=24hr ---
Loading existing model artifact to get scalers/columns...
Selecting model for Feeder 1, Arch: LSTM_Baseload, Scenario: 24hr, Version: None
Selected Model ID: 141, Version: v1.1_Final_Forecasting_20250414170314, Path Info: {"keras_model": "models/feeder_1/LSTM_Baseload_24hr_v1.1_Final_Forecasting_20250414170314.keras", "scalers_pkl": "models/feeder_1/LSTM_Baseload_24hr_v1.1_Final_Forecasting_20250414170314_scalers.pkl"}
Loading artifact(s) based on path info: {'keras_model': 'models/feeder_1/LSTM_Baseload_24hr_v1.1_Final_Forecasting_20250414170314.keras', 'scalers_pkl': 'models/feeder_1/LSTM_Baseload_24hr_v1.1_Final_Forecasting_20250414170314_scalers.pkl'}
[I 2025-04-14 17:42:16,119] Trial 1 finished with value: 0.07324329018592834 and parameters: {'n_lstm_layers': 2, 'lstm_units': 53, 'n_dense_layers': 1, 'lstm_dropout_0': 0.3152456977372802, 'lstm_dropout_1': 0.2480179538245995, 'dense_units_0': 30, 'dense_dropout_0': 0.10043915268125687, 'learning_rate': 0.0003325974055041913}. Best is trial 0 with value: 0.06356934458017349.
[I 2025-04-14 17:42:21,119] Trial 2 finished with value: 0.08491423726081848 and parameters: {'n_lstm_layers': 1, 'lstm_units': 55, 'n_dense_layers': 0, 'lstm_dropout_0': 0.309168542075241, 'learning_rate': 0.00013242016799065124}. Best is trial 0 with value: 0.06356934458017349.
[I 2025-04-14 17:42:28,651] Trial 3 finished with value: 0.06298096477985382 and parameters: {'n_lstm_layers': 2, 'lstm_units': 118, 'n_dense_layers': 0, 'lstm_dropout_0': 0.28366893290606343, 'lstm_dropout_1': 0.4624381084552558, 'learning_rate': 0.0009981080909695092}. Best is trial 3 with value: 0.06298096477985382.
[I 2025-04-14 17:42:33,822] Trial 4 finished with value: 0.08081907778978348 and parameters: {'n_lstm_layers': 1, 'lstm_units': 58, 'n_dense_layers': 0, 'lstm_dropout_0': 0.22487214626274055, 'learning_rate': 0.0001352216110755787}. Best is trial 3 with value: 0.06298096477985382.
[I 2025-04-14 17:42:38,818] Trial 5 finished with value: 0.1343502551317215 and parameters: {'n_lstm_layers': 1, 'lstm_units': 56, 'n_dense_layers': 1, 'lstm_dropout_0': 0.3302608420879015, 'dense_units_0': 17, 'dense_dropout_0': 0.42835056451327047, 'learning_rate': 0.0004022570819593781}. Best is trial 3 with value: 0.06298096477985382.
[I 2025-04-14 17:42:43,585] Trial 6 finished with value: 0.06596310436725616 and parameters: {'n_lstm_layers': 1, 'lstm_units': 95, 'n_dense_layers': 1, 'lstm_dropout_0': 0.43800021948246093, 'dense_units_0': 43, 'dense_dropout_0': 0.32259275746914806, 'learning_rate': 0.0013602332824807438}. Best is trial 3 with value: 0.06298096477985382.
[I 2025-04-14 17:42:47,772] Trial 7 finished with value: 0.06320343166589737 and parameters: {'n_lstm_layers': 1, 'lstm_units': 84, 'n_dense_layers': 1, 'lstm_dropout_0': 0.4431068710958015, 'dense_units_0': 21, 'dense_dropout_0': 0.3171684874333952, 'learning_rate': 0.004401208916660354}. Best is trial 3 with value: 0.06298096477985382.
[I 2025-04-14 17:42:55,584] Trial 8 finished with value: 0.1224629282951355 and parameters: {'n_lstm_layers': 2, 'lstm_units': 83, 'n_dense_layers': 2, 'lstm_dropout_0': 0.32064056589933365, 'lstm_dropout_1': 0.16140710789764082, 'dense_units_0': 22, 'dense_dropout_0': 0.4762703010779129, 'dense_units_1': 35, 'dense_dropout_1': 0.3144837963878891, 'learning_rate': 0.00034391731227838084}. Best is trial 3 with value: 0.06298096477985382.
[I 2025-04-14 17:42:59,326] Trial 9 finished with value: 0.06798364967107773 and parameters: {'n_lstm_layers': 1, 'lstm_units': 39, 'n_dense_layers': 0, 'lstm_dropout_0': 0.3360492207720379, 'learning_rate': 0.004551534640500206}. Best is trial 3 with value: 0.06298096477985382.
[I 2025-04-14 17:43:07,102] Trial 10 finished with value: 0.06003035977482796 and parameters: {'n_lstm_layers': 2, 'lstm_units': 125, 'n_dense_layers': 0, 'lstm_dropout_0': 0.10600942538360766, 'lstm_dropout_1': 0.4996540222225695, 'learning_rate': 0.0015882846404082131}. Best is trial 10 with value: 0.06003035977482796.
[I 2025-04-14 17:43:14,586] Trial 11 finished with value: 0.06268446147441864 and parameters: {'n_lstm_layers': 2, 'lstm_units': 124, 'n_dense_layers': 0, 'lstm_dropout_0': 0.10321158944074926, 'lstm_dropout_1': 0.4970675428431445, 'learning_rate': 0.0012669001557514773}. Best is trial 10 with value: 0.06003035977482796.
[I 2025-04-14 17:43:22,030] Trial 12 finished with value: 0.06233617663383484 and parameters: {'n_lstm_layers': 2, 'lstm_units': 127, 'n_dense_layers': 0, 'lstm_dropout_0': 0.10485933577243925, 'lstm_dropout_1': 0.49976595303227833, 'learning_rate': 0.0015416662335027722}. Best is trial 10 with value: 0.06003035977482796.
[I 2025-04-14 17:43:29,573] Trial 13 finished with value: 0.06039515510201454 and parameters: {'n_lstm_layers': 2, 'lstm_units': 128, 'n_dense_layers': 0, 'lstm_dropout_0': 0.10003103484803205, 'lstm_dropout_1': 0.382728278642502, 'learning_rate': 0.009536834831092376}. Best is trial 10 with value: 0.06003035977482796.
[I 2025-04-14 17:43:36,927] Trial 14 finished with value: 0.059979457408189774 and parameters: {'n_lstm_layers': 2, 'lstm_units': 73, 'n_dense_layers': 0, 'lstm_dropout_0': 0.17479099007116988, 'lstm_dropout_1': 0.3665487174639004, 'learning_rate': 0.009255883115117245}. Best is trial 14 with value: 0.059979457408189774.
[I 2025-04-14 17:43:44,411] Trial 15 finished with value: 0.06101757660508156 and parameters: {'n_lstm_layers': 2, 'lstm_units': 41, 'n_dense_layers': 1, 'lstm_dropout_0': 0.16877630931119755, 'lstm_dropout_1': 0.3562098314616807, 'dense_units_0': 62, 'dense_dropout_0': 0.12700915066532514, 'learning_rate': 0.00803080066997102}. Best is trial 14 with value: 0.059979457408189774.
[I 2025-04-14 17:43:51,821] Trial 16 finished with value: 0.061989519745111465 and parameters: {'n_lstm_layers': 2, 'lstm_units': 73, 'n_dense_layers': 0, 'lstm_dropout_0': 0.18567018347926958, 'lstm_dropout_1': 0.3962588300233852, 'learning_rate': 0.0024969712260477306}. Best is trial 14 with value: 0.059979457408189774.
[I 2025-04-14 17:43:59,351] Trial 17 finished with value: 0.11787314713001251 and parameters: {'n_lstm_layers': 2, 'lstm_units': 68, 'n_dense_layers': 2, 'lstm_dropout_0': 0.16536697348940577, 'lstm_dropout_1': 0.27215430805721336, 'dense_units_0': 63, 'dense_dropout_0': 0.2236809257627487, 'dense_units_1': 16, 'dense_dropout_1': 0.49497018576978646, 'learning_rate': 0.0005855598415920706}. Best is trial 14 with value: 0.059979457408189774.
[I 2025-04-14 17:44:06,946] Trial 18 finished with value: 0.061417341232299805 and parameters: {'n_lstm_layers': 2, 'lstm_units': 46, 'n_dense_layers': 0, 'lstm_dropout_0': 0.23932477262676644, 'lstm_dropout_1': 0.3355426666026946, 'learning_rate': 0.006131960018553113}. Best is trial 14 with value: 0.059979457408189774.
[I 2025-04-14 17:44:14,357] Trial 19 finished with value: 0.0640738308429718 and parameters: {'n_lstm_layers': 2, 'lstm_units': 34, 'n_dense_layers': 1, 'lstm_dropout_0': 0.14825220762383304, 'lstm_dropout_1': 0.42569253366807003, 'dense_units_0': 34, 'dense_dropout_0': 0.24125451232274453, 'learning_rate': 0.0022818257836038245}. Best is trial 14 with value: 0.059979457408189774.
[I 2025-04-14 17:44:21,808] Trial 20 finished with value: 0.06981906294822693 and parameters: {'n_lstm_layers': 2, 'lstm_units': 104, 'n_dense_layers': 1, 'lstm_dropout_0': 0.22425233123429578, 'lstm_dropout_1': 0.20730168638778146, 'dense_units_0': 45, 'dense_dropout_0': 0.41587616851557574, 'learning_rate': 0.0005429484759972544}. Best is trial 14 with value: 0.059979457408189774.
[I 2025-04-14 17:44:29,337] Trial 21 finished with value: 0.06046343594789505 and parameters: {'n_lstm_layers': 2, 'lstm_units': 105, 'n_dense_layers': 0, 'lstm_dropout_0': 0.13085062243437157, 'lstm_dropout_1': 0.3803542535332937, 'learning_rate': 0.009365659286455046}. Best is trial 14 with value: 0.059979457408189774.
[I 2025-04-14 17:44:36,719] Trial 22 finished with value: 0.05990295112133026 and parameters: {'n_lstm_layers': 2, 'lstm_units': 79, 'n_dense_layers': 0, 'lstm_dropout_0': 0.10039998011565632, 'lstm_dropout_1': 0.3146228283196653, 'learning_rate': 0.005853592387776404}. Best is trial 22 with value: 0.05990295112133026.
[I 2025-04-14 17:44:44,086] Trial 23 finished with value: 0.06068035215139389 and parameters: {'n_lstm_layers': 2, 'lstm_units': 77, 'n_dense_layers': 0, 'lstm_dropout_0': 0.1904125400319039, 'lstm_dropout_1': 0.31196748157761534, 'learning_rate': 0.005699869736807298}. Best is trial 22 with value: 0.05990295112133026.
[I 2025-04-14 17:44:51,693] Trial 24 finished with value: 0.061083100736141205 and parameters: {'n_lstm_layers': 2, 'lstm_units': 64, 'n_dense_layers': 0, 'lstm_dropout_0': 0.13303743674628365, 'lstm_dropout_1': 0.28934610350010703, 'learning_rate': 0.0026685040886103226}. Best is trial 22 with value: 0.05990295112133026.
[I 2025-04-14 17:44:52,986] A new study created in memory with name: tune-2-LightGBM_Baseline-24hr
[I 2025-04-14 17:44:57,209] Trial 0 finished with value: 0.22991795946987428 and parameters: {'n_estimators': 50, 'learning_rate': 0.001462262640198746, 'num_leaves': 56, 'max_depth': 5, 'min_child_samples': 9, 'subsample': 0.8415234790817967, 'colsample_bytree': 0.9851207265351708, 'reg_alpha': 3.164671882106437e-05, 'reg_lambda': 0.009512182608512198}. Best is trial 0 with value: 0.22991795946987428.
[I 2025-04-14 17:44:57,685] Trial 1 finished with value: 0.12065578702719991 and parameters: {'n_estimators': 97, 'learning_rate': 0.23145920104784123, 'num_leaves': 25, 'max_depth': 6, 'min_child_samples': 34, 'subsample': 0.9081477356838645, 'colsample_bytree': 0.5006455885450215, 'reg_alpha': 0.020334575397931612, 'reg_lambda': 0.00016017782156290701}. Best is trial 1 with value: 0.12065578702719991.
[I 2025-04-14 17:44:58,130] Trial 2 finished with value: 0.2225661151767555 and parameters: {'n_estimators': 94, 'learning_rate': 0.0038729137240535285, 'num_leaves': 24, 'max_depth': 12, 'min_child_samples': 45, 'subsample': 0.6634495952747674, 'colsample_bytree': 0.5960464831948887, 'reg_alpha': 0.01219125692281291, 'reg_lambda': 7.676200822263377e-06}. Best is trial 1 with value: 0.12065578702719991.
[I 2025-04-14 17:44:59,050] Trial 3 finished with value: 0.1906267476186684 and parameters: {'n_estimators': 193, 'learning_rate': 0.002533115500510644, 'num_leaves': 37, 'max_depth': 7, 'min_child_samples': 26, 'subsample': 0.5329611856061522, 'colsample_bytree': 0.7250538752411027, 'reg_alpha': 0.1636017673424478, 'reg_lambda': 1.015244372503861e-06}. Best is trial 1 with value: 0.12065578702719991.
[I 2025-04-14 17:44:59,585] Trial 4 finished with value: 0.09171297097580035 and parameters: {'n_estimators': 73, 'learning_rate': 0.16494242595095507, 'num_leaves': 49, 'max_depth': 3, 'min_child_samples': 14, 'subsample': 0.5988240151343207, 'colsample_bytree': 0.8013284743960083, 'reg_alpha': 2.0251231679776354e-08, 'reg_lambda': 0.0009687043359664956}. Best is trial 4 with value: 0.09171297097580035.
[I 2025-04-14 17:45:01,018] Trial 5 finished with value: 0.09762849117917194 and parameters: {'n_estimators': 263, 'learning_rate': 0.017333668002032003, 'num_leaves': 52, 'max_depth': 3, 'min_child_samples': 9, 'subsample': 0.5079531168347964, 'colsample_bytree': 0.5598057497423297, 'reg_alpha': 0.013344379263178144, 'reg_lambda': 1.3803387240453834e-06}. Best is trial 4 with value: 0.09171297097580035.
[I 2025-04-14 17:45:01,715] Trial 6 finished with value: 0.18387473016594305 and parameters: {'n_estimators': 161, 'learning_rate': 0.003964723481272398, 'num_leaves': 32, 'max_depth': 12, 'min_child_samples': 35, 'subsample': 0.9865926637797237, 'colsample_bytree': 0.7051482769685824, 'reg_alpha': 0.0028481528558021003, 'reg_lambda': 0.7214166334893258}. Best is trial 4 with value: 0.09171297097580035.
[I 2025-04-14 17:45:04,307] Trial 7 finished with value: 0.09867145428697947 and parameters: {'n_estimators': 218, 'learning_rate': 0.01296954348649462, 'num_leaves': 34, 'max_depth': 6, 'min_child_samples': 5, 'subsample': 0.9241753748065432, 'colsample_bytree': 0.8292938203761787, 'reg_alpha': 0.00028522413647379547, 'reg_lambda': 0.24651266595614654}. Best is trial 4 with value: 0.09171297097580035.
[I 2025-04-14 17:45:04,996] Trial 8 finished with value: 0.20028947292851393 and parameters: {'n_estimators': 179, 'learning_rate': 0.006058935095723737, 'num_leaves': 15, 'max_depth': 10, 'min_child_samples': 45, 'subsample': 0.5178143257272649, 'colsample_bytree': 0.859260410678929, 'reg_alpha': 4.4866718168074185e-07, 'reg_lambda': 1.797945683131077e-05}. Best is trial 4 with value: 0.09171297097580035.
[I 2025-04-14 17:45:05,800] Trial 9 finished with value: 0.19163791759990426 and parameters: {'n_estimators': 132, 'learning_rate': 0.003342494378382634, 'num_leaves': 41, 'max_depth': 6, 'min_child_samples': 20, 'subsample': 0.7240670057081278, 'colsample_bytree': 0.5840460822542788, 'reg_alpha': 1.0160757855143994e-08, 'reg_lambda': 2.4068910394611277e-07}. Best is trial 4 with value: 0.09171297097580035.
[I 2025-04-14 17:45:06,254] Trial 10 finished with value: 0.09649770910368342 and parameters: {'n_estimators': 51, 'learning_rate': 0.28826950794881767, 'num_leaves': 47, 'max_depth': 3, 'min_child_samples': 18, 'subsample': 0.65583624900042, 'colsample_bytree': 0.9893999965528749, 'reg_alpha': 1.2100468860132773e-08, 'reg_lambda': 1.055024255261524e-08}. Best is trial 4 with value: 0.09171297097580035.
[I 2025-04-14 17:45:06,695] Trial 11 finished with value: 0.09724480378864349 and parameters: {'n_estimators': 50, 'learning_rate': 0.25645386990572816, 'num_leaves': 47, 'max_depth': 3, 'min_child_samples': 18, 'subsample': 0.6429708670992434, 'colsample_bytree': 0.9884267001836601, 'reg_alpha': 1.2213552636075782e-08, 'reg_lambda': 1.4200675437457241e-08}. Best is trial 4 with value: 0.09171297097580035.
[I 2025-04-14 17:45:07,562] Trial 12 finished with value: 0.09510729739369816 and parameters: {'n_estimators': 97, 'learning_rate': 0.07358962467323284, 'num_leaves': 59, 'max_depth': 4, 'min_child_samples': 16, 'subsample': 0.619048603179286, 'colsample_bytree': 0.8743852802461433, 'reg_alpha': 6.716756209825724e-07, 'reg_lambda': 0.0006794004891916874}. Best is trial 4 with value: 0.09171297097580035.
