[I 2025-04-14 17:56:29,064] Trial 24 finished with value: 0.04528135806322098 and parameters: {'n_lstm_layers': 2, 'lstm_units': 43, 'n_dense_layers': 0, 'lstm_dropout_0': 0.3697719058482063, 'lstm_dropout_1': 0.37036829436994445, 'learning_rate': 0.006357433980944923}. Best is trial 16 with value: 0.04508097097277641.
  subsample: 0.5829821236998173
  colsample_bytree: 0.9072033258167731
  reg_alpha: 1.4896384584284221e-06
  reg_lambda: 0.024113614875541957

--- Tuning: Arch=LightGBM_Baseline, Scenario=Day ---
Loading existing model artifact to get scalers/columns...
Selecting model for Feeder 3, Arch: LightGBM_Baseline, Scenario: Day, Version: None
Error: No matching model found for criteria: Feeder=3, Arch=LightGBM_Baseline, Scenario=Day, Version=None
Warning: No existing model found for Feeder=3, Arch=LightGBM_Baseline, Scenario=Day. Cannot get scalers. Skipping.

--- Tuning: Arch=LightGBM_Baseline, Scenario=Night ---
Loading existing model artifact to get scalers/columns...
Selecting model for Feeder 3, Arch: LightGBM_Baseline, Scenario: Night, Version: None
Error: No matching model found for criteria: Feeder=3, Arch=LightGBM_Baseline, Scenario=Night, Version=None
Warning: No existing model found for Feeder=3, Arch=LightGBM_Baseline, Scenario=Night. Cannot get scalers. Skipping.

--- Tuning: Arch=ANN_Baseload, Scenario=24hr ---
Loading existing model artifact to get scalers/columns...
Selecting model for Feeder 3, Arch: ANN_Baseload, Scenario: 24hr, Version: None
Error: No matching model found for criteria: Feeder=3, Arch=ANN_Baseload, Scenario=24hr, Version=None
Warning: No existing model found for Feeder=3, Arch=ANN_Baseload, Scenario=24hr. Cannot get scalers. Skipping.

--- Tuning: Arch=ANN_Baseload, Scenario=Day ---
Loading existing model artifact to get scalers/columns...
Selecting model for Feeder 3, Arch: ANN_Baseload, Scenario: Day, Version: None
Error: No matching model found for criteria: Feeder=3, Arch=ANN_Baseload, Scenario=Day, Version=None
Warning: No existing model found for Feeder=3, Arch=ANN_Baseload, Scenario=Day. Cannot get scalers. Skipping.

--- Tuning: Arch=ANN_Baseload, Scenario=Night ---
Loading existing model artifact to get scalers/columns...
Selecting model for Feeder 3, Arch: ANN_Baseload, Scenario: Night, Version: None
Error: No matching model found for criteria: Feeder=3, Arch=ANN_Baseload, Scenario=Night, Version=None
Warning: No existing model found for Feeder=3, Arch=ANN_Baseload, Scenario=Night. Cannot get scalers. Skipping.

--- Tuning: Arch=ANN_Change_in_Load, Scenario=24hr ---
Loading existing model artifact to get scalers/columns...
Selecting model for Feeder 3, Arch: ANN_Change_in_Load, Scenario: 24hr, Version: None
Error: No matching model found for criteria: Feeder=3, Arch=ANN_Change_in_Load, Scenario=24hr, Version=None
Warning: No existing model found for Feeder=3, Arch=ANN_Change_in_Load, Scenario=24hr. Cannot get scalers. Skipping.

--- Tuning: Arch=ANN_Change_in_Load, Scenario=Day ---
Loading existing model artifact to get scalers/columns...
Selecting model for Feeder 3, Arch: ANN_Change_in_Load, Scenario: Day, Version: None
Error: No matching model found for criteria: Feeder=3, Arch=ANN_Change_in_Load, Scenario=Day, Version=None
Warning: No existing model found for Feeder=3, Arch=ANN_Change_in_Load, Scenario=Day. Cannot get scalers. Skipping.

--- Tuning: Arch=ANN_Change_in_Load, Scenario=Night ---
Loading existing model artifact to get scalers/columns...
Selecting model for Feeder 3, Arch: ANN_Change_in_Load, Scenario: Night, Version: None
Error: No matching model found for criteria: Feeder=3, Arch=ANN_Change_in_Load, Scenario=Night, Version=None
Warning: No existing model found for Feeder=3, Arch=ANN_Change_in_Load, Scenario=Night. Cannot get scalers. Skipping.

--- Tuning: Arch=LSTM_Baseload, Scenario=24hr ---
Loading existing model artifact to get scalers/columns...
Selecting model for Feeder 3, Arch: LSTM_Baseload, Scenario: 24hr, Version: None
Selected Model ID: 149, Version: v1.1_Final_Forecasting_20250414170409, Path Info: {"keras_model": "models/feeder_3/LSTM_Baseload_24hr_v1.1_Final_Forecasting_20250414170409.keras", "scalers_pkl": "models/feeder_3/LSTM_Baseload_24hr_v1.1_Final_Forecasting_20250414170409_scalers.pkl"}
Loading artifact(s) based on path info: {'keras_model': 'models/feeder_3/LSTM_Baseload_24hr_v1.1_Final_Forecasting_20250414170409.keras', 'scalers_pkl': 'models/feeder_3/LSTM_Baseload_24hr_v1.1_Final_Forecasting_20250414170409_scalers.pkl'}
Detected separate Keras model (models/feeder_3/LSTM_Baseload_24hr_v1.1_Final_Forecasting_20250414170409.keras) and scalers (models/feeder_3/LSTM_Baseload_24hr_v1.1_Final_Forecasting_20250414170409_scalers.pkl).
Downloading Keras model to: H:\My Drive\Barbados_Forecasting_Tool_Final\tmp\LSTM_Baseload_24hr_v1.1_Final_Forecasting_20250414170409.keras
Keras model downloaded. Loading...
Keras model loaded.
Downloading scalers pickle to: H:\My Drive\Barbados_Forecasting_Tool_Final\tmp\LSTM_Baseload_24hr_v1.1_Final_Forecasting_20250414170409_scalers.pkl
Scalers pickle downloaded. Loading...
Scalers pickle loaded.
Cleaned up temporary file: H:\My Drive\Barbados_Forecasting_Tool_Final\tmp\LSTM_Baseload_24hr_v1.1_Final_Forecasting_20250414170409.keras
Cleaned up temporary file: H:\My Drive\Barbados_Forecasting_Tool_Final\tmp\LSTM_Baseload_24hr_v1.1_Final_Forecasting_20250414170409_scalers.pkl
Preparing training and validation data using loaded scalers...
Starting feature engineering for scenario: 24hr...
Pivoting data into daily vectors...
Reshaped data: X shape (150, 177), y shape (150, 24)
Transforming data using provided scalers (X and y)...
Data transformed.
Starting feature engineering for scenario: 24hr...
Pivoting data into daily vectors...
Reshaped data: X shape (32, 177), y shape (32, 24)
Transforming data using provided scalers (X and y)...
Data transformed.
Starting Optuna optimization (25 trials)...

--- Optuna Trial 0 for LSTM_Baseload ---
Trial 0: Training model...
Trial 0: Validation Score (mae, scaled) = 0.076553

--- Optuna Trial 1 for LSTM_Baseload ---
Trial 1: Training model...
Trial 1: Validation Score (mae, scaled) = 0.127290

--- Optuna Trial 2 for LSTM_Baseload ---
Trial 2: Training model...
Trial 2: Validation Score (mae, scaled) = 0.123589

--- Optuna Trial 3 for LSTM_Baseload ---
Trial 3: Training model...
Trial 3: Validation Score (mae, scaled) = 0.058056

--- Optuna Trial 4 for LSTM_Baseload ---
Trial 4: Training model...
Trial 4: Validation Score (mae, scaled) = 0.066464

--- Optuna Trial 5 for LSTM_Baseload ---
Trial 5: Training model...
Trial 5: Validation Score (mae, scaled) = 0.089040

--- Optuna Trial 6 for LSTM_Baseload ---
Trial 6: Training model...
Trial 6: Validation Score (mae, scaled) = 0.053615

--- Optuna Trial 7 for LSTM_Baseload ---
Trial 7: Training model...
Trial 7: Validation Score (mae, scaled) = 0.056187

--- Optuna Trial 8 for LSTM_Baseload ---
Trial 8: Training model...
Trial 8: Validation Score (mae, scaled) = 0.103871

--- Optuna Trial 9 for LSTM_Baseload ---
Trial 9: Training model...
Trial 9: Validation Score (mae, scaled) = 0.054431

--- Optuna Trial 10 for LSTM_Baseload ---
Trial 10: Training model...
Trial 10: Validation Score (mae, scaled) = 0.056120

--- Optuna Trial 11 for LSTM_Baseload ---
Trial 11: Training model...
Trial 11: Validation Score (mae, scaled) = 0.053225

--- Optuna Trial 12 for LSTM_Baseload ---
Trial 12: Training model...
Trial 12: Validation Score (mae, scaled) = 0.057361

--- Optuna Trial 13 for LSTM_Baseload ---
Trial 13: Training model...
Trial 13: Validation Score (mae, scaled) = 0.054022

--- Optuna Trial 14 for LSTM_Baseload ---
Trial 14: Training model...
Trial 14: Validation Score (mae, scaled) = 0.057257

--- Optuna Trial 15 for LSTM_Baseload ---
Trial 15: Training model...
Trial 15: Validation Score (mae, scaled) = 0.063470

--- Optuna Trial 16 for LSTM_Baseload ---
Trial 16: Training model...
Trial 16: Validation Score (mae, scaled) = 0.058921

--- Optuna Trial 17 for LSTM_Baseload ---
Trial 17: Training model...
Trial 17: Validation Score (mae, scaled) = 0.061797

--- Optuna Trial 18 for LSTM_Baseload ---
Trial 18: Training model...
Trial 18: Validation Score (mae, scaled) = 0.067220

--- Optuna Trial 19 for LSTM_Baseload ---
Trial 19: Training model...
Trial 19: Validation Score (mae, scaled) = 0.057226
[I 2025-04-14 17:56:29,966] A new study created in memory with name: tune-4-LightGBM_Baseline-24hr
[I 2025-04-14 17:56:30,763] Trial 0 finished with value: 0.19927490308638607 and parameters: {'n_estimators': 173, 'learning_rate': 0.012294735850954877, 'num_leaves': 45, 'max_depth': 5, 'min_child_samples': 31, 'subsample': 0.741636731365251, 'colsample_bytree': 0.7415162239181319, 'reg_alpha': 0.011356688609484704, 'reg_lambda': 0.0033582076994081765}. Best is trial 0 with value: 0.19927490308638607.
[I 2025-04-14 17:56:31,425] Trial 1 finished with value: 0.20281094388333484 and parameters: {'n_estimators': 88, 'learning_rate': 0.019371052875162775, 'num_leaves': 33, 'max_depth': 5, 'min_child_samples': 29, 'subsample': 0.822835560680786, 'colsample_bytree': 0.8152942563384624, 'reg_alpha': 7.798539057995337e-08, 'reg_lambda': 0.00012018995797952776}. Best is trial 0 with value: 0.19927490308638607.
[I 2025-04-14 17:56:32,857] Trial 2 finished with value: 0.2767602664193734 and parameters: {'n_estimators': 241, 'learning_rate': 0.0013312729958918417, 'num_leaves': 31, 'max_depth': 8, 'min_child_samples': 16, 'subsample': 0.6709260683048152, 'colsample_bytree': 0.5076354472747551, 'reg_alpha': 5.1171565116619895e-06, 'reg_lambda': 1.9605238506510782e-08}. Best is trial 0 with value: 0.19927490308638607.
[I 2025-04-14 17:56:34,078] Trial 3 finished with value: 0.1814901561689032 and parameters: {'n_estimators': 264, 'learning_rate': 0.13706306478377003, 'num_leaves': 32, 'max_depth': 3, 'min_child_samples': 20, 'subsample': 0.7750832995280661, 'colsample_bytree': 0.8301244815381548, 'reg_alpha': 0.005498580615046728, 'reg_lambda': 1.2344656614838719e-08}. Best is trial 3 with value: 0.1814901561689032.
[I 2025-04-14 17:56:35,644] Trial 4 finished with value: 0.18613847792269947 and parameters: {'n_estimators': 144, 'learning_rate': 0.2610243958889865, 'num_leaves': 15, 'max_depth': 10, 'min_child_samples': 9, 'subsample': 0.8269747824573004, 'colsample_bytree': 0.7433803260519242, 'reg_alpha': 0.29274529438496755, 'reg_lambda': 2.1071434082937962e-07}. Best is trial 3 with value: 0.1814901561689032.
[I 2025-04-14 17:56:36,301] Trial 5 finished with value: 0.18606582336253163 and parameters: {'n_estimators': 171, 'learning_rate': 0.06537438250039719, 'num_leaves': 25, 'max_depth': 4, 'min_child_samples': 39, 'subsample': 0.6868852900163203, 'colsample_bytree': 0.6367481146732992, 'reg_alpha': 5.753130203874825e-07, 'reg_lambda': 1.8269717297087582e-05}. Best is trial 3 with value: 0.1814901561689032.
[I 2025-04-14 17:56:36,630] Trial 6 finished with value: 0.26878154387663367 and parameters: {'n_estimators': 65, 'learning_rate': 0.03995092483713419, 'num_leaves': 14, 'max_depth': 4, 'min_child_samples': 46, 'subsample': 0.9919958607102084, 'colsample_bytree': 0.73282331915938, 'reg_alpha': 0.0008146934542887219, 'reg_lambda': 0.005460192790689091}. Best is trial 3 with value: 0.1814901561689032.
[I 2025-04-14 17:56:38,477] Trial 7 finished with value: 0.18594589308324916 and parameters: {'n_estimators': 279, 'learning_rate': 0.022620473828641043, 'num_leaves': 24, 'max_depth': 10, 'min_child_samples': 14, 'subsample': 0.8510019825030901, 'colsample_bytree': 0.5300025498348067, 'reg_alpha': 8.745924048098801e-06, 'reg_lambda': 0.013572450576242442}. Best is trial 3 with value: 0.1814901561689032.
[I 2025-04-14 17:56:39,528] Trial 8 finished with value: 0.18295584969862344 and parameters: {'n_estimators': 245, 'learning_rate': 0.10030229581875628, 'num_leaves': 13, 'max_depth': 6, 'min_child_samples': 30, 'subsample': 0.8856856760830452, 'colsample_bytree': 0.7874166137341887, 'reg_alpha': 0.09335263730525543, 'reg_lambda': 0.16703763266894261}. Best is trial 3 with value: 0.1814901561689032.
[I 2025-04-14 17:56:39,919] Trial 9 finished with value: 0.264018461671311 and parameters: {'n_estimators': 92, 'learning_rate': 0.04974123640783147, 'num_leaves': 30, 'max_depth': 4, 'min_child_samples': 48, 'subsample': 0.5660222658174794, 'colsample_bytree': 0.7788617872483026, 'reg_alpha': 5.412705430067716e-07, 'reg_lambda': 0.5816084833180356}. Best is trial 3 with value: 0.1814901561689032.
[I 2025-04-14 17:56:41,432] Trial 10 finished with value: 0.2046545458693918 and parameters: {'n_estimators': 298, 'learning_rate': 0.004932150048269499, 'num_leaves': 58, 'max_depth': 8, 'min_child_samples': 22, 'subsample': 0.5521609069485586, 'colsample_bytree': 0.9806615787262365, 'reg_alpha': 0.0015955929560039271, 'reg_lambda': 9.393984284143949e-07}. Best is trial 3 with value: 0.1814901561689032.
[I 2025-04-14 17:56:42,690] Trial 11 finished with value: 0.1805710277800642 and parameters: {'n_estimators': 236, 'learning_rate': 0.2891874557120938, 'num_leaves': 43, 'max_depth': 6, 'min_child_samples': 23, 'subsample': 0.9266744852958987, 'colsample_bytree': 0.9014508188889362, 'reg_alpha': 0.9153281537337985, 'reg_lambda': 0.45567184251439646}. Best is trial 11 with value: 0.1805710277800642.
[I 2025-04-14 17:56:43,920] Trial 12 finished with value: 0.18382113255748403 and parameters: {'n_estimators': 245, 'learning_rate': 0.2836591941490602, 'num_leaves': 44, 'max_depth': 3, 'min_child_samples': 21, 'subsample': 0.9882117684825517, 'colsample_bytree': 0.9214390842679514, 'reg_alpha': 0.5178269510427332, 'reg_lambda': 7.20153642812139e-05}. Best is trial 11 with value: 0.1805710277800642.
[I 2025-04-14 17:56:46,910] Trial 13 finished with value: 0.18766484292512575 and parameters: {'n_estimators': 211, 'learning_rate': 0.1403696778549827, 'num_leaves': 43, 'max_depth': 7, 'min_child_samples': 5, 'subsample': 0.9326452988830971, 'colsample_bytree': 0.8665401480923285, 'reg_alpha': 0.017892150005754278, 'reg_lambda': 2.4685772262810978e-06}. Best is trial 11 with value: 0.1805710277800642.
[I 2025-04-14 17:56:48,027] Trial 14 finished with value: 0.1849627484334373 and parameters: {'n_estimators': 209, 'learning_rate': 0.157572991194352, 'num_leaves': 52, 'max_depth': 3, 'min_child_samples': 22, 'subsample': 0.7506830201937942, 'colsample_bytree': 0.8906793449864214, 'reg_alpha': 0.00026325655808984063, 'reg_lambda': 1.570843923191658e-08}. Best is trial 11 with value: 0.1805710277800642.
[I 2025-04-14 17:56:49,127] Trial 15 finished with value: 0.1826738232370564 and parameters: {'n_estimators': 269, 'learning_rate': 0.2962029070513608, 'num_leaves': 38, 'max_depth': 6, 'min_child_samples': 36, 'subsample': 0.9148186208531224, 'colsample_bytree': 0.9949963494364038, 'reg_alpha': 0.013930119447545151, 'reg_lambda': 0.0005742918821638336}. Best is trial 11 with value: 0.1805710277800642.
[I 2025-04-14 17:56:50,717] Trial 16 finished with value: 0.20187999707852158 and parameters: {'n_estimators': 215, 'learning_rate': 0.007311582383815892, 'num_leaves': 39, 'max_depth': 12, 'min_child_samples': 16, 'subsample': 0.7641267660638091, 'colsample_bytree': 0.8432349133848118, 'reg_alpha': 4.5969750415124096e-05, 'reg_lambda': 0.130557382829953}. Best is trial 11 with value: 0.1805710277800642.
[I 2025-04-14 17:56:51,584] Trial 17 finished with value: 0.18377296110311425 and parameters: {'n_estimators': 136, 'learning_rate': 0.09341133806905277, 'num_leaves': 51, 'max_depth': 9, 'min_child_samples': 23, 'subsample': 0.6237124505269694, 'colsample_bytree': 0.6823117941207815, 'reg_alpha': 0.06271736900132026, 'reg_lambda': 8.282388636611294e-06}. Best is trial 11 with value: 0.1805710277800642.
[I 2025-04-14 17:56:52,844] Trial 18 finished with value: 0.18510925846182977 and parameters: {'n_estimators': 297, 'learning_rate': 0.03134389942893662, 'num_leaves': 22, 'max_depth': 6, 'min_child_samples': 36, 'subsample': 0.7993770322071643, 'colsample_bytree': 0.9211144096109799, 'reg_alpha': 0.9636606456737905, 'reg_lambda': 1.4438762290446405e-07}. Best is trial 11 with value: 0.1805710277800642.
[I 2025-04-14 17:56:55,456] Trial 19 finished with value: 0.18515733880327345 and parameters: {'n_estimators': 268, 'learning_rate': 0.1670947102401374, 'num_leaves': 50, 'max_depth': 7, 'min_child_samples': 11, 'subsample': 0.9374330643736583, 'colsample_bytree': 0.9261026252157366, 'reg_alpha': 0.0018933803342363832, 'reg_lambda': 0.032305652764704935}. Best is trial 11 with value: 0.1805710277800642.
[I 2025-04-14 17:56:56,599] Trial 20 finished with value: 0.2858336352741185 and parameters: {'n_estimators': 223, 'learning_rate': 0.0010993621323568028, 'num_leaves': 60, 'max_depth': 3, 'min_child_samples': 26, 'subsample': 0.8638036497612268, 'colsample_bytree': 0.639080186722518, 'reg_alpha': 0.08107099328620361, 'reg_lambda': 0.0008208020334860657}. Best is trial 11 with value: 0.1805710277800642.
[I 2025-04-14 17:56:57,769] Trial 21 finished with value: 0.18415630613199552 and parameters: {'n_estimators': 263, 'learning_rate': 0.29912018209066715, 'num_leaves': 37, 'max_depth': 6, 'min_child_samples': 37, 'subsample': 0.9180854380954468, 'colsample_bytree': 0.9852587908019357, 'reg_alpha': 0.008021332179978144, 'reg_lambda': 0.00046566418128543324}. Best is trial 11 with value: 0.1805710277800642.
[I 2025-04-14 17:56:58,895] Trial 22 finished with value: 0.18373394716090985 and parameters: {'n_estimators': 275, 'learning_rate': 0.17786161734489705, 'num_leaves': 37, 'max_depth': 5, 'min_child_samples': 42, 'subsample': 0.8876514889023616, 'colsample_bytree': 0.9675601983708292, 'reg_alpha': 0.0066101025360592175, 'reg_lambda': 0.0008794318624082515}. Best is trial 11 with value: 0.1805710277800642.
[I 2025-04-14 17:57:00,029] Trial 23 finished with value: 0.18218583712921385 and parameters: {'n_estimators': 192, 'learning_rate': 0.10043856026756995, 'num_leaves': 40, 'max_depth': 7, 'min_child_samples': 26, 'subsample': 0.9478635921825117, 'colsample_bytree': 0.8806946092652737, 'reg_alpha': 9.829464734575768e-05, 'reg_lambda': 0.6885819565048951}. Best is trial 11 with value: 0.1805710277800642.
