[I 2025-04-14 18:31:51,528] Trial 24 finished with value: 0.15614941444633076 and parameters: {'n_estimators': 109, 'learning_rate': 0.015118035044838692, 'num_leaves': 49, 'max_depth': 4, 'min_child_samples': 5, 'subsample': 0.9978706566196269, 'colsample_bytree': 0.9919896862957703, 'reg_alpha': 0.9292745593718655, 'reg_lambda': 0.12728764536960216}. Best is trial 14 with value: 0.15324728826797324.
Transforming data using provided scalers (X and y)...
Data transformed.
Starting feature engineering for scenario: 24hr...
Pivoting data into daily vectors...
Reshaped data: X shape (32, 177), y shape (32, 24)
Transforming data using provided scalers (X and y)...
Data transformed.
Starting Optuna optimization (25 trials)...

--- Optuna Trial 0 for LSTM_Change_in_Load ---
Trial 0: Training model...
Trial 0: Validation Score (mae, scaled) = 0.127676

--- Optuna Trial 1 for LSTM_Change_in_Load ---
Trial 1: Training model...
Trial 1: Validation Score (mae, scaled) = 0.125854

--- Optuna Trial 2 for LSTM_Change_in_Load ---
Trial 2: Training model...
Trial 2: Validation Score (mae, scaled) = 0.124540

--- Optuna Trial 3 for LSTM_Change_in_Load ---
Trial 3: Training model...
Trial 3: Validation Score (mae, scaled) = 0.128681

--- Optuna Trial 4 for LSTM_Change_in_Load ---
Trial 4: Training model...
Trial 4: Validation Score (mae, scaled) = 0.126492

--- Optuna Trial 5 for LSTM_Change_in_Load ---
Trial 5: Training model...
Trial 5: Validation Score (mae, scaled) = 0.226737

--- Optuna Trial 6 for LSTM_Change_in_Load ---
Trial 6: Training model...
Trial 6: Validation Score (mae, scaled) = 0.135688

--- Optuna Trial 7 for LSTM_Change_in_Load ---
Trial 7: Training model...
Trial 7: Validation Score (mae, scaled) = 0.135014

--- Optuna Trial 8 for LSTM_Change_in_Load ---
Trial 8: Training model...
Trial 8: Validation Score (mae, scaled) = 0.123245

--- Optuna Trial 9 for LSTM_Change_in_Load ---
Trial 9: Training model...
Trial 9: Validation Score (mae, scaled) = 0.136873

--- Optuna Trial 10 for LSTM_Change_in_Load ---
Trial 10: Training model...
Trial 10: Validation Score (mae, scaled) = 0.124280

--- Optuna Trial 11 for LSTM_Change_in_Load ---
Trial 11: Training model...
Trial 11: Validation Score (mae, scaled) = 0.125171

--- Optuna Trial 12 for LSTM_Change_in_Load ---
Trial 12: Training model...
Trial 12: Validation Score (mae, scaled) = 0.122813

--- Optuna Trial 13 for LSTM_Change_in_Load ---
Trial 13: Training model...
Trial 13: Validation Score (mae, scaled) = 0.122020

--- Optuna Trial 14 for LSTM_Change_in_Load ---
Trial 14: Training model...
Trial 14: Validation Score (mae, scaled) = 0.130364

--- Optuna Trial 15 for LSTM_Change_in_Load ---
Trial 15: Training model...
Trial 15: Validation Score (mae, scaled) = 0.122139

--- Optuna Trial 16 for LSTM_Change_in_Load ---
Trial 16: Training model...
Trial 16: Validation Score (mae, scaled) = 0.128333

--- Optuna Trial 17 for LSTM_Change_in_Load ---
Trial 17: Training model...
Trial 17: Validation Score (mae, scaled) = 0.122888

--- Optuna Trial 18 for LSTM_Change_in_Load ---
Trial 18: Training model...
Trial 18: Validation Score (mae, scaled) = 0.121954

--- Optuna Trial 19 for LSTM_Change_in_Load ---
Trial 19: Training model...
Trial 19: Validation Score (mae, scaled) = 0.125195

--- Optuna Trial 20 for LSTM_Change_in_Load ---
Trial 20: Training model...
Trial 20: Validation Score (mae, scaled) = 0.124962

--- Optuna Trial 21 for LSTM_Change_in_Load ---
Trial 21: Training model...
Trial 21: Validation Score (mae, scaled) = 0.132638

--- Optuna Trial 22 for LSTM_Change_in_Load ---
Trial 22: Training model...
Trial 22: Validation Score (mae, scaled) = 0.128947

--- Optuna Trial 23 for LSTM_Change_in_Load ---
Trial 23: Training model...
Trial 23: Validation Score (mae, scaled) = 0.124254

--- Optuna Trial 24 for LSTM_Change_in_Load ---
Trial 24: Training model...
Trial 24: Validation Score (mae, scaled) = 0.143093

--- Best Results for Feeder=9, Arch=LSTM_Change_in_Load, Scenario=24hr ---
Best Validation Score (mae, scaled): 0.121954
Best Hyperparameters:
  n_lstm_layers: 1
  lstm_units: 83
  n_dense_layers: 2
  lstm_dropout_0: 0.2342521323299082
  dense_units_0: 49
  dense_dropout_0: 0.2647961356437788
  dense_units_1: 27
  dense_dropout_1: 0.22986179545072508
  learning_rate: 0.004340766228604256

--- Tuning: Arch=LSTM_Change_in_Load, Scenario=Day ---
Loading existing model artifact to get scalers/columns...
Selecting model for Feeder 9, Arch: LSTM_Change_in_Load, Scenario: Day, Version: None
Error: No matching model found for criteria: Feeder=9, Arch=LSTM_Change_in_Load, Scenario=Day, Version=None
Warning: No existing model found for Feeder=9, Arch=LSTM_Change_in_Load, Scenario=Day. Cannot get scalers. Skipping.

--- Tuning: Arch=LSTM_Change_in_Load, Scenario=Night ---
Loading existing model artifact to get scalers/columns...
Selecting model for Feeder 9, Arch: LSTM_Change_in_Load, Scenario: Night, Version: None
Error: No matching model found for criteria: Feeder=9, Arch=LSTM_Change_in_Load, Scenario=Night, Version=None
Warning: No existing model found for Feeder=9, Arch=LSTM_Change_in_Load, Scenario=Night. Cannot get scalers. Skipping.

===== Tuning for Feeder 10 =====

--- Tuning: Arch=LightGBM_Baseline, Scenario=24hr ---
Loading existing model artifact to get scalers/columns...
Selecting model for Feeder 10, Arch: LightGBM_Baseline, Scenario: 24hr, Version: None
Selected Model ID: 176, Version: v1.1_Final_Forecasting_20250414170700, Path Info: models/feeder_10/LightGBM_Baseline_24hr_v1.1_Final_Forecasting_20250414170700.pkl
Loading artifact(s) based on path info: models/feeder_10/LightGBM_Baseline_24hr_v1.1_Final_Forecasting_20250414170700.pkl
Detected single pickle artifact path: models/feeder_10/LightGBM_Baseline_24hr_v1.1_Final_Forecasting_20250414170700.pkl
Downloading single pickle artifact to: H:\My Drive\Barbados_Forecasting_Tool_Final\tmp\LightGBM_Baseline_24hr_v1.1_Final_Forecasting_20250414170700.pkl
Single pickle downloaded. Loading...
Single pickle loaded.
Cleaned up temporary file: H:\My Drive\Barbados_Forecasting_Tool_Final\tmp\LightGBM_Baseline_24hr_v1.1_Final_Forecasting_20250414170700.pkl
Preparing training and validation data using loaded scalers...
Starting feature engineering for scenario: 24hr...
Pivoting data into daily vectors...
Reshaped data: X shape (76, 177), y shape (76, 24)
Transforming data using provided scalers (X and y)...
Data transformed.
Starting feature engineering for scenario: 24hr...
Pivoting data into daily vectors...
Reshaped data: X shape (32, 177), y shape (32, 24)
Transforming data using provided scalers (X and y)...
Data transformed.
Starting Optuna optimization (25 trials)...

--- Optuna Trial 0 for LightGBM_Baseline ---
Trial 0: Training model...
Trial 0: Evaluating model...
Trial 0: Validation Score (mae, scaled) = 0.155370

--- Optuna Trial 1 for LightGBM_Baseline ---
Trial 1: Training model...
Trial 1: Evaluating model...
Trial 1: Validation Score (mae, scaled) = 0.157567

--- Optuna Trial 2 for LightGBM_Baseline ---
Trial 2: Training model...
Trial 2: Evaluating model...
Trial 2: Validation Score (mae, scaled) = 0.161959

--- Optuna Trial 3 for LightGBM_Baseline ---
Trial 3: Training model...
Trial 3: Evaluating model...
Trial 3: Validation Score (mae, scaled) = 0.165312

--- Optuna Trial 4 for LightGBM_Baseline ---
Trial 4: Training model...
Trial 4: Evaluating model...
Trial 4: Validation Score (mae, scaled) = 0.168311

--- Optuna Trial 5 for LightGBM_Baseline ---
Trial 5: Training model...
Trial 5: Evaluating model...
Trial 5: Validation Score (mae, scaled) = 0.158984

--- Optuna Trial 6 for LightGBM_Baseline ---
Trial 6: Training model...
Trial 6: Evaluating model...
Trial 6: Validation Score (mae, scaled) = 0.166088

--- Optuna Trial 7 for LightGBM_Baseline ---
Trial 7: Training model...
Trial 7: Evaluating model...
Trial 7: Validation Score (mae, scaled) = 0.158711

--- Optuna Trial 8 for LightGBM_Baseline ---
Trial 8: Training model...
Trial 8: Evaluating model...
Trial 8: Validation Score (mae, scaled) = 0.156891

--- Optuna Trial 9 for LightGBM_Baseline ---
Trial 9: Training model...
Trial 9: Evaluating model...
Trial 9: Validation Score (mae, scaled) = 0.161613

--- Optuna Trial 10 for LightGBM_Baseline ---
Trial 10: Training model...
Trial 10: Evaluating model...
Trial 10: Validation Score (mae, scaled) = 0.170333
[I 2025-04-14 18:31:54,169] A new study created in memory with name: tune-10-LSTM_Baseload-24hr
[I 2025-04-14 18:32:00,674] Trial 0 finished with value: 0.16525836288928986 and parameters: {'n_lstm_layers': 2, 'lstm_units': 64, 'n_dense_layers': 1, 'lstm_dropout_0': 0.42731942406276635, 'lstm_dropout_1': 0.22220410677271635, 'dense_units_0': 33, 'dense_dropout_0': 0.22127121683228737, 'learning_rate': 0.003654372526120939}. Best is trial 0 with value: 0.16525836288928986.
[I 2025-04-14 18:32:03,888] Trial 1 finished with value: 0.16926851868629456 and parameters: {'n_lstm_layers': 1, 'lstm_units': 54, 'n_dense_layers': 0, 'lstm_dropout_0': 0.4512628524439949, 'learning_rate': 0.005828100631203847}. Best is trial 0 with value: 0.16525836288928986.
[I 2025-04-14 18:32:08,658] Trial 2 finished with value: 0.1650238037109375 and parameters: {'n_lstm_layers': 1, 'lstm_units': 86, 'n_dense_layers': 1, 'lstm_dropout_0': 0.25088548374393094, 'dense_units_0': 42, 'dense_dropout_0': 0.13095479389636508, 'learning_rate': 0.0010939626509221833}. Best is trial 2 with value: 0.1650238037109375.
[I 2025-04-14 18:32:13,054] Trial 3 finished with value: 0.16744086146354675 and parameters: {'n_lstm_layers': 1, 'lstm_units': 72, 'n_dense_layers': 2, 'lstm_dropout_0': 0.12710675599256427, 'dense_units_0': 19, 'dense_dropout_0': 0.14534847542778576, 'dense_units_1': 56, 'dense_dropout_1': 0.13016139372541702, 'learning_rate': 0.0009946801819000436}. Best is trial 2 with value: 0.1650238037109375.
[I 2025-04-14 18:32:16,619] Trial 4 finished with value: 0.16298890113830566 and parameters: {'n_lstm_layers': 1, 'lstm_units': 127, 'n_dense_layers': 0, 'lstm_dropout_0': 0.25892848783, 'learning_rate': 0.0014009154843749498}. Best is trial 4 with value: 0.16298890113830566.
[I 2025-04-14 18:32:20,328] Trial 5 finished with value: 0.1684708148241043 and parameters: {'n_lstm_layers': 1, 'lstm_units': 53, 'n_dense_layers': 1, 'lstm_dropout_0': 0.3874387081277084, 'dense_units_0': 48, 'dense_dropout_0': 0.1426551938280523, 'learning_rate': 0.0069972647691509985}. Best is trial 4 with value: 0.16298890113830566.
[I 2025-04-14 18:32:27,562] Trial 6 finished with value: 0.17148935794830322 and parameters: {'n_lstm_layers': 2, 'lstm_units': 65, 'n_dense_layers': 2, 'lstm_dropout_0': 0.2937494207385412, 'lstm_dropout_1': 0.1953999798239497, 'dense_units_0': 18, 'dense_dropout_0': 0.2938559374320572, 'dense_units_1': 33, 'dense_dropout_1': 0.2703634976970167, 'learning_rate': 0.0009595456551140176}. Best is trial 4 with value: 0.16298890113830566.
[I 2025-04-14 18:32:34,078] Trial 7 finished with value: 0.16153977811336517 and parameters: {'n_lstm_layers': 2, 'lstm_units': 109, 'n_dense_layers': 0, 'lstm_dropout_0': 0.18177978754814667, 'lstm_dropout_1': 0.12694580777200143, 'learning_rate': 0.0026192952484302558}. Best is trial 7 with value: 0.16153977811336517.
[I 2025-04-14 18:32:38,348] Trial 8 finished with value: 0.1669895350933075 and parameters: {'n_lstm_layers': 1, 'lstm_units': 53, 'n_dense_layers': 0, 'lstm_dropout_0': 0.43787209758067547, 'learning_rate': 0.0036151902469083387}. Best is trial 7 with value: 0.16153977811336517.
[I 2025-04-14 18:32:43,218] Trial 9 finished with value: 0.2796420753002167 and parameters: {'n_lstm_layers': 1, 'lstm_units': 42, 'n_dense_layers': 2, 'lstm_dropout_0': 0.32038217545889963, 'dense_units_0': 22, 'dense_dropout_0': 0.1322276481800312, 'dense_units_1': 17, 'dense_dropout_1': 0.3847533703537832, 'learning_rate': 0.0006789854665674993}. Best is trial 7 with value: 0.16153977811336517.
[I 2025-04-14 18:32:50,321] Trial 10 finished with value: 0.17493824660778046 and parameters: {'n_lstm_layers': 2, 'lstm_units': 121, 'n_dense_layers': 0, 'lstm_dropout_0': 0.10215847433825986, 'lstm_dropout_1': 0.48732192076759107, 'learning_rate': 0.00012780244350862853}. Best is trial 7 with value: 0.16153977811336517.
[I 2025-04-14 18:32:56,738] Trial 11 finished with value: 0.1619613617658615 and parameters: {'n_lstm_layers': 2, 'lstm_units': 121, 'n_dense_layers': 0, 'lstm_dropout_0': 0.19943488364178982, 'lstm_dropout_1': 0.1027779352802331, 'learning_rate': 0.0021637839896200546}. Best is trial 7 with value: 0.16153977811336517.
[I 2025-04-14 18:33:02,878] Trial 12 finished with value: 0.16310641169548035 and parameters: {'n_lstm_layers': 2, 'lstm_units': 94, 'n_dense_layers': 0, 'lstm_dropout_0': 0.19002619422457712, 'lstm_dropout_1': 0.11033935377006387, 'learning_rate': 0.002345931595030054}. Best is trial 7 with value: 0.16153977811336517.
[I 2025-04-14 18:33:10,019] Trial 13 finished with value: 0.16167646646499634 and parameters: {'n_lstm_layers': 2, 'lstm_units': 105, 'n_dense_layers': 0, 'lstm_dropout_0': 0.1788284742982481, 'lstm_dropout_1': 0.1042562944457707, 'learning_rate': 0.00036471013945741255}. Best is trial 7 with value: 0.16153977811336517.
[I 2025-04-14 18:33:17,029] Trial 14 finished with value: 0.20217421650886536 and parameters: {'n_lstm_layers': 2, 'lstm_units': 94, 'n_dense_layers': 1, 'lstm_dropout_0': 0.18001689064397747, 'lstm_dropout_1': 0.34500134358586604, 'dense_units_0': 61, 'dense_dropout_0': 0.4965390911624039, 'learning_rate': 0.00036176789002991737}. Best is trial 7 with value: 0.16153977811336517.
[I 2025-04-14 18:33:23,797] Trial 15 finished with value: 0.16343474388122559 and parameters: {'n_lstm_layers': 2, 'lstm_units': 100, 'n_dense_layers': 0, 'lstm_dropout_0': 0.15329656963407717, 'lstm_dropout_1': 0.1987971939556381, 'learning_rate': 0.0003177033575302313}. Best is trial 7 with value: 0.16153977811336517.
[I 2025-04-14 18:33:30,872] Trial 16 finished with value: 0.36213457584381104 and parameters: {'n_lstm_layers': 2, 'lstm_units': 32, 'n_dense_layers': 1, 'lstm_dropout_0': 0.2331027502952, 'lstm_dropout_1': 0.3077316684081701, 'dense_units_0': 27, 'dense_dropout_0': 0.49246372031661234, 'learning_rate': 0.0001662505655850022}. Best is trial 7 with value: 0.16153977811336517.
[I 2025-04-14 18:33:37,999] Trial 17 finished with value: 0.16161257028579712 and parameters: {'n_lstm_layers': 2, 'lstm_units': 81, 'n_dense_layers': 0, 'lstm_dropout_0': 0.3439349392009424, 'lstm_dropout_1': 0.14727973961127028, 'learning_rate': 0.0004413982677481269}. Best is trial 7 with value: 0.16153977811336517.
[I 2025-04-14 18:33:44,902] Trial 18 finished with value: 0.17742769420146942 and parameters: {'n_lstm_layers': 2, 'lstm_units': 80, 'n_dense_layers': 1, 'lstm_dropout_0': 0.3412980826312911, 'lstm_dropout_1': 0.1815516428424262, 'dense_units_0': 64, 'dense_dropout_0': 0.38901676753017134, 'learning_rate': 0.0005719523988588907}. Best is trial 7 with value: 0.16153977811336517.
[I 2025-04-14 18:33:51,994] Trial 19 finished with value: 0.16856452822685242 and parameters: {'n_lstm_layers': 2, 'lstm_units': 80, 'n_dense_layers': 0, 'lstm_dropout_0': 0.37655622460698884, 'lstm_dropout_1': 0.25647841446342884, 'learning_rate': 0.00017243936734200404}. Best is trial 7 with value: 0.16153977811336517.
[I 2025-04-14 18:33:58,727] Trial 20 finished with value: 0.16298656165599823 and parameters: {'n_lstm_layers': 2, 'lstm_units': 110, 'n_dense_layers': 0, 'lstm_dropout_0': 0.4857310938943502, 'lstm_dropout_1': 0.3870425830309052, 'learning_rate': 0.0016282524442509988}. Best is trial 7 with value: 0.16153977811336517.
[I 2025-04-14 18:34:05,432] Trial 21 finished with value: 0.16487988829612732 and parameters: {'n_lstm_layers': 2, 'lstm_units': 109, 'n_dense_layers': 0, 'lstm_dropout_0': 0.28680303941790064, 'lstm_dropout_1': 0.142338277876738, 'learning_rate': 0.000317427485783801}. Best is trial 7 with value: 0.16153977811336517.
[I 2025-04-14 18:34:11,790] Trial 22 finished with value: 0.16269394755363464 and parameters: {'n_lstm_layers': 2, 'lstm_units': 104, 'n_dense_layers': 0, 'lstm_dropout_0': 0.22287338064315598, 'lstm_dropout_1': 0.14868565547933085, 'learning_rate': 0.0005140042387602542}. Best is trial 7 with value: 0.16153977811336517.
[I 2025-04-14 18:34:18,726] Trial 23 finished with value: 0.16329461336135864 and parameters: {'n_lstm_layers': 2, 'lstm_units': 89, 'n_dense_layers': 0, 'lstm_dropout_0': 0.15054329505877434, 'lstm_dropout_1': 0.1451335989089405, 'learning_rate': 0.00022545719725575007}. Best is trial 7 with value: 0.16153977811336517.
[I 2025-04-14 18:34:25,829] Trial 24 finished with value: 0.1635054051876068 and parameters: {'n_lstm_layers': 2, 'lstm_units': 73, 'n_dense_layers': 0, 'lstm_dropout_0': 0.34207993903389955, 'lstm_dropout_1': 0.10517036305070927, 'learning_rate': 0.00048326678600711935}. Best is trial 7 with value: 0.16153977811336517.
[I 2025-04-14 18:34:27,474] A new study created in memory with name: tune-10-LSTM_Change_in_Load-24hr
[I 2025-04-14 18:34:34,585] Trial 0 finished with value: 0.1732964962720871 and parameters: {'n_lstm_layers': 2, 'lstm_units': 111, 'n_dense_layers': 1, 'lstm_dropout_0': 0.1834557585732296, 'lstm_dropout_1': 0.43904660697689124, 'dense_units_0': 18, 'dense_dropout_0': 0.1350998876755318, 'learning_rate': 0.0008049569152114984}. Best is trial 0 with value: 0.1732964962720871.
[I 2025-04-14 18:34:41,496] Trial 1 finished with value: 0.22108805179595947 and parameters: {'n_lstm_layers': 2, 'lstm_units': 51, 'n_dense_layers': 0, 'lstm_dropout_0': 0.14190153973664393, 'lstm_dropout_1': 0.31576809735700007, 'learning_rate': 0.00011230540207778965}. Best is trial 0 with value: 0.1732964962720871.
[I 2025-04-14 18:34:48,706] Trial 2 finished with value: 0.1695568859577179 and parameters: {'n_lstm_layers': 2, 'lstm_units': 65, 'n_dense_layers': 1, 'lstm_dropout_0': 0.44269656234767896, 'lstm_dropout_1': 0.3840590941358363, 'dense_units_0': 53, 'dense_dropout_0': 0.35977843274474475, 'learning_rate': 0.001181210110554509}. Best is trial 2 with value: 0.1695568859577179.
[I 2025-04-14 18:34:53,635] Trial 3 finished with value: 0.2234959602355957 and parameters: {'n_lstm_layers': 1, 'lstm_units': 75, 'n_dense_layers': 2, 'lstm_dropout_0': 0.3998630601482833, 'dense_units_0': 51, 'dense_dropout_0': 0.13255824193165797, 'dense_units_1': 50, 'dense_dropout_1': 0.35801738321858734, 'learning_rate': 0.00023501256330921784}. Best is trial 2 with value: 0.1695568859577179.
[I 2025-04-14 18:34:57,693] Trial 4 finished with value: 0.1653793454170227 and parameters: {'n_lstm_layers': 1, 'lstm_units': 46, 'n_dense_layers': 2, 'lstm_dropout_0': 0.19885533375865277, 'dense_units_0': 57, 'dense_dropout_0': 0.21967487115993567, 'dense_units_1': 48, 'dense_dropout_1': 0.41445856389186275, 'learning_rate': 0.007277655614582639}. Best is trial 4 with value: 0.1653793454170227.
[I 2025-04-14 18:35:02,383] Trial 5 finished with value: 0.2254694402217865 and parameters: {'n_lstm_layers': 1, 'lstm_units': 97, 'n_dense_layers': 1, 'lstm_dropout_0': 0.3127314437302726, 'dense_units_0': 18, 'dense_dropout_0': 0.26150805826867796, 'learning_rate': 0.0005079305918157122}. Best is trial 4 with value: 0.1653793454170227.
[I 2025-04-14 18:35:06,894] Trial 6 finished with value: 0.17002013325691223 and parameters: {'n_lstm_layers': 1, 'lstm_units': 90, 'n_dense_layers': 0, 'lstm_dropout_0': 0.1067487983597125, 'learning_rate': 0.0010251101170079442}. Best is trial 4 with value: 0.1653793454170227.
[I 2025-04-14 18:35:11,062] Trial 7 finished with value: 0.1684390902519226 and parameters: {'n_lstm_layers': 1, 'lstm_units': 45, 'n_dense_layers': 0, 'lstm_dropout_0': 0.21752208554917468, 'learning_rate': 0.003426190514578847}. Best is trial 4 with value: 0.1653793454170227.
[I 2025-04-14 18:35:15,281] Trial 8 finished with value: 0.16557824611663818 and parameters: {'n_lstm_layers': 1, 'lstm_units': 56, 'n_dense_layers': 2, 'lstm_dropout_0': 0.41886716271198476, 'dense_units_0': 26, 'dense_dropout_0': 0.22364876803268735, 'dense_units_1': 24, 'dense_dropout_1': 0.30342069150740014, 'learning_rate': 0.004300544920086494}. Best is trial 4 with value: 0.1653793454170227.
[I 2025-04-14 18:35:22,283] Trial 9 finished with value: 0.16664382815361023 and parameters: {'n_lstm_layers': 2, 'lstm_units': 126, 'n_dense_layers': 0, 'lstm_dropout_0': 0.14477737813733477, 'lstm_dropout_1': 0.4686684654813217, 'learning_rate': 0.0012281495866199592}. Best is trial 4 with value: 0.1653793454170227.
[I 2025-04-14 18:35:26,171] Trial 10 finished with value: 0.16796645522117615 and parameters: {'n_lstm_layers': 1, 'lstm_units': 32, 'n_dense_layers': 2, 'lstm_dropout_0': 0.2697254022254184, 'dense_units_0': 63, 'dense_dropout_0': 0.48231404173936493, 'dense_units_1': 64, 'dense_dropout_1': 0.4978628802952568, 'learning_rate': 0.008617437060703278}. Best is trial 4 with value: 0.1653793454170227.
