[I 2025-04-14 17:36:52,905] A new study created in memory with name: tune-1-LightGBM_Baseline-24hr
[I 2025-04-14 17:36:58,636] Trial 0 finished with value: 0.11489428115689905 and parameters: {'n_estimators': 193, 'learning_rate': 0.002126751898386737, 'num_leaves': 42, 'max_depth': 5, 'min_child_samples': 43, 'subsample': 0.964269474474685, 'colsample_bytree': 0.6614694952956011, 'reg_alpha': 0.0002091680266631521, 'reg_lambda': 0.48002620959466114}. Best is trial 0 with value: 0.11489428115689905.
[I 2025-04-14 17:37:00,652] Trial 1 finished with value: 0.08524900638805438 and parameters: {'n_estimators': 168, 'learning_rate': 0.2593877074627434, 'num_leaves': 22, 'max_depth': 10, 'min_child_samples': 12, 'subsample': 0.5382747582889195, 'colsample_bytree': 0.9770194467807627, 'reg_alpha': 3.517207233693396e-05, 'reg_lambda': 2.7530892248565704e-06}. Best is trial 1 with value: 0.08524900638805438.
[I 2025-04-14 17:37:04,435] Trial 2 finished with value: 0.08506783287582559 and parameters: {'n_estimators': 253, 'learning_rate': 0.09401906843224815, 'num_leaves': 26, 'max_depth': 5, 'min_child_samples': 6, 'subsample': 0.9108283679479716, 'colsample_bytree': 0.7201757812094447, 'reg_alpha': 0.009126932699026527, 'reg_lambda': 6.924908583910351e-07}. Best is trial 2 with value: 0.08506783287582559.
[I 2025-04-14 17:37:05,211] Trial 3 finished with value: 0.08451300728644588 and parameters: {'n_estimators': 132, 'learning_rate': 0.18531022104898753, 'num_leaves': 35, 'max_depth': 7, 'min_child_samples': 36, 'subsample': 0.6785577480008229, 'colsample_bytree': 0.8590701984795571, 'reg_alpha': 0.009414359430485568, 'reg_lambda': 0.6690853204298963}. Best is trial 3 with value: 0.08451300728644588.
[I 2025-04-14 17:37:06,532] Trial 4 finished with value: 0.10490082205554141 and parameters: {'n_estimators': 115, 'learning_rate': 0.006310742498907575, 'num_leaves': 13, 'max_depth': 5, 'min_child_samples': 11, 'subsample': 0.9909936766604804, 'colsample_bytree': 0.6853275584982574, 'reg_alpha': 0.4883853045021716, 'reg_lambda': 9.448743685409472e-06}. Best is trial 3 with value: 0.08451300728644588.
[I 2025-04-14 17:37:07,414] Trial 5 finished with value: 0.11456542340730351 and parameters: {'n_estimators': 225, 'learning_rate': 0.001990174814785192, 'num_leaves': 60, 'max_depth': 11, 'min_child_samples': 49, 'subsample': 0.906504530653843, 'colsample_bytree': 0.5606016600856347, 'reg_alpha': 1.2195531595368939e-05, 'reg_lambda': 0.004226189691019602}. Best is trial 3 with value: 0.08451300728644588.
[I 2025-04-14 17:37:07,944] Trial 6 finished with value: 0.08374042670785586 and parameters: {'n_estimators': 60, 'learning_rate': 0.08704245844109393, 'num_leaves': 55, 'max_depth': 10, 'min_child_samples': 29, 'subsample': 0.7724313847725135, 'colsample_bytree': 0.7996256487137644, 'reg_alpha': 1.4772801556220205e-06, 'reg_lambda': 0.16920240300567346}. Best is trial 6 with value: 0.08374042670785586.
[I 2025-04-14 17:37:08,587] Trial 7 finished with value: 0.10829265365636183 and parameters: {'n_estimators': 113, 'learning_rate': 0.004886066477323505, 'num_leaves': 53, 'max_depth': 11, 'min_child_samples': 28, 'subsample': 0.7442641097201466, 'colsample_bytree': 0.6220044878711182, 'reg_alpha': 0.22317440521484233, 'reg_lambda': 1.4993702592277878e-08}. Best is trial 6 with value: 0.08374042670785586.
[I 2025-04-14 17:37:09,319] Trial 8 finished with value: 0.09785187884340048 and parameters: {'n_estimators': 175, 'learning_rate': 0.009958931710696315, 'num_leaves': 49, 'max_depth': 9, 'min_child_samples': 45, 'subsample': 0.627249046357208, 'colsample_bytree': 0.9562939843133159, 'reg_alpha': 3.8424883600837324e-05, 'reg_lambda': 4.6206559515490544e-05}. Best is trial 6 with value: 0.08374042670785586.
[I 2025-04-14 17:37:10,666] Trial 9 finished with value: 0.08649270787796419 and parameters: {'n_estimators': 187, 'learning_rate': 0.013295227599108046, 'num_leaves': 20, 'max_depth': 10, 'min_child_samples': 18, 'subsample': 0.7196586156129634, 'colsample_bytree': 0.8955157814145, 'reg_alpha': 0.012294104251010796, 'reg_lambda': 6.740570077868051e-05}. Best is trial 6 with value: 0.08374042670785586.
[I 2025-04-14 17:37:11,196] Trial 10 finished with value: 0.08714712112547691 and parameters: {'n_estimators': 50, 'learning_rate': 0.047955821309050205, 'num_leaves': 35, 'max_depth': 8, 'min_child_samples': 24, 'subsample': 0.8328670902836854, 'colsample_bytree': 0.7999019594280317, 'reg_alpha': 1.436740319707092e-08, 'reg_lambda': 0.005714808195688526}. Best is trial 6 with value: 0.08374042670785586.
[I 2025-04-14 17:37:11,635] Trial 11 finished with value: 0.08398552575606122 and parameters: {'n_estimators': 52, 'learning_rate': 0.2877741409492821, 'num_leaves': 35, 'max_depth': 7, 'min_child_samples': 35, 'subsample': 0.6621757324202009, 'colsample_bytree': 0.8223451298838809, 'reg_alpha': 2.567289064328275e-07, 'reg_lambda': 0.38042271853137216}. Best is trial 6 with value: 0.08374042670785586.
[I 2025-04-14 17:37:12,177] Trial 12 finished with value: 0.09030709571517981 and parameters: {'n_estimators': 53, 'learning_rate': 0.04048658888796709, 'num_leaves': 41, 'max_depth': 3, 'min_child_samples': 34, 'subsample': 0.8137210343370155, 'colsample_bytree': 0.8001430667303533, 'reg_alpha': 1.1749073444038601e-07, 'reg_lambda': 0.014625934560333372}. Best is trial 6 with value: 0.08374042670785586.
[I 2025-04-14 17:37:12,994] Trial 13 finished with value: 0.08379815649951328 and parameters: {'n_estimators': 85, 'learning_rate': 0.10238310651377013, 'num_leaves': 29, 'max_depth': 7, 'min_child_samples': 33, 'subsample': 0.630490656051825, 'colsample_bytree': 0.781363165920311, 'reg_alpha': 6.656399959388614e-07, 'reg_lambda': 0.04783338133973427}. Best is trial 6 with value: 0.08374042670785586.
[I 2025-04-14 17:37:13,712] Trial 14 finished with value: 0.08629354945453348 and parameters: {'n_estimators': 88, 'learning_rate': 0.033594249519952574, 'num_leaves': 28, 'max_depth': 12, 'min_child_samples': 27, 'subsample': 0.5653863994148237, 'colsample_bytree': 0.7571313753460883, 'reg_alpha': 8.310074020820056e-07, 'reg_lambda': 0.02605692373604494}. Best is trial 6 with value: 0.08374042670785586.
[I 2025-04-14 17:37:14,563] Trial 15 finished with value: 0.08354161084431933 and parameters: {'n_estimators': 88, 'learning_rate': 0.11746424819498673, 'num_leaves': 58, 'max_depth': 8, 'min_child_samples': 21, 'subsample': 0.6143195562136115, 'colsample_bytree': 0.9208824557130303, 'reg_alpha': 5.540640828786056e-06, 'reg_lambda': 0.0009754644117984893}. Best is trial 15 with value: 0.08354161084431933.
[I 2025-04-14 17:37:15,759] Trial 16 finished with value: 0.082925212471862 and parameters: {'n_estimators': 141, 'learning_rate': 0.0813590277899135, 'num_leaves': 60, 'max_depth': 9, 'min_child_samples': 20, 'subsample': 0.8136521026766536, 'colsample_bytree': 0.9126147201092867, 'reg_alpha': 4.576421688783207e-06, 'reg_lambda': 0.0006710184309241537}. Best is trial 16 with value: 0.082925212471862.
[I 2025-04-14 17:37:16,957] Trial 17 finished with value: 0.08513833696222455 and parameters: {'n_estimators': 146, 'learning_rate': 0.023754123383871728, 'num_leaves': 59, 'max_depth': 8, 'min_child_samples': 19, 'subsample': 0.5889514850587332, 'colsample_bytree': 0.9167724330851421, 'reg_alpha': 0.0006820763696088587, 'reg_lambda': 0.00029247847552858915}. Best is trial 16 with value: 0.082925212471862.
[I 2025-04-14 17:37:17,761] Trial 18 finished with value: 0.08248916114099973 and parameters: {'n_estimators': 97, 'learning_rate': 0.143780173340082, 'num_leaves': 47, 'max_depth': 9, 'min_child_samples': 20, 'subsample': 0.8625111026367087, 'colsample_bytree': 0.9981403657772591, 'reg_alpha': 5.476285507534117e-06, 'reg_lambda': 0.0003991187467010624}. Best is trial 18 with value: 0.08248916114099973.
[I 2025-04-14 17:37:20,595] Trial 19 finished with value: 0.08381228321309152 and parameters: {'n_estimators': 285, 'learning_rate': 0.06401403585098324, 'num_leaves': 47, 'max_depth': 9, 'min_child_samples': 14, 'subsample': 0.8471430824929355, 'colsample_bytree': 0.9988680166304463, 'reg_alpha': 2.8899232037831232e-08, 'reg_lambda': 0.0008575197967314921}. Best is trial 18 with value: 0.08248916114099973.
[I 2025-04-14 17:37:23,736] Trial 20 finished with value: 0.08613183530631309 and parameters: {'n_estimators': 147, 'learning_rate': 0.16805981120707564, 'num_leaves': 49, 'max_depth': 6, 'min_child_samples': 5, 'subsample': 0.8727143902613396, 'colsample_bytree': 0.8699902571126876, 'reg_alpha': 4.519600496136596e-06, 'reg_lambda': 1.4054239162179294e-07}. Best is trial 18 with value: 0.08248916114099973.
[I 2025-04-14 17:37:24,527] Trial 21 finished with value: 0.0840761815834448 and parameters: {'n_estimators': 91, 'learning_rate': 0.12869510327053502, 'num_leaves': 55, 'max_depth': 9, 'min_child_samples': 21, 'subsample': 0.7780728409692084, 'colsample_bytree': 0.9485835743387114, 'reg_alpha': 5.994969893670584e-06, 'reg_lambda': 0.0004198504077155744}. Best is trial 18 with value: 0.08248916114099973.
[I 2025-04-14 17:37:25,549] Trial 22 finished with value: 0.08288892666449969 and parameters: {'n_estimators': 110, 'learning_rate': 0.06379570288485266, 'num_leaves': 43, 'max_depth': 8, 'min_child_samples': 16, 'subsample': 0.7104913804296193, 'colsample_bytree': 0.9168922871238647, 'reg_alpha': 0.0003616838534892877, 'reg_lambda': 0.0022098229709959}. Best is trial 18 with value: 0.08248916114099973.
[I 2025-04-14 17:37:26,557] Trial 23 finished with value: 0.08555816449396575 and parameters: {'n_estimators': 118, 'learning_rate': 0.026109422322188918, 'num_leaves': 43, 'max_depth': 9, 'min_child_samples': 16, 'subsample': 0.7071527191505707, 'colsample_bytree': 0.8575835680092427, 'reg_alpha': 0.0006853383094551624, 'reg_lambda': 2.360404697484676e-05}. Best is trial 18 with value: 0.08248916114099973.
[I 2025-04-14 17:37:27,584] Trial 24 finished with value: 0.08390866680683358 and parameters: {'n_estimators': 158, 'learning_rate': 0.0617113217426266, 'num_leaves': 46, 'max_depth': 11, 'min_child_samples': 24, 'subsample': 0.7956461439557124, 'colsample_bytree': 0.9381388947579006, 'reg_alpha': 0.00013408603828426416, 'reg_lambda': 0.0041279491082155595}. Best is trial 18 with value: 0.08248916114099973.
[I 2025-04-14 17:37:28,875] A new study created in memory with name: tune-1-ANN_Baseload-24hr
[I 2025-04-14 17:37:31,421] Trial 0 finished with value: 0.11163099110126495 and parameters: {'n_layers': 1, 'units_layer_0': 76, 'dropout_layer_0': 0.3046045187590288, 'learning_rate': 0.002670006635330035}. Best is trial 0 with value: 0.11163099110126495.
[I 2025-04-14 17:37:33,452] Trial 1 finished with value: 0.11057926714420319 and parameters: {'n_layers': 2, 'units_layer_0': 149, 'dropout_layer_0': 0.23860170027450547, 'units_layer_1': 157, 'dropout_layer_1': 0.4348650615530445, 'learning_rate': 0.0013039618977365955}. Best is trial 1 with value: 0.11057926714420319.
[I 2025-04-14 17:37:36,374] Trial 2 finished with value: 0.09129613637924194 and parameters: {'n_layers': 3, 'units_layer_0': 189, 'dropout_layer_0': 0.2407436864758204, 'units_layer_1': 60, 'dropout_layer_1': 0.2756173816437231, 'units_layer_2': 39, 'dropout_layer_2': 0.23749281359558605, 'learning_rate': 0.0035943545151933816}. Best is trial 2 with value: 0.09129613637924194.
[I 2025-04-14 17:37:38,666] Trial 3 finished with value: 0.09970872849225998 and parameters: {'n_layers': 2, 'units_layer_0': 51, 'dropout_layer_0': 0.10227450917582073, 'units_layer_1': 131, 'dropout_layer_1': 0.13426786774342925, 'learning_rate': 0.0009884912216018}. Best is trial 2 with value: 0.09129613637924194.
[I 2025-04-14 17:37:40,108] Trial 4 finished with value: 0.11196406185626984 and parameters: {'n_layers': 3, 'units_layer_0': 73, 'dropout_layer_0': 0.29699529157126725, 'units_layer_1': 135, 'dropout_layer_1': 0.1295286599845087, 'units_layer_2': 219, 'dropout_layer_2': 0.37144621722804916, 'learning_rate': 0.009309980328111667}. Best is trial 2 with value: 0.09129613637924194.
[I 2025-04-14 17:37:42,438] Trial 5 finished with value: 0.10852618515491486 and parameters: {'n_layers': 3, 'units_layer_0': 86, 'dropout_layer_0': 0.13164764541103838, 'units_layer_1': 224, 'dropout_layer_1': 0.21950075111719403, 'units_layer_2': 47, 'dropout_layer_2': 0.33551156310999664, 'learning_rate': 0.0006802748282046963}. Best is trial 2 with value: 0.09129613637924194.
[I 2025-04-14 17:37:45,301] Trial 6 finished with value: 0.12338023632764816 and parameters: {'n_layers': 2, 'units_layer_0': 32, 'dropout_layer_0': 0.34548358695625103, 'units_layer_1': 104, 'dropout_layer_1': 0.17341778199543578, 'learning_rate': 0.00022759559551471654}. Best is trial 2 with value: 0.09129613637924194.
[I 2025-04-14 17:37:47,820] Trial 7 finished with value: 0.11925848573446274 and parameters: {'n_layers': 1, 'units_layer_0': 88, 'dropout_layer_0': 0.40441206168111643, 'learning_rate': 0.0007161265396631634}. Best is trial 2 with value: 0.09129613637924194.
[I 2025-04-14 17:37:50,338] Trial 8 finished with value: 0.09494131803512573 and parameters: {'n_layers': 1, 'units_layer_0': 101, 'dropout_layer_0': 0.385027508084289, 'learning_rate': 0.003026296096836562}. Best is trial 2 with value: 0.09129613637924194.
[I 2025-04-14 17:37:52,965] Trial 9 finished with value: 0.12508851289749146 and parameters: {'n_layers': 1, 'units_layer_0': 69, 'dropout_layer_0': 0.42293967197827154, 'learning_rate': 0.0003299201210840596}. Best is trial 2 with value: 0.09129613637924194.
[I 2025-04-14 17:37:55,052] Trial 10 finished with value: 0.12143988162279129 and parameters: {'n_layers': 3, 'units_layer_0': 229, 'dropout_layer_0': 0.4834821241439664, 'units_layer_1': 43, 'dropout_layer_1': 0.3442397500969677, 'units_layer_2': 40, 'dropout_layer_2': 0.10632698454694867, 'learning_rate': 0.008776162287288935}. Best is trial 2 with value: 0.09129613637924194.
[I 2025-04-14 17:37:57,737] Trial 11 finished with value: 0.09179180860519409 and parameters: {'n_layers': 2, 'units_layer_0': 153, 'dropout_layer_0': 0.21534636859076906, 'units_layer_1': 52, 'dropout_layer_1': 0.30196268490440037, 'learning_rate': 0.0032272307040095163}. Best is trial 2 with value: 0.09129613637924194.
[I 2025-04-14 17:38:00,599] Trial 12 finished with value: 0.09357426315546036 and parameters: {'n_layers': 3, 'units_layer_0': 211, 'dropout_layer_0': 0.20360053873711703, 'units_layer_1': 53, 'dropout_layer_1': 0.30453066547315105, 'units_layer_2': 97, 'dropout_layer_2': 0.1736583443734026, 'learning_rate': 0.0035739381817744584}. Best is trial 2 with value: 0.09129613637924194.
[I 2025-04-14 17:38:02,803] Trial 13 finished with value: 0.09669587761163712 and parameters: {'n_layers': 2, 'units_layer_0': 151, 'dropout_layer_0': 0.2052408556471742, 'units_layer_1': 63, 'dropout_layer_1': 0.258651201601928, 'learning_rate': 0.004693372816082011}. Best is trial 2 with value: 0.09129613637924194.
[I 2025-04-14 17:38:05,627] Trial 14 finished with value: 0.11317256093025208 and parameters: {'n_layers': 2, 'units_layer_0': 152, 'dropout_layer_0': 0.25332287563808203, 'units_layer_1': 35, 'dropout_layer_1': 0.37741007003926447, 'learning_rate': 0.0016043302395469194}. Best is trial 2 with value: 0.09129613637924194.
[I 2025-04-14 17:38:07,710] Trial 15 finished with value: 0.11770771443843842 and parameters: {'n_layers': 3, 'units_layer_0': 123, 'dropout_layer_0': 0.1596081791791497, 'units_layer_1': 73, 'dropout_layer_1': 0.4922678518935814, 'units_layer_2': 77, 'dropout_layer_2': 0.4806945898602808, 'learning_rate': 0.005993889457053886}. Best is trial 2 with value: 0.09129613637924194.
[I 2025-04-14 17:38:10,586] Trial 16 finished with value: 0.13743500411510468 and parameters: {'n_layers': 2, 'units_layer_0': 181, 'dropout_layer_0': 0.1753757124214807, 'units_layer_1': 81, 'dropout_layer_1': 0.2650322309223723, 'learning_rate': 0.00010145436143760591}. Best is trial 2 with value: 0.09129613637924194.
[I 2025-04-14 17:38:12,797] Trial 17 finished with value: 0.11741425096988678 and parameters: {'n_layers': 3, 'units_layer_0': 119, 'dropout_layer_0': 0.267009209664729, 'units_layer_1': 49, 'dropout_layer_1': 0.34399128812924673, 'units_layer_2': 35, 'dropout_layer_2': 0.22586419344887004, 'learning_rate': 0.0019781155423292153}. Best is trial 2 with value: 0.09129613637924194.
[I 2025-04-14 17:38:15,400] Trial 18 finished with value: 0.11535192281007767 and parameters: {'n_layers': 2, 'units_layer_0': 252, 'dropout_layer_0': 0.33515785214301286, 'units_layer_1': 34, 'dropout_layer_1': 0.24328188047550328, 'learning_rate': 0.004520778230641717}. Best is trial 2 with value: 0.09129613637924194.
[I 2025-04-14 17:38:18,400] Trial 19 finished with value: 0.09468469023704529 and parameters: {'n_layers': 3, 'units_layer_0': 176, 'dropout_layer_0': 0.2009323542409483, 'units_layer_1': 59, 'dropout_layer_1': 0.4054090832891154, 'units_layer_2': 73, 'dropout_layer_2': 0.2566717694667202, 'learning_rate': 0.002358301981749211}. Best is trial 2 with value: 0.09129613637924194.
[I 2025-04-14 17:38:21,120] Trial 20 finished with value: 0.11549478769302368 and parameters: {'n_layers': 2, 'units_layer_0': 116, 'dropout_layer_0': 0.24311889792381186, 'units_layer_1': 97, 'dropout_layer_1': 0.1921459134502576, 'learning_rate': 0.0004574840251008494}. Best is trial 2 with value: 0.09129613637924194.
[I 2025-04-14 17:38:23,440] Trial 21 finished with value: 0.09237872809171677 and parameters: {'n_layers': 3, 'units_layer_0': 199, 'dropout_layer_0': 0.2077446346432539, 'units_layer_1': 49, 'dropout_layer_1': 0.30987460624712154, 'units_layer_2': 137, 'dropout_layer_2': 0.1503295308256566, 'learning_rate': 0.0036405850934395573}. Best is trial 2 with value: 0.09129613637924194.
[I 2025-04-14 17:38:25,342] Trial 22 finished with value: 0.11893186718225479 and parameters: {'n_layers': 3, 'units_layer_0': 194, 'dropout_layer_0': 0.15297104433707565, 'units_layer_1': 42, 'dropout_layer_1': 0.3050571181349594, 'units_layer_2': 152, 'dropout_layer_2': 0.14108979627124166, 'learning_rate': 0.006420519210267703}. Best is trial 2 with value: 0.09129613637924194.
[I 2025-04-14 17:38:28,182] Trial 23 finished with value: 0.08983203023672104 and parameters: {'n_layers': 3, 'units_layer_0': 255, 'dropout_layer_0': 0.28062027452977767, 'units_layer_1': 71, 'dropout_layer_1': 0.2925653022404558, 'units_layer_2': 131, 'dropout_layer_2': 0.21331008677904822, 'learning_rate': 0.003775193066223191}. Best is trial 23 with value: 0.08983203023672104.
