[I 2025-04-14 18:23:13,024] Trial 24 finished with value: 0.16738612949848175 and parameters: {'n_lstm_layers': 1, 'lstm_units': 61, 'n_dense_layers': 0, 'lstm_dropout_0': 0.1420225816096828, 'learning_rate': 0.000592663206285523}. Best is trial 14 with value: 0.12569957971572876.
Loading existing model artifact to get scalers/columns...
Selecting model for Feeder 7, Arch: LSTM_Change_in_Load, Scenario: Night, Version: None
Error: No matching model found for criteria: Feeder=7, Arch=LSTM_Change_in_Load, Scenario=Night, Version=None
Warning: No existing model found for Feeder=7, Arch=LSTM_Change_in_Load, Scenario=Night. Cannot get scalers. Skipping.

===== Tuning for Feeder 8 =====

--- Tuning: Arch=LightGBM_Baseline, Scenario=24hr ---
Loading existing model artifact to get scalers/columns...
Selecting model for Feeder 8, Arch: LightGBM_Baseline, Scenario: 24hr, Version: None
Selected Model ID: 168, Version: v1.1_Final_Forecasting_20250414170615, Path Info: models/feeder_8/LightGBM_Baseline_24hr_v1.1_Final_Forecasting_20250414170615.pkl
Loading artifact(s) based on path info: models/feeder_8/LightGBM_Baseline_24hr_v1.1_Final_Forecasting_20250414170615.pkl
Detected single pickle artifact path: models/feeder_8/LightGBM_Baseline_24hr_v1.1_Final_Forecasting_20250414170615.pkl
Downloading single pickle artifact to: H:\My Drive\Barbados_Forecasting_Tool_Final\tmp\LightGBM_Baseline_24hr_v1.1_Final_Forecasting_20250414170615.pkl
Single pickle downloaded. Loading...
Single pickle loaded.
Cleaned up temporary file: H:\My Drive\Barbados_Forecasting_Tool_Final\tmp\LightGBM_Baseline_24hr_v1.1_Final_Forecasting_20250414170615.pkl
Preparing training and validation data using loaded scalers...
Starting feature engineering for scenario: 24hr...
Pivoting data into daily vectors...
Reshaped data: X shape (152, 177), y shape (152, 24)
Transforming data using provided scalers (X and y)...
Data transformed.
Starting feature engineering for scenario: 24hr...
Pivoting data into daily vectors...
Reshaped data: X shape (30, 177), y shape (30, 24)
Transforming data using provided scalers (X and y)...
Data transformed.
Starting Optuna optimization (25 trials)...

--- Optuna Trial 0 for LightGBM_Baseline ---
Trial 0: Training model...
Trial 0: Evaluating model...
Trial 0: Validation Score (mae, scaled) = 0.190450

--- Optuna Trial 1 for LightGBM_Baseline ---
Trial 1: Training model...
Trial 1: Evaluating model...
Trial 1: Validation Score (mae, scaled) = 0.193285

--- Optuna Trial 2 for LightGBM_Baseline ---
Trial 2: Training model...
Trial 2: Evaluating model...
Trial 2: Validation Score (mae, scaled) = 0.140252

--- Optuna Trial 3 for LightGBM_Baseline ---
Trial 3: Training model...
Trial 3: Evaluating model...
Trial 3: Validation Score (mae, scaled) = 0.193468

--- Optuna Trial 4 for LightGBM_Baseline ---
Trial 4: Training model...
Trial 4: Evaluating model...
Trial 4: Validation Score (mae, scaled) = 0.160769

--- Optuna Trial 5 for LightGBM_Baseline ---
Trial 5: Training model...
Trial 5: Evaluating model...
Trial 5: Validation Score (mae, scaled) = 0.187466

--- Optuna Trial 6 for LightGBM_Baseline ---
Trial 6: Training model...
Trial 6: Evaluating model...
Trial 6: Validation Score (mae, scaled) = 0.185183

--- Optuna Trial 7 for LightGBM_Baseline ---
Trial 7: Training model...
Trial 7: Evaluating model...
Trial 7: Validation Score (mae, scaled) = 0.170095

--- Optuna Trial 8 for LightGBM_Baseline ---
Trial 8: Training model...
Trial 8: Evaluating model...
Trial 8: Validation Score (mae, scaled) = 0.150552

--- Optuna Trial 9 for LightGBM_Baseline ---
Trial 9: Training model...
Trial 9: Evaluating model...
Trial 9: Validation Score (mae, scaled) = 0.192895

--- Optuna Trial 10 for LightGBM_Baseline ---
Trial 10: Training model...
Trial 10: Evaluating model...
Trial 10: Validation Score (mae, scaled) = 0.117074

--- Optuna Trial 11 for LightGBM_Baseline ---
Trial 11: Training model...
Trial 11: Evaluating model...
Trial 11: Validation Score (mae, scaled) = 0.115512

--- Optuna Trial 12 for LightGBM_Baseline ---
Trial 12: Training model...
Trial 12: Evaluating model...
Trial 12: Validation Score (mae, scaled) = 0.118793

--- Optuna Trial 13 for LightGBM_Baseline ---
Trial 13: Training model...
Trial 13: Evaluating model...
Trial 13: Validation Score (mae, scaled) = 0.116606

--- Optuna Trial 14 for LightGBM_Baseline ---
Trial 14: Training model...
Trial 14: Evaluating model...
Trial 14: Validation Score (mae, scaled) = 0.114844

--- Optuna Trial 15 for LightGBM_Baseline ---
Trial 15: Training model...
Trial 15: Evaluating model...
Trial 15: Validation Score (mae, scaled) = 0.117401

--- Optuna Trial 16 for LightGBM_Baseline ---
Trial 16: Training model...
Trial 16: Evaluating model...
Trial 16: Validation Score (mae, scaled) = 0.143712

--- Optuna Trial 17 for LightGBM_Baseline ---
Trial 17: Training model...
Trial 17: Evaluating model...
Trial 17: Validation Score (mae, scaled) = 0.116671

--- Optuna Trial 18 for LightGBM_Baseline ---
Trial 18: Training model...
Trial 18: Evaluating model...
Trial 18: Validation Score (mae, scaled) = 0.119035

--- Optuna Trial 19 for LightGBM_Baseline ---
Trial 19: Training model...
Trial 19: Evaluating model...
Trial 19: Validation Score (mae, scaled) = 0.116069

--- Optuna Trial 20 for LightGBM_Baseline ---
Trial 20: Training model...
Trial 20: Evaluating model...
Trial 20: Validation Score (mae, scaled) = 0.178431

--- Optuna Trial 21 for LightGBM_Baseline ---
Trial 21: Training model...
Trial 21: Evaluating model...
Trial 21: Validation Score (mae, scaled) = 0.115838

--- Optuna Trial 22 for LightGBM_Baseline ---
Trial 22: Training model...
Trial 22: Evaluating model...
Trial 22: Validation Score (mae, scaled) = 0.116172

--- Optuna Trial 23 for LightGBM_Baseline ---
Trial 23: Training model...
Trial 23: Evaluating model...
Trial 23: Validation Score (mae, scaled) = 0.117163

--- Optuna Trial 24 for LightGBM_Baseline ---
Trial 24: Training model...
Trial 24: Evaluating model...
Trial 24: Validation Score (mae, scaled) = 0.150788

--- Best Results for Feeder=8, Arch=LightGBM_Baseline, Scenario=24hr ---
Best Validation Score (mae, scaled): 0.114844
Best Hyperparameters:
  n_estimators: 53
  learning_rate: 0.08274679703664146
  num_leaves: 45
  max_depth: 4
  min_child_samples: 16
  subsample: 0.7052973498144763
  colsample_bytree: 0.7873966100360492
  reg_alpha: 0.001829701432791697
  reg_lambda: 0.0005404293524667066

--- Tuning: Arch=LightGBM_Baseline, Scenario=Day ---
Loading existing model artifact to get scalers/columns...
Selecting model for Feeder 8, Arch: LightGBM_Baseline, Scenario: Day, Version: None
Error: No matching model found for criteria: Feeder=8, Arch=LightGBM_Baseline, Scenario=Day, Version=None
Warning: No existing model found for Feeder=8, Arch=LightGBM_Baseline, Scenario=Day. Cannot get scalers. Skipping.

--- Tuning: Arch=LightGBM_Baseline, Scenario=Night ---
Loading existing model artifact to get scalers/columns...
Selecting model for Feeder 8, Arch: LightGBM_Baseline, Scenario: Night, Version: None
Error: No matching model found for criteria: Feeder=8, Arch=LightGBM_Baseline, Scenario=Night, Version=None
Warning: No existing model found for Feeder=8, Arch=LightGBM_Baseline, Scenario=Night. Cannot get scalers. Skipping.

--- Tuning: Arch=ANN_Baseload, Scenario=24hr ---
Loading existing model artifact to get scalers/columns...
Selecting model for Feeder 8, Arch: ANN_Baseload, Scenario: 24hr, Version: None
Error: No matching model found for criteria: Feeder=8, Arch=ANN_Baseload, Scenario=24hr, Version=None
Warning: No existing model found for Feeder=8, Arch=ANN_Baseload, Scenario=24hr. Cannot get scalers. Skipping.

--- Tuning: Arch=ANN_Baseload, Scenario=Day ---
Loading existing model artifact to get scalers/columns...
Selecting model for Feeder 8, Arch: ANN_Baseload, Scenario: Day, Version: None
Error: No matching model found for criteria: Feeder=8, Arch=ANN_Baseload, Scenario=Day, Version=None
Warning: No existing model found for Feeder=8, Arch=ANN_Baseload, Scenario=Day. Cannot get scalers. Skipping.

--- Tuning: Arch=ANN_Baseload, Scenario=Night ---
Loading existing model artifact to get scalers/columns...
[I 2025-04-14 18:23:15,320] A new study created in memory with name: tune-8-LSTM_Change_in_Load-24hr
[I 2025-04-14 18:23:22,730] Trial 0 finished with value: 0.10886061936616898 and parameters: {'n_lstm_layers': 2, 'lstm_units': 36, 'n_dense_layers': 0, 'lstm_dropout_0': 0.17682532547045013, 'lstm_dropout_1': 0.1994260227290724, 'learning_rate': 0.0024266902481477493}. Best is trial 0 with value: 0.10886061936616898.
[I 2025-04-14 18:23:29,908] Trial 1 finished with value: 0.10169016569852829 and parameters: {'n_lstm_layers': 2, 'lstm_units': 58, 'n_dense_layers': 2, 'lstm_dropout_0': 0.20349762410736383, 'lstm_dropout_1': 0.403824111083975, 'dense_units_0': 39, 'dense_dropout_0': 0.4064176141030723, 'dense_units_1': 55, 'dense_dropout_1': 0.19439064550285712, 'learning_rate': 0.008220708982888044}. Best is trial 1 with value: 0.10169016569852829.
[I 2025-04-14 18:23:37,116] Trial 2 finished with value: 0.11100710928440094 and parameters: {'n_lstm_layers': 2, 'lstm_units': 80, 'n_dense_layers': 1, 'lstm_dropout_0': 0.13168863695896926, 'lstm_dropout_1': 0.11775657378654132, 'dense_units_0': 20, 'dense_dropout_0': 0.34664709828442763, 'learning_rate': 0.0016740457199304424}. Best is trial 1 with value: 0.10169016569852829.
[I 2025-04-14 18:23:42,125] Trial 3 finished with value: 0.22324348986148834 and parameters: {'n_lstm_layers': 1, 'lstm_units': 104, 'n_dense_layers': 1, 'lstm_dropout_0': 0.19982963834271153, 'dense_units_0': 45, 'dense_dropout_0': 0.4587984638325766, 'learning_rate': 0.00011697052006990759}. Best is trial 1 with value: 0.10169016569852829.
[I 2025-04-14 18:23:47,128] Trial 4 finished with value: 0.10912106931209564 and parameters: {'n_lstm_layers': 1, 'lstm_units': 66, 'n_dense_layers': 2, 'lstm_dropout_0': 0.20336074638617263, 'dense_units_0': 45, 'dense_dropout_0': 0.2326600729782876, 'dense_units_1': 29, 'dense_dropout_1': 0.4456738548722775, 'learning_rate': 0.0017883969056129037}. Best is trial 1 with value: 0.10169016569852829.
[I 2025-04-14 18:23:54,667] Trial 5 finished with value: 0.1068025603890419 and parameters: {'n_lstm_layers': 2, 'lstm_units': 111, 'n_dense_layers': 2, 'lstm_dropout_0': 0.1846085478941927, 'lstm_dropout_1': 0.3068555589815509, 'dense_units_0': 20, 'dense_dropout_0': 0.3717530276361485, 'dense_units_1': 17, 'dense_dropout_1': 0.3707449137850167, 'learning_rate': 0.005305925757840175}. Best is trial 1 with value: 0.10169016569852829.
[I 2025-04-14 18:24:02,279] Trial 6 finished with value: 0.10505685210227966 and parameters: {'n_lstm_layers': 2, 'lstm_units': 103, 'n_dense_layers': 1, 'lstm_dropout_0': 0.48816457481786335, 'lstm_dropout_1': 0.32579400636439304, 'dense_units_0': 33, 'dense_dropout_0': 0.2844184504005614, 'learning_rate': 0.0017478772825886887}. Best is trial 1 with value: 0.10169016569852829.
[I 2025-04-14 18:24:09,679] Trial 7 finished with value: 0.09988164901733398 and parameters: {'n_lstm_layers': 2, 'lstm_units': 66, 'n_dense_layers': 1, 'lstm_dropout_0': 0.28833376751242135, 'lstm_dropout_1': 0.13560188344451826, 'dense_units_0': 35, 'dense_dropout_0': 0.3146530144304064, 'learning_rate': 0.006327309528050936}. Best is trial 7 with value: 0.09988164901733398.
[I 2025-04-14 18:24:17,050] Trial 8 finished with value: 0.11361406743526459 and parameters: {'n_lstm_layers': 2, 'lstm_units': 87, 'n_dense_layers': 1, 'lstm_dropout_0': 0.46880168078700013, 'lstm_dropout_1': 0.4058854300173399, 'dense_units_0': 38, 'dense_dropout_0': 0.4055473380190239, 'learning_rate': 0.00107769186011839}. Best is trial 7 with value: 0.09988164901733398.
[I 2025-04-14 18:24:24,600] Trial 9 finished with value: 0.10111931711435318 and parameters: {'n_lstm_layers': 2, 'lstm_units': 53, 'n_dense_layers': 2, 'lstm_dropout_0': 0.41269297440701624, 'lstm_dropout_1': 0.33037053066924066, 'dense_units_0': 37, 'dense_dropout_0': 0.23246835345434724, 'dense_units_1': 43, 'dense_dropout_1': 0.25809163441037664, 'learning_rate': 0.0037246328507036285}. Best is trial 7 with value: 0.09988164901733398.
[I 2025-04-14 18:24:29,084] Trial 10 finished with value: 0.14065329730510712 and parameters: {'n_lstm_layers': 1, 'lstm_units': 41, 'n_dense_layers': 0, 'lstm_dropout_0': 0.30881433454382307, 'learning_rate': 0.00036858374487491323}. Best is trial 7 with value: 0.09988164901733398.
[I 2025-04-14 18:24:36,888] Trial 11 finished with value: 0.0984063521027565 and parameters: {'n_lstm_layers': 2, 'lstm_units': 50, 'n_dense_layers': 2, 'lstm_dropout_0': 0.3658954649238185, 'lstm_dropout_1': 0.21554559347667882, 'dense_units_0': 59, 'dense_dropout_0': 0.10073885924604259, 'dense_units_1': 51, 'dense_dropout_1': 0.10667216924023493, 'learning_rate': 0.0046435408312779595}. Best is trial 11 with value: 0.0984063521027565.
[I 2025-04-14 18:24:44,145] Trial 12 finished with value: 0.10152619332075119 and parameters: {'n_lstm_layers': 2, 'lstm_units': 47, 'n_dense_layers': 0, 'lstm_dropout_0': 0.3069711472826102, 'lstm_dropout_1': 0.17445253175989484, 'learning_rate': 0.009763490566940028}. Best is trial 11 with value: 0.0984063521027565.
[I 2025-04-14 18:24:51,828] Trial 13 finished with value: 0.11127211898565292 and parameters: {'n_lstm_layers': 2, 'lstm_units': 66, 'n_dense_layers': 1, 'lstm_dropout_0': 0.37669208527990267, 'lstm_dropout_1': 0.21913279198507057, 'dense_units_0': 60, 'dense_dropout_0': 0.11366297817480225, 'learning_rate': 0.0005551443835128169}. Best is trial 11 with value: 0.0984063521027565.
[I 2025-04-14 18:24:56,593] Trial 14 finished with value: 0.10153314471244812 and parameters: {'n_lstm_layers': 1, 'lstm_units': 33, 'n_dense_layers': 2, 'lstm_dropout_0': 0.3646953944468181, 'dense_units_0': 62, 'dense_dropout_0': 0.10039383618433992, 'dense_units_1': 64, 'dense_dropout_1': 0.11348168142189635, 'learning_rate': 0.0040650718939975235}. Best is trial 11 with value: 0.0984063521027565.
[I 2025-04-14 18:25:04,430] Trial 15 finished with value: 0.10089944303035736 and parameters: {'n_lstm_layers': 2, 'lstm_units': 47, 'n_dense_layers': 1, 'lstm_dropout_0': 0.2647044956301492, 'lstm_dropout_1': 0.10348152517667647, 'dense_units_0': 26, 'dense_dropout_0': 0.18088320122784965, 'learning_rate': 0.006272198412837198}. Best is trial 11 with value: 0.0984063521027565.
[I 2025-04-14 18:25:12,033] Trial 16 finished with value: 0.10491783916950226 and parameters: {'n_lstm_layers': 2, 'lstm_units': 75, 'n_dense_layers': 2, 'lstm_dropout_0': 0.26027836653430425, 'lstm_dropout_1': 0.24595871982080098, 'dense_units_0': 25, 'dense_dropout_0': 0.29921654896558686, 'dense_units_1': 32, 'dense_dropout_1': 0.10640844121923873, 'learning_rate': 0.003485251906105848}. Best is trial 11 with value: 0.0984063521027565.
[I 2025-04-14 18:25:16,506] Trial 17 finished with value: 0.11622340232133865 and parameters: {'n_lstm_layers': 1, 'lstm_units': 50, 'n_dense_layers': 0, 'lstm_dropout_0': 0.35485442174742593, 'learning_rate': 0.0007434819226127816}. Best is trial 11 with value: 0.0984063521027565.
[I 2025-04-14 18:25:24,163] Trial 18 finished with value: 0.22763995826244354 and parameters: {'n_lstm_layers': 2, 'lstm_units': 41, 'n_dense_layers': 1, 'lstm_dropout_0': 0.4299611699196711, 'lstm_dropout_1': 0.15417578033761567, 'dense_units_0': 52, 'dense_dropout_0': 0.49697595651363985, 'learning_rate': 0.00011812111297604793}. Best is trial 11 with value: 0.0984063521027565.
[I 2025-04-14 18:25:31,616] Trial 19 finished with value: 0.24440765380859375 and parameters: {'n_lstm_layers': 2, 'lstm_units': 59, 'n_dense_layers': 1, 'lstm_dropout_0': 0.26807409460323334, 'lstm_dropout_1': 0.492977727655024, 'dense_units_0': 16, 'dense_dropout_0': 0.1807489544437146, 'learning_rate': 0.0002143015444800196}. Best is trial 11 with value: 0.0984063521027565.
[I 2025-04-14 18:25:36,786] Trial 20 finished with value: 0.10161712765693665 and parameters: {'n_lstm_layers': 1, 'lstm_units': 128, 'n_dense_layers': 2, 'lstm_dropout_0': 0.31312148755507946, 'dense_units_0': 28, 'dense_dropout_0': 0.22955985112478583, 'dense_units_1': 39, 'dense_dropout_1': 0.2779080950711127, 'learning_rate': 0.002565688952019054}. Best is trial 11 with value: 0.0984063521027565.
[I 2025-04-14 18:25:44,168] Trial 21 finished with value: 0.09993212670087814 and parameters: {'n_lstm_layers': 2, 'lstm_units': 44, 'n_dense_layers': 1, 'lstm_dropout_0': 0.2412131084931815, 'lstm_dropout_1': 0.10860366214084892, 'dense_units_0': 25, 'dense_dropout_0': 0.1509642377699424, 'learning_rate': 0.00624377110136364}. Best is trial 11 with value: 0.0984063521027565.
[I 2025-04-14 18:25:51,972] Trial 22 finished with value: 0.10226272791624069 and parameters: {'n_lstm_layers': 2, 'lstm_units': 41, 'n_dense_layers': 1, 'lstm_dropout_0': 0.23713871114714802, 'lstm_dropout_1': 0.14683148893708545, 'dense_units_0': 22, 'dense_dropout_0': 0.14043696127966093, 'learning_rate': 0.006162024902400143}. Best is trial 11 with value: 0.0984063521027565.
[I 2025-04-14 18:25:59,565] Trial 23 finished with value: 0.10058610141277313 and parameters: {'n_lstm_layers': 2, 'lstm_units': 55, 'n_dense_layers': 1, 'lstm_dropout_0': 0.3360319681711138, 'lstm_dropout_1': 0.26026348076432215, 'dense_units_0': 31, 'dense_dropout_0': 0.15791722362687366, 'learning_rate': 0.008832271132845388}. Best is trial 11 with value: 0.0984063521027565.
