[I 2025-04-14 18:20:18,642] Trial 24 finished with value: 0.11932441592216492 and parameters: {'n_lstm_layers': 1, 'lstm_units': 55, 'n_dense_layers': 0, 'lstm_dropout_0': 0.36071643432195616, 'learning_rate': 0.004167198722423464}. Best is trial 15 with value: 0.1137830838561058.
  learning_rate: 0.0712077716299931
  num_leaves: 60
  max_depth: 4
  min_child_samples: 5
  subsample: 0.8535759889033576
  colsample_bytree: 0.8376771882983307
  reg_alpha: 0.00046509175327640517
  reg_lambda: 1.1379492797485943e-05

--- Tuning: Arch=LightGBM_Baseline, Scenario=Day ---
Loading existing model artifact to get scalers/columns...
Selecting model for Feeder 7, Arch: LightGBM_Baseline, Scenario: Day, Version: None
Error: No matching model found for criteria: Feeder=7, Arch=LightGBM_Baseline, Scenario=Day, Version=None
Warning: No existing model found for Feeder=7, Arch=LightGBM_Baseline, Scenario=Day. Cannot get scalers. Skipping.

--- Tuning: Arch=LightGBM_Baseline, Scenario=Night ---
Loading existing model artifact to get scalers/columns...
Selecting model for Feeder 7, Arch: LightGBM_Baseline, Scenario: Night, Version: None
Error: No matching model found for criteria: Feeder=7, Arch=LightGBM_Baseline, Scenario=Night, Version=None
Warning: No existing model found for Feeder=7, Arch=LightGBM_Baseline, Scenario=Night. Cannot get scalers. Skipping.

--- Tuning: Arch=ANN_Baseload, Scenario=24hr ---
Loading existing model artifact to get scalers/columns...
Selecting model for Feeder 7, Arch: ANN_Baseload, Scenario: 24hr, Version: None
Error: No matching model found for criteria: Feeder=7, Arch=ANN_Baseload, Scenario=24hr, Version=None
Warning: No existing model found for Feeder=7, Arch=ANN_Baseload, Scenario=24hr. Cannot get scalers. Skipping.

--- Tuning: Arch=ANN_Baseload, Scenario=Day ---
Loading existing model artifact to get scalers/columns...
Selecting model for Feeder 7, Arch: ANN_Baseload, Scenario: Day, Version: None
Error: No matching model found for criteria: Feeder=7, Arch=ANN_Baseload, Scenario=Day, Version=None
Warning: No existing model found for Feeder=7, Arch=ANN_Baseload, Scenario=Day. Cannot get scalers. Skipping.

--- Tuning: Arch=ANN_Baseload, Scenario=Night ---
Loading existing model artifact to get scalers/columns...
Selecting model for Feeder 7, Arch: ANN_Baseload, Scenario: Night, Version: None
Error: No matching model found for criteria: Feeder=7, Arch=ANN_Baseload, Scenario=Night, Version=None
Warning: No existing model found for Feeder=7, Arch=ANN_Baseload, Scenario=Night. Cannot get scalers. Skipping.

--- Tuning: Arch=ANN_Change_in_Load, Scenario=24hr ---
Loading existing model artifact to get scalers/columns...
Selecting model for Feeder 7, Arch: ANN_Change_in_Load, Scenario: 24hr, Version: None
Error: No matching model found for criteria: Feeder=7, Arch=ANN_Change_in_Load, Scenario=24hr, Version=None
Warning: No existing model found for Feeder=7, Arch=ANN_Change_in_Load, Scenario=24hr. Cannot get scalers. Skipping.

--- Tuning: Arch=ANN_Change_in_Load, Scenario=Day ---
Loading existing model artifact to get scalers/columns...
Selecting model for Feeder 7, Arch: ANN_Change_in_Load, Scenario: Day, Version: None
Error: No matching model found for criteria: Feeder=7, Arch=ANN_Change_in_Load, Scenario=Day, Version=None
Warning: No existing model found for Feeder=7, Arch=ANN_Change_in_Load, Scenario=Day. Cannot get scalers. Skipping.

--- Tuning: Arch=ANN_Change_in_Load, Scenario=Night ---
Loading existing model artifact to get scalers/columns...
Selecting model for Feeder 7, Arch: ANN_Change_in_Load, Scenario: Night, Version: None
Error: No matching model found for criteria: Feeder=7, Arch=ANN_Change_in_Load, Scenario=Night, Version=None
Warning: No existing model found for Feeder=7, Arch=ANN_Change_in_Load, Scenario=Night. Cannot get scalers. Skipping.

--- Tuning: Arch=LSTM_Baseload, Scenario=24hr ---
Loading existing model artifact to get scalers/columns...
Selecting model for Feeder 7, Arch: LSTM_Baseload, Scenario: 24hr, Version: None
Selected Model ID: 165, Version: v1.1_Final_Forecasting_20250414170554, Path Info: {"keras_model": "models/feeder_7/LSTM_Baseload_24hr_v1.1_Final_Forecasting_20250414170554.keras", "scalers_pkl": "models/feeder_7/LSTM_Baseload_24hr_v1.1_Final_Forecasting_20250414170554_scalers.pkl"}
Loading artifact(s) based on path info: {'keras_model': 'models/feeder_7/LSTM_Baseload_24hr_v1.1_Final_Forecasting_20250414170554.keras', 'scalers_pkl': 'models/feeder_7/LSTM_Baseload_24hr_v1.1_Final_Forecasting_20250414170554_scalers.pkl'}
Detected separate Keras model (models/feeder_7/LSTM_Baseload_24hr_v1.1_Final_Forecasting_20250414170554.keras) and scalers (models/feeder_7/LSTM_Baseload_24hr_v1.1_Final_Forecasting_20250414170554_scalers.pkl).
Downloading Keras model to: H:\My Drive\Barbados_Forecasting_Tool_Final\tmp\LSTM_Baseload_24hr_v1.1_Final_Forecasting_20250414170554.keras
Keras model downloaded. Loading...
Keras model loaded.
Downloading scalers pickle to: H:\My Drive\Barbados_Forecasting_Tool_Final\tmp\LSTM_Baseload_24hr_v1.1_Final_Forecasting_20250414170554_scalers.pkl
Scalers pickle downloaded. Loading...
Scalers pickle loaded.
Cleaned up temporary file: H:\My Drive\Barbados_Forecasting_Tool_Final\tmp\LSTM_Baseload_24hr_v1.1_Final_Forecasting_20250414170554.keras
Cleaned up temporary file: H:\My Drive\Barbados_Forecasting_Tool_Final\tmp\LSTM_Baseload_24hr_v1.1_Final_Forecasting_20250414170554_scalers.pkl
Preparing training and validation data using loaded scalers...
Starting feature engineering for scenario: 24hr...
Pivoting data into daily vectors...
Reshaped data: X shape (152, 177), y shape (152, 24)
Transforming data using provided scalers (X and y)...
Data transformed.
Starting feature engineering for scenario: 24hr...
Pivoting data into daily vectors...
Reshaped data: X shape (30, 177), y shape (30, 24)
Transforming data using provided scalers (X and y)...
Data transformed.
Starting Optuna optimization (25 trials)...

--- Optuna Trial 0 for LSTM_Baseload ---
Trial 0: Training model...
Trial 0: Validation Score (mae, scaled) = 0.629076

--- Optuna Trial 1 for LSTM_Baseload ---
Trial 1: Training model...
Trial 1: Validation Score (mae, scaled) = 0.238966

--- Optuna Trial 2 for LSTM_Baseload ---
Trial 2: Training model...
Trial 2: Validation Score (mae, scaled) = 0.272977

--- Optuna Trial 3 for LSTM_Baseload ---
Trial 3: Training model...
Trial 3: Validation Score (mae, scaled) = 0.310329

--- Optuna Trial 4 for LSTM_Baseload ---
Trial 4: Training model...
Trial 4: Validation Score (mae, scaled) = 0.161041

--- Optuna Trial 5 for LSTM_Baseload ---
Trial 5: Training model...
Trial 5: Validation Score (mae, scaled) = 0.248818

--- Optuna Trial 6 for LSTM_Baseload ---
Trial 6: Training model...
Trial 6: Validation Score (mae, scaled) = 0.161335

--- Optuna Trial 7 for LSTM_Baseload ---
Trial 7: Training model...
Trial 7: Validation Score (mae, scaled) = 0.166455

--- Optuna Trial 8 for LSTM_Baseload ---
Trial 8: Training model...
Trial 8: Validation Score (mae, scaled) = 0.299522

--- Optuna Trial 9 for LSTM_Baseload ---
Trial 9: Training model...
Trial 9: Validation Score (mae, scaled) = 0.230727

--- Optuna Trial 10 for LSTM_Baseload ---
Trial 10: Training model...
Trial 10: Validation Score (mae, scaled) = 0.142231

--- Optuna Trial 11 for LSTM_Baseload ---
Trial 11: Training model...
Trial 11: Validation Score (mae, scaled) = 0.150455

--- Optuna Trial 12 for LSTM_Baseload ---
Trial 12: Training model...
Trial 12: Validation Score (mae, scaled) = 0.146041

--- Optuna Trial 13 for LSTM_Baseload ---
Trial 13: Training model...
Trial 13: Validation Score (mae, scaled) = 0.145645

--- Optuna Trial 14 for LSTM_Baseload ---
Trial 14: Training model...
Trial 14: Validation Score (mae, scaled) = 0.160710

--- Optuna Trial 15 for LSTM_Baseload ---
Trial 15: Training model...
Trial 15: Validation Score (mae, scaled) = 0.273893

--- Optuna Trial 16 for LSTM_Baseload ---
Trial 16: Training model...
Trial 16: Validation Score (mae, scaled) = 0.168499

--- Optuna Trial 17 for LSTM_Baseload ---
Trial 17: Training model...
Trial 17: Validation Score (mae, scaled) = 0.196178

--- Optuna Trial 18 for LSTM_Baseload ---
Trial 18: Training model...
Trial 18: Validation Score (mae, scaled) = 0.241888
[I 2025-04-14 18:20:19,749] A new study created in memory with name: tune-8-LightGBM_Baseline-24hr
[I 2025-04-14 18:20:24,192] Trial 0 finished with value: 0.19045043842494516 and parameters: {'n_estimators': 204, 'learning_rate': 0.14204998344011394, 'num_leaves': 37, 'max_depth': 10, 'min_child_samples': 44, 'subsample': 0.8084873357789248, 'colsample_bytree': 0.5346954510349626, 'reg_alpha': 3.0738526334074497e-07, 'reg_lambda': 0.03622704422340544}. Best is trial 0 with value: 0.19045043842494516.
[I 2025-04-14 18:20:24,968] Trial 1 finished with value: 0.19328533103200266 and parameters: {'n_estimators': 186, 'learning_rate': 0.012481479762961736, 'num_leaves': 57, 'max_depth': 6, 'min_child_samples': 45, 'subsample': 0.7594788034111425, 'colsample_bytree': 0.8422652022380889, 'reg_alpha': 0.07402220965776747, 'reg_lambda': 0.014630816352218499}. Best is trial 0 with value: 0.19045043842494516.
[I 2025-04-14 18:20:26,505] Trial 2 finished with value: 0.14025204620652756 and parameters: {'n_estimators': 95, 'learning_rate': 0.011839812059972957, 'num_leaves': 20, 'max_depth': 7, 'min_child_samples': 5, 'subsample': 0.6247500483907487, 'colsample_bytree': 0.8681093920768927, 'reg_alpha': 6.265838024761421e-05, 'reg_lambda': 0.16942210002377317}. Best is trial 2 with value: 0.14025204620652756.
[I 2025-04-14 18:20:27,396] Trial 3 finished with value: 0.19346844704331365 and parameters: {'n_estimators': 268, 'learning_rate': 0.021373730668581545, 'num_leaves': 31, 'max_depth': 9, 'min_child_samples': 47, 'subsample': 0.5249993671009302, 'colsample_bytree': 0.5345275369343466, 'reg_alpha': 0.00010732371199861266, 'reg_lambda': 0.022390198764109512}. Best is trial 2 with value: 0.14025204620652756.
[I 2025-04-14 18:20:27,916] Trial 4 finished with value: 0.16076876864205095 and parameters: {'n_estimators': 60, 'learning_rate': 0.03721285080432289, 'num_leaves': 18, 'max_depth': 10, 'min_child_samples': 27, 'subsample': 0.7743713963412927, 'colsample_bytree': 0.7290086821457542, 'reg_alpha': 0.3002105353585964, 'reg_lambda': 0.42516628535699663}. Best is trial 2 with value: 0.14025204620652756.
[I 2025-04-14 18:20:29,420] Trial 5 finished with value: 0.18746647649652115 and parameters: {'n_estimators': 276, 'learning_rate': 0.0013896701534976933, 'num_leaves': 39, 'max_depth': 6, 'min_child_samples': 39, 'subsample': 0.8958154388681396, 'colsample_bytree': 0.8962955529887398, 'reg_alpha': 0.6291971827647913, 'reg_lambda': 2.6643293728291097e-08}. Best is trial 2 with value: 0.14025204620652756.
[I 2025-04-14 18:20:30,798] Trial 6 finished with value: 0.18518255825169114 and parameters: {'n_estimators': 162, 'learning_rate': 0.001512218763877242, 'num_leaves': 53, 'max_depth': 12, 'min_child_samples': 19, 'subsample': 0.5754447224350765, 'colsample_bytree': 0.8642504000437183, 'reg_alpha': 0.0007452250705041515, 'reg_lambda': 7.114814489625423e-06}. Best is trial 2 with value: 0.14025204620652756.
[I 2025-04-14 18:20:31,299] Trial 7 finished with value: 0.17009498936537504 and parameters: {'n_estimators': 94, 'learning_rate': 0.020809871015406087, 'num_leaves': 15, 'max_depth': 5, 'min_child_samples': 36, 'subsample': 0.7855422436261035, 'colsample_bytree': 0.9590871031661043, 'reg_alpha': 1.566322995973773e-08, 'reg_lambda': 4.94671966399595e-07}. Best is trial 2 with value: 0.14025204620652756.
[I 2025-04-14 18:20:34,178] Trial 8 finished with value: 0.15055232131388496 and parameters: {'n_estimators': 281, 'learning_rate': 0.0032788689767914835, 'num_leaves': 20, 'max_depth': 10, 'min_child_samples': 14, 'subsample': 0.5138266387100273, 'colsample_bytree': 0.91115187945558, 'reg_alpha': 2.2110381767787913e-08, 'reg_lambda': 4.063561446632423e-05}. Best is trial 2 with value: 0.14025204620652756.
[I 2025-04-14 18:20:34,895] Trial 9 finished with value: 0.1928950255339027 and parameters: {'n_estimators': 150, 'learning_rate': 0.035497236737014784, 'num_leaves': 13, 'max_depth': 9, 'min_child_samples': 45, 'subsample': 0.6202763383121008, 'colsample_bytree': 0.6435138216779686, 'reg_alpha': 3.5849758631943996e-05, 'reg_lambda': 1.0887166347000436e-06}. Best is trial 2 with value: 0.14025204620652756.
[I 2025-04-14 18:20:35,807] Trial 10 finished with value: 0.11707447735964686 and parameters: {'n_estimators': 110, 'learning_rate': 0.2589233343252431, 'num_leaves': 27, 'max_depth': 3, 'min_child_samples': 5, 'subsample': 0.6650815773475358, 'colsample_bytree': 0.7622435472092128, 'reg_alpha': 3.058586414030353e-06, 'reg_lambda': 0.0007125278089305183}. Best is trial 10 with value: 0.11707447735964686.
[I 2025-04-14 18:20:36,697] Trial 11 finished with value: 0.11551248906312317 and parameters: {'n_estimators': 110, 'learning_rate': 0.2628108256631422, 'num_leaves': 27, 'max_depth': 3, 'min_child_samples': 5, 'subsample': 0.6706705358915175, 'colsample_bytree': 0.7667036853185443, 'reg_alpha': 2.8792669249886505e-06, 'reg_lambda': 0.00042952998352949233}. Best is trial 11 with value: 0.11551248906312317.
[I 2025-04-14 18:20:37,914] Trial 12 finished with value: 0.11879323854809859 and parameters: {'n_estimators': 121, 'learning_rate': 0.2749563692179023, 'num_leaves': 28, 'max_depth': 3, 'min_child_samples': 5, 'subsample': 0.6707432501690417, 'colsample_bytree': 0.7278086914343943, 'reg_alpha': 1.7112624108706165e-06, 'reg_lambda': 0.0009299233149644117}. Best is trial 11 with value: 0.11551248906312317.
[I 2025-04-14 18:20:38,635] Trial 13 finished with value: 0.11660593396585794 and parameters: {'n_estimators': 58, 'learning_rate': 0.09735274966793102, 'num_leaves': 45, 'max_depth': 3, 'min_child_samples': 14, 'subsample': 0.684243296266495, 'colsample_bytree': 0.7798865574773295, 'reg_alpha': 3.04129118708335e-06, 'reg_lambda': 0.000662746896881119}. Best is trial 11 with value: 0.11551248906312317.
[I 2025-04-14 18:20:39,205] Trial 14 finished with value: 0.11484404443114325 and parameters: {'n_estimators': 53, 'learning_rate': 0.08274679703664146, 'num_leaves': 45, 'max_depth': 4, 'min_child_samples': 16, 'subsample': 0.7052973498144763, 'colsample_bytree': 0.7873966100360492, 'reg_alpha': 0.001829701432791697, 'reg_lambda': 0.0005404293524667066}. Best is trial 14 with value: 0.11484404443114325.
[I 2025-04-14 18:20:39,833] Trial 15 finished with value: 0.11740099296392954 and parameters: {'n_estimators': 50, 'learning_rate': 0.08007147164535362, 'num_leaves': 46, 'max_depth': 5, 'min_child_samples': 14, 'subsample': 0.873251800421528, 'colsample_bytree': 0.6394530557191007, 'reg_alpha': 0.006173172374510463, 'reg_lambda': 0.00010349160128634502}. Best is trial 14 with value: 0.11484404443114325.
[I 2025-04-14 18:20:42,026] Trial 16 finished with value: 0.1437123415071572 and parameters: {'n_estimators': 225, 'learning_rate': 0.06547860923343096, 'num_leaves': 45, 'max_depth': 4, 'min_child_samples': 23, 'subsample': 0.9605715625775638, 'colsample_bytree': 0.6588202678100599, 'reg_alpha': 0.00384300946924152, 'reg_lambda': 0.0029131863037644644}. Best is trial 14 with value: 0.11484404443114325.
[I 2025-04-14 18:20:43,460] Trial 17 finished with value: 0.11667063935227857 and parameters: {'n_estimators': 138, 'learning_rate': 0.12612589975759708, 'num_leaves': 35, 'max_depth': 4, 'min_child_samples': 10, 'subsample': 0.7163941468867702, 'colsample_bytree': 0.9938125132655187, 'reg_alpha': 0.020176852343745916, 'reg_lambda': 5.607376766547649e-05}. Best is trial 14 with value: 0.11484404443114325.
[I 2025-04-14 18:20:44,178] Trial 18 finished with value: 0.11903482469637838 and parameters: {'n_estimators': 83, 'learning_rate': 0.19071974255453322, 'num_leaves': 51, 'max_depth': 5, 'min_child_samples': 19, 'subsample': 0.8329303116192253, 'colsample_bytree': 0.801399495247417, 'reg_alpha': 0.00036247914742053235, 'reg_lambda': 6.165049309885889e-06}. Best is trial 14 with value: 0.11484404443114325.
[I 2025-04-14 18:20:45,207] Trial 19 finished with value: 0.1160687511764386 and parameters: {'n_estimators': 80, 'learning_rate': 0.04641431870849113, 'num_leaves': 25, 'max_depth': 7, 'min_child_samples': 10, 'subsample': 0.729961896940028, 'colsample_bytree': 0.7105459316814754, 'reg_alpha': 2.9029170753629614e-07, 'reg_lambda': 0.003270330522247345}. Best is trial 14 with value: 0.11484404443114325.
[I 2025-04-14 18:20:46,053] Trial 20 finished with value: 0.1784306674604892 and parameters: {'n_estimators': 125, 'learning_rate': 0.005752999658447438, 'num_leaves': 41, 'max_depth': 4, 'min_child_samples': 30, 'subsample': 0.5769943979215035, 'colsample_bytree': 0.8075109604735583, 'reg_alpha': 1.3582901398364875e-05, 'reg_lambda': 0.00019734310850466649}. Best is trial 14 with value: 0.11484404443114325.
[I 2025-04-14 18:20:47,325] Trial 21 finished with value: 0.11583842322185411 and parameters: {'n_estimators': 80, 'learning_rate': 0.04826347111490581, 'num_leaves': 24, 'max_depth': 7, 'min_child_samples': 10, 'subsample': 0.7148700237127069, 'colsample_bytree': 0.6917671408166963, 'reg_alpha': 1.5226753538420335e-07, 'reg_lambda': 0.00401314472527223}. Best is trial 14 with value: 0.11484404443114325.
[I 2025-04-14 18:20:48,458] Trial 22 finished with value: 0.11617207365963027 and parameters: {'n_estimators': 76, 'learning_rate': 0.0648627807023534, 'num_leaves': 34, 'max_depth': 8, 'min_child_samples': 9, 'subsample': 0.7046831303182087, 'colsample_bytree': 0.59051916290018, 'reg_alpha': 2.2299535511191779e-07, 'reg_lambda': 0.007174423300130261}. Best is trial 14 with value: 0.11484404443114325.
[I 2025-04-14 18:20:49,420] Trial 23 finished with value: 0.11716291574201686 and parameters: {'n_estimators': 107, 'learning_rate': 0.1464964580929241, 'num_leaves': 24, 'max_depth': 6, 'min_child_samples': 17, 'subsample': 0.6152705138319439, 'colsample_bytree': 0.7019605923886686, 'reg_alpha': 4.8950209090557e-08, 'reg_lambda': 0.11019087257376826}. Best is trial 14 with value: 0.11484404443114325.
