[I 2025-04-14 18:05:41,688] Trial 24 finished with value: 0.12632928788661957 and parameters: {'n_lstm_layers': 2, 'lstm_units': 120, 'n_dense_layers': 0, 'lstm_dropout_0': 0.32857051264173903, 'lstm_dropout_1': 0.165626280559304, 'learning_rate': 0.0026691371914707926}. Best is trial 4 with value: 0.1254481077194214.
[I 2025-04-14 18:05:43,454] A new study created in memory with name: tune-5-LSTM_Change_in_Load-24hr
Trial 0: Validation Score (mae, scaled) = 0.125351

--- Optuna Trial 1 for LightGBM_Baseline ---
Trial 1: Training model...
Trial 1: Evaluating model...
Trial 1: Validation Score (mae, scaled) = 0.169428

--- Optuna Trial 2 for LightGBM_Baseline ---
Trial 2: Training model...
Trial 2: Evaluating model...
Trial 2: Validation Score (mae, scaled) = 0.128027

--- Optuna Trial 3 for LightGBM_Baseline ---
Trial 3: Training model...
Trial 3: Evaluating model...
Trial 3: Validation Score (mae, scaled) = 0.177489

--- Optuna Trial 4 for LightGBM_Baseline ---
Trial 4: Training model...
Trial 4: Evaluating model...
Trial 4: Validation Score (mae, scaled) = 0.169705

--- Optuna Trial 5 for LightGBM_Baseline ---
Trial 5: Training model...
Trial 5: Evaluating model...
Trial 5: Validation Score (mae, scaled) = 0.136287

--- Optuna Trial 6 for LightGBM_Baseline ---
Trial 6: Training model...
Trial 6: Evaluating model...
Trial 6: Validation Score (mae, scaled) = 0.193706

--- Optuna Trial 7 for LightGBM_Baseline ---
Trial 7: Training model...
Trial 7: Evaluating model...
Trial 7: Validation Score (mae, scaled) = 0.201800

--- Optuna Trial 8 for LightGBM_Baseline ---
Trial 8: Training model...
Trial 8: Evaluating model...
Trial 8: Validation Score (mae, scaled) = 0.128708

--- Optuna Trial 9 for LightGBM_Baseline ---
Trial 9: Training model...
Trial 9: Evaluating model...
Trial 9: Validation Score (mae, scaled) = 0.208398

--- Optuna Trial 10 for LightGBM_Baseline ---
Trial 10: Training model...
Trial 10: Evaluating model...
Trial 10: Validation Score (mae, scaled) = 0.122809

--- Optuna Trial 11 for LightGBM_Baseline ---
Trial 11: Training model...
Trial 11: Evaluating model...
Trial 11: Validation Score (mae, scaled) = 0.123740

--- Optuna Trial 12 for LightGBM_Baseline ---
Trial 12: Training model...
Trial 12: Evaluating model...
Trial 12: Validation Score (mae, scaled) = 0.123390

--- Optuna Trial 13 for LightGBM_Baseline ---
Trial 13: Training model...
Trial 13: Evaluating model...
Trial 13: Validation Score (mae, scaled) = 0.124061

--- Optuna Trial 14 for LightGBM_Baseline ---
Trial 14: Training model...
Trial 14: Evaluating model...
Trial 14: Validation Score (mae, scaled) = 0.124192

--- Optuna Trial 15 for LightGBM_Baseline ---
Trial 15: Training model...
Trial 15: Evaluating model...
Trial 15: Validation Score (mae, scaled) = 0.122784

--- Optuna Trial 16 for LightGBM_Baseline ---
Trial 16: Training model...
Trial 16: Evaluating model...
Trial 16: Validation Score (mae, scaled) = 0.125010

--- Optuna Trial 17 for LightGBM_Baseline ---
Trial 17: Training model...
Trial 17: Evaluating model...
Trial 17: Validation Score (mae, scaled) = 0.123090

--- Optuna Trial 18 for LightGBM_Baseline ---
Trial 18: Training model...
Trial 18: Evaluating model...
Trial 18: Validation Score (mae, scaled) = 0.126793

--- Optuna Trial 19 for LightGBM_Baseline ---
Trial 19: Training model...
Trial 19: Evaluating model...
Trial 19: Validation Score (mae, scaled) = 0.123881

--- Optuna Trial 20 for LightGBM_Baseline ---
Trial 20: Training model...
Trial 20: Evaluating model...
Trial 20: Validation Score (mae, scaled) = 0.125591

--- Optuna Trial 21 for LightGBM_Baseline ---
Trial 21: Training model...
Trial 21: Evaluating model...
Trial 21: Validation Score (mae, scaled) = 0.123120

--- Optuna Trial 22 for LightGBM_Baseline ---
Trial 22: Training model...
Trial 22: Evaluating model...
Trial 22: Validation Score (mae, scaled) = 0.121929

--- Optuna Trial 23 for LightGBM_Baseline ---
Trial 23: Training model...
Trial 23: Evaluating model...
Trial 23: Validation Score (mae, scaled) = 0.121520

--- Optuna Trial 24 for LightGBM_Baseline ---
Trial 24: Training model...
Trial 24: Evaluating model...
Trial 24: Validation Score (mae, scaled) = 0.122392

--- Best Results for Feeder=5, Arch=LightGBM_Baseline, Scenario=24hr ---
Best Validation Score (mae, scaled): 0.121520
Best Hyperparameters:
  n_estimators: 196
  learning_rate: 0.028185632368471845
  num_leaves: 60
  max_depth: 11
  min_child_samples: 38
  subsample: 0.9722910966716541
  colsample_bytree: 0.8527236004809267
  reg_alpha: 0.2919728256814584
  reg_lambda: 0.0961960751689055

--- Tuning: Arch=LightGBM_Baseline, Scenario=Day ---
Loading existing model artifact to get scalers/columns...
Selecting model for Feeder 5, Arch: LightGBM_Baseline, Scenario: Day, Version: None
Error: No matching model found for criteria: Feeder=5, Arch=LightGBM_Baseline, Scenario=Day, Version=None
Warning: No existing model found for Feeder=5, Arch=LightGBM_Baseline, Scenario=Day. Cannot get scalers. Skipping.

--- Tuning: Arch=LightGBM_Baseline, Scenario=Night ---
Loading existing model artifact to get scalers/columns...
Selecting model for Feeder 5, Arch: LightGBM_Baseline, Scenario: Night, Version: None
Error: No matching model found for criteria: Feeder=5, Arch=LightGBM_Baseline, Scenario=Night, Version=None
Warning: No existing model found for Feeder=5, Arch=LightGBM_Baseline, Scenario=Night. Cannot get scalers. Skipping.

--- Tuning: Arch=ANN_Baseload, Scenario=24hr ---
Loading existing model artifact to get scalers/columns...
Selecting model for Feeder 5, Arch: ANN_Baseload, Scenario: 24hr, Version: None
Error: No matching model found for criteria: Feeder=5, Arch=ANN_Baseload, Scenario=24hr, Version=None
Warning: No existing model found for Feeder=5, Arch=ANN_Baseload, Scenario=24hr. Cannot get scalers. Skipping.

--- Tuning: Arch=ANN_Baseload, Scenario=Day ---
Loading existing model artifact to get scalers/columns...
Selecting model for Feeder 5, Arch: ANN_Baseload, Scenario: Day, Version: None
Error: No matching model found for criteria: Feeder=5, Arch=ANN_Baseload, Scenario=Day, Version=None
Warning: No existing model found for Feeder=5, Arch=ANN_Baseload, Scenario=Day. Cannot get scalers. Skipping.

--- Tuning: Arch=ANN_Baseload, Scenario=Night ---
Loading existing model artifact to get scalers/columns...
Selecting model for Feeder 5, Arch: ANN_Baseload, Scenario: Night, Version: None
Error: No matching model found for criteria: Feeder=5, Arch=ANN_Baseload, Scenario=Night, Version=None
Warning: No existing model found for Feeder=5, Arch=ANN_Baseload, Scenario=Night. Cannot get scalers. Skipping.

--- Tuning: Arch=ANN_Change_in_Load, Scenario=24hr ---
Loading existing model artifact to get scalers/columns...
Selecting model for Feeder 5, Arch: ANN_Change_in_Load, Scenario: 24hr, Version: None
Error: No matching model found for criteria: Feeder=5, Arch=ANN_Change_in_Load, Scenario=24hr, Version=None
Warning: No existing model found for Feeder=5, Arch=ANN_Change_in_Load, Scenario=24hr. Cannot get scalers. Skipping.

--- Tuning: Arch=ANN_Change_in_Load, Scenario=Day ---
Loading existing model artifact to get scalers/columns...
Selecting model for Feeder 5, Arch: ANN_Change_in_Load, Scenario: Day, Version: None
Error: No matching model found for criteria: Feeder=5, Arch=ANN_Change_in_Load, Scenario=Day, Version=None
Warning: No existing model found for Feeder=5, Arch=ANN_Change_in_Load, Scenario=Day. Cannot get scalers. Skipping.

--- Tuning: Arch=ANN_Change_in_Load, Scenario=Night ---
Loading existing model artifact to get scalers/columns...
Selecting model for Feeder 5, Arch: ANN_Change_in_Load, Scenario: Night, Version: None
Error: No matching model found for criteria: Feeder=5, Arch=ANN_Change_in_Load, Scenario=Night, Version=None
Warning: No existing model found for Feeder=5, Arch=ANN_Change_in_Load, Scenario=Night. Cannot get scalers. Skipping.

--- Tuning: Arch=LSTM_Baseload, Scenario=24hr ---
Loading existing model artifact to get scalers/columns...
Selecting model for Feeder 5, Arch: LSTM_Baseload, Scenario: 24hr, Version: None
Selected Model ID: 157, Version: v1.1_Final_Forecasting_20250414170501, Path Info: {"keras_model": "models/feeder_5/LSTM_Baseload_24hr_v1.1_Final_Forecasting_20250414170501.keras", "scalers_pkl": "models/feeder_5/LSTM_Baseload_24hr_v1.1_Final_Forecasting_20250414170501_scalers.pkl"}
[I 2025-04-14 18:05:50,668] Trial 0 finished with value: 0.14855808019638062 and parameters: {'n_lstm_layers': 2, 'lstm_units': 38, 'n_dense_layers': 1, 'lstm_dropout_0': 0.2554650422487158, 'lstm_dropout_1': 0.41276510451123294, 'dense_units_0': 42, 'dense_dropout_0': 0.4203914466238393, 'learning_rate': 0.001083190398373034}. Best is trial 0 with value: 0.14855808019638062.
[I 2025-04-14 18:05:57,873] Trial 1 finished with value: 0.17214760184288025 and parameters: {'n_lstm_layers': 2, 'lstm_units': 78, 'n_dense_layers': 0, 'lstm_dropout_0': 0.2714302245959018, 'lstm_dropout_1': 0.39316969307440086, 'learning_rate': 0.0001562180677952148}. Best is trial 0 with value: 0.14855808019638062.
[I 2025-04-14 18:06:02,666] Trial 2 finished with value: 0.14289817214012146 and parameters: {'n_lstm_layers': 1, 'lstm_units': 73, 'n_dense_layers': 1, 'lstm_dropout_0': 0.4294546190610731, 'dense_units_0': 52, 'dense_dropout_0': 0.4954300958118426, 'learning_rate': 0.000978439848478922}. Best is trial 2 with value: 0.14289817214012146.
[I 2025-04-14 18:06:09,089] Trial 3 finished with value: 0.1450546830892563 and parameters: {'n_lstm_layers': 2, 'lstm_units': 34, 'n_dense_layers': 0, 'lstm_dropout_0': 0.273909380388524, 'lstm_dropout_1': 0.47792718865496786, 'learning_rate': 0.006483822839460173}. Best is trial 2 with value: 0.14289817214012146.
[I 2025-04-14 18:06:14,154] Trial 4 finished with value: 0.1325194239616394 and parameters: {'n_lstm_layers': 1, 'lstm_units': 100, 'n_dense_layers': 2, 'lstm_dropout_0': 0.21514373138257503, 'dense_units_0': 16, 'dense_dropout_0': 0.20661912776540248, 'dense_units_1': 57, 'dense_dropout_1': 0.3230090141049391, 'learning_rate': 0.0034271740411407976}. Best is trial 4 with value: 0.1325194239616394.
[I 2025-04-14 18:06:21,666] Trial 5 finished with value: 0.2753864526748657 and parameters: {'n_lstm_layers': 2, 'lstm_units': 35, 'n_dense_layers': 2, 'lstm_dropout_0': 0.16467069172302584, 'lstm_dropout_1': 0.2980460874014868, 'dense_units_0': 37, 'dense_dropout_0': 0.37653501927890465, 'dense_units_1': 18, 'dense_dropout_1': 0.31573068538939053, 'learning_rate': 0.00010773537685762773}. Best is trial 4 with value: 0.1325194239616394.
[I 2025-04-14 18:06:28,883] Trial 6 finished with value: 0.14507457613945007 and parameters: {'n_lstm_layers': 2, 'lstm_units': 80, 'n_dense_layers': 1, 'lstm_dropout_0': 0.20222178762163218, 'lstm_dropout_1': 0.1609181651298048, 'dense_units_0': 17, 'dense_dropout_0': 0.4066162565754018, 'learning_rate': 0.0011548972938136691}. Best is trial 4 with value: 0.1325194239616394.
[I 2025-04-14 18:06:36,134] Trial 7 finished with value: 0.12529078125953674 and parameters: {'n_lstm_layers': 2, 'lstm_units': 113, 'n_dense_layers': 0, 'lstm_dropout_0': 0.3838231075975541, 'lstm_dropout_1': 0.17947824123883804, 'learning_rate': 0.0016457850438383406}. Best is trial 7 with value: 0.12529078125953674.
[I 2025-04-14 18:06:41,050] Trial 8 finished with value: 0.1507030576467514 and parameters: {'n_lstm_layers': 1, 'lstm_units': 40, 'n_dense_layers': 2, 'lstm_dropout_0': 0.47866958679907967, 'dense_units_0': 19, 'dense_dropout_0': 0.3671990699946516, 'dense_units_1': 38, 'dense_dropout_1': 0.2217700438501444, 'learning_rate': 0.0011490382213108364}. Best is trial 7 with value: 0.12529078125953674.
[I 2025-04-14 18:06:48,637] Trial 9 finished with value: 0.15553805232048035 and parameters: {'n_lstm_layers': 2, 'lstm_units': 35, 'n_dense_layers': 2, 'lstm_dropout_0': 0.37816593371008966, 'lstm_dropout_1': 0.4177368757819123, 'dense_units_0': 25, 'dense_dropout_0': 0.4277483314204521, 'dense_units_1': 34, 'dense_dropout_1': 0.4952855375474887, 'learning_rate': 0.0012821133372213518}. Best is trial 7 with value: 0.12529078125953674.
[I 2025-04-14 18:06:53,121] Trial 10 finished with value: 0.16229143738746643 and parameters: {'n_lstm_layers': 1, 'lstm_units': 52, 'n_dense_layers': 0, 'lstm_dropout_0': 0.37148157352243344, 'learning_rate': 0.00034580637098995207}. Best is trial 7 with value: 0.12529078125953674.
[I 2025-04-14 18:06:58,166] Trial 11 finished with value: 0.12406259030103683 and parameters: {'n_lstm_layers': 1, 'lstm_units': 125, 'n_dense_layers': 1, 'lstm_dropout_0': 0.34760072522146035, 'dense_units_0': 26, 'dense_dropout_0': 0.15790577911335507, 'learning_rate': 0.00559840652887624}. Best is trial 11 with value: 0.12406259030103683.
[I 2025-04-14 18:07:02,493] Trial 12 finished with value: 0.12204661965370178 and parameters: {'n_lstm_layers': 1, 'lstm_units': 128, 'n_dense_layers': 0, 'lstm_dropout_0': 0.3517153260762815, 'learning_rate': 0.0038926344681391462}. Best is trial 12 with value: 0.12204661965370178.
[I 2025-04-14 18:07:07,019] Trial 13 finished with value: 0.12592613697052002 and parameters: {'n_lstm_layers': 1, 'lstm_units': 123, 'n_dense_layers': 1, 'lstm_dropout_0': 0.32027660823214305, 'dense_units_0': 27, 'dense_dropout_0': 0.10064737341554097, 'learning_rate': 0.009188843909760219}. Best is trial 12 with value: 0.12204661965370178.
[I 2025-04-14 18:07:11,808] Trial 14 finished with value: 0.12331090867519379 and parameters: {'n_lstm_layers': 1, 'lstm_units': 96, 'n_dense_layers': 0, 'lstm_dropout_0': 0.3336000905472795, 'learning_rate': 0.003306907085333242}. Best is trial 12 with value: 0.12204661965370178.
[I 2025-04-14 18:07:16,349] Trial 15 finished with value: 0.125516876578331 and parameters: {'n_lstm_layers': 1, 'lstm_units': 96, 'n_dense_layers': 0, 'lstm_dropout_0': 0.11182012747371933, 'learning_rate': 0.003051082478785937}. Best is trial 12 with value: 0.12204661965370178.
[I 2025-04-14 18:07:21,197] Trial 16 finished with value: 0.1253705769777298 and parameters: {'n_lstm_layers': 1, 'lstm_units': 58, 'n_dense_layers': 0, 'lstm_dropout_0': 0.43608794264594686, 'learning_rate': 0.002579134108991452}. Best is trial 12 with value: 0.12204661965370178.
[I 2025-04-14 18:07:25,950] Trial 17 finished with value: 0.13811077177524567 and parameters: {'n_lstm_layers': 1, 'lstm_units': 96, 'n_dense_layers': 0, 'lstm_dropout_0': 0.3128270420097802, 'learning_rate': 0.0006191857147637873}. Best is trial 12 with value: 0.12204661965370178.
[I 2025-04-14 18:07:30,672] Trial 18 finished with value: 0.1203041672706604 and parameters: {'n_lstm_layers': 1, 'lstm_units': 107, 'n_dense_layers': 0, 'lstm_dropout_0': 0.4304650216554355, 'learning_rate': 0.004524594816263526}. Best is trial 18 with value: 0.1203041672706604.
[I 2025-04-14 18:07:34,999] Trial 19 finished with value: 0.13203421235084534 and parameters: {'n_lstm_layers': 1, 'lstm_units': 112, 'n_dense_layers': 1, 'lstm_dropout_0': 0.4275797006602169, 'dense_units_0': 61, 'dense_dropout_0': 0.2863213736249667, 'learning_rate': 0.005112953589910524}. Best is trial 18 with value: 0.1203041672706604.
[I 2025-04-14 18:07:39,471] Trial 20 finished with value: 0.12601202726364136 and parameters: {'n_lstm_layers': 1, 'lstm_units': 48, 'n_dense_layers': 0, 'lstm_dropout_0': 0.49541666139821067, 'learning_rate': 0.008866543096140817}. Best is trial 18 with value: 0.1203041672706604.
[I 2025-04-14 18:07:44,302] Trial 21 finished with value: 0.12257011979818344 and parameters: {'n_lstm_layers': 1, 'lstm_units': 90, 'n_dense_layers': 0, 'lstm_dropout_0': 0.40477562113400845, 'learning_rate': 0.002184589218645363}. Best is trial 18 with value: 0.1203041672706604.
[I 2025-04-14 18:07:49,006] Trial 22 finished with value: 0.12440647184848785 and parameters: {'n_lstm_layers': 1, 'lstm_units': 85, 'n_dense_layers': 0, 'lstm_dropout_0': 0.451477777102201, 'learning_rate': 0.0020688605511119226}. Best is trial 18 with value: 0.1203041672706604.
[I 2025-04-14 18:07:53,543] Trial 23 finished with value: 0.12214412540197372 and parameters: {'n_lstm_layers': 1, 'lstm_units': 69, 'n_dense_layers': 0, 'lstm_dropout_0': 0.40186700526732155, 'learning_rate': 0.004350886750197093}. Best is trial 18 with value: 0.1203041672706604.
[I 2025-04-14 18:07:58,037] Trial 24 finished with value: 0.12221700698137283 and parameters: {'n_lstm_layers': 1, 'lstm_units': 69, 'n_dense_layers': 0, 'lstm_dropout_0': 0.46425010034960895, 'learning_rate': 0.004683793397788938}. Best is trial 18 with value: 0.1203041672706604.
[I 2025-04-14 18:07:58,911] A new study created in memory with name: tune-6-LightGBM_Baseline-24hr
[I 2025-04-14 18:07:59,766] Trial 0 finished with value: 0.2807636631758554 and parameters: {'n_estimators': 188, 'learning_rate': 0.0014494401474325102, 'num_leaves': 44, 'max_depth': 5, 'min_child_samples': 31, 'subsample': 0.7355455899851553, 'colsample_bytree': 0.5114974866528916, 'reg_alpha': 2.9285146919418402e-05, 'reg_lambda': 0.007264236854012963}. Best is trial 0 with value: 0.2807636631758554.
[I 2025-04-14 18:08:02,419] Trial 1 finished with value: 0.1423549598515212 and parameters: {'n_estimators': 234, 'learning_rate': 0.2014868411071364, 'num_leaves': 40, 'max_depth': 7, 'min_child_samples': 9, 'subsample': 0.7982416687853502, 'colsample_bytree': 0.7602601242794526, 'reg_alpha': 0.017633528588711308, 'reg_lambda': 0.0002139442374069866}. Best is trial 1 with value: 0.1423549598515212.
[I 2025-04-14 18:08:03,592] Trial 2 finished with value: 0.17344402100266076 and parameters: {'n_estimators': 291, 'learning_rate': 0.0982346597050807, 'num_leaves': 22, 'max_depth': 9, 'min_child_samples': 34, 'subsample': 0.6295918133088569, 'colsample_bytree': 0.7286353283317245, 'reg_alpha': 2.2712381957177185e-08, 'reg_lambda': 0.535597646677309}. Best is trial 1 with value: 0.1423549598515212.
[I 2025-04-14 18:08:04,286] Trial 3 finished with value: 0.29290118880341703 and parameters: {'n_estimators': 121, 'learning_rate': 0.0011144557350468605, 'num_leaves': 14, 'max_depth': 5, 'min_child_samples': 25, 'subsample': 0.8428718641346045, 'colsample_bytree': 0.8313722252024704, 'reg_alpha': 0.35263186156792525, 'reg_lambda': 1.9099326428662668e-07}. Best is trial 1 with value: 0.1423549598515212.
[I 2025-04-14 18:08:04,984] Trial 4 finished with value: 0.19764459423306277 and parameters: {'n_estimators': 178, 'learning_rate': 0.09749269960560669, 'num_leaves': 32, 'max_depth': 12, 'min_child_samples': 46, 'subsample': 0.9794630368414763, 'colsample_bytree': 0.7472427224059999, 'reg_alpha': 0.015517156749243474, 'reg_lambda': 2.9188087289587687e-06}. Best is trial 1 with value: 0.1423549598515212.
[I 2025-04-14 18:08:06,720] Trial 5 finished with value: 0.194182808712945 and parameters: {'n_estimators': 237, 'learning_rate': 0.007626455727845952, 'num_leaves': 29, 'max_depth': 8, 'min_child_samples': 15, 'subsample': 0.5882253946023658, 'colsample_bytree': 0.7017145616715355, 'reg_alpha': 2.553813047327402e-07, 'reg_lambda': 0.233350878839258}. Best is trial 1 with value: 0.1423549598515212.
[I 2025-04-14 18:08:07,094] Trial 6 finished with value: 0.28209805756418604 and parameters: {'n_estimators': 65, 'learning_rate': 0.004023308092844111, 'num_leaves': 29, 'max_depth': 7, 'min_child_samples': 39, 'subsample': 0.5351377848921559, 'colsample_bytree': 0.5854160732852276, 'reg_alpha': 1.3258899281721093e-08, 'reg_lambda': 5.891016280077198e-08}. Best is trial 1 with value: 0.1423549598515212.
[I 2025-04-14 18:08:07,614] Trial 7 finished with value: 0.19955700479398056 and parameters: {'n_estimators': 89, 'learning_rate': 0.024562384977225894, 'num_leaves': 37, 'max_depth': 3, 'min_child_samples': 32, 'subsample': 0.7102408220296734, 'colsample_bytree': 0.7831014271696706, 'reg_alpha': 5.7822544017921114e-08, 'reg_lambda': 4.456389430755517e-08}. Best is trial 1 with value: 0.1423549598515212.
[I 2025-04-14 18:08:08,954] Trial 8 finished with value: 0.2507291319071853 and parameters: {'n_estimators': 280, 'learning_rate': 0.002282689735098149, 'num_leaves': 21, 'max_depth': 9, 'min_child_samples': 25, 'subsample': 0.7484293904879973, 'colsample_bytree': 0.7805211336915399, 'reg_alpha': 0.25828979982755057, 'reg_lambda': 0.03227906695891303}. Best is trial 1 with value: 0.1423549598515212.
[I 2025-04-14 18:08:09,418] Trial 9 finished with value: 0.1895609642739693 and parameters: {'n_estimators': 73, 'learning_rate': 0.050506259653398805, 'num_leaves': 54, 'max_depth': 4, 'min_child_samples': 35, 'subsample': 0.6671808886455713, 'colsample_bytree': 0.6333511587394737, 'reg_alpha': 0.0072509727870922035, 'reg_lambda': 1.0876751302635398e-07}. Best is trial 1 with value: 0.1423549598515212.
[I 2025-04-14 18:08:12,433] Trial 10 finished with value: 0.13827987293197874 and parameters: {'n_estimators': 216, 'learning_rate': 0.218165145659631, 'num_leaves': 60, 'max_depth': 12, 'min_child_samples': 7, 'subsample': 0.8512534149042106, 'colsample_bytree': 0.954307520591761, 'reg_alpha': 0.00016379432651583142, 'reg_lambda': 0.00016806734532247508}. Best is trial 10 with value: 0.13827987293197874.
[I 2025-04-14 18:08:16,210] Trial 11 finished with value: 0.13722516645013813 and parameters: {'n_estimators': 221, 'learning_rate': 0.29412065584796626, 'num_leaves': 60, 'max_depth': 12, 'min_child_samples': 5, 'subsample': 0.8589033775257118, 'colsample_bytree': 0.9853840950612022, 'reg_alpha': 0.0001616246331479262, 'reg_lambda': 0.00017329853695252005}. Best is trial 11 with value: 0.13722516645013813.
