[I 2025-04-14 17:45:08,412] Trial 13 finished with value: 0.09491146432622743 and parameters: {'n_estimators': 109, 'learning_rate': 0.07078965977692588, 'num_leaves': 57, 'max_depth': 4, 'min_child_samples': 15, 'subsample': 0.6076208968474948, 'colsample_bytree': 0.86309386568486, 'reg_alpha': 9.154369826676335e-07, 'reg_lambda': 0.001885979665267696}. Best is trial 4 with value: 0.09171297097580035.
Detected separate Keras model (models/feeder_1/LSTM_Baseload_24hr_v1.1_Final_Forecasting_20250414170314.keras) and scalers (models/feeder_1/LSTM_Baseload_24hr_v1.1_Final_Forecasting_20250414170314_scalers.pkl).
Downloading Keras model to: H:\My Drive\Barbados_Forecasting_Tool_Final\tmp\LSTM_Baseload_24hr_v1.1_Final_Forecasting_20250414170314.keras
Keras model downloaded. Loading...
Keras model loaded.
Downloading scalers pickle to: H:\My Drive\Barbados_Forecasting_Tool_Final\tmp\LSTM_Baseload_24hr_v1.1_Final_Forecasting_20250414170314_scalers.pkl
Scalers pickle downloaded. Loading...
Scalers pickle loaded.
Cleaned up temporary file: H:\My Drive\Barbados_Forecasting_Tool_Final\tmp\LSTM_Baseload_24hr_v1.1_Final_Forecasting_20250414170314.keras
Cleaned up temporary file: H:\My Drive\Barbados_Forecasting_Tool_Final\tmp\LSTM_Baseload_24hr_v1.1_Final_Forecasting_20250414170314_scalers.pkl
Preparing training and validation data using loaded scalers...
Starting feature engineering for scenario: 24hr...
Pivoting data into daily vectors...
Reshaped data: X shape (150, 177), y shape (150, 24)
Transforming data using provided scalers (X and y)...
Data transformed.
Starting feature engineering for scenario: 24hr...
Pivoting data into daily vectors...
Reshaped data: X shape (31, 177), y shape (31, 24)
Transforming data using provided scalers (X and y)...
Data transformed.
Starting Optuna optimization (25 trials)...

--- Optuna Trial 0 for LSTM_Baseload ---
Trial 0: Training model...
Trial 0: Validation Score (mae, scaled) = 0.092124

--- Optuna Trial 1 for LSTM_Baseload ---
Trial 1: Training model...
Trial 1: Validation Score (mae, scaled) = 0.108819

--- Optuna Trial 2 for LSTM_Baseload ---
Trial 2: Training model...
Trial 2: Validation Score (mae, scaled) = 0.113780

--- Optuna Trial 3 for LSTM_Baseload ---
Trial 3: Training model...
Trial 3: Validation Score (mae, scaled) = 0.090836

--- Optuna Trial 4 for LSTM_Baseload ---
Trial 4: Training model...
Trial 4: Validation Score (mae, scaled) = 0.101299

--- Optuna Trial 5 for LSTM_Baseload ---
Trial 5: Training model...
Trial 5: Validation Score (mae, scaled) = 0.094732

--- Optuna Trial 6 for LSTM_Baseload ---
Trial 6: Training model...
Trial 6: Validation Score (mae, scaled) = 0.087023

--- Optuna Trial 7 for LSTM_Baseload ---
Trial 7: Training model...
Trial 7: Validation Score (mae, scaled) = 0.114201

--- Optuna Trial 8 for LSTM_Baseload ---
Trial 8: Training model...
Trial 8: Validation Score (mae, scaled) = 0.116249

--- Optuna Trial 9 for LSTM_Baseload ---
Trial 9: Training model...
Trial 9: Validation Score (mae, scaled) = 0.116451

--- Optuna Trial 10 for LSTM_Baseload ---
Trial 10: Training model...
Trial 10: Validation Score (mae, scaled) = 0.109688

--- Optuna Trial 11 for LSTM_Baseload ---
Trial 11: Training model...
Trial 11: Validation Score (mae, scaled) = 0.086675

--- Optuna Trial 12 for LSTM_Baseload ---
Trial 12: Training model...
Trial 12: Validation Score (mae, scaled) = 0.094329

--- Optuna Trial 13 for LSTM_Baseload ---
Trial 13: Training model...
Trial 13: Validation Score (mae, scaled) = 0.088636

--- Optuna Trial 14 for LSTM_Baseload ---
Trial 14: Training model...
Trial 14: Validation Score (mae, scaled) = 0.087250

--- Optuna Trial 15 for LSTM_Baseload ---
Trial 15: Training model...
Trial 15: Validation Score (mae, scaled) = 0.113422

--- Optuna Trial 16 for LSTM_Baseload ---
Trial 16: Training model...
Trial 16: Validation Score (mae, scaled) = 0.082314

--- Optuna Trial 17 for LSTM_Baseload ---
Trial 17: Training model...
Trial 17: Validation Score (mae, scaled) = 0.085531

--- Optuna Trial 18 for LSTM_Baseload ---
Trial 18: Training model...
Trial 18: Validation Score (mae, scaled) = 0.089292

--- Optuna Trial 19 for LSTM_Baseload ---
Trial 19: Training model...
Trial 19: Validation Score (mae, scaled) = 0.098736

--- Optuna Trial 20 for LSTM_Baseload ---
Trial 20: Training model...
Trial 20: Validation Score (mae, scaled) = 0.094487

--- Optuna Trial 21 for LSTM_Baseload ---
Trial 21: Training model...
Trial 21: Validation Score (mae, scaled) = 0.091426

--- Optuna Trial 22 for LSTM_Baseload ---
Trial 22: Training model...
Trial 22: Validation Score (mae, scaled) = 0.089300

--- Optuna Trial 23 for LSTM_Baseload ---
Trial 23: Training model...
Trial 23: Validation Score (mae, scaled) = 0.090185

--- Optuna Trial 24 for LSTM_Baseload ---
Trial 24: Training model...
Trial 24: Validation Score (mae, scaled) = 0.114170

--- Best Results for Feeder=1, Arch=LSTM_Baseload, Scenario=24hr ---
Best Validation Score (mae, scaled): 0.082314
Best Hyperparameters:
  n_lstm_layers: 2
  lstm_units: 44
  n_dense_layers: 0
  lstm_dropout_0: 0.20505835763267546
  lstm_dropout_1: 0.11259093026249084
  learning_rate: 0.0022551761476824477

--- Tuning: Arch=LSTM_Baseload, Scenario=Day ---
Loading existing model artifact to get scalers/columns...
Selecting model for Feeder 1, Arch: LSTM_Baseload, Scenario: Day, Version: None
Error: No matching model found for criteria: Feeder=1, Arch=LSTM_Baseload, Scenario=Day, Version=None
Warning: No existing model found for Feeder=1, Arch=LSTM_Baseload, Scenario=Day. Cannot get scalers. Skipping.

--- Tuning: Arch=LSTM_Baseload, Scenario=Night ---
Loading existing model artifact to get scalers/columns...
Selecting model for Feeder 1, Arch: LSTM_Baseload, Scenario: Night, Version: None
Error: No matching model found for criteria: Feeder=1, Arch=LSTM_Baseload, Scenario=Night, Version=None
Warning: No existing model found for Feeder=1, Arch=LSTM_Baseload, Scenario=Night. Cannot get scalers. Skipping.

--- Tuning: Arch=LSTM_Change_in_Load, Scenario=24hr ---
Loading existing model artifact to get scalers/columns...
Selecting model for Feeder 1, Arch: LSTM_Change_in_Load, Scenario: 24hr, Version: None
Selected Model ID: 142, Version: v1.1_Final_Forecasting_20250414170323, Path Info: {"keras_model": "models/feeder_1/LSTM_Change_in_Load_24hr_v1.1_Final_Forecasting_20250414170323.keras", "scalers_pkl": "models/feeder_1/LSTM_Change_in_Load_24hr_v1.1_Final_Forecasting_20250414170323_scalers.pkl"}
Loading artifact(s) based on path info: {'keras_model': 'models/feeder_1/LSTM_Change_in_Load_24hr_v1.1_Final_Forecasting_20250414170323.keras', 'scalers_pkl': 'models/feeder_1/LSTM_Change_in_Load_24hr_v1.1_Final_Forecasting_20250414170323_scalers.pkl'}
Detected separate Keras model (models/feeder_1/LSTM_Change_in_Load_24hr_v1.1_Final_Forecasting_20250414170323.keras) and scalers (models/feeder_1/LSTM_Change_in_Load_24hr_v1.1_Final_Forecasting_20250414170323_scalers.pkl).
Downloading Keras model to: H:\My Drive\Barbados_Forecasting_Tool_Final\tmp\LSTM_Change_in_Load_24hr_v1.1_Final_Forecasting_20250414170323.keras
Keras model downloaded. Loading...
Keras model loaded.
Downloading scalers pickle to: H:\My Drive\Barbados_Forecasting_Tool_Final\tmp\LSTM_Change_in_Load_24hr_v1.1_Final_Forecasting_20250414170323_scalers.pkl
Scalers pickle downloaded. Loading...
Scalers pickle loaded.
Cleaned up temporary file: H:\My Drive\Barbados_Forecasting_Tool_Final\tmp\LSTM_Change_in_Load_24hr_v1.1_Final_Forecasting_20250414170323.keras
Cleaned up temporary file: H:\My Drive\Barbados_Forecasting_Tool_Final\tmp\LSTM_Change_in_Load_24hr_v1.1_Final_Forecasting_20250414170323_scalers.pkl
Preparing training and validation data using loaded scalers...
Starting feature engineering for scenario: 24hr...
Pivoting data into daily vectors...
Reshaped data: X shape (150, 177), y shape (150, 24)
Transforming data using provided scalers (X and y)...
Data transformed.
Starting feature engineering for scenario: 24hr...
Pivoting data into daily vectors...
Reshaped data: X shape (31, 177), y shape (31, 24)
Transforming data using provided scalers (X and y)...
Data transformed.
Starting Optuna optimization (25 trials)...

--- Optuna Trial 0 for LSTM_Change_in_Load ---
Trial 0: Training model...
Trial 0: Validation Score (mae, scaled) = 0.063569

--- Optuna Trial 1 for LSTM_Change_in_Load ---
Trial 1: Training model...
[I 2025-04-14 17:45:09,247] Trial 14 finished with value: 0.10614087837878643 and parameters: {'n_estimators': 135, 'learning_rate': 0.07401190678354544, 'num_leaves': 60, 'max_depth': 8, 'min_child_samples': 24, 'subsample': 0.7624382760320699, 'colsample_bytree': 0.7916814805927617, 'reg_alpha': 4.924248855295427e-07, 'reg_lambda': 0.004661611903823707}. Best is trial 4 with value: 0.09171297097580035.
[I 2025-04-14 17:45:10,271] Trial 15 finished with value: 0.0937366340284372 and parameters: {'n_estimators': 123, 'learning_rate': 0.07750251245401836, 'num_leaves': 50, 'max_depth': 4, 'min_child_samples': 11, 'subsample': 0.5867402729132272, 'colsample_bytree': 0.904292162592518, 'reg_alpha': 1.1591459000752675e-05, 'reg_lambda': 0.01231997246706534}. Best is trial 4 with value: 0.09171297097580035.
[I 2025-04-14 17:45:13,113] Trial 16 finished with value: 0.0936086365026148 and parameters: {'n_estimators': 295, 'learning_rate': 0.03636732824303673, 'num_leaves': 47, 'max_depth': 9, 'min_child_samples': 10, 'subsample': 0.5739360833100207, 'colsample_bytree': 0.9192664584994179, 'reg_alpha': 1.952683364322041e-05, 'reg_lambda': 0.029407444657507414}. Best is trial 4 with value: 0.09171297097580035.
[I 2025-04-14 17:45:17,126] Trial 17 finished with value: 0.09699139502136316 and parameters: {'n_estimators': 291, 'learning_rate': 0.028587779920693095, 'num_leaves': 44, 'max_depth': 9, 'min_child_samples': 5, 'subsample': 0.7390223192297776, 'colsample_bytree': 0.6636954074466678, 'reg_alpha': 0.000516470707946152, 'reg_lambda': 0.0684166076560598}. Best is trial 4 with value: 0.09171297097580035.
[I 2025-04-14 17:45:19,176] Trial 18 finished with value: 0.09412946446691106 and parameters: {'n_estimators': 240, 'learning_rate': 0.13067465089050145, 'num_leaves': 41, 'max_depth': 10, 'min_child_samples': 12, 'subsample': 0.568366009494782, 'colsample_bytree': 0.9340733471319924, 'reg_alpha': 3.658031335943171e-06, 'reg_lambda': 0.00019918879293849947}. Best is trial 4 with value: 0.09171297097580035.
[I 2025-04-14 17:45:20,467] Trial 19 finished with value: 0.12122190167701145 and parameters: {'n_estimators': 298, 'learning_rate': 0.034075832276532915, 'num_leaves': 51, 'max_depth': 8, 'min_child_samples': 32, 'subsample': 0.6898964174714615, 'colsample_bytree': 0.7791955332257596, 'reg_alpha': 9.156109498871672e-08, 'reg_lambda': 0.021420229376206724}. Best is trial 4 with value: 0.09171297097580035.
[I 2025-04-14 17:45:21,653] Trial 20 finished with value: 0.10779076072215503 and parameters: {'n_estimators': 217, 'learning_rate': 0.034366516857838994, 'num_leaves': 10, 'max_depth': 10, 'min_child_samples': 22, 'subsample': 0.7839705686743188, 'colsample_bytree': 0.8132304803115259, 'reg_alpha': 7.012949394869894e-05, 'reg_lambda': 0.08297182536001514}. Best is trial 4 with value: 0.09171297097580035.
[I 2025-04-14 17:45:22,763] Trial 21 finished with value: 0.09385674655283612 and parameters: {'n_estimators': 131, 'learning_rate': 0.1430895393787665, 'num_leaves': 52, 'max_depth': 4, 'min_child_samples': 10, 'subsample': 0.5780575829608208, 'colsample_bytree': 0.9098120957994342, 'reg_alpha': 4.302878094763839e-06, 'reg_lambda': 0.0011912216888952732}. Best is trial 4 with value: 0.09171297097580035.
[I 2025-04-14 17:45:23,472] Trial 22 finished with value: 0.09411755982984081 and parameters: {'n_estimators': 70, 'learning_rate': 0.12093488315388372, 'num_leaves': 48, 'max_depth': 5, 'min_child_samples': 14, 'subsample': 0.5686642115509539, 'colsample_bytree': 0.9078321069452032, 'reg_alpha': 1.084343580944483e-05, 'reg_lambda': 0.022860073232488076}. Best is trial 4 with value: 0.09171297097580035.
[I 2025-04-14 17:45:24,043] Trial 23 finished with value: 0.11436756688819172 and parameters: {'n_estimators': 79, 'learning_rate': 0.06304897184983045, 'num_leaves': 39, 'max_depth': 9, 'min_child_samples': 29, 'subsample': 0.6035062963148775, 'colsample_bytree': 0.9427406019157332, 'reg_alpha': 9.317450573828168e-08, 'reg_lambda': 2.667766682229174e-05}. Best is trial 4 with value: 0.09171297097580035.
[I 2025-04-14 17:45:25,552] Trial 24 finished with value: 0.0941550022084201 and parameters: {'n_estimators': 155, 'learning_rate': 0.049011652879687805, 'num_leaves': 55, 'max_depth': 5, 'min_child_samples': 7, 'subsample': 0.6920462828620538, 'colsample_bytree': 0.7470774377515658, 'reg_alpha': 0.9980232083245932, 'reg_lambda': 0.003727368355718676}. Best is trial 4 with value: 0.09171297097580035.
[I 2025-04-14 17:45:27,558] A new study created in memory with name: tune-2-LSTM_Baseload-24hr
[I 2025-04-14 17:45:31,840] Trial 0 finished with value: 0.1439313441514969 and parameters: {'n_lstm_layers': 1, 'lstm_units': 37, 'n_dense_layers': 2, 'lstm_dropout_0': 0.2658191902486984, 'dense_units_0': 36, 'dense_dropout_0': 0.42218188109154486, 'dense_units_1': 16, 'dense_dropout_1': 0.3927490459310997, 'learning_rate': 0.008283492547862426}. Best is trial 0 with value: 0.1439313441514969.
[I 2025-04-14 17:45:36,378] Trial 1 finished with value: 0.22385750710964203 and parameters: {'n_lstm_layers': 1, 'lstm_units': 40, 'n_dense_layers': 1, 'lstm_dropout_0': 0.39274013782628436, 'dense_units_0': 52, 'dense_dropout_0': 0.13111402216765955, 'learning_rate': 0.0001824220339157156}. Best is trial 0 with value: 0.1439313441514969.
[I 2025-04-14 17:45:41,371] Trial 2 finished with value: 0.1378708928823471 and parameters: {'n_lstm_layers': 1, 'lstm_units': 39, 'n_dense_layers': 2, 'lstm_dropout_0': 0.15383282969727252, 'dense_units_0': 40, 'dense_dropout_0': 0.32366512379582885, 'dense_units_1': 56, 'dense_dropout_1': 0.33319791786863606, 'learning_rate': 0.000955744457754963}. Best is trial 2 with value: 0.1378708928823471.
