[I 2025-04-14 18:02:18,319] Trial 24 finished with value: 0.12465588748455048 and parameters: {'n_lstm_layers': 2, 'lstm_units': 55, 'n_dense_layers': 0, 'lstm_dropout_0': 0.3786172785407973, 'lstm_dropout_1': 0.17560630700568625, 'learning_rate': 0.002964190264334615}. Best is trial 14 with value: 0.12148760259151459.
[I 2025-04-14 18:02:19,420] A new study created in memory with name: tune-5-LightGBM_Baseline-24hr
Error: No matching model found for criteria: Feeder=4, Arch=ANN_Baseload, Scenario=Night, Version=None
Warning: No existing model found for Feeder=4, Arch=ANN_Baseload, Scenario=Night. Cannot get scalers. Skipping.

--- Tuning: Arch=ANN_Change_in_Load, Scenario=24hr ---
Loading existing model artifact to get scalers/columns...
Selecting model for Feeder 4, Arch: ANN_Change_in_Load, Scenario: 24hr, Version: None
Error: No matching model found for criteria: Feeder=4, Arch=ANN_Change_in_Load, Scenario=24hr, Version=None
Warning: No existing model found for Feeder=4, Arch=ANN_Change_in_Load, Scenario=24hr. Cannot get scalers. Skipping.

--- Tuning: Arch=ANN_Change_in_Load, Scenario=Day ---
Loading existing model artifact to get scalers/columns...
Selecting model for Feeder 4, Arch: ANN_Change_in_Load, Scenario: Day, Version: None
Error: No matching model found for criteria: Feeder=4, Arch=ANN_Change_in_Load, Scenario=Day, Version=None
Warning: No existing model found for Feeder=4, Arch=ANN_Change_in_Load, Scenario=Day. Cannot get scalers. Skipping.

--- Tuning: Arch=ANN_Change_in_Load, Scenario=Night ---
Loading existing model artifact to get scalers/columns...
Selecting model for Feeder 4, Arch: ANN_Change_in_Load, Scenario: Night, Version: None
Error: No matching model found for criteria: Feeder=4, Arch=ANN_Change_in_Load, Scenario=Night, Version=None
Warning: No existing model found for Feeder=4, Arch=ANN_Change_in_Load, Scenario=Night. Cannot get scalers. Skipping.

--- Tuning: Arch=LSTM_Baseload, Scenario=24hr ---
Loading existing model artifact to get scalers/columns...
Selecting model for Feeder 4, Arch: LSTM_Baseload, Scenario: 24hr, Version: None
Selected Model ID: 153, Version: v1.1_Final_Forecasting_20250414170435, Path Info: {"keras_model": "models/feeder_4/LSTM_Baseload_24hr_v1.1_Final_Forecasting_20250414170435.keras", "scalers_pkl": "models/feeder_4/LSTM_Baseload_24hr_v1.1_Final_Forecasting_20250414170435_scalers.pkl"}
Loading artifact(s) based on path info: {'keras_model': 'models/feeder_4/LSTM_Baseload_24hr_v1.1_Final_Forecasting_20250414170435.keras', 'scalers_pkl': 'models/feeder_4/LSTM_Baseload_24hr_v1.1_Final_Forecasting_20250414170435_scalers.pkl'}
Detected separate Keras model (models/feeder_4/LSTM_Baseload_24hr_v1.1_Final_Forecasting_20250414170435.keras) and scalers (models/feeder_4/LSTM_Baseload_24hr_v1.1_Final_Forecasting_20250414170435_scalers.pkl).
Downloading Keras model to: H:\My Drive\Barbados_Forecasting_Tool_Final\tmp\LSTM_Baseload_24hr_v1.1_Final_Forecasting_20250414170435.keras
Keras model downloaded. Loading...
Keras model loaded.
Downloading scalers pickle to: H:\My Drive\Barbados_Forecasting_Tool_Final\tmp\LSTM_Baseload_24hr_v1.1_Final_Forecasting_20250414170435_scalers.pkl
Scalers pickle downloaded. Loading...
Scalers pickle loaded.
Cleaned up temporary file: H:\My Drive\Barbados_Forecasting_Tool_Final\tmp\LSTM_Baseload_24hr_v1.1_Final_Forecasting_20250414170435.keras
Cleaned up temporary file: H:\My Drive\Barbados_Forecasting_Tool_Final\tmp\LSTM_Baseload_24hr_v1.1_Final_Forecasting_20250414170435_scalers.pkl
Preparing training and validation data using loaded scalers...
Starting feature engineering for scenario: 24hr...
Pivoting data into daily vectors...
Reshaped data: X shape (152, 177), y shape (152, 24)
Transforming data using provided scalers (X and y)...
Data transformed.
Starting feature engineering for scenario: 24hr...
Pivoting data into daily vectors...
Reshaped data: X shape (29, 177), y shape (29, 24)
Transforming data using provided scalers (X and y)...
Data transformed.
Starting Optuna optimization (25 trials)...

--- Optuna Trial 0 for LSTM_Baseload ---
Trial 0: Training model...
Trial 0: Validation Score (mae, scaled) = 0.265817

--- Optuna Trial 1 for LSTM_Baseload ---
Trial 1: Training model...
Trial 1: Validation Score (mae, scaled) = 0.265809

--- Optuna Trial 2 for LSTM_Baseload ---
Trial 2: Training model...
Trial 2: Validation Score (mae, scaled) = 0.368867

--- Optuna Trial 3 for LSTM_Baseload ---
Trial 3: Training model...
Trial 3: Validation Score (mae, scaled) = 0.167818

--- Optuna Trial 4 for LSTM_Baseload ---
Trial 4: Training model...
Trial 4: Validation Score (mae, scaled) = 0.232674

--- Optuna Trial 5 for LSTM_Baseload ---
Trial 5: Training model...
Trial 5: Validation Score (mae, scaled) = 0.171556

--- Optuna Trial 6 for LSTM_Baseload ---
Trial 6: Training model...
Trial 6: Validation Score (mae, scaled) = 0.493539

--- Optuna Trial 7 for LSTM_Baseload ---
Trial 7: Training model...
Trial 7: Validation Score (mae, scaled) = 0.269266

--- Optuna Trial 8 for LSTM_Baseload ---
Trial 8: Training model...
Trial 8: Validation Score (mae, scaled) = 0.288587

--- Optuna Trial 9 for LSTM_Baseload ---
Trial 9: Training model...
Trial 9: Validation Score (mae, scaled) = 0.241172

--- Optuna Trial 10 for LSTM_Baseload ---
Trial 10: Training model...
Trial 10: Validation Score (mae, scaled) = 0.195586

--- Optuna Trial 11 for LSTM_Baseload ---
Trial 11: Training model...
Trial 11: Validation Score (mae, scaled) = 0.186442

--- Optuna Trial 12 for LSTM_Baseload ---
Trial 12: Training model...
Trial 12: Validation Score (mae, scaled) = 0.216897

--- Optuna Trial 13 for LSTM_Baseload ---
Trial 13: Training model...
Trial 13: Validation Score (mae, scaled) = 0.170868

--- Optuna Trial 14 for LSTM_Baseload ---
Trial 14: Training model...
Trial 14: Validation Score (mae, scaled) = 0.170917

--- Optuna Trial 15 for LSTM_Baseload ---
Trial 15: Training model...
Trial 15: Validation Score (mae, scaled) = 0.181817

--- Optuna Trial 16 for LSTM_Baseload ---
Trial 16: Training model...
Trial 16: Validation Score (mae, scaled) = 0.168436

--- Optuna Trial 17 for LSTM_Baseload ---
Trial 17: Training model...
Trial 17: Validation Score (mae, scaled) = 0.180698

--- Optuna Trial 18 for LSTM_Baseload ---
Trial 18: Training model...
Trial 18: Validation Score (mae, scaled) = 0.180676

--- Optuna Trial 19 for LSTM_Baseload ---
Trial 19: Training model...
Trial 19: Validation Score (mae, scaled) = 0.172573

--- Optuna Trial 20 for LSTM_Baseload ---
Trial 20: Training model...
Trial 20: Validation Score (mae, scaled) = 0.175939

--- Optuna Trial 21 for LSTM_Baseload ---
Trial 21: Training model...
Trial 21: Validation Score (mae, scaled) = 0.210451

--- Optuna Trial 22 for LSTM_Baseload ---
Trial 22: Training model...
Trial 22: Validation Score (mae, scaled) = 0.174759

--- Optuna Trial 23 for LSTM_Baseload ---
Trial 23: Training model...
Trial 23: Validation Score (mae, scaled) = 0.174113

--- Optuna Trial 24 for LSTM_Baseload ---
Trial 24: Training model...
Trial 24: Validation Score (mae, scaled) = 0.216863

--- Best Results for Feeder=4, Arch=LSTM_Baseload, Scenario=24hr ---
Best Validation Score (mae, scaled): 0.167818
Best Hyperparameters:
  n_lstm_layers: 1
  lstm_units: 82
  n_dense_layers: 1
  lstm_dropout_0: 0.3590813858165105
  dense_units_0: 31
  dense_dropout_0: 0.21284717344122217
  learning_rate: 0.006903839646376025

--- Tuning: Arch=LSTM_Baseload, Scenario=Day ---
Loading existing model artifact to get scalers/columns...
Selecting model for Feeder 4, Arch: LSTM_Baseload, Scenario: Day, Version: None
Error: No matching model found for criteria: Feeder=4, Arch=LSTM_Baseload, Scenario=Day, Version=None
Warning: No existing model found for Feeder=4, Arch=LSTM_Baseload, Scenario=Day. Cannot get scalers. Skipping.

--- Tuning: Arch=LSTM_Baseload, Scenario=Night ---
Loading existing model artifact to get scalers/columns...
Selecting model for Feeder 4, Arch: LSTM_Baseload, Scenario: Night, Version: None
Error: No matching model found for criteria: Feeder=4, Arch=LSTM_Baseload, Scenario=Night, Version=None
Warning: No existing model found for Feeder=4, Arch=LSTM_Baseload, Scenario=Night. Cannot get scalers. Skipping.

--- Tuning: Arch=LSTM_Change_in_Load, Scenario=24hr ---
Loading existing model artifact to get scalers/columns...
Selecting model for Feeder 4, Arch: LSTM_Change_in_Load, Scenario: 24hr, Version: None
[I 2025-04-14 18:02:23,923] Trial 0 finished with value: 0.12535127566397458 and parameters: {'n_estimators': 225, 'learning_rate': 0.012655819545709598, 'num_leaves': 17, 'max_depth': 9, 'min_child_samples': 19, 'subsample': 0.9853311724632021, 'colsample_bytree': 0.9283740806256735, 'reg_alpha': 0.17851298517225228, 'reg_lambda': 0.15869660977778643}. Best is trial 0 with value: 0.12535127566397458.
[I 2025-04-14 18:02:24,425] Trial 1 finished with value: 0.16942813438582596 and parameters: {'n_estimators': 124, 'learning_rate': 0.01752490602969578, 'num_leaves': 15, 'max_depth': 7, 'min_child_samples': 44, 'subsample': 0.6884590964350605, 'colsample_bytree': 0.7056115273857522, 'reg_alpha': 2.686951007115948e-08, 'reg_lambda': 0.00012601652256023587}. Best is trial 0 with value: 0.12535127566397458.
[I 2025-04-14 18:02:25,374] Trial 2 finished with value: 0.12802718082350353 and parameters: {'n_estimators': 106, 'learning_rate': 0.12951925870919087, 'num_leaves': 11, 'max_depth': 12, 'min_child_samples': 12, 'subsample': 0.594753820191577, 'colsample_bytree': 0.6557879428083672, 'reg_alpha': 0.002015725209795392, 'reg_lambda': 8.562331754935852e-07}. Best is trial 0 with value: 0.12535127566397458.
[I 2025-04-14 18:02:26,183] Trial 3 finished with value: 0.17748872432031185 and parameters: {'n_estimators': 216, 'learning_rate': 0.006574285503056732, 'num_leaves': 57, 'max_depth': 7, 'min_child_samples': 46, 'subsample': 0.803249178635672, 'colsample_bytree': 0.6971560834094732, 'reg_alpha': 1.1131910623467869e-05, 'reg_lambda': 3.4373911580825324e-08}. Best is trial 0 with value: 0.12535127566397458.
[I 2025-04-14 18:02:27,120] Trial 4 finished with value: 0.16970502258305728 and parameters: {'n_estimators': 179, 'learning_rate': 0.0033851780881025756, 'num_leaves': 51, 'max_depth': 3, 'min_child_samples': 27, 'subsample': 0.8100188027764974, 'colsample_bytree': 0.558722002381551, 'reg_alpha': 8.831350745003453e-06, 'reg_lambda': 0.005426464402630967}. Best is trial 0 with value: 0.12535127566397458.
[I 2025-04-14 18:02:28,332] Trial 5 finished with value: 0.13628682326400732 and parameters: {'n_estimators': 219, 'learning_rate': 0.007212890743153144, 'num_leaves': 39, 'max_depth': 8, 'min_child_samples': 22, 'subsample': 0.9316178083128241, 'colsample_bytree': 0.6734779154121895, 'reg_alpha': 0.00012028016824345735, 'reg_lambda': 1.1055057068446371e-06}. Best is trial 0 with value: 0.12535127566397458.
[I 2025-04-14 18:02:29,038] Trial 6 finished with value: 0.19370620171858843 and parameters: {'n_estimators': 218, 'learning_rate': 0.002989353856008278, 'num_leaves': 54, 'max_depth': 10, 'min_child_samples': 50, 'subsample': 0.50858101587196, 'colsample_bytree': 0.7037302669218098, 'reg_alpha': 2.5881454773733602e-06, 'reg_lambda': 2.903600142264515e-08}. Best is trial 0 with value: 0.12535127566397458.
[I 2025-04-14 18:02:29,523] Trial 7 finished with value: 0.20180022981581525 and parameters: {'n_estimators': 121, 'learning_rate': 0.0026934390558994345, 'num_leaves': 20, 'max_depth': 7, 'min_child_samples': 49, 'subsample': 0.6988818293860404, 'colsample_bytree': 0.6754418689978309, 'reg_alpha': 0.0016136155423812626, 'reg_lambda': 2.0548990312190968e-07}. Best is trial 0 with value: 0.12535127566397458.
[I 2025-04-14 18:02:30,090] Trial 8 finished with value: 0.1287084167347052 and parameters: {'n_estimators': 80, 'learning_rate': 0.2857764356342961, 'num_leaves': 29, 'max_depth': 4, 'min_child_samples': 18, 'subsample': 0.7767492622437732, 'colsample_bytree': 0.7940906276624773, 'reg_alpha': 0.0006339281674977482, 'reg_lambda': 3.5724999753567505e-06}. Best is trial 0 with value: 0.12535127566397458.
[I 2025-04-14 18:02:30,511] Trial 9 finished with value: 0.2083983780355878 and parameters: {'n_estimators': 57, 'learning_rate': 0.0010476694113701274, 'num_leaves': 11, 'max_depth': 5, 'min_child_samples': 34, 'subsample': 0.7290400136954761, 'colsample_bytree': 0.546972124409101, 'reg_alpha': 4.4662956827818505e-06, 'reg_lambda': 0.000801814099658279}. Best is trial 0 with value: 0.12535127566397458.
[I 2025-04-14 18:02:34,211] Trial 10 finished with value: 0.12280915210331993 and parameters: {'n_estimators': 299, 'learning_rate': 0.0372447781109477, 'num_leaves': 27, 'max_depth': 10, 'min_child_samples': 6, 'subsample': 0.9819728894538458, 'colsample_bytree': 0.9515739032443672, 'reg_alpha': 0.07629500245337609, 'reg_lambda': 0.9332073418930624}. Best is trial 10 with value: 0.12280915210331993.
[I 2025-04-14 18:02:37,674] Trial 11 finished with value: 0.12373979161267269 and parameters: {'n_estimators': 281, 'learning_rate': 0.04377862234460991, 'num_leaves': 28, 'max_depth': 10, 'min_child_samples': 5, 'subsample': 0.9936200391369003, 'colsample_bytree': 0.9829033653320705, 'reg_alpha': 0.7351012150702633, 'reg_lambda': 0.6261785727105698}. Best is trial 10 with value: 0.12280915210331993.
[I 2025-04-14 18:02:41,261] Trial 12 finished with value: 0.12338980249030025 and parameters: {'n_estimators': 285, 'learning_rate': 0.045272087638729815, 'num_leaves': 30, 'max_depth': 11, 'min_child_samples': 5, 'subsample': 0.898939290019514, 'colsample_bytree': 0.9664576327681763, 'reg_alpha': 0.7825003412072545, 'reg_lambda': 0.5867892335992901}. Best is trial 10 with value: 0.12280915210331993.
[I 2025-04-14 18:02:45,436] Trial 13 finished with value: 0.12406103320339418 and parameters: {'n_estimators': 288, 'learning_rate': 0.0546202328013419, 'num_leaves': 38, 'max_depth': 12, 'min_child_samples': 5, 'subsample': 0.8894131095212268, 'colsample_bytree': 0.8478594880008181, 'reg_alpha': 0.05457169100176897, 'reg_lambda': 0.01860786809350375}. Best is trial 10 with value: 0.12280915210331993.
[I 2025-04-14 18:02:47,648] Trial 14 finished with value: 0.1241916261682018 and parameters: {'n_estimators': 263, 'learning_rate': 0.03862727357728401, 'num_leaves': 28, 'max_depth': 11, 'min_child_samples': 12, 'subsample': 0.8820236550479346, 'colsample_bytree': 0.8973485673320033, 'reg_alpha': 0.015086795892134542, 'reg_lambda': 0.8776401106683456}. Best is trial 10 with value: 0.12280915210331993.
[I 2025-04-14 18:02:50,314] Trial 15 finished with value: 0.12278394645823805 and parameters: {'n_estimators': 300, 'learning_rate': 0.10834825588926199, 'num_leaves': 45, 'max_depth': 10, 'min_child_samples': 11, 'subsample': 0.8788691939078704, 'colsample_bytree': 0.98568776942349, 'reg_alpha': 0.636347899690809, 'reg_lambda': 0.049135787765231205}. Best is trial 15 with value: 0.12278394645823805.
[I 2025-04-14 18:02:52,704] Trial 16 finished with value: 0.12500960389906374 and parameters: {'n_estimators': 250, 'learning_rate': 0.1252090371251902, 'num_leaves': 47, 'max_depth': 9, 'min_child_samples': 12, 'subsample': 0.8428013643751825, 'colsample_bytree': 0.8458983215706758, 'reg_alpha': 0.010915134145736192, 'reg_lambda': 0.037573826247532624}. Best is trial 15 with value: 0.12278394645823805.
[I 2025-04-14 18:02:53,572] Trial 17 finished with value: 0.12309012365816978 and parameters: {'n_estimators': 160, 'learning_rate': 0.11500308218302749, 'num_leaves': 44, 'max_depth': 9, 'min_child_samples': 32, 'subsample': 0.9459210372886822, 'colsample_bytree': 0.9907406304375315, 'reg_alpha': 0.02885023445441567, 'reg_lambda': 0.0016848128725001712}. Best is trial 15 with value: 0.12278394645823805.
[I 2025-04-14 18:02:56,797] Trial 18 finished with value: 0.12679294656649556 and parameters: {'n_estimators': 300, 'learning_rate': 0.2364277051082563, 'num_leaves': 34, 'max_depth': 10, 'min_child_samples': 10, 'subsample': 0.8583628130680382, 'colsample_bytree': 0.8948367338344089, 'reg_alpha': 0.1070034887100087, 'reg_lambda': 3.807848554499491e-05}. Best is trial 15 with value: 0.12278394645823805.
[I 2025-04-14 18:02:58,416] Trial 19 finished with value: 0.1238807393413703 and parameters: {'n_estimators': 257, 'learning_rate': 0.02301324076183054, 'num_leaves': 23, 'max_depth': 6, 'min_child_samples': 18, 'subsample': 0.9536676735595149, 'colsample_bytree': 0.7843081799920925, 'reg_alpha': 2.0254784001743964e-08, 'reg_lambda': 0.04236229951599453}. Best is trial 15 with value: 0.12278394645823805.
[I 2025-04-14 18:02:59,467] Trial 20 finished with value: 0.12559123824124313 and parameters: {'n_estimators': 183, 'learning_rate': 0.07021063594300866, 'num_leaves': 44, 'max_depth': 8, 'min_child_samples': 23, 'subsample': 0.6314512576600765, 'colsample_bytree': 0.9378374825489894, 'reg_alpha': 2.847780299655135e-07, 'reg_lambda': 0.00022126219297594196}. Best is trial 15 with value: 0.12278394645823805.
[I 2025-04-14 18:03:00,224] Trial 21 finished with value: 0.12312029313450912 and parameters: {'n_estimators': 157, 'learning_rate': 0.10503246944336092, 'num_leaves': 43, 'max_depth': 9, 'min_child_samples': 35, 'subsample': 0.9426334978915639, 'colsample_bytree': 0.996799557683252, 'reg_alpha': 0.015197273634799665, 'reg_lambda': 0.0015770732945670453}. Best is trial 15 with value: 0.12278394645823805.
[I 2025-04-14 18:03:00,964] Trial 22 finished with value: 0.12192878834879757 and parameters: {'n_estimators': 160, 'learning_rate': 0.08104720597193384, 'num_leaves': 60, 'max_depth': 11, 'min_child_samples': 36, 'subsample': 0.9987047668065785, 'colsample_bytree': 0.938909597553705, 'reg_alpha': 0.21715489940211094, 'reg_lambda': 0.005657074435522317}. Best is trial 22 with value: 0.12192878834879757.
[I 2025-04-14 18:03:01,813] Trial 23 finished with value: 0.12152016150106992 and parameters: {'n_estimators': 196, 'learning_rate': 0.028185632368471845, 'num_leaves': 60, 'max_depth': 11, 'min_child_samples': 38, 'subsample': 0.9722910966716541, 'colsample_bytree': 0.8527236004809267, 'reg_alpha': 0.2919728256814584, 'reg_lambda': 0.0961960751689055}. Best is trial 23 with value: 0.12152016150106992.
