[I 2025-04-14 17:45:48,706] Trial 3 finished with value: 0.12155192345380783 and parameters: {'n_lstm_layers': 2, 'lstm_units': 48, 'n_dense_layers': 1, 'lstm_dropout_0': 0.4609781283755191, 'lstm_dropout_1': 0.24371218115893256, 'dense_units_0': 43, 'dense_dropout_0': 0.14419588347355616, 'learning_rate': 0.0012848218842512577}. Best is trial 3 with value: 0.12155192345380783.
Trial 1: Validation Score (mae, scaled) = 0.073243

--- Optuna Trial 2 for LSTM_Change_in_Load ---
Trial 2: Training model...
Trial 2: Validation Score (mae, scaled) = 0.084914

--- Optuna Trial 3 for LSTM_Change_in_Load ---
Trial 3: Training model...
Trial 3: Validation Score (mae, scaled) = 0.062981

--- Optuna Trial 4 for LSTM_Change_in_Load ---
Trial 4: Training model...
Trial 4: Validation Score (mae, scaled) = 0.080819

--- Optuna Trial 5 for LSTM_Change_in_Load ---
Trial 5: Training model...
Trial 5: Validation Score (mae, scaled) = 0.134350

--- Optuna Trial 6 for LSTM_Change_in_Load ---
Trial 6: Training model...
Trial 6: Validation Score (mae, scaled) = 0.065963

--- Optuna Trial 7 for LSTM_Change_in_Load ---
Trial 7: Training model...
Trial 7: Validation Score (mae, scaled) = 0.063203

--- Optuna Trial 8 for LSTM_Change_in_Load ---
Trial 8: Training model...
Trial 8: Validation Score (mae, scaled) = 0.122463

--- Optuna Trial 9 for LSTM_Change_in_Load ---
Trial 9: Training model...
Trial 9: Validation Score (mae, scaled) = 0.067984

--- Optuna Trial 10 for LSTM_Change_in_Load ---
Trial 10: Training model...
Trial 10: Validation Score (mae, scaled) = 0.060030

--- Optuna Trial 11 for LSTM_Change_in_Load ---
Trial 11: Training model...
Trial 11: Validation Score (mae, scaled) = 0.062684

--- Optuna Trial 12 for LSTM_Change_in_Load ---
Trial 12: Training model...
Trial 12: Validation Score (mae, scaled) = 0.062336

--- Optuna Trial 13 for LSTM_Change_in_Load ---
Trial 13: Training model...
Trial 13: Validation Score (mae, scaled) = 0.060395

--- Optuna Trial 14 for LSTM_Change_in_Load ---
Trial 14: Training model...
Trial 14: Validation Score (mae, scaled) = 0.059979

--- Optuna Trial 15 for LSTM_Change_in_Load ---
Trial 15: Training model...
Trial 15: Validation Score (mae, scaled) = 0.061018

--- Optuna Trial 16 for LSTM_Change_in_Load ---
Trial 16: Training model...
Trial 16: Validation Score (mae, scaled) = 0.061990

--- Optuna Trial 17 for LSTM_Change_in_Load ---
Trial 17: Training model...
Trial 17: Validation Score (mae, scaled) = 0.117873

--- Optuna Trial 18 for LSTM_Change_in_Load ---
Trial 18: Training model...
Trial 18: Validation Score (mae, scaled) = 0.061417

--- Optuna Trial 19 for LSTM_Change_in_Load ---
Trial 19: Training model...
Trial 19: Validation Score (mae, scaled) = 0.064074

--- Optuna Trial 20 for LSTM_Change_in_Load ---
Trial 20: Training model...
Trial 20: Validation Score (mae, scaled) = 0.069819

--- Optuna Trial 21 for LSTM_Change_in_Load ---
Trial 21: Training model...
Trial 21: Validation Score (mae, scaled) = 0.060463

--- Optuna Trial 22 for LSTM_Change_in_Load ---
Trial 22: Training model...
Trial 22: Validation Score (mae, scaled) = 0.059903

--- Optuna Trial 23 for LSTM_Change_in_Load ---
Trial 23: Training model...
Trial 23: Validation Score (mae, scaled) = 0.060680

--- Optuna Trial 24 for LSTM_Change_in_Load ---
Trial 24: Training model...
Trial 24: Validation Score (mae, scaled) = 0.061083

--- Best Results for Feeder=1, Arch=LSTM_Change_in_Load, Scenario=24hr ---
Best Validation Score (mae, scaled): 0.059903
Best Hyperparameters:
  n_lstm_layers: 2
  lstm_units: 79
  n_dense_layers: 0
  lstm_dropout_0: 0.10039998011565632
  lstm_dropout_1: 0.3146228283196653
  learning_rate: 0.005853592387776404

--- Tuning: Arch=LSTM_Change_in_Load, Scenario=Day ---
Loading existing model artifact to get scalers/columns...
Selecting model for Feeder 1, Arch: LSTM_Change_in_Load, Scenario: Day, Version: None
Error: No matching model found for criteria: Feeder=1, Arch=LSTM_Change_in_Load, Scenario=Day, Version=None
Warning: No existing model found for Feeder=1, Arch=LSTM_Change_in_Load, Scenario=Day. Cannot get scalers. Skipping.

--- Tuning: Arch=LSTM_Change_in_Load, Scenario=Night ---
Loading existing model artifact to get scalers/columns...
Selecting model for Feeder 1, Arch: LSTM_Change_in_Load, Scenario: Night, Version: None
Error: No matching model found for criteria: Feeder=1, Arch=LSTM_Change_in_Load, Scenario=Night, Version=None
Warning: No existing model found for Feeder=1, Arch=LSTM_Change_in_Load, Scenario=Night. Cannot get scalers. Skipping.

===== Tuning for Feeder 2 =====

--- Tuning: Arch=LightGBM_Baseline, Scenario=24hr ---
Loading existing model artifact to get scalers/columns...
Selecting model for Feeder 2, Arch: LightGBM_Baseline, Scenario: 24hr, Version: None
Selected Model ID: 144, Version: v1.1_Final_Forecasting_20250414170337, Path Info: models/feeder_2/LightGBM_Baseline_24hr_v1.1_Final_Forecasting_20250414170337.pkl
Loading artifact(s) based on path info: models/feeder_2/LightGBM_Baseline_24hr_v1.1_Final_Forecasting_20250414170337.pkl
Detected single pickle artifact path: models/feeder_2/LightGBM_Baseline_24hr_v1.1_Final_Forecasting_20250414170337.pkl
Downloading single pickle artifact to: H:\My Drive\Barbados_Forecasting_Tool_Final\tmp\LightGBM_Baseline_24hr_v1.1_Final_Forecasting_20250414170337.pkl
Single pickle downloaded. Loading...
Single pickle loaded.
Cleaned up temporary file: H:\My Drive\Barbados_Forecasting_Tool_Final\tmp\LightGBM_Baseline_24hr_v1.1_Final_Forecasting_20250414170337.pkl
Preparing training and validation data using loaded scalers...
Starting feature engineering for scenario: 24hr...
Pivoting data into daily vectors...
Reshaped data: X shape (152, 177), y shape (152, 24)
Transforming data using provided scalers (X and y)...
Data transformed.
Starting feature engineering for scenario: 24hr...
Pivoting data into daily vectors...
Reshaped data: X shape (30, 177), y shape (30, 24)
Transforming data using provided scalers (X and y)...
Data transformed.
Starting Optuna optimization (25 trials)...

--- Optuna Trial 0 for LightGBM_Baseline ---
Trial 0: Training model...
Trial 0: Evaluating model...
Trial 0: Validation Score (mae, scaled) = 0.229918

--- Optuna Trial 1 for LightGBM_Baseline ---
Trial 1: Training model...
Trial 1: Evaluating model...
Trial 1: Validation Score (mae, scaled) = 0.120656

--- Optuna Trial 2 for LightGBM_Baseline ---
Trial 2: Training model...
Trial 2: Evaluating model...
Trial 2: Validation Score (mae, scaled) = 0.222566

--- Optuna Trial 3 for LightGBM_Baseline ---
Trial 3: Training model...
Trial 3: Evaluating model...
Trial 3: Validation Score (mae, scaled) = 0.190627

--- Optuna Trial 4 for LightGBM_Baseline ---
Trial 4: Training model...
Trial 4: Evaluating model...
Trial 4: Validation Score (mae, scaled) = 0.091713

--- Optuna Trial 5 for LightGBM_Baseline ---
Trial 5: Training model...
Trial 5: Evaluating model...
Trial 5: Validation Score (mae, scaled) = 0.097628

--- Optuna Trial 6 for LightGBM_Baseline ---
Trial 6: Training model...
Trial 6: Evaluating model...
Trial 6: Validation Score (mae, scaled) = 0.183875

--- Optuna Trial 7 for LightGBM_Baseline ---
Trial 7: Training model...
Trial 7: Evaluating model...
Trial 7: Validation Score (mae, scaled) = 0.098671

--- Optuna Trial 8 for LightGBM_Baseline ---
Trial 8: Training model...
Trial 8: Evaluating model...
Trial 8: Validation Score (mae, scaled) = 0.200289

--- Optuna Trial 9 for LightGBM_Baseline ---
Trial 9: Training model...
Trial 9: Evaluating model...
Trial 9: Validation Score (mae, scaled) = 0.191638

--- Optuna Trial 10 for LightGBM_Baseline ---
Trial 10: Training model...
Trial 10: Evaluating model...
Trial 10: Validation Score (mae, scaled) = 0.096498

--- Optuna Trial 11 for LightGBM_Baseline ---
Trial 11: Training model...
Trial 11: Evaluating model...
Trial 11: Validation Score (mae, scaled) = 0.097245

--- Optuna Trial 12 for LightGBM_Baseline ---
Trial 12: Training model...
Trial 12: Evaluating model...
Trial 12: Validation Score (mae, scaled) = 0.095107

--- Optuna Trial 13 for LightGBM_Baseline ---
Trial 13: Training model...
Trial 13: Evaluating model...
Trial 13: Validation Score (mae, scaled) = 0.094911

--- Optuna Trial 14 for LightGBM_Baseline ---
Trial 14: Training model...
Trial 14: Evaluating model...
[I 2025-04-14 17:45:53,127] Trial 4 finished with value: 0.1217370480298996 and parameters: {'n_lstm_layers': 1, 'lstm_units': 43, 'n_dense_layers': 0, 'lstm_dropout_0': 0.10584294827135068, 'learning_rate': 0.0010052241773662912}. Best is trial 3 with value: 0.12155192345380783.
[I 2025-04-14 17:45:58,096] Trial 5 finished with value: 0.11334704607725143 and parameters: {'n_lstm_layers': 1, 'lstm_units': 107, 'n_dense_layers': 0, 'lstm_dropout_0': 0.25021881001490986, 'learning_rate': 0.0026066536076162833}. Best is trial 5 with value: 0.11334704607725143.
[I 2025-04-14 17:46:02,828] Trial 6 finished with value: 0.21865347027778625 and parameters: {'n_lstm_layers': 1, 'lstm_units': 51, 'n_dense_layers': 0, 'lstm_dropout_0': 0.3236504828190959, 'learning_rate': 0.0001249718152445332}. Best is trial 5 with value: 0.11334704607725143.
[I 2025-04-14 17:46:07,734] Trial 7 finished with value: 0.2866261303424835 and parameters: {'n_lstm_layers': 1, 'lstm_units': 128, 'n_dense_layers': 1, 'lstm_dropout_0': 0.3506603437986091, 'dense_units_0': 49, 'dense_dropout_0': 0.33587842003975826, 'learning_rate': 0.00013413176391371232}. Best is trial 5 with value: 0.11334704607725143.
[I 2025-04-14 17:46:15,102] Trial 8 finished with value: 0.24909432232379913 and parameters: {'n_lstm_layers': 2, 'lstm_units': 45, 'n_dense_layers': 2, 'lstm_dropout_0': 0.37022906510206843, 'lstm_dropout_1': 0.13556588731854435, 'dense_units_0': 46, 'dense_dropout_0': 0.4056635803201961, 'dense_units_1': 39, 'dense_dropout_1': 0.29314549247641036, 'learning_rate': 0.00027246355673097363}. Best is trial 5 with value: 0.11334704607725143.
[I 2025-04-14 17:46:19,949] Trial 9 finished with value: 0.15891186892986298 and parameters: {'n_lstm_layers': 1, 'lstm_units': 42, 'n_dense_layers': 1, 'lstm_dropout_0': 0.4502299908625086, 'dense_units_0': 18, 'dense_dropout_0': 0.38559208676670154, 'learning_rate': 0.001218822449165379}. Best is trial 5 with value: 0.11334704607725143.
[I 2025-04-14 17:46:26,951] Trial 10 finished with value: 0.1126064583659172 and parameters: {'n_lstm_layers': 2, 'lstm_units': 101, 'n_dense_layers': 0, 'lstm_dropout_0': 0.2315464283289544, 'lstm_dropout_1': 0.4991283504101151, 'learning_rate': 0.006987867761678907}. Best is trial 10 with value: 0.1126064583659172.
[I 2025-04-14 17:46:34,103] Trial 11 finished with value: 0.11375751346349716 and parameters: {'n_lstm_layers': 2, 'lstm_units': 103, 'n_dense_layers': 0, 'lstm_dropout_0': 0.23119479447149124, 'lstm_dropout_1': 0.4915940196558129, 'learning_rate': 0.008011975319195968}. Best is trial 10 with value: 0.1126064583659172.
[I 2025-04-14 17:46:41,205] Trial 12 finished with value: 0.11518163979053497 and parameters: {'n_lstm_layers': 2, 'lstm_units': 80, 'n_dense_layers': 0, 'lstm_dropout_0': 0.20832999783914224, 'lstm_dropout_1': 0.4955566949270846, 'learning_rate': 0.003695237582470118}. Best is trial 10 with value: 0.1126064583659172.
[I 2025-04-14 17:46:48,484] Trial 13 finished with value: 0.11566521972417831 and parameters: {'n_lstm_layers': 2, 'lstm_units': 83, 'n_dense_layers': 0, 'lstm_dropout_0': 0.1807660248263982, 'lstm_dropout_1': 0.3538802276699298, 'learning_rate': 0.0036209860049377747}. Best is trial 10 with value: 0.1126064583659172.
[I 2025-04-14 17:46:56,051] Trial 14 finished with value: 0.117941714823246 and parameters: {'n_lstm_layers': 2, 'lstm_units': 125, 'n_dense_layers': 0, 'lstm_dropout_0': 0.2793349178395465, 'lstm_dropout_1': 0.36292597231456936, 'learning_rate': 0.003543872469323572}. Best is trial 10 with value: 0.1126064583659172.
[I 2025-04-14 17:47:03,326] Trial 15 finished with value: 0.11759983748197556 and parameters: {'n_lstm_layers': 2, 'lstm_units': 65, 'n_dense_layers': 0, 'lstm_dropout_0': 0.2399083920375626, 'lstm_dropout_1': 0.40670532325856357, 'learning_rate': 0.002348293279012204}. Best is trial 10 with value: 0.1126064583659172.
[I 2025-04-14 17:47:11,221] Trial 16 finished with value: 0.10089866071939468 and parameters: {'n_lstm_layers': 2, 'lstm_units': 92, 'n_dense_layers': 1, 'lstm_dropout_0': 0.29777493411700545, 'lstm_dropout_1': 0.24045226694478883, 'dense_units_0': 20, 'dense_dropout_0': 0.2390892086324524, 'learning_rate': 0.005842769995302442}. Best is trial 16 with value: 0.10089866071939468.
[I 2025-04-14 17:47:18,939] Trial 17 finished with value: 0.10581321269273758 and parameters: {'n_lstm_layers': 2, 'lstm_units': 82, 'n_dense_layers': 1, 'lstm_dropout_0': 0.3103779185513257, 'lstm_dropout_1': 0.23861493560790253, 'dense_units_0': 21, 'dense_dropout_0': 0.22766788993609632, 'learning_rate': 0.005685401596510169}. Best is trial 16 with value: 0.10089866071939468.
[I 2025-04-14 17:47:26,473] Trial 18 finished with value: 0.1642455756664276 and parameters: {'n_lstm_layers': 2, 'lstm_units': 69, 'n_dense_layers': 1, 'lstm_dropout_0': 0.32818692099449337, 'lstm_dropout_1': 0.22049026417983958, 'dense_units_0': 21, 'dense_dropout_0': 0.22714494452848805, 'learning_rate': 0.0005014968153650127}. Best is trial 16 with value: 0.10089866071939468.
[I 2025-04-14 17:47:34,292] Trial 19 finished with value: 0.10372818261384964 and parameters: {'n_lstm_layers': 2, 'lstm_units': 85, 'n_dense_layers': 1, 'lstm_dropout_0': 0.40100641248571606, 'lstm_dropout_1': 0.20982141302360924, 'dense_units_0': 26, 'dense_dropout_0': 0.23462180393022564, 'learning_rate': 0.005389338792046183}. Best is trial 16 with value: 0.10089866071939468.
[I 2025-04-14 17:47:41,832] Trial 20 finished with value: 0.11616112291812897 and parameters: {'n_lstm_layers': 2, 'lstm_units': 56, 'n_dense_layers': 1, 'lstm_dropout_0': 0.4128352566782352, 'lstm_dropout_1': 0.1464047321818322, 'dense_units_0': 27, 'dense_dropout_0': 0.23607849471824893, 'learning_rate': 0.0018813364261176576}. Best is trial 16 with value: 0.10089866071939468.
[I 2025-04-14 17:47:49,392] Trial 21 finished with value: 0.10377170890569687 and parameters: {'n_lstm_layers': 2, 'lstm_units': 82, 'n_dense_layers': 1, 'lstm_dropout_0': 0.3086871235980241, 'lstm_dropout_1': 0.2304846965402999, 'dense_units_0': 25, 'dense_dropout_0': 0.23240930254048822, 'learning_rate': 0.005222627954929947}. Best is trial 16 with value: 0.10089866071939468.
[I 2025-04-14 17:47:56,554] Trial 22 finished with value: 0.1130695790052414 and parameters: {'n_lstm_layers': 2, 'lstm_units': 90, 'n_dense_layers': 1, 'lstm_dropout_0': 0.4288974732824919, 'lstm_dropout_1': 0.19952658876956442, 'dense_units_0': 26, 'dense_dropout_0': 0.2594666826592918, 'learning_rate': 0.004740783303027097}. Best is trial 16 with value: 0.10089866071939468.
[I 2025-04-14 17:48:04,107] Trial 23 finished with value: 0.11302535235881805 and parameters: {'n_lstm_layers': 2, 'lstm_units': 76, 'n_dense_layers': 1, 'lstm_dropout_0': 0.3646234130907434, 'lstm_dropout_1': 0.2959499241138117, 'dense_units_0': 28, 'dense_dropout_0': 0.18122318336961277, 'learning_rate': 0.004804051159269475}. Best is trial 16 with value: 0.10089866071939468.
[I 2025-04-14 17:48:11,703] Trial 24 finished with value: 0.1490866094827652 and parameters: {'n_lstm_layers': 2, 'lstm_units': 33, 'n_dense_layers': 2, 'lstm_dropout_0': 0.4909601559658842, 'lstm_dropout_1': 0.28429277960016847, 'dense_units_0': 16, 'dense_dropout_0': 0.4993660492275349, 'dense_units_1': 16, 'dense_dropout_1': 0.14520315882773321, 'learning_rate': 0.009942779201570195}. Best is trial 16 with value: 0.10089866071939468.
[I 2025-04-14 17:48:13,586] A new study created in memory with name: tune-2-LSTM_Change_in_Load-24hr
[I 2025-04-14 17:48:18,656] Trial 0 finished with value: 0.18640269339084625 and parameters: {'n_lstm_layers': 1, 'lstm_units': 32, 'n_dense_layers': 2, 'lstm_dropout_0': 0.48190706192715427, 'dense_units_0': 25, 'dense_dropout_0': 0.3551705104890469, 'dense_units_1': 60, 'dense_dropout_1': 0.41746467134236076, 'learning_rate': 0.0002630263424619593}. Best is trial 0 with value: 0.18640269339084625.
[I 2025-04-14 17:48:23,762] Trial 1 finished with value: 0.22461947798728943 and parameters: {'n_lstm_layers': 1, 'lstm_units': 69, 'n_dense_layers': 2, 'lstm_dropout_0': 0.4932130549183168, 'dense_units_0': 48, 'dense_dropout_0': 0.24023726112419458, 'dense_units_1': 38, 'dense_dropout_1': 0.17378613879855892, 'learning_rate': 0.00010949306321919955}. Best is trial 0 with value: 0.18640269339084625.
[I 2025-04-14 17:48:28,423] Trial 2 finished with value: 0.10896187275648117 and parameters: {'n_lstm_layers': 1, 'lstm_units': 125, 'n_dense_layers': 2, 'lstm_dropout_0': 0.3371248316764799, 'dense_units_0': 40, 'dense_dropout_0': 0.212466672251625, 'dense_units_1': 27, 'dense_dropout_1': 0.3778387258529722, 'learning_rate': 0.0015546476520602618}. Best is trial 2 with value: 0.10896187275648117.
[I 2025-04-14 17:48:36,408] Trial 3 finished with value: 0.09098302572965622 and parameters: {'n_lstm_layers': 2, 'lstm_units': 70, 'n_dense_layers': 2, 'lstm_dropout_0': 0.19799375289953522, 'lstm_dropout_1': 0.3582077556465366, 'dense_units_0': 29, 'dense_dropout_0': 0.33924327683099015, 'dense_units_1': 37, 'dense_dropout_1': 0.12096250731489887, 'learning_rate': 0.008237582303230502}. Best is trial 3 with value: 0.09098302572965622.
[I 2025-04-14 17:48:44,106] Trial 4 finished with value: 0.19246305525302887 and parameters: {'n_lstm_layers': 2, 'lstm_units': 39, 'n_dense_layers': 2, 'lstm_dropout_0': 0.1730002871770641, 'lstm_dropout_1': 0.30509076085781106, 'dense_units_0': 27, 'dense_dropout_0': 0.3031902653761292, 'dense_units_1': 22, 'dense_dropout_1': 0.3049623450702771, 'learning_rate': 0.0003127370922220586}. Best is trial 3 with value: 0.09098302572965622.
[I 2025-04-14 17:48:51,696] Trial 5 finished with value: 0.12929663062095642 and parameters: {'n_lstm_layers': 2, 'lstm_units': 34, 'n_dense_layers': 2, 'lstm_dropout_0': 0.1630679585996652, 'lstm_dropout_1': 0.38132605210257187, 'dense_units_0': 28, 'dense_dropout_0': 0.4670988254041477, 'dense_units_1': 25, 'dense_dropout_1': 0.4774897825187425, 'learning_rate': 0.0008816762528272634}. Best is trial 3 with value: 0.09098302572965622.
[I 2025-04-14 17:48:56,734] Trial 6 finished with value: 0.11460712552070618 and parameters: {'n_lstm_layers': 1, 'lstm_units': 78, 'n_dense_layers': 1, 'lstm_dropout_0': 0.2726510231145728, 'dense_units_0': 38, 'dense_dropout_0': 0.22721528144031056, 'learning_rate': 0.0005817627112262716}. Best is trial 3 with value: 0.09098302572965622.
[I 2025-04-14 17:49:04,145] Trial 7 finished with value: 0.1018579974770546 and parameters: {'n_lstm_layers': 2, 'lstm_units': 82, 'n_dense_layers': 1, 'lstm_dropout_0': 0.14607702896229952, 'lstm_dropout_1': 0.32584800796202584, 'dense_units_0': 22, 'dense_dropout_0': 0.4709877259512756, 'learning_rate': 0.00286422097024353}. Best is trial 3 with value: 0.09098302572965622.
[I 2025-04-14 17:49:11,998] Trial 8 finished with value: 0.1959446221590042 and parameters: {'n_lstm_layers': 2, 'lstm_units': 125, 'n_dense_layers': 1, 'lstm_dropout_0': 0.23686874760780371, 'lstm_dropout_1': 0.1826439707685415, 'dense_units_0': 34, 'dense_dropout_0': 0.32893040571751875, 'learning_rate': 0.00015432127915417456}. Best is trial 3 with value: 0.09098302572965622.
[I 2025-04-14 17:49:19,801] Trial 9 finished with value: 0.1112213134765625 and parameters: {'n_lstm_layers': 2, 'lstm_units': 127, 'n_dense_layers': 2, 'lstm_dropout_0': 0.3761722343915008, 'lstm_dropout_1': 0.22431450921746704, 'dense_units_0': 60, 'dense_dropout_0': 0.3610486899263834, 'dense_units_1': 22, 'dense_dropout_1': 0.2966504819340027, 'learning_rate': 0.0006228104896702795}. Best is trial 3 with value: 0.09098302572965622.
[I 2025-04-14 17:49:27,115] Trial 10 finished with value: 0.09426725655794144 and parameters: {'n_lstm_layers': 2, 'lstm_units': 49, 'n_dense_layers': 0, 'lstm_dropout_0': 0.10066228562220424, 'lstm_dropout_1': 0.4994072350969723, 'learning_rate': 0.009194531472465333}. Best is trial 3 with value: 0.09098302572965622.
[I 2025-04-14 17:49:33,903] Trial 11 finished with value: 0.0926666259765625 and parameters: {'n_lstm_layers': 2, 'lstm_units': 47, 'n_dense_layers': 0, 'lstm_dropout_0': 0.11126802466562981, 'lstm_dropout_1': 0.4924017606283002, 'learning_rate': 0.009909161426480823}. Best is trial 3 with value: 0.09098302572965622.
[I 2025-04-14 17:49:40,858] Trial 12 finished with value: 0.09914595633745193 and parameters: {'n_lstm_layers': 2, 'lstm_units': 54, 'n_dense_layers': 0, 'lstm_dropout_0': 0.2271335656204579, 'lstm_dropout_1': 0.4999230287225116, 'learning_rate': 0.008368765508891833}. Best is trial 3 with value: 0.09098302572965622.
[I 2025-04-14 17:49:47,874] Trial 13 finished with value: 0.09272334724664688 and parameters: {'n_lstm_layers': 2, 'lstm_units': 52, 'n_dense_layers': 0, 'lstm_dropout_0': 0.10905518040130341, 'lstm_dropout_1': 0.39969558882705836, 'learning_rate': 0.003974575909742869}. Best is trial 3 with value: 0.09098302572965622.
[I 2025-04-14 17:49:54,769] Trial 14 finished with value: 0.09399296343326569 and parameters: {'n_lstm_layers': 2, 'lstm_units': 93, 'n_dense_layers': 0, 'lstm_dropout_0': 0.20385102845836295, 'lstm_dropout_1': 0.41841238995676083, 'learning_rate': 0.004078205555716414}. Best is trial 3 with value: 0.09098302572965622.
