[I 2025-04-14 18:15:00,522] Trial 24 finished with value: 0.15647579857575278 and parameters: {'n_estimators': 168, 'learning_rate': 0.09127932016095937, 'num_leaves': 56, 'max_depth': 4, 'min_child_samples': 5, 'subsample': 0.881266353391594, 'colsample_bytree': 0.7911267524625724, 'reg_alpha': 0.003137300913685536, 'reg_lambda': 0.00011888500536778827}. Best is trial 11 with value: 0.15306525899547843.

--- Optuna Trial 3 for LSTM_Baseload ---
Trial 3: Training model...
Trial 3: Validation Score (mae, scaled) = 0.137583

--- Optuna Trial 4 for LSTM_Baseload ---
Trial 4: Training model...
Trial 4: Validation Score (mae, scaled) = 0.172128

--- Optuna Trial 5 for LSTM_Baseload ---
Trial 5: Training model...
Trial 5: Validation Score (mae, scaled) = 0.101599

--- Optuna Trial 6 for LSTM_Baseload ---
Trial 6: Training model...
Trial 6: Validation Score (mae, scaled) = 0.230836

--- Optuna Trial 7 for LSTM_Baseload ---
Trial 7: Training model...
Trial 7: Validation Score (mae, scaled) = 0.106816

--- Optuna Trial 8 for LSTM_Baseload ---
Trial 8: Training model...
Trial 8: Validation Score (mae, scaled) = 0.107894

--- Optuna Trial 9 for LSTM_Baseload ---
Trial 9: Training model...
Trial 9: Validation Score (mae, scaled) = 0.205999

--- Optuna Trial 10 for LSTM_Baseload ---
Trial 10: Training model...
Trial 10: Validation Score (mae, scaled) = 0.105729

--- Optuna Trial 11 for LSTM_Baseload ---
Trial 11: Training model...
Trial 11: Validation Score (mae, scaled) = 0.107781

--- Optuna Trial 12 for LSTM_Baseload ---
Trial 12: Training model...
Trial 12: Validation Score (mae, scaled) = 0.112784

--- Optuna Trial 13 for LSTM_Baseload ---
Trial 13: Training model...
Trial 13: Validation Score (mae, scaled) = 0.119220

--- Optuna Trial 14 for LSTM_Baseload ---
Trial 14: Training model...
Trial 14: Validation Score (mae, scaled) = 0.106288

--- Optuna Trial 15 for LSTM_Baseload ---
Trial 15: Training model...
Trial 15: Validation Score (mae, scaled) = 0.110707

--- Optuna Trial 16 for LSTM_Baseload ---
Trial 16: Training model...
Trial 16: Validation Score (mae, scaled) = 0.159522

--- Optuna Trial 17 for LSTM_Baseload ---
Trial 17: Training model...
Trial 17: Validation Score (mae, scaled) = 0.113723

--- Optuna Trial 18 for LSTM_Baseload ---
Trial 18: Training model...
Trial 18: Validation Score (mae, scaled) = 0.175275

--- Optuna Trial 19 for LSTM_Baseload ---
Trial 19: Training model...
Trial 19: Validation Score (mae, scaled) = 0.117511

--- Optuna Trial 20 for LSTM_Baseload ---
Trial 20: Training model...
Trial 20: Validation Score (mae, scaled) = 0.114058

--- Optuna Trial 21 for LSTM_Baseload ---
Trial 21: Training model...
Trial 21: Validation Score (mae, scaled) = 0.107706

--- Optuna Trial 22 for LSTM_Baseload ---
Trial 22: Training model...
Trial 22: Validation Score (mae, scaled) = 0.095199

--- Optuna Trial 23 for LSTM_Baseload ---
Trial 23: Training model...
Trial 23: Validation Score (mae, scaled) = 0.088777

--- Optuna Trial 24 for LSTM_Baseload ---
Trial 24: Training model...
Trial 24: Validation Score (mae, scaled) = 0.100979

--- Best Results for Feeder=6, Arch=LSTM_Baseload, Scenario=24hr ---
Best Validation Score (mae, scaled): 0.088777
Best Hyperparameters:
  n_lstm_layers: 2
  lstm_units: 118
  n_dense_layers: 0
  lstm_dropout_0: 0.23404914145337877
  lstm_dropout_1: 0.19981906966616403
  learning_rate: 0.006267757934529045

--- Tuning: Arch=LSTM_Baseload, Scenario=Day ---
Loading existing model artifact to get scalers/columns...
Selecting model for Feeder 6, Arch: LSTM_Baseload, Scenario: Day, Version: None
Error: No matching model found for criteria: Feeder=6, Arch=LSTM_Baseload, Scenario=Day, Version=None
Warning: No existing model found for Feeder=6, Arch=LSTM_Baseload, Scenario=Day. Cannot get scalers. Skipping.

--- Tuning: Arch=LSTM_Baseload, Scenario=Night ---
Loading existing model artifact to get scalers/columns...
Selecting model for Feeder 6, Arch: LSTM_Baseload, Scenario: Night, Version: None
Error: No matching model found for criteria: Feeder=6, Arch=LSTM_Baseload, Scenario=Night, Version=None
Warning: No existing model found for Feeder=6, Arch=LSTM_Baseload, Scenario=Night. Cannot get scalers. Skipping.

--- Tuning: Arch=LSTM_Change_in_Load, Scenario=24hr ---
Loading existing model artifact to get scalers/columns...
Selecting model for Feeder 6, Arch: LSTM_Change_in_Load, Scenario: 24hr, Version: None
Selected Model ID: 162, Version: v1.1_Final_Forecasting_20250414170537, Path Info: {"keras_model": "models/feeder_6/LSTM_Change_in_Load_24hr_v1.1_Final_Forecasting_20250414170537.keras", "scalers_pkl": "models/feeder_6/LSTM_Change_in_Load_24hr_v1.1_Final_Forecasting_20250414170537_scalers.pkl"}
Loading artifact(s) based on path info: {'keras_model': 'models/feeder_6/LSTM_Change_in_Load_24hr_v1.1_Final_Forecasting_20250414170537.keras', 'scalers_pkl': 'models/feeder_6/LSTM_Change_in_Load_24hr_v1.1_Final_Forecasting_20250414170537_scalers.pkl'}
Detected separate Keras model (models/feeder_6/LSTM_Change_in_Load_24hr_v1.1_Final_Forecasting_20250414170537.keras) and scalers (models/feeder_6/LSTM_Change_in_Load_24hr_v1.1_Final_Forecasting_20250414170537_scalers.pkl).
Downloading Keras model to: H:\My Drive\Barbados_Forecasting_Tool_Final\tmp\LSTM_Change_in_Load_24hr_v1.1_Final_Forecasting_20250414170537.keras
Keras model downloaded. Loading...
Keras model loaded.
Downloading scalers pickle to: H:\My Drive\Barbados_Forecasting_Tool_Final\tmp\LSTM_Change_in_Load_24hr_v1.1_Final_Forecasting_20250414170537_scalers.pkl
Scalers pickle downloaded. Loading...
Scalers pickle loaded.
Cleaned up temporary file: H:\My Drive\Barbados_Forecasting_Tool_Final\tmp\LSTM_Change_in_Load_24hr_v1.1_Final_Forecasting_20250414170537.keras
Cleaned up temporary file: H:\My Drive\Barbados_Forecasting_Tool_Final\tmp\LSTM_Change_in_Load_24hr_v1.1_Final_Forecasting_20250414170537_scalers.pkl
Preparing training and validation data using loaded scalers...
Starting feature engineering for scenario: 24hr...
Pivoting data into daily vectors...
Reshaped data: X shape (152, 177), y shape (152, 24)
Transforming data using provided scalers (X and y)...
Data transformed.
Starting feature engineering for scenario: 24hr...
Pivoting data into daily vectors...
Reshaped data: X shape (32, 177), y shape (32, 24)
Transforming data using provided scalers (X and y)...
Data transformed.
Starting Optuna optimization (25 trials)...

--- Optuna Trial 0 for LSTM_Change_in_Load ---
Trial 0: Training model...
Trial 0: Validation Score (mae, scaled) = 0.207648

--- Optuna Trial 1 for LSTM_Change_in_Load ---
Trial 1: Training model...
Trial 1: Validation Score (mae, scaled) = 0.107780

--- Optuna Trial 2 for LSTM_Change_in_Load ---
Trial 2: Training model...
Trial 2: Validation Score (mae, scaled) = 0.104236

--- Optuna Trial 3 for LSTM_Change_in_Load ---
Trial 3: Training model...
Trial 3: Validation Score (mae, scaled) = 0.111980

--- Optuna Trial 4 for LSTM_Change_in_Load ---
Trial 4: Training model...
Trial 4: Validation Score (mae, scaled) = 0.100573

--- Optuna Trial 5 for LSTM_Change_in_Load ---
Trial 5: Training model...
Trial 5: Validation Score (mae, scaled) = 0.107089

--- Optuna Trial 6 for LSTM_Change_in_Load ---
Trial 6: Training model...
Trial 6: Validation Score (mae, scaled) = 0.120793

--- Optuna Trial 7 for LSTM_Change_in_Load ---
Trial 7: Training model...
Trial 7: Validation Score (mae, scaled) = 0.113162

--- Optuna Trial 8 for LSTM_Change_in_Load ---
Trial 8: Training model...
Trial 8: Validation Score (mae, scaled) = 0.164301

--- Optuna Trial 9 for LSTM_Change_in_Load ---
Trial 9: Training model...
Trial 9: Validation Score (mae, scaled) = 0.118186

--- Optuna Trial 10 for LSTM_Change_in_Load ---
Trial 10: Training model...
Trial 10: Validation Score (mae, scaled) = 0.103031

--- Optuna Trial 11 for LSTM_Change_in_Load ---
Trial 11: Training model...
Trial 11: Validation Score (mae, scaled) = 0.104878

--- Optuna Trial 12 for LSTM_Change_in_Load ---
Trial 12: Training model...
Trial 12: Validation Score (mae, scaled) = 0.125545

--- Optuna Trial 13 for LSTM_Change_in_Load ---
Trial 13: Training model...
Trial 13: Validation Score (mae, scaled) = 0.102119

--- Optuna Trial 14 for LSTM_Change_in_Load ---
Trial 14: Training model...
Trial 14: Validation Score (mae, scaled) = 0.101783

--- Optuna Trial 15 for LSTM_Change_in_Load ---
[I 2025-04-14 18:15:04,234] A new study created in memory with name: tune-7-LSTM_Baseload-24hr
[I 2025-04-14 18:15:11,768] Trial 0 finished with value: 0.6290760636329651 and parameters: {'n_lstm_layers': 2, 'lstm_units': 68, 'n_dense_layers': 2, 'lstm_dropout_0': 0.3508864884754487, 'lstm_dropout_1': 0.4404723985889377, 'dense_units_0': 38, 'dense_dropout_0': 0.2667342987909145, 'dense_units_1': 19, 'dense_dropout_1': 0.27426225831128487, 'learning_rate': 0.00010129367058452655}. Best is trial 0 with value: 0.6290760636329651.
[I 2025-04-14 18:15:16,355] Trial 1 finished with value: 0.23896579444408417 and parameters: {'n_lstm_layers': 1, 'lstm_units': 83, 'n_dense_layers': 2, 'lstm_dropout_0': 0.36532146440102686, 'dense_units_0': 24, 'dense_dropout_0': 0.3391104842025792, 'dense_units_1': 16, 'dense_dropout_1': 0.2597465795388354, 'learning_rate': 0.00923817930620616}. Best is trial 1 with value: 0.23896579444408417.
[I 2025-04-14 18:15:21,271] Trial 2 finished with value: 0.27297693490982056 and parameters: {'n_lstm_layers': 1, 'lstm_units': 33, 'n_dense_layers': 2, 'lstm_dropout_0': 0.45834528073577496, 'dense_units_0': 19, 'dense_dropout_0': 0.17726125608838453, 'dense_units_1': 43, 'dense_dropout_1': 0.2369064375495718, 'learning_rate': 0.0004972193826108034}. Best is trial 1 with value: 0.23896579444408417.
[I 2025-04-14 18:15:28,618] Trial 3 finished with value: 0.31032902002334595 and parameters: {'n_lstm_layers': 2, 'lstm_units': 72, 'n_dense_layers': 0, 'lstm_dropout_0': 0.4471379129881329, 'lstm_dropout_1': 0.38513227354504176, 'learning_rate': 0.00013635012410955226}. Best is trial 1 with value: 0.23896579444408417.
[I 2025-04-14 18:15:35,884] Trial 4 finished with value: 0.16104084253311157 and parameters: {'n_lstm_layers': 2, 'lstm_units': 89, 'n_dense_layers': 0, 'lstm_dropout_0': 0.3010824698451565, 'lstm_dropout_1': 0.17728220024850008, 'learning_rate': 0.003241378034797008}. Best is trial 4 with value: 0.16104084253311157.
[I 2025-04-14 18:15:41,442] Trial 5 finished with value: 0.24881775677204132 and parameters: {'n_lstm_layers': 1, 'lstm_units': 37, 'n_dense_layers': 2, 'lstm_dropout_0': 0.44790793542044083, 'dense_units_0': 33, 'dense_dropout_0': 0.4017924366695037, 'dense_units_1': 25, 'dense_dropout_1': 0.18979387303533063, 'learning_rate': 0.0006901597957969998}. Best is trial 4 with value: 0.16104084253311157.
[I 2025-04-14 18:15:45,854] Trial 6 finished with value: 0.1613345444202423 and parameters: {'n_lstm_layers': 1, 'lstm_units': 86, 'n_dense_layers': 0, 'lstm_dropout_0': 0.25412506497645737, 'learning_rate': 0.007596198377611623}. Best is trial 4 with value: 0.16104084253311157.
[I 2025-04-14 18:15:50,343] Trial 7 finished with value: 0.16645479202270508 and parameters: {'n_lstm_layers': 1, 'lstm_units': 32, 'n_dense_layers': 1, 'lstm_dropout_0': 0.16014362151450837, 'dense_units_0': 55, 'dense_dropout_0': 0.2788915137174883, 'learning_rate': 0.0026404695259812224}. Best is trial 4 with value: 0.16104084253311157.
[I 2025-04-14 18:15:58,257] Trial 8 finished with value: 0.2995217740535736 and parameters: {'n_lstm_layers': 2, 'lstm_units': 79, 'n_dense_layers': 1, 'lstm_dropout_0': 0.1962760421353917, 'lstm_dropout_1': 0.286949027808326, 'dense_units_0': 59, 'dense_dropout_0': 0.11481287294574033, 'learning_rate': 0.00013362826218744046}. Best is trial 4 with value: 0.16104084253311157.
[I 2025-04-14 18:16:05,465] Trial 9 finished with value: 0.2307271510362625 and parameters: {'n_lstm_layers': 2, 'lstm_units': 35, 'n_dense_layers': 1, 'lstm_dropout_0': 0.4884033445161945, 'lstm_dropout_1': 0.3538361304902141, 'dense_units_0': 22, 'dense_dropout_0': 0.1315900040620866, 'learning_rate': 0.0009917581122439387}. Best is trial 4 with value: 0.16104084253311157.
[I 2025-04-14 18:16:17,943] Trial 10 finished with value: 0.1422305405139923 and parameters: {'n_lstm_layers': 2, 'lstm_units': 123, 'n_dense_layers': 0, 'lstm_dropout_0': 0.10571270722215823, 'lstm_dropout_1': 0.10645533192594242, 'learning_rate': 0.0026145123566707726}. Best is trial 10 with value: 0.1422305405139923.
[I 2025-04-14 18:16:26,536] Trial 11 finished with value: 0.1504553109407425 and parameters: {'n_lstm_layers': 2, 'lstm_units': 127, 'n_dense_layers': 0, 'lstm_dropout_0': 0.10879453088089207, 'lstm_dropout_1': 0.11313345915065508, 'learning_rate': 0.002806413957173153}. Best is trial 10 with value: 0.1422305405139923.
[I 2025-04-14 18:16:33,402] Trial 12 finished with value: 0.1460414081811905 and parameters: {'n_lstm_layers': 2, 'lstm_units': 123, 'n_dense_layers': 0, 'lstm_dropout_0': 0.10641137054968362, 'lstm_dropout_1': 0.10445394730619233, 'learning_rate': 0.002524582746550795}. Best is trial 10 with value: 0.1422305405139923.
[I 2025-04-14 18:16:41,214] Trial 13 finished with value: 0.14564523100852966 and parameters: {'n_lstm_layers': 2, 'lstm_units': 121, 'n_dense_layers': 0, 'lstm_dropout_0': 0.10785979859645804, 'lstm_dropout_1': 0.10910797711615419, 'learning_rate': 0.001690505373481494}. Best is trial 10 with value: 0.1422305405139923.
[I 2025-04-14 18:16:49,160] Trial 14 finished with value: 0.1607101410627365 and parameters: {'n_lstm_layers': 2, 'lstm_units': 106, 'n_dense_layers': 0, 'lstm_dropout_0': 0.2018679328219042, 'lstm_dropout_1': 0.2161688660159498, 'learning_rate': 0.0014161927319184307}. Best is trial 10 with value: 0.1422305405139923.
[I 2025-04-14 18:16:57,155] Trial 15 finished with value: 0.27389299869537354 and parameters: {'n_lstm_layers': 2, 'lstm_units': 46, 'n_dense_layers': 1, 'lstm_dropout_0': 0.1554111123967803, 'lstm_dropout_1': 0.2016660852833091, 'dense_units_0': 41, 'dense_dropout_0': 0.476706067911562, 'learning_rate': 0.00041429119971712436}. Best is trial 10 with value: 0.1422305405139923.
[I 2025-04-14 18:17:05,122] Trial 16 finished with value: 0.16849929094314575 and parameters: {'n_lstm_layers': 2, 'lstm_units': 53, 'n_dense_layers': 0, 'lstm_dropout_0': 0.24545223466849525, 'lstm_dropout_1': 0.14496434438445133, 'learning_rate': 0.0048974732840951956}. Best is trial 10 with value: 0.1422305405139923.
[I 2025-04-14 18:17:13,341] Trial 17 finished with value: 0.19617757201194763 and parameters: {'n_lstm_layers': 2, 'lstm_units': 100, 'n_dense_layers': 1, 'lstm_dropout_0': 0.149174118824262, 'lstm_dropout_1': 0.25155957873400203, 'dense_units_0': 16, 'dense_dropout_0': 0.4970803693378662, 'learning_rate': 0.0013095723915996413}. Best is trial 10 with value: 0.1422305405139923.
