[I 2025-04-14 17:59:25,841] Trial 24 finished with value: 0.21686333417892456 and parameters: {'n_lstm_layers': 2, 'lstm_units': 110, 'n_dense_layers': 1, 'lstm_dropout_0': 0.37310395367579496, 'lstm_dropout_1': 0.20443347782063723, 'dense_units_0': 31, 'dense_dropout_0': 0.3452743721836845, 'learning_rate': 0.002247660137101923}. Best is trial 3 with value: 0.16781757771968842.
Loading existing model artifact to get scalers/columns...
Selecting model for Feeder 3, Arch: LSTM_Change_in_Load, Scenario: Night, Version: None
Error: No matching model found for criteria: Feeder=3, Arch=LSTM_Change_in_Load, Scenario=Night, Version=None
Warning: No existing model found for Feeder=3, Arch=LSTM_Change_in_Load, Scenario=Night. Cannot get scalers. Skipping.

===== Tuning for Feeder 4 =====

--- Tuning: Arch=LightGBM_Baseline, Scenario=24hr ---
Loading existing model artifact to get scalers/columns...
Selecting model for Feeder 4, Arch: LightGBM_Baseline, Scenario: 24hr, Version: None
Selected Model ID: 152, Version: v1.1_Final_Forecasting_20250414170431, Path Info: models/feeder_4/LightGBM_Baseline_24hr_v1.1_Final_Forecasting_20250414170431.pkl
Loading artifact(s) based on path info: models/feeder_4/LightGBM_Baseline_24hr_v1.1_Final_Forecasting_20250414170431.pkl
Detected single pickle artifact path: models/feeder_4/LightGBM_Baseline_24hr_v1.1_Final_Forecasting_20250414170431.pkl
Downloading single pickle artifact to: H:\My Drive\Barbados_Forecasting_Tool_Final\tmp\LightGBM_Baseline_24hr_v1.1_Final_Forecasting_20250414170431.pkl
Single pickle downloaded. Loading...
Single pickle loaded.
Cleaned up temporary file: H:\My Drive\Barbados_Forecasting_Tool_Final\tmp\LightGBM_Baseline_24hr_v1.1_Final_Forecasting_20250414170431.pkl
Preparing training and validation data using loaded scalers...
Starting feature engineering for scenario: 24hr...
Pivoting data into daily vectors...
Reshaped data: X shape (152, 177), y shape (152, 24)
Transforming data using provided scalers (X and y)...
Data transformed.
Starting feature engineering for scenario: 24hr...
Pivoting data into daily vectors...
Reshaped data: X shape (29, 177), y shape (29, 24)
Transforming data using provided scalers (X and y)...
Data transformed.
Starting Optuna optimization (25 trials)...

--- Optuna Trial 0 for LightGBM_Baseline ---
Trial 0: Training model...
Trial 0: Evaluating model...
Trial 0: Validation Score (mae, scaled) = 0.199275

--- Optuna Trial 1 for LightGBM_Baseline ---
Trial 1: Training model...
Trial 1: Evaluating model...
Trial 1: Validation Score (mae, scaled) = 0.202811

--- Optuna Trial 2 for LightGBM_Baseline ---
Trial 2: Training model...
Trial 2: Evaluating model...
Trial 2: Validation Score (mae, scaled) = 0.276760

--- Optuna Trial 3 for LightGBM_Baseline ---
Trial 3: Training model...
Trial 3: Evaluating model...
Trial 3: Validation Score (mae, scaled) = 0.181490

--- Optuna Trial 4 for LightGBM_Baseline ---
Trial 4: Training model...
Trial 4: Evaluating model...
Trial 4: Validation Score (mae, scaled) = 0.186138

--- Optuna Trial 5 for LightGBM_Baseline ---
Trial 5: Training model...
Trial 5: Evaluating model...
Trial 5: Validation Score (mae, scaled) = 0.186066

--- Optuna Trial 6 for LightGBM_Baseline ---
Trial 6: Training model...
Trial 6: Evaluating model...
Trial 6: Validation Score (mae, scaled) = 0.268782

--- Optuna Trial 7 for LightGBM_Baseline ---
Trial 7: Training model...
Trial 7: Evaluating model...
Trial 7: Validation Score (mae, scaled) = 0.185946

--- Optuna Trial 8 for LightGBM_Baseline ---
Trial 8: Training model...
Trial 8: Evaluating model...
Trial 8: Validation Score (mae, scaled) = 0.182956

--- Optuna Trial 9 for LightGBM_Baseline ---
Trial 9: Training model...
Trial 9: Evaluating model...
Trial 9: Validation Score (mae, scaled) = 0.264018

--- Optuna Trial 10 for LightGBM_Baseline ---
Trial 10: Training model...
Trial 10: Evaluating model...
Trial 10: Validation Score (mae, scaled) = 0.204655

--- Optuna Trial 11 for LightGBM_Baseline ---
Trial 11: Training model...
Trial 11: Evaluating model...
Trial 11: Validation Score (mae, scaled) = 0.180571

--- Optuna Trial 12 for LightGBM_Baseline ---
Trial 12: Training model...
Trial 12: Evaluating model...
Trial 12: Validation Score (mae, scaled) = 0.183821

--- Optuna Trial 13 for LightGBM_Baseline ---
Trial 13: Training model...
Trial 13: Evaluating model...
Trial 13: Validation Score (mae, scaled) = 0.187665

--- Optuna Trial 14 for LightGBM_Baseline ---
Trial 14: Training model...
Trial 14: Evaluating model...
Trial 14: Validation Score (mae, scaled) = 0.184963

--- Optuna Trial 15 for LightGBM_Baseline ---
Trial 15: Training model...
Trial 15: Evaluating model...
Trial 15: Validation Score (mae, scaled) = 0.182674

--- Optuna Trial 16 for LightGBM_Baseline ---
Trial 16: Training model...
Trial 16: Evaluating model...
Trial 16: Validation Score (mae, scaled) = 0.201880

--- Optuna Trial 17 for LightGBM_Baseline ---
Trial 17: Training model...
Trial 17: Evaluating model...
Trial 17: Validation Score (mae, scaled) = 0.183773

--- Optuna Trial 18 for LightGBM_Baseline ---
Trial 18: Training model...
Trial 18: Evaluating model...
Trial 18: Validation Score (mae, scaled) = 0.185109

--- Optuna Trial 19 for LightGBM_Baseline ---
Trial 19: Training model...
Trial 19: Evaluating model...
Trial 19: Validation Score (mae, scaled) = 0.185157

--- Optuna Trial 20 for LightGBM_Baseline ---
Trial 20: Training model...
Trial 20: Evaluating model...
Trial 20: Validation Score (mae, scaled) = 0.285834

--- Optuna Trial 21 for LightGBM_Baseline ---
Trial 21: Training model...
Trial 21: Evaluating model...
Trial 21: Validation Score (mae, scaled) = 0.184156

--- Optuna Trial 22 for LightGBM_Baseline ---
Trial 22: Training model...
Trial 22: Evaluating model...
Trial 22: Validation Score (mae, scaled) = 0.183734

--- Optuna Trial 23 for LightGBM_Baseline ---
Trial 23: Training model...
Trial 23: Evaluating model...
Trial 23: Validation Score (mae, scaled) = 0.182186

--- Optuna Trial 24 for LightGBM_Baseline ---
Trial 24: Training model...
Trial 24: Evaluating model...
Trial 24: Validation Score (mae, scaled) = 0.183806

--- Best Results for Feeder=4, Arch=LightGBM_Baseline, Scenario=24hr ---
Best Validation Score (mae, scaled): 0.180571
Best Hyperparameters:
  n_estimators: 236
  learning_rate: 0.2891874557120938
  num_leaves: 43
  max_depth: 6
  min_child_samples: 23
  subsample: 0.9266744852958987
  colsample_bytree: 0.9014508188889362
  reg_alpha: 0.9153281537337985
  reg_lambda: 0.45567184251439646

--- Tuning: Arch=LightGBM_Baseline, Scenario=Day ---
Loading existing model artifact to get scalers/columns...
Selecting model for Feeder 4, Arch: LightGBM_Baseline, Scenario: Day, Version: None
Error: No matching model found for criteria: Feeder=4, Arch=LightGBM_Baseline, Scenario=Day, Version=None
Warning: No existing model found for Feeder=4, Arch=LightGBM_Baseline, Scenario=Day. Cannot get scalers. Skipping.

--- Tuning: Arch=LightGBM_Baseline, Scenario=Night ---
Loading existing model artifact to get scalers/columns...
Selecting model for Feeder 4, Arch: LightGBM_Baseline, Scenario: Night, Version: None
Error: No matching model found for criteria: Feeder=4, Arch=LightGBM_Baseline, Scenario=Night, Version=None
Warning: No existing model found for Feeder=4, Arch=LightGBM_Baseline, Scenario=Night. Cannot get scalers. Skipping.

--- Tuning: Arch=ANN_Baseload, Scenario=24hr ---
Loading existing model artifact to get scalers/columns...
Selecting model for Feeder 4, Arch: ANN_Baseload, Scenario: 24hr, Version: None
Error: No matching model found for criteria: Feeder=4, Arch=ANN_Baseload, Scenario=24hr, Version=None
Warning: No existing model found for Feeder=4, Arch=ANN_Baseload, Scenario=24hr. Cannot get scalers. Skipping.

--- Tuning: Arch=ANN_Baseload, Scenario=Day ---
Loading existing model artifact to get scalers/columns...
Selecting model for Feeder 4, Arch: ANN_Baseload, Scenario: Day, Version: None
Error: No matching model found for criteria: Feeder=4, Arch=ANN_Baseload, Scenario=Day, Version=None
Warning: No existing model found for Feeder=4, Arch=ANN_Baseload, Scenario=Day. Cannot get scalers. Skipping.

--- Tuning: Arch=ANN_Baseload, Scenario=Night ---
Loading existing model artifact to get scalers/columns...
Selecting model for Feeder 4, Arch: ANN_Baseload, Scenario: Night, Version: None
[I 2025-04-14 17:59:28,203] A new study created in memory with name: tune-4-LSTM_Change_in_Load-24hr
[I 2025-04-14 17:59:35,964] Trial 0 finished with value: 0.18883422017097473 and parameters: {'n_lstm_layers': 2, 'lstm_units': 99, 'n_dense_layers': 1, 'lstm_dropout_0': 0.1711172871832638, 'lstm_dropout_1': 0.23974259550244015, 'dense_units_0': 51, 'dense_dropout_0': 0.16369421713044688, 'learning_rate': 0.0001288059278531982}. Best is trial 0 with value: 0.18883422017097473.
[I 2025-04-14 17:59:43,848] Trial 1 finished with value: 0.32494744658470154 and parameters: {'n_lstm_layers': 2, 'lstm_units': 58, 'n_dense_layers': 2, 'lstm_dropout_0': 0.10134156957405804, 'lstm_dropout_1': 0.2510611553111178, 'dense_units_0': 29, 'dense_dropout_0': 0.44082327470732596, 'dense_units_1': 18, 'dense_dropout_1': 0.23115346119640445, 'learning_rate': 0.00012224537389140503}. Best is trial 0 with value: 0.18883422017097473.
[I 2025-04-14 17:59:47,807] Trial 2 finished with value: 0.14254294335842133 and parameters: {'n_lstm_layers': 1, 'lstm_units': 100, 'n_dense_layers': 1, 'lstm_dropout_0': 0.4475992901949488, 'dense_units_0': 17, 'dense_dropout_0': 0.19609142566210466, 'learning_rate': 0.00571810814898635}. Best is trial 2 with value: 0.14254294335842133.
[I 2025-04-14 17:59:55,516] Trial 3 finished with value: 0.12558740377426147 and parameters: {'n_lstm_layers': 2, 'lstm_units': 102, 'n_dense_layers': 0, 'lstm_dropout_0': 0.4781077779777104, 'lstm_dropout_1': 0.2190766355876661, 'learning_rate': 0.00802278581458081}. Best is trial 3 with value: 0.12558740377426147.
[I 2025-04-14 18:00:00,633] Trial 4 finished with value: 0.36418673396110535 and parameters: {'n_lstm_layers': 1, 'lstm_units': 34, 'n_dense_layers': 2, 'lstm_dropout_0': 0.22294144843510472, 'dense_units_0': 36, 'dense_dropout_0': 0.35020110464070275, 'dense_units_1': 20, 'dense_dropout_1': 0.2581896963381548, 'learning_rate': 0.00010996695372417819}. Best is trial 3 with value: 0.12558740377426147.
[I 2025-04-14 18:00:05,473] Trial 5 finished with value: 0.17265859246253967 and parameters: {'n_lstm_layers': 1, 'lstm_units': 52, 'n_dense_layers': 2, 'lstm_dropout_0': 0.29757252252184446, 'dense_units_0': 23, 'dense_dropout_0': 0.14434163613065812, 'dense_units_1': 26, 'dense_dropout_1': 0.29803486235045107, 'learning_rate': 0.00047115620627259696}. Best is trial 3 with value: 0.12558740377426147.
[I 2025-04-14 18:00:10,643] Trial 6 finished with value: 0.1359703242778778 and parameters: {'n_lstm_layers': 1, 'lstm_units': 61, 'n_dense_layers': 2, 'lstm_dropout_0': 0.42575436550561496, 'dense_units_0': 20, 'dense_dropout_0': 0.3181510147190344, 'dense_units_1': 19, 'dense_dropout_1': 0.2227951264067901, 'learning_rate': 0.003993226078540213}. Best is trial 3 with value: 0.12558740377426147.
[I 2025-04-14 18:00:15,629] Trial 7 finished with value: 0.208953395485878 and parameters: {'n_lstm_layers': 1, 'lstm_units': 75, 'n_dense_layers': 1, 'lstm_dropout_0': 0.4086840687935255, 'dense_units_0': 25, 'dense_dropout_0': 0.44954617087167614, 'learning_rate': 0.0003428909233662971}. Best is trial 3 with value: 0.12558740377426147.
[I 2025-04-14 18:00:23,126] Trial 8 finished with value: 0.20913003385066986 and parameters: {'n_lstm_layers': 2, 'lstm_units': 36, 'n_dense_layers': 1, 'lstm_dropout_0': 0.30730084836350113, 'lstm_dropout_1': 0.1664616764952292, 'dense_units_0': 34, 'dense_dropout_0': 0.20065325967186834, 'learning_rate': 0.00013130644530693968}. Best is trial 3 with value: 0.12558740377426147.
[I 2025-04-14 18:00:27,999] Trial 9 finished with value: 0.14038138091564178 and parameters: {'n_lstm_layers': 1, 'lstm_units': 85, 'n_dense_layers': 0, 'lstm_dropout_0': 0.479319769557931, 'learning_rate': 0.000794808780078692}. Best is trial 3 with value: 0.12558740377426147.
[I 2025-04-14 18:00:35,134] Trial 10 finished with value: 0.1270512342453003 and parameters: {'n_lstm_layers': 2, 'lstm_units': 121, 'n_dense_layers': 0, 'lstm_dropout_0': 0.3514712946027312, 'lstm_dropout_1': 0.47384169298356416, 'learning_rate': 0.0023611401693022466}. Best is trial 3 with value: 0.12558740377426147.
[I 2025-04-14 18:00:42,055] Trial 11 finished with value: 0.12671814858913422 and parameters: {'n_lstm_layers': 2, 'lstm_units': 127, 'n_dense_layers': 0, 'lstm_dropout_0': 0.3567991998946338, 'lstm_dropout_1': 0.4720536218828796, 'learning_rate': 0.002407462250762434}. Best is trial 3 with value: 0.12558740377426147.
[I 2025-04-14 18:00:49,688] Trial 12 finished with value: 0.1259458363056183 and parameters: {'n_lstm_layers': 2, 'lstm_units': 126, 'n_dense_layers': 0, 'lstm_dropout_0': 0.36887755520674814, 'lstm_dropout_1': 0.4475897908758452, 'learning_rate': 0.002078813957480833}. Best is trial 3 with value: 0.12558740377426147.
[I 2025-04-14 18:00:57,185] Trial 13 finished with value: 0.12377367913722992 and parameters: {'n_lstm_layers': 2, 'lstm_units': 105, 'n_dense_layers': 0, 'lstm_dropout_0': 0.48305198166393737, 'lstm_dropout_1': 0.35685418309562467, 'learning_rate': 0.0087421903775116}. Best is trial 13 with value: 0.12377367913722992.
[I 2025-04-14 18:01:04,413] Trial 14 finished with value: 0.12148760259151459 and parameters: {'n_lstm_layers': 2, 'lstm_units': 83, 'n_dense_layers': 0, 'lstm_dropout_0': 0.4912371753978999, 'lstm_dropout_1': 0.3439956026283413, 'learning_rate': 0.008642039575007658}. Best is trial 14 with value: 0.12148760259151459.
[I 2025-04-14 18:01:11,457] Trial 15 finished with value: 0.12333600223064423 and parameters: {'n_lstm_layers': 2, 'lstm_units': 81, 'n_dense_layers': 0, 'lstm_dropout_0': 0.47690070754787883, 'lstm_dropout_1': 0.3706025931547165, 'learning_rate': 0.008695082667981923}. Best is trial 14 with value: 0.12148760259151459.
[I 2025-04-14 18:01:18,789] Trial 16 finished with value: 0.12295418977737427 and parameters: {'n_lstm_layers': 2, 'lstm_units': 81, 'n_dense_layers': 0, 'lstm_dropout_0': 0.40351486728026686, 'lstm_dropout_1': 0.35791169778724036, 'learning_rate': 0.004050523905392589}. Best is trial 14 with value: 0.12148760259151459.
[I 2025-04-14 18:01:26,428] Trial 17 finished with value: 0.13776347041130066 and parameters: {'n_lstm_layers': 2, 'lstm_units': 48, 'n_dense_layers': 1, 'lstm_dropout_0': 0.3989618697027496, 'lstm_dropout_1': 0.33078236718083137, 'dense_units_0': 63, 'dense_dropout_0': 0.3895441274756626, 'learning_rate': 0.0012929835180384064}. Best is trial 14 with value: 0.12148760259151459.
[I 2025-04-14 18:01:33,539] Trial 18 finished with value: 0.1262994408607483 and parameters: {'n_lstm_layers': 2, 'lstm_units': 72, 'n_dense_layers': 0, 'lstm_dropout_0': 0.291227101434153, 'lstm_dropout_1': 0.4003429761100298, 'learning_rate': 0.0040902955412715665}. Best is trial 14 with value: 0.12148760259151459.
[I 2025-04-14 18:01:41,676] Trial 19 finished with value: 0.1221010684967041 and parameters: {'n_lstm_layers': 2, 'lstm_units': 70, 'n_dense_layers': 0, 'lstm_dropout_0': 0.4295520536742931, 'lstm_dropout_1': 0.2884907247330861, 'learning_rate': 0.003948977366703462}. Best is trial 14 with value: 0.12148760259151459.
[I 2025-04-14 18:01:49,326] Trial 20 finished with value: 0.14071109890937805 and parameters: {'n_lstm_layers': 2, 'lstm_units': 45, 'n_dense_layers': 1, 'lstm_dropout_0': 0.44921941543143484, 'lstm_dropout_1': 0.2923824449356517, 'dense_units_0': 44, 'dense_dropout_0': 0.26307553590045724, 'learning_rate': 0.0013863798543421576}. Best is trial 14 with value: 0.12148760259151459.
[I 2025-04-14 18:01:56,823] Trial 21 finished with value: 0.12244171649217606 and parameters: {'n_lstm_layers': 2, 'lstm_units': 69, 'n_dense_layers': 0, 'lstm_dropout_0': 0.39173981711530004, 'lstm_dropout_1': 0.3015948303119193, 'learning_rate': 0.004017900717438221}. Best is trial 14 with value: 0.12148760259151459.
[I 2025-04-14 18:02:04,240] Trial 22 finished with value: 0.12494344264268875 and parameters: {'n_lstm_layers': 2, 'lstm_units': 67, 'n_dense_layers': 0, 'lstm_dropout_0': 0.44008853935167286, 'lstm_dropout_1': 0.31254132231667414, 'learning_rate': 0.00567330110008373}. Best is trial 14 with value: 0.12148760259151459.
[I 2025-04-14 18:02:11,065] Trial 23 finished with value: 0.12577490508556366 and parameters: {'n_lstm_layers': 2, 'lstm_units': 88, 'n_dense_layers': 0, 'lstm_dropout_0': 0.4995239400413427, 'lstm_dropout_1': 0.2897288951436006, 'learning_rate': 0.005565275686837131}. Best is trial 14 with value: 0.12148760259151459.
