[I 2025-04-14 18:42:34,458] Trial 24 finished with value: 0.10198771208524704 and parameters: {'n_lstm_layers': 2, 'lstm_units': 112, 'n_dense_layers': 0, 'lstm_dropout_0': 0.3453063001294605, 'lstm_dropout_1': 0.2170316433267327, 'learning_rate': 0.007061154012765495}. Best is trial 20 with value: 0.09916947782039642.

--- Optuna Trial 23 for LightGBM_Baseline ---
Trial 23: Training model...
Trial 23: Evaluating model...
Trial 23: Validation Score (mae, scaled) = 0.100774

--- Optuna Trial 24 for LightGBM_Baseline ---
Trial 24: Training model...
Trial 24: Evaluating model...
Trial 24: Validation Score (mae, scaled) = 0.148061

--- Best Results for Feeder=11, Arch=LightGBM_Baseline, Scenario=24hr ---
Best Validation Score (mae, scaled): 0.096118
Best Hyperparameters:
  n_estimators: 74
  learning_rate: 0.08790556475647288
  num_leaves: 29
  max_depth: 5
  min_child_samples: 18
  subsample: 0.8555317383386971
  colsample_bytree: 0.9466203051905835
  reg_alpha: 2.492847362572821e-06
  reg_lambda: 2.1661061231454955e-06

--- Tuning: Arch=LightGBM_Baseline, Scenario=Day ---
Loading existing model artifact to get scalers/columns...
Selecting model for Feeder 11, Arch: LightGBM_Baseline, Scenario: Day, Version: None
Error: No matching model found for criteria: Feeder=11, Arch=LightGBM_Baseline, Scenario=Day, Version=None
Warning: No existing model found for Feeder=11, Arch=LightGBM_Baseline, Scenario=Day. Cannot get scalers. Skipping.

--- Tuning: Arch=LightGBM_Baseline, Scenario=Night ---
Loading existing model artifact to get scalers/columns...
Selecting model for Feeder 11, Arch: LightGBM_Baseline, Scenario: Night, Version: None
Error: No matching model found for criteria: Feeder=11, Arch=LightGBM_Baseline, Scenario=Night, Version=None
Warning: No existing model found for Feeder=11, Arch=LightGBM_Baseline, Scenario=Night. Cannot get scalers. Skipping.

--- Tuning: Arch=ANN_Baseload, Scenario=24hr ---
Loading existing model artifact to get scalers/columns...
Selecting model for Feeder 11, Arch: ANN_Baseload, Scenario: 24hr, Version: None
Error: No matching model found for criteria: Feeder=11, Arch=ANN_Baseload, Scenario=24hr, Version=None
Warning: No existing model found for Feeder=11, Arch=ANN_Baseload, Scenario=24hr. Cannot get scalers. Skipping.

--- Tuning: Arch=ANN_Baseload, Scenario=Day ---
Loading existing model artifact to get scalers/columns...
Selecting model for Feeder 11, Arch: ANN_Baseload, Scenario: Day, Version: None
Error: No matching model found for criteria: Feeder=11, Arch=ANN_Baseload, Scenario=Day, Version=None
Warning: No existing model found for Feeder=11, Arch=ANN_Baseload, Scenario=Day. Cannot get scalers. Skipping.

--- Tuning: Arch=ANN_Baseload, Scenario=Night ---
Loading existing model artifact to get scalers/columns...
Selecting model for Feeder 11, Arch: ANN_Baseload, Scenario: Night, Version: None
Error: No matching model found for criteria: Feeder=11, Arch=ANN_Baseload, Scenario=Night, Version=None
Warning: No existing model found for Feeder=11, Arch=ANN_Baseload, Scenario=Night. Cannot get scalers. Skipping.

--- Tuning: Arch=ANN_Change_in_Load, Scenario=24hr ---
Loading existing model artifact to get scalers/columns...
Selecting model for Feeder 11, Arch: ANN_Change_in_Load, Scenario: 24hr, Version: None
Error: No matching model found for criteria: Feeder=11, Arch=ANN_Change_in_Load, Scenario=24hr, Version=None
Warning: No existing model found for Feeder=11, Arch=ANN_Change_in_Load, Scenario=24hr. Cannot get scalers. Skipping.

--- Tuning: Arch=ANN_Change_in_Load, Scenario=Day ---
Loading existing model artifact to get scalers/columns...
Selecting model for Feeder 11, Arch: ANN_Change_in_Load, Scenario: Day, Version: None
Error: No matching model found for criteria: Feeder=11, Arch=ANN_Change_in_Load, Scenario=Day, Version=None
Warning: No existing model found for Feeder=11, Arch=ANN_Change_in_Load, Scenario=Day. Cannot get scalers. Skipping.

--- Tuning: Arch=ANN_Change_in_Load, Scenario=Night ---
Loading existing model artifact to get scalers/columns...
Selecting model for Feeder 11, Arch: ANN_Change_in_Load, Scenario: Night, Version: None
Error: No matching model found for criteria: Feeder=11, Arch=ANN_Change_in_Load, Scenario=Night, Version=None
Warning: No existing model found for Feeder=11, Arch=ANN_Change_in_Load, Scenario=Night. Cannot get scalers. Skipping.

--- Tuning: Arch=LSTM_Baseload, Scenario=24hr ---
Loading existing model artifact to get scalers/columns...
Selecting model for Feeder 11, Arch: LSTM_Baseload, Scenario: 24hr, Version: None
Selected Model ID: 181, Version: v1.1_Final_Forecasting_20250414170724, Path Info: {"keras_model": "models/feeder_11/LSTM_Baseload_24hr_v1.1_Final_Forecasting_20250414170724.keras", "scalers_pkl": "models/feeder_11/LSTM_Baseload_24hr_v1.1_Final_Forecasting_20250414170724_scalers.pkl"}
Loading artifact(s) based on path info: {'keras_model': 'models/feeder_11/LSTM_Baseload_24hr_v1.1_Final_Forecasting_20250414170724.keras', 'scalers_pkl': 'models/feeder_11/LSTM_Baseload_24hr_v1.1_Final_Forecasting_20250414170724_scalers.pkl'}
Detected separate Keras model (models/feeder_11/LSTM_Baseload_24hr_v1.1_Final_Forecasting_20250414170724.keras) and scalers (models/feeder_11/LSTM_Baseload_24hr_v1.1_Final_Forecasting_20250414170724_scalers.pkl).
Downloading Keras model to: H:\My Drive\Barbados_Forecasting_Tool_Final\tmp\LSTM_Baseload_24hr_v1.1_Final_Forecasting_20250414170724.keras
Keras model downloaded. Loading...
Keras model loaded.
Downloading scalers pickle to: H:\My Drive\Barbados_Forecasting_Tool_Final\tmp\LSTM_Baseload_24hr_v1.1_Final_Forecasting_20250414170724_scalers.pkl
Scalers pickle downloaded. Loading...
Scalers pickle loaded.
Cleaned up temporary file: H:\My Drive\Barbados_Forecasting_Tool_Final\tmp\LSTM_Baseload_24hr_v1.1_Final_Forecasting_20250414170724.keras
Cleaned up temporary file: H:\My Drive\Barbados_Forecasting_Tool_Final\tmp\LSTM_Baseload_24hr_v1.1_Final_Forecasting_20250414170724_scalers.pkl
Preparing training and validation data using loaded scalers...
Starting feature engineering for scenario: 24hr...
Pivoting data into daily vectors...
Reshaped data: X shape (152, 177), y shape (152, 24)
Transforming data using provided scalers (X and y)...
Data transformed.
Starting feature engineering for scenario: 24hr...
Pivoting data into daily vectors...
Reshaped data: X shape (30, 177), y shape (30, 24)
Transforming data using provided scalers (X and y)...
Data transformed.
Starting Optuna optimization (25 trials)...

--- Optuna Trial 0 for LSTM_Baseload ---
Trial 0: Training model...
Trial 0: Validation Score (mae, scaled) = 0.188621

--- Optuna Trial 1 for LSTM_Baseload ---
Trial 1: Training model...
Trial 1: Validation Score (mae, scaled) = 0.152659

--- Optuna Trial 2 for LSTM_Baseload ---
Trial 2: Training model...
Trial 2: Validation Score (mae, scaled) = 0.131787

--- Optuna Trial 3 for LSTM_Baseload ---
Trial 3: Training model...
Trial 3: Validation Score (mae, scaled) = 0.142807

--- Optuna Trial 4 for LSTM_Baseload ---
Trial 4: Training model...
Trial 4: Validation Score (mae, scaled) = 0.119993

--- Optuna Trial 5 for LSTM_Baseload ---
Trial 5: Training model...
Trial 5: Validation Score (mae, scaled) = 0.112233

--- Optuna Trial 6 for LSTM_Baseload ---
Trial 6: Training model...
Trial 6: Validation Score (mae, scaled) = 0.131220

--- Optuna Trial 7 for LSTM_Baseload ---
Trial 7: Training model...
Trial 7: Validation Score (mae, scaled) = 0.112656

--- Optuna Trial 8 for LSTM_Baseload ---
Trial 8: Training model...
Trial 8: Validation Score (mae, scaled) = 0.152423

--- Optuna Trial 9 for LSTM_Baseload ---
Trial 9: Training model...
Trial 9: Validation Score (mae, scaled) = 0.137727

--- Optuna Trial 10 for LSTM_Baseload ---
Trial 10: Training model...
Trial 10: Validation Score (mae, scaled) = 0.372117

--- Optuna Trial 11 for LSTM_Baseload ---
Trial 11: Training model...
Trial 11: Validation Score (mae, scaled) = 0.098545

--- Optuna Trial 12 for LSTM_Baseload ---
Trial 12: Training model...
Trial 12: Validation Score (mae, scaled) = 0.116581

--- Optuna Trial 13 for LSTM_Baseload ---
Trial 13: Training model...
Trial 13: Validation Score (mae, scaled) = 0.145703

--- Optuna Trial 14 for LSTM_Baseload ---
Trial 14: Training model...
Trial 14: Validation Score (mae, scaled) = 0.116182
[I 2025-04-14 18:42:35,532] A new study created in memory with name: tune-12-LightGBM_Baseline-24hr
[I 2025-04-14 18:42:39,849] Trial 0 finished with value: 0.030835979287348502 and parameters: {'n_estimators': 170, 'learning_rate': 0.23002725953728898, 'num_leaves': 12, 'max_depth': 7, 'min_child_samples': 19, 'subsample': 0.8204776166640376, 'colsample_bytree': 0.9116479332659164, 'reg_alpha': 1.4689202836571083e-05, 'reg_lambda': 4.9921107174654234e-05}. Best is trial 0 with value: 0.030835979287348502.
[I 2025-04-14 18:42:41,257] Trial 1 finished with value: 0.047092776256397295 and parameters: {'n_estimators': 256, 'learning_rate': 0.002110387339238235, 'num_leaves': 57, 'max_depth': 3, 'min_child_samples': 11, 'subsample': 0.6649003871912964, 'colsample_bytree': 0.720262274971055, 'reg_alpha': 0.9537403179005968, 'reg_lambda': 0.001666136754528899}. Best is trial 0 with value: 0.030835979287348502.
[I 2025-04-14 18:42:42,281] Trial 2 finished with value: 0.047792926599788656 and parameters: {'n_estimators': 87, 'learning_rate': 0.005667126398444577, 'num_leaves': 16, 'max_depth': 9, 'min_child_samples': 6, 'subsample': 0.7254105345613275, 'colsample_bytree': 0.7446819952201869, 'reg_alpha': 1.1701572157486195e-06, 'reg_lambda': 1.306053638820527e-06}. Best is trial 0 with value: 0.030835979287348502.
[I 2025-04-14 18:42:42,983] Trial 3 finished with value: 0.06154215913340907 and parameters: {'n_estimators': 243, 'learning_rate': 0.0014058524460302101, 'num_leaves': 45, 'max_depth': 12, 'min_child_samples': 49, 'subsample': 0.872329612550262, 'colsample_bytree': 0.7530791170956077, 'reg_alpha': 3.0326949582140462e-05, 'reg_lambda': 0.02261707727056117}. Best is trial 0 with value: 0.030835979287348502.
[I 2025-04-14 18:42:43,663] Trial 4 finished with value: 0.044019672019761806 and parameters: {'n_estimators': 176, 'learning_rate': 0.00429541279857603, 'num_leaves': 46, 'max_depth': 8, 'min_child_samples': 39, 'subsample': 0.837906502683092, 'colsample_bytree': 0.6744923605988767, 'reg_alpha': 0.0006461917456754791, 'reg_lambda': 1.5024967289936677e-06}. Best is trial 0 with value: 0.030835979287348502.
[I 2025-04-14 18:42:44,407] Trial 5 finished with value: 0.060877902715237575 and parameters: {'n_estimators': 249, 'learning_rate': 0.001764751465786051, 'num_leaves': 56, 'max_depth': 12, 'min_child_samples': 49, 'subsample': 0.6920805170859035, 'colsample_bytree': 0.8464941367272175, 'reg_alpha': 3.8160662360134876e-08, 'reg_lambda': 7.816687285087689e-05}. Best is trial 0 with value: 0.030835979287348502.
[I 2025-04-14 18:42:45,276] Trial 6 finished with value: 0.02881561516165267 and parameters: {'n_estimators': 202, 'learning_rate': 0.013937578211585042, 'num_leaves': 50, 'max_depth': 4, 'min_child_samples': 33, 'subsample': 0.7211882623701305, 'colsample_bytree': 0.810427378672705, 'reg_alpha': 0.024475306725282014, 'reg_lambda': 0.0001798629542077042}. Best is trial 6 with value: 0.02881561516165267.
[I 2025-04-14 18:42:45,857] Trial 7 finished with value: 0.06159702438275946 and parameters: {'n_estimators': 172, 'learning_rate': 0.001953747800214753, 'num_leaves': 41, 'max_depth': 3, 'min_child_samples': 47, 'subsample': 0.9160105435114757, 'colsample_bytree': 0.8243046484920673, 'reg_alpha': 3.7537553729183046e-07, 'reg_lambda': 0.5553945663545513}. Best is trial 6 with value: 0.02881561516165267.
[I 2025-04-14 18:42:47,386] Trial 8 finished with value: 0.03047390468140844 and parameters: {'n_estimators': 234, 'learning_rate': 0.06185210638890761, 'num_leaves': 54, 'max_depth': 5, 'min_child_samples': 17, 'subsample': 0.6707441031139971, 'colsample_bytree': 0.5474649595638827, 'reg_alpha': 6.229593684179092e-05, 'reg_lambda': 0.09485990136272657}. Best is trial 6 with value: 0.02881561516165267.
[I 2025-04-14 18:42:48,885] Trial 9 finished with value: 0.029257362482852513 and parameters: {'n_estimators': 257, 'learning_rate': 0.031797528146145074, 'num_leaves': 54, 'max_depth': 4, 'min_child_samples': 21, 'subsample': 0.5236608782141288, 'colsample_bytree': 0.6633538159612427, 'reg_alpha': 5.6878282142943274e-08, 'reg_lambda': 0.002806901446815527}. Best is trial 6 with value: 0.02881561516165267.
[I 2025-04-14 18:42:49,318] Trial 10 finished with value: 0.03880854429142747 and parameters: {'n_estimators': 61, 'learning_rate': 0.013217963506038011, 'num_leaves': 27, 'max_depth': 6, 'min_child_samples': 33, 'subsample': 0.5453744666832613, 'colsample_bytree': 0.9612059909300259, 'reg_alpha': 0.027253269041995782, 'reg_lambda': 4.9485927105929236e-08}. Best is trial 6 with value: 0.02881561516165267.
[I 2025-04-14 18:42:50,331] Trial 11 finished with value: 0.028900391911303367 and parameters: {'n_estimators': 206, 'learning_rate': 0.037637063259880955, 'num_leaves': 30, 'max_depth': 5, 'min_child_samples': 27, 'subsample': 0.5221398326006284, 'colsample_bytree': 0.5967116658846013, 'reg_alpha': 0.006592729804581211, 'reg_lambda': 0.0007850210730723493}. Best is trial 6 with value: 0.02881561516165267.
[I 2025-04-14 18:42:51,277] Trial 12 finished with value: 0.029616564037114806 and parameters: {'n_estimators': 193, 'learning_rate': 0.07411669181311817, 'num_leaves': 29, 'max_depth': 5, 'min_child_samples': 29, 'subsample': 0.5870232740775974, 'colsample_bytree': 0.530815936768151, 'reg_alpha': 0.004223955794060155, 'reg_lambda': 0.0005913544551503222}. Best is trial 6 with value: 0.02881561516165267.
[I 2025-04-14 18:42:52,396] Trial 13 finished with value: 0.028440528571149894 and parameters: {'n_estimators': 299, 'learning_rate': 0.015107597365832939, 'num_leaves': 33, 'max_depth': 5, 'min_child_samples': 38, 'subsample': 0.6068132863816866, 'colsample_bytree': 0.6025554006929035, 'reg_alpha': 0.09655365044057063, 'reg_lambda': 8.571509033735547e-06}. Best is trial 13 with value: 0.028440528571149894.
[I 2025-04-14 18:42:53,577] Trial 14 finished with value: 0.02788431122093418 and parameters: {'n_estimators': 294, 'learning_rate': 0.014580565805057885, 'num_leaves': 39, 'max_depth': 7, 'min_child_samples': 40, 'subsample': 0.617928708949561, 'colsample_bytree': 0.8250732927523945, 'reg_alpha': 0.24131843645923107, 'reg_lambda': 2.909131533395455e-06}. Best is trial 14 with value: 0.02788431122093418.
[I 2025-04-14 18:42:54,632] Trial 15 finished with value: 0.03292367533618499 and parameters: {'n_estimators': 296, 'learning_rate': 0.00658616290124886, 'num_leaves': 37, 'max_depth': 10, 'min_child_samples': 41, 'subsample': 0.9816255521251585, 'colsample_bytree': 0.6030088938143336, 'reg_alpha': 0.6377320324527617, 'reg_lambda': 4.31339916395792e-06}. Best is trial 14 with value: 0.02788431122093418.
[I 2025-04-14 18:42:55,697] Trial 16 finished with value: 0.027371289033547325 and parameters: {'n_estimators': 299, 'learning_rate': 0.021717148882897903, 'num_leaves': 22, 'max_depth': 7, 'min_child_samples': 41, 'subsample': 0.5989940441261528, 'colsample_bytree': 0.8884160934573438, 'reg_alpha': 0.07610914060294705, 'reg_lambda': 1.9418139277052897e-08}. Best is trial 16 with value: 0.027371289033547325.
[I 2025-04-14 18:42:56,356] Trial 17 finished with value: 0.05410703270627065 and parameters: {'n_estimators': 123, 'learning_rate': 0.15658264818368592, 'num_leaves': 22, 'max_depth': 7, 'min_child_samples': 42, 'subsample': 0.6089713395166713, 'colsample_bytree': 0.8843479138190163, 'reg_alpha': 0.0007495930404480533, 'reg_lambda': 1.0177450664015698e-08}. Best is trial 16 with value: 0.027371289033547325.
[I 2025-04-14 18:42:57,561] Trial 18 finished with value: 0.05356138525550897 and parameters: {'n_estimators': 279, 'learning_rate': 0.02841692487047113, 'num_leaves': 22, 'max_depth': 10, 'min_child_samples': 44, 'subsample': 0.7758444039322862, 'colsample_bytree': 0.987444687645178, 'reg_alpha': 0.1460800072309126, 'reg_lambda': 1.7024876240400577e-07}. Best is trial 16 with value: 0.027371289033547325.
[I 2025-04-14 18:42:58,804] Trial 19 finished with value: 0.029247474633459804 and parameters: {'n_estimators': 274, 'learning_rate': 0.008638757418802885, 'num_leaves': 38, 'max_depth': 8, 'min_child_samples': 35, 'subsample': 0.6280894821294826, 'colsample_bytree': 0.9360178827118198, 'reg_alpha': 0.000554703497082413, 'reg_lambda': 2.5190382182180673e-07}. Best is trial 16 with value: 0.027371289033547325.
[I 2025-04-14 18:42:59,527] Trial 20 finished with value: 0.04743796952821679 and parameters: {'n_estimators': 136, 'learning_rate': 0.0034223363849771728, 'num_leaves': 22, 'max_depth': 10, 'min_child_samples': 28, 'subsample': 0.5710046765704401, 'colsample_bytree': 0.8677677022359712, 'reg_alpha': 0.12173219252526435, 'reg_lambda': 2.4884574992526474e-08}. Best is trial 16 with value: 0.027371289033547325.
[I 2025-04-14 18:43:00,654] Trial 21 finished with value: 0.02779982992321266 and parameters: {'n_estimators': 299, 'learning_rate': 0.0193315824347316, 'num_leaves': 28, 'max_depth': 6, 'min_child_samples': 37, 'subsample': 0.6354231353245589, 'colsample_bytree': 0.7968251632127175, 'reg_alpha': 0.14700382225703207, 'reg_lambda': 1.1411046167857216e-05}. Best is trial 16 with value: 0.027371289033547325.
[I 2025-04-14 18:43:01,668] Trial 22 finished with value: 0.05347318659512332 and parameters: {'n_estimators': 276, 'learning_rate': 0.025594444851119766, 'num_leaves': 17, 'max_depth': 6, 'min_child_samples': 44, 'subsample': 0.6199121734343317, 'colsample_bytree': 0.7903480415517593, 'reg_alpha': 0.008879438040788997, 'reg_lambda': 9.33936071205977e-06}. Best is trial 16 with value: 0.027371289033547325.
[I 2025-04-14 18:43:02,602] Trial 23 finished with value: 0.02775603581422036 and parameters: {'n_estimators': 224, 'learning_rate': 0.049062523362798045, 'num_leaves': 26, 'max_depth': 7, 'min_child_samples': 36, 'subsample': 0.6522380244765171, 'colsample_bytree': 0.7857233724286468, 'reg_alpha': 0.2726328150152904, 'reg_lambda': 3.1423899443195704e-07}. Best is trial 16 with value: 0.027371289033547325.
