[I 2025-04-14 18:26:06,788] Trial 24 finished with value: 0.1003701314330101 and parameters: {'n_lstm_layers': 2, 'lstm_units': 72, 'n_dense_layers': 0, 'lstm_dropout_0': 0.11116782750785206, 'lstm_dropout_1': 0.10220896965441055, 'learning_rate': 0.0049119081285990815}. Best is trial 11 with value: 0.0984063521027565.
Selecting model for Feeder 8, Arch: ANN_Baseload, Scenario: Night, Version: None
Error: No matching model found for criteria: Feeder=8, Arch=ANN_Baseload, Scenario=Night, Version=None
Warning: No existing model found for Feeder=8, Arch=ANN_Baseload, Scenario=Night. Cannot get scalers. Skipping.

--- Tuning: Arch=ANN_Change_in_Load, Scenario=24hr ---
Loading existing model artifact to get scalers/columns...
Selecting model for Feeder 8, Arch: ANN_Change_in_Load, Scenario: 24hr, Version: None
Error: No matching model found for criteria: Feeder=8, Arch=ANN_Change_in_Load, Scenario=24hr, Version=None
Warning: No existing model found for Feeder=8, Arch=ANN_Change_in_Load, Scenario=24hr. Cannot get scalers. Skipping.

--- Tuning: Arch=ANN_Change_in_Load, Scenario=Day ---
Loading existing model artifact to get scalers/columns...
Selecting model for Feeder 8, Arch: ANN_Change_in_Load, Scenario: Day, Version: None
Error: No matching model found for criteria: Feeder=8, Arch=ANN_Change_in_Load, Scenario=Day, Version=None
Warning: No existing model found for Feeder=8, Arch=ANN_Change_in_Load, Scenario=Day. Cannot get scalers. Skipping.

--- Tuning: Arch=ANN_Change_in_Load, Scenario=Night ---
Loading existing model artifact to get scalers/columns...
Selecting model for Feeder 8, Arch: ANN_Change_in_Load, Scenario: Night, Version: None
Error: No matching model found for criteria: Feeder=8, Arch=ANN_Change_in_Load, Scenario=Night, Version=None
Warning: No existing model found for Feeder=8, Arch=ANN_Change_in_Load, Scenario=Night. Cannot get scalers. Skipping.

--- Tuning: Arch=LSTM_Baseload, Scenario=24hr ---
Loading existing model artifact to get scalers/columns...
Selecting model for Feeder 8, Arch: LSTM_Baseload, Scenario: 24hr, Version: None
Selected Model ID: 169, Version: v1.1_Final_Forecasting_20250414170618, Path Info: {"keras_model": "models/feeder_8/LSTM_Baseload_24hr_v1.1_Final_Forecasting_20250414170618.keras", "scalers_pkl": "models/feeder_8/LSTM_Baseload_24hr_v1.1_Final_Forecasting_20250414170618_scalers.pkl"}
Loading artifact(s) based on path info: {'keras_model': 'models/feeder_8/LSTM_Baseload_24hr_v1.1_Final_Forecasting_20250414170618.keras', 'scalers_pkl': 'models/feeder_8/LSTM_Baseload_24hr_v1.1_Final_Forecasting_20250414170618_scalers.pkl'}
Detected separate Keras model (models/feeder_8/LSTM_Baseload_24hr_v1.1_Final_Forecasting_20250414170618.keras) and scalers (models/feeder_8/LSTM_Baseload_24hr_v1.1_Final_Forecasting_20250414170618_scalers.pkl).
Downloading Keras model to: H:\My Drive\Barbados_Forecasting_Tool_Final\tmp\LSTM_Baseload_24hr_v1.1_Final_Forecasting_20250414170618.keras
Keras model downloaded. Loading...
Keras model loaded.
Downloading scalers pickle to: H:\My Drive\Barbados_Forecasting_Tool_Final\tmp\LSTM_Baseload_24hr_v1.1_Final_Forecasting_20250414170618_scalers.pkl
Scalers pickle downloaded. Loading...
Scalers pickle loaded.
Cleaned up temporary file: H:\My Drive\Barbados_Forecasting_Tool_Final\tmp\LSTM_Baseload_24hr_v1.1_Final_Forecasting_20250414170618.keras
Cleaned up temporary file: H:\My Drive\Barbados_Forecasting_Tool_Final\tmp\LSTM_Baseload_24hr_v1.1_Final_Forecasting_20250414170618_scalers.pkl
Preparing training and validation data using loaded scalers...
Starting feature engineering for scenario: 24hr...
Pivoting data into daily vectors...
Reshaped data: X shape (152, 177), y shape (152, 24)
Transforming data using provided scalers (X and y)...
Data transformed.
Starting feature engineering for scenario: 24hr...
Pivoting data into daily vectors...
Reshaped data: X shape (30, 177), y shape (30, 24)
Transforming data using provided scalers (X and y)...
Data transformed.
Starting Optuna optimization (25 trials)...

--- Optuna Trial 0 for LSTM_Baseload ---
Trial 0: Training model...
Trial 0: Validation Score (mae, scaled) = 0.137834

--- Optuna Trial 1 for LSTM_Baseload ---
Trial 1: Training model...
Trial 1: Validation Score (mae, scaled) = 0.234756

--- Optuna Trial 2 for LSTM_Baseload ---
Trial 2: Training model...
Trial 2: Validation Score (mae, scaled) = 0.421807

--- Optuna Trial 3 for LSTM_Baseload ---
Trial 3: Training model...
Trial 3: Validation Score (mae, scaled) = 0.217736

--- Optuna Trial 4 for LSTM_Baseload ---
Trial 4: Training model...
Trial 4: Validation Score (mae, scaled) = 0.132038

--- Optuna Trial 5 for LSTM_Baseload ---
Trial 5: Training model...
Trial 5: Validation Score (mae, scaled) = 0.221269

--- Optuna Trial 6 for LSTM_Baseload ---
Trial 6: Training model...
Trial 6: Validation Score (mae, scaled) = 0.156524

--- Optuna Trial 7 for LSTM_Baseload ---
Trial 7: Training model...
Trial 7: Validation Score (mae, scaled) = 0.263433

--- Optuna Trial 8 for LSTM_Baseload ---
Trial 8: Training model...
Trial 8: Validation Score (mae, scaled) = 0.148297

--- Optuna Trial 9 for LSTM_Baseload ---
Trial 9: Training model...
Trial 9: Validation Score (mae, scaled) = 0.135318

--- Optuna Trial 10 for LSTM_Baseload ---
Trial 10: Training model...
Trial 10: Validation Score (mae, scaled) = 0.132168

--- Optuna Trial 11 for LSTM_Baseload ---
Trial 11: Training model...
Trial 11: Validation Score (mae, scaled) = 0.132627

--- Optuna Trial 12 for LSTM_Baseload ---
Trial 12: Training model...
Trial 12: Validation Score (mae, scaled) = 0.147128

--- Optuna Trial 13 for LSTM_Baseload ---
Trial 13: Training model...
Trial 13: Validation Score (mae, scaled) = 0.151287

--- Optuna Trial 14 for LSTM_Baseload ---
Trial 14: Training model...
Trial 14: Validation Score (mae, scaled) = 0.125700

--- Optuna Trial 15 for LSTM_Baseload ---
Trial 15: Training model...
Trial 15: Validation Score (mae, scaled) = 0.159617

--- Optuna Trial 16 for LSTM_Baseload ---
Trial 16: Training model...
Trial 16: Validation Score (mae, scaled) = 0.140300

--- Optuna Trial 17 for LSTM_Baseload ---
Trial 17: Training model...
Trial 17: Validation Score (mae, scaled) = 0.166477

--- Optuna Trial 18 for LSTM_Baseload ---
Trial 18: Training model...
Trial 18: Validation Score (mae, scaled) = 0.128061

--- Optuna Trial 19 for LSTM_Baseload ---
Trial 19: Training model...
Trial 19: Validation Score (mae, scaled) = 0.156986

--- Optuna Trial 20 for LSTM_Baseload ---
Trial 20: Training model...
Trial 20: Validation Score (mae, scaled) = 0.130458

--- Optuna Trial 21 for LSTM_Baseload ---
Trial 21: Training model...
Trial 21: Validation Score (mae, scaled) = 0.127908

--- Optuna Trial 22 for LSTM_Baseload ---
Trial 22: Training model...
Trial 22: Validation Score (mae, scaled) = 0.129126

--- Optuna Trial 23 for LSTM_Baseload ---
Trial 23: Training model...
Trial 23: Validation Score (mae, scaled) = 0.140811

--- Optuna Trial 24 for LSTM_Baseload ---
Trial 24: Training model...
Trial 24: Validation Score (mae, scaled) = 0.167386

--- Best Results for Feeder=8, Arch=LSTM_Baseload, Scenario=24hr ---
Best Validation Score (mae, scaled): 0.125700
Best Hyperparameters:
  n_lstm_layers: 1
  lstm_units: 78
  n_dense_layers: 0
  lstm_dropout_0: 0.10434836284218267
  learning_rate: 0.00251665208851499

--- Tuning: Arch=LSTM_Baseload, Scenario=Day ---
Loading existing model artifact to get scalers/columns...
Selecting model for Feeder 8, Arch: LSTM_Baseload, Scenario: Day, Version: None
Error: No matching model found for criteria: Feeder=8, Arch=LSTM_Baseload, Scenario=Day, Version=None
Warning: No existing model found for Feeder=8, Arch=LSTM_Baseload, Scenario=Day. Cannot get scalers. Skipping.

--- Tuning: Arch=LSTM_Baseload, Scenario=Night ---
Loading existing model artifact to get scalers/columns...
Selecting model for Feeder 8, Arch: LSTM_Baseload, Scenario: Night, Version: None
Error: No matching model found for criteria: Feeder=8, Arch=LSTM_Baseload, Scenario=Night, Version=None
Warning: No existing model found for Feeder=8, Arch=LSTM_Baseload, Scenario=Night. Cannot get scalers. Skipping.

--- Tuning: Arch=LSTM_Change_in_Load, Scenario=24hr ---
Loading existing model artifact to get scalers/columns...
[I 2025-04-14 18:26:08,310] A new study created in memory with name: tune-9-LightGBM_Baseline-24hr
[I 2025-04-14 18:26:12,523] Trial 0 finished with value: 0.11556555550830161 and parameters: {'n_estimators': 144, 'learning_rate': 0.02454361763907524, 'num_leaves': 27, 'max_depth': 12, 'min_child_samples': 13, 'subsample': 0.7588882106636787, 'colsample_bytree': 0.7706302603619485, 'reg_alpha': 0.00048051060871786677, 'reg_lambda': 2.0419385894660995e-07}. Best is trial 0 with value: 0.11556555550830161.
[I 2025-04-14 18:26:12,694] Trial 1 finished with value: 0.16672213078824574 and parameters: {'n_estimators': 102, 'learning_rate': 0.07131252970405262, 'num_leaves': 29, 'max_depth': 4, 'min_child_samples': 50, 'subsample': 0.9244643033958022, 'colsample_bytree': 0.5378890252727275, 'reg_alpha': 6.465761218294399e-07, 'reg_lambda': 0.0022754706939453005}. Best is trial 0 with value: 0.11556555550830161.
[I 2025-04-14 18:26:13,171] Trial 2 finished with value: 0.15664782013013992 and parameters: {'n_estimators': 145, 'learning_rate': 0.0012674008618034076, 'num_leaves': 11, 'max_depth': 5, 'min_child_samples': 20, 'subsample': 0.6453617885193486, 'colsample_bytree': 0.7271484234237622, 'reg_alpha': 0.0007581917069953434, 'reg_lambda': 0.00013573586412048903}. Best is trial 0 with value: 0.11556555550830161.
[I 2025-04-14 18:26:14,473] Trial 3 finished with value: 0.11733417081667663 and parameters: {'n_estimators': 178, 'learning_rate': 0.24936302218086942, 'num_leaves': 34, 'max_depth': 9, 'min_child_samples': 5, 'subsample': 0.6687315620780427, 'colsample_bytree': 0.8573536595546227, 'reg_alpha': 0.005569625943730178, 'reg_lambda': 3.135225428320784e-08}. Best is trial 0 with value: 0.11556555550830161.
[I 2025-04-14 18:26:14,818] Trial 4 finished with value: 0.11450163699627809 and parameters: {'n_estimators': 77, 'learning_rate': 0.09788147429902692, 'num_leaves': 23, 'max_depth': 10, 'min_child_samples': 23, 'subsample': 0.974354356233927, 'colsample_bytree': 0.5030787717483867, 'reg_alpha': 2.732667434630833e-06, 'reg_lambda': 1.9857421215678946e-08}. Best is trial 4 with value: 0.11450163699627809.
[I 2025-04-14 18:26:15,007] Trial 5 finished with value: 0.16672213078824574 and parameters: {'n_estimators': 186, 'learning_rate': 0.0026177631711555007, 'num_leaves': 20, 'max_depth': 5, 'min_child_samples': 46, 'subsample': 0.6583873873047414, 'colsample_bytree': 0.525476177989557, 'reg_alpha': 0.0018716592224809448, 'reg_lambda': 0.1656719675983863}. Best is trial 4 with value: 0.11450163699627809.
[I 2025-04-14 18:26:15,295] Trial 6 finished with value: 0.11620998594062369 and parameters: {'n_estimators': 82, 'learning_rate': 0.10587998221873245, 'num_leaves': 11, 'max_depth': 3, 'min_child_samples': 32, 'subsample': 0.5011035405298991, 'colsample_bytree': 0.9427962347946703, 'reg_alpha': 4.1541250357001645e-08, 'reg_lambda': 0.22261468405054824}. Best is trial 4 with value: 0.11450163699627809.
[I 2025-04-14 18:26:15,707] Trial 7 finished with value: 0.1446582829993173 and parameters: {'n_estimators': 144, 'learning_rate': 0.0035945035185679475, 'num_leaves': 37, 'max_depth': 3, 'min_child_samples': 36, 'subsample': 0.7147649276510084, 'colsample_bytree': 0.5742408137863162, 'reg_alpha': 0.06518315755189875, 'reg_lambda': 0.004466176753132216}. Best is trial 4 with value: 0.11450163699627809.
[I 2025-04-14 18:26:16,503] Trial 8 finished with value: 0.11596757736807262 and parameters: {'n_estimators': 269, 'learning_rate': 0.09839496843645762, 'num_leaves': 59, 'max_depth': 7, 'min_child_samples': 22, 'subsample': 0.9881468321341244, 'colsample_bytree': 0.8190914597577856, 'reg_alpha': 0.428488735734852, 'reg_lambda': 1.5330008268095992e-07}. Best is trial 4 with value: 0.11450163699627809.
[I 2025-04-14 18:26:16,926] Trial 9 finished with value: 0.13052167346202817 and parameters: {'n_estimators': 153, 'learning_rate': 0.007846882867077134, 'num_leaves': 42, 'max_depth': 11, 'min_child_samples': 31, 'subsample': 0.6955604300068767, 'colsample_bytree': 0.662318936206743, 'reg_alpha': 0.47247329953838163, 'reg_lambda': 0.5711858275284194}. Best is trial 4 with value: 0.11450163699627809.
[I 2025-04-14 18:26:17,238] Trial 10 finished with value: 0.13682254273684538 and parameters: {'n_estimators': 59, 'learning_rate': 0.025212874231333914, 'num_leaves': 49, 'max_depth': 9, 'min_child_samples': 38, 'subsample': 0.859085519835447, 'colsample_bytree': 0.6550968697766747, 'reg_alpha': 5.244929796432908e-06, 'reg_lambda': 5.5061616375848445e-06}. Best is trial 4 with value: 0.11450163699627809.
[I 2025-04-14 18:26:17,929] Trial 11 finished with value: 0.11692717837797913 and parameters: {'n_estimators': 104, 'learning_rate': 0.029409292177399772, 'num_leaves': 22, 'max_depth': 12, 'min_child_samples': 10, 'subsample': 0.8192297067010426, 'colsample_bytree': 0.769130456494685, 'reg_alpha': 3.436695571669345e-05, 'reg_lambda': 6.722102742502736e-07}. Best is trial 4 with value: 0.11450163699627809.
[I 2025-04-14 18:26:18,823] Trial 12 finished with value: 0.1175793705269863 and parameters: {'n_estimators': 232, 'learning_rate': 0.013293229016746433, 'num_leaves': 24, 'max_depth': 10, 'min_child_samples': 16, 'subsample': 0.804017769694632, 'colsample_bytree': 0.9169722992298482, 'reg_alpha': 4.5144066202621734e-05, 'reg_lambda': 1.169112133283051e-08}. Best is trial 4 with value: 0.11450163699627809.
[I 2025-04-14 18:26:19,372] Trial 13 finished with value: 0.11469218860364816 and parameters: {'n_estimators': 115, 'learning_rate': 0.04793569186563179, 'num_leaves': 18, 'max_depth': 12, 'min_child_samples': 14, 'subsample': 0.9901561252853541, 'colsample_bytree': 0.6242654238819212, 'reg_alpha': 5.461859004927202e-07, 'reg_lambda': 3.286125710144068e-06}. Best is trial 4 with value: 0.11450163699627809.
[I 2025-04-14 18:26:19,668] Trial 14 finished with value: 0.11590580489032958 and parameters: {'n_estimators': 51, 'learning_rate': 0.29233368882513555, 'num_leaves': 16, 'max_depth': 8, 'min_child_samples': 25, 'subsample': 0.9697694893314653, 'colsample_bytree': 0.6195578938929172, 'reg_alpha': 1.4633612453487251e-08, 'reg_lambda': 6.535083151511587e-06}. Best is trial 4 with value: 0.11450163699627809.
[I 2025-04-14 18:26:20,139] Trial 15 finished with value: 0.11615144273129596 and parameters: {'n_estimators': 104, 'learning_rate': 0.061345636033248066, 'num_leaves': 18, 'max_depth': 11, 'min_child_samples': 18, 'subsample': 0.9059523648198896, 'colsample_bytree': 0.5080414665494896, 'reg_alpha': 3.244692454204268e-07, 'reg_lambda': 8.852253988415748e-06}. Best is trial 4 with value: 0.11450163699627809.
[I 2025-04-14 18:26:20,817] Trial 16 finished with value: 0.11639970836547231 and parameters: {'n_estimators': 81, 'learning_rate': 0.0513379928745508, 'num_leaves': 31, 'max_depth': 10, 'min_child_samples': 6, 'subsample': 0.9100862453223009, 'colsample_bytree': 0.5865252572975506, 'reg_alpha': 2.235857109401504e-06, 'reg_lambda': 8.227382961645681e-05}. Best is trial 4 with value: 0.11450163699627809.
[I 2025-04-14 18:26:21,241] Trial 17 finished with value: 0.11523766017879146 and parameters: {'n_estimators': 120, 'learning_rate': 0.1555206524342385, 'num_leaves': 15, 'max_depth': 7, 'min_child_samples': 27, 'subsample': 0.9990428511547992, 'colsample_bytree': 0.686677084077526, 'reg_alpha': 1.2400206778217916e-07, 'reg_lambda': 2.1640553687889985e-06}. Best is trial 4 with value: 0.11450163699627809.
[I 2025-04-14 18:26:22,268] Trial 18 finished with value: 0.11718235005097823 and parameters: {'n_estimators': 224, 'learning_rate': 0.01229169801744785, 'num_leaves': 43, 'max_depth': 11, 'min_child_samples': 12, 'subsample': 0.8543328172670257, 'colsample_bytree': 0.6000310566240614, 'reg_alpha': 2.3201054153673225e-06, 'reg_lambda': 6.843573346384197e-05}. Best is trial 4 with value: 0.11450163699627809.
[I 2025-04-14 18:26:22,643] Trial 19 finished with value: 0.12045971150595164 and parameters: {'n_estimators': 71, 'learning_rate': 0.034269880678736965, 'num_leaves': 24, 'max_depth': 12, 'min_child_samples': 23, 'subsample': 0.5845742377864691, 'colsample_bytree': 0.5005759756584316, 'reg_alpha': 1.3859485749313884e-05, 'reg_lambda': 8.794648824391506e-08}. Best is trial 4 with value: 0.11450163699627809.
[I 2025-04-14 18:26:23,686] Trial 20 finished with value: 0.12055268327922035 and parameters: {'n_estimators': 300, 'learning_rate': 0.006508790201580064, 'num_leaves': 36, 'max_depth': 9, 'min_child_samples': 16, 'subsample': 0.9397874442000477, 'colsample_bytree': 0.7020895325583061, 'reg_alpha': 0.00018282055281225096, 'reg_lambda': 1.0079739790729218e-06}. Best is trial 4 with value: 0.11450163699627809.
[I 2025-04-14 18:26:24,104] Trial 21 finished with value: 0.11627741156283411 and parameters: {'n_estimators': 123, 'learning_rate': 0.15005290546202119, 'num_leaves': 15, 'max_depth': 6, 'min_child_samples': 29, 'subsample': 0.9785997478816959, 'colsample_bytree': 0.6701312957037774, 'reg_alpha': 9.865865279023835e-08, 'reg_lambda': 1.2745966458507695e-06}. Best is trial 4 with value: 0.11450163699627809.
[I 2025-04-14 18:26:24,532] Trial 22 finished with value: 0.1162906333259885 and parameters: {'n_estimators': 120, 'learning_rate': 0.18456727073254253, 'num_leaves': 15, 'max_depth': 7, 'min_child_samples': 27, 'subsample': 0.9958686263708044, 'colsample_bytree': 0.5605508208296621, 'reg_alpha': 3.44658930981012e-07, 'reg_lambda': 1.1096004339971093e-08}. Best is trial 4 with value: 0.11450163699627809.
[I 2025-04-14 18:26:24,941] Trial 23 finished with value: 0.11744897157049776 and parameters: {'n_estimators': 121, 'learning_rate': 0.12236114250115829, 'num_leaves': 12, 'max_depth': 10, 'min_child_samples': 36, 'subsample': 0.891485132831116, 'colsample_bytree': 0.6263901465275554, 'reg_alpha': 1.283803286111095e-08, 'reg_lambda': 0.0006249835356230295}. Best is trial 4 with value: 0.11450163699627809.
