[I 2025-04-14 18:35:30,698] Trial 11 finished with value: 0.16568943858146667 and parameters: {'n_lstm_layers': 1, 'lstm_units': 46, 'n_dense_layers': 2, 'lstm_dropout_0': 0.4941040433138383, 'dense_units_0': 31, 'dense_dropout_0': 0.2542146529415228, 'dense_units_1': 21, 'dense_dropout_1': 0.2585995400117173, 'learning_rate': 0.009486014716408734}. Best is trial 4 with value: 0.1653793454170227.

--- Optuna Trial 11 for LightGBM_Baseline ---
Trial 11: Training model...
Trial 11: Evaluating model...
Trial 11: Validation Score (mae, scaled) = 0.155359

--- Optuna Trial 12 for LightGBM_Baseline ---
Trial 12: Training model...
Trial 12: Evaluating model...
Trial 12: Validation Score (mae, scaled) = 0.156227

--- Optuna Trial 13 for LightGBM_Baseline ---
Trial 13: Training model...
Trial 13: Evaluating model...
Trial 13: Validation Score (mae, scaled) = 0.160155

--- Optuna Trial 14 for LightGBM_Baseline ---
Trial 14: Training model...
Trial 14: Evaluating model...
Trial 14: Validation Score (mae, scaled) = 0.153247

--- Optuna Trial 15 for LightGBM_Baseline ---
Trial 15: Training model...
Trial 15: Evaluating model...
Trial 15: Validation Score (mae, scaled) = 0.156010

--- Optuna Trial 16 for LightGBM_Baseline ---
Trial 16: Training model...
Trial 16: Evaluating model...
Trial 16: Validation Score (mae, scaled) = 0.159580

--- Optuna Trial 17 for LightGBM_Baseline ---
Trial 17: Training model...
Trial 17: Evaluating model...
Trial 17: Validation Score (mae, scaled) = 0.154591

--- Optuna Trial 18 for LightGBM_Baseline ---
Trial 18: Training model...
Trial 18: Evaluating model...
Trial 18: Validation Score (mae, scaled) = 0.154882

--- Optuna Trial 19 for LightGBM_Baseline ---
Trial 19: Training model...
Trial 19: Evaluating model...
Trial 19: Validation Score (mae, scaled) = 0.159954

--- Optuna Trial 20 for LightGBM_Baseline ---
Trial 20: Training model...
Trial 20: Evaluating model...
Trial 20: Validation Score (mae, scaled) = 0.166167

--- Optuna Trial 21 for LightGBM_Baseline ---
Trial 21: Training model...
Trial 21: Evaluating model...
Trial 21: Validation Score (mae, scaled) = 0.155481

--- Optuna Trial 22 for LightGBM_Baseline ---
Trial 22: Training model...
Trial 22: Evaluating model...
Trial 22: Validation Score (mae, scaled) = 0.158916

--- Optuna Trial 23 for LightGBM_Baseline ---
Trial 23: Training model...
Trial 23: Evaluating model...
Trial 23: Validation Score (mae, scaled) = 0.160446

--- Optuna Trial 24 for LightGBM_Baseline ---
Trial 24: Training model...
Trial 24: Evaluating model...
Trial 24: Validation Score (mae, scaled) = 0.156149

--- Best Results for Feeder=10, Arch=LightGBM_Baseline, Scenario=24hr ---
Best Validation Score (mae, scaled): 0.153247
Best Hyperparameters:
  n_estimators: 229
  learning_rate: 0.015367922521804266
  num_leaves: 47
  max_depth: 6
  min_child_samples: 5
  subsample: 0.7461358409822427
  colsample_bytree: 0.7497854231982228
  reg_alpha: 0.00225594560166635
  reg_lambda: 0.03982146668079337

--- Tuning: Arch=LightGBM_Baseline, Scenario=Day ---
Loading existing model artifact to get scalers/columns...
Selecting model for Feeder 10, Arch: LightGBM_Baseline, Scenario: Day, Version: None
Error: No matching model found for criteria: Feeder=10, Arch=LightGBM_Baseline, Scenario=Day, Version=None
Warning: No existing model found for Feeder=10, Arch=LightGBM_Baseline, Scenario=Day. Cannot get scalers. Skipping.

--- Tuning: Arch=LightGBM_Baseline, Scenario=Night ---
Loading existing model artifact to get scalers/columns...
Selecting model for Feeder 10, Arch: LightGBM_Baseline, Scenario: Night, Version: None
Error: No matching model found for criteria: Feeder=10, Arch=LightGBM_Baseline, Scenario=Night, Version=None
Warning: No existing model found for Feeder=10, Arch=LightGBM_Baseline, Scenario=Night. Cannot get scalers. Skipping.

--- Tuning: Arch=ANN_Baseload, Scenario=24hr ---
Loading existing model artifact to get scalers/columns...
Selecting model for Feeder 10, Arch: ANN_Baseload, Scenario: 24hr, Version: None
Error: No matching model found for criteria: Feeder=10, Arch=ANN_Baseload, Scenario=24hr, Version=None
Warning: No existing model found for Feeder=10, Arch=ANN_Baseload, Scenario=24hr. Cannot get scalers. Skipping.

--- Tuning: Arch=ANN_Baseload, Scenario=Day ---
Loading existing model artifact to get scalers/columns...
Selecting model for Feeder 10, Arch: ANN_Baseload, Scenario: Day, Version: None
Error: No matching model found for criteria: Feeder=10, Arch=ANN_Baseload, Scenario=Day, Version=None
Warning: No existing model found for Feeder=10, Arch=ANN_Baseload, Scenario=Day. Cannot get scalers. Skipping.

--- Tuning: Arch=ANN_Baseload, Scenario=Night ---
Loading existing model artifact to get scalers/columns...
Selecting model for Feeder 10, Arch: ANN_Baseload, Scenario: Night, Version: None
Error: No matching model found for criteria: Feeder=10, Arch=ANN_Baseload, Scenario=Night, Version=None
Warning: No existing model found for Feeder=10, Arch=ANN_Baseload, Scenario=Night. Cannot get scalers. Skipping.

--- Tuning: Arch=ANN_Change_in_Load, Scenario=24hr ---
Loading existing model artifact to get scalers/columns...
Selecting model for Feeder 10, Arch: ANN_Change_in_Load, Scenario: 24hr, Version: None
Error: No matching model found for criteria: Feeder=10, Arch=ANN_Change_in_Load, Scenario=24hr, Version=None
Warning: No existing model found for Feeder=10, Arch=ANN_Change_in_Load, Scenario=24hr. Cannot get scalers. Skipping.

--- Tuning: Arch=ANN_Change_in_Load, Scenario=Day ---
Loading existing model artifact to get scalers/columns...
Selecting model for Feeder 10, Arch: ANN_Change_in_Load, Scenario: Day, Version: None
Error: No matching model found for criteria: Feeder=10, Arch=ANN_Change_in_Load, Scenario=Day, Version=None
Warning: No existing model found for Feeder=10, Arch=ANN_Change_in_Load, Scenario=Day. Cannot get scalers. Skipping.

--- Tuning: Arch=ANN_Change_in_Load, Scenario=Night ---
Loading existing model artifact to get scalers/columns...
Selecting model for Feeder 10, Arch: ANN_Change_in_Load, Scenario: Night, Version: None
Error: No matching model found for criteria: Feeder=10, Arch=ANN_Change_in_Load, Scenario=Night, Version=None
Warning: No existing model found for Feeder=10, Arch=ANN_Change_in_Load, Scenario=Night. Cannot get scalers. Skipping.

--- Tuning: Arch=LSTM_Baseload, Scenario=24hr ---
Loading existing model artifact to get scalers/columns...
Selecting model for Feeder 10, Arch: LSTM_Baseload, Scenario: 24hr, Version: None
Selected Model ID: 177, Version: v1.1_Final_Forecasting_20250414170702, Path Info: {"keras_model": "models/feeder_10/LSTM_Baseload_24hr_v1.1_Final_Forecasting_20250414170702.keras", "scalers_pkl": "models/feeder_10/LSTM_Baseload_24hr_v1.1_Final_Forecasting_20250414170702_scalers.pkl"}
Loading artifact(s) based on path info: {'keras_model': 'models/feeder_10/LSTM_Baseload_24hr_v1.1_Final_Forecasting_20250414170702.keras', 'scalers_pkl': 'models/feeder_10/LSTM_Baseload_24hr_v1.1_Final_Forecasting_20250414170702_scalers.pkl'}
Detected separate Keras model (models/feeder_10/LSTM_Baseload_24hr_v1.1_Final_Forecasting_20250414170702.keras) and scalers (models/feeder_10/LSTM_Baseload_24hr_v1.1_Final_Forecasting_20250414170702_scalers.pkl).
Downloading Keras model to: H:\My Drive\Barbados_Forecasting_Tool_Final\tmp\LSTM_Baseload_24hr_v1.1_Final_Forecasting_20250414170702.keras
Keras model downloaded. Loading...
Keras model loaded.
Downloading scalers pickle to: H:\My Drive\Barbados_Forecasting_Tool_Final\tmp\LSTM_Baseload_24hr_v1.1_Final_Forecasting_20250414170702_scalers.pkl
Scalers pickle downloaded. Loading...
Scalers pickle loaded.
Cleaned up temporary file: H:\My Drive\Barbados_Forecasting_Tool_Final\tmp\LSTM_Baseload_24hr_v1.1_Final_Forecasting_20250414170702.keras
Cleaned up temporary file: H:\My Drive\Barbados_Forecasting_Tool_Final\tmp\LSTM_Baseload_24hr_v1.1_Final_Forecasting_20250414170702_scalers.pkl
Preparing training and validation data using loaded scalers...
Starting feature engineering for scenario: 24hr...
Pivoting data into daily vectors...
Reshaped data: X shape (76, 177), y shape (76, 24)
Transforming data using provided scalers (X and y)...
Data transformed.
Starting feature engineering for scenario: 24hr...
Pivoting data into daily vectors...
Reshaped data: X shape (32, 177), y shape (32, 24)
Transforming data using provided scalers (X and y)...
Data transformed.[I 2025-04-14 18:35:34,880] Trial 12 finished with value: 0.16762897372245789 and parameters: {'n_lstm_layers': 1, 'lstm_units': 36, 'n_dense_layers': 2, 'lstm_dropout_0': 0.36149745051158033, 'dense_units_0': 28, 'dense_dropout_0': 0.21026443744113177, 'dense_units_1': 27, 'dense_dropout_1': 0.3785453519410331, 'learning_rate': 0.003591433811772461}. Best is trial 4 with value: 0.1653793454170227.
[I 2025-04-14 18:35:39,381] Trial 13 finished with value: 0.16509604454040527 and parameters: {'n_lstm_layers': 1, 'lstm_units': 57, 'n_dense_layers': 2, 'lstm_dropout_0': 0.2553777297652144, 'dense_units_0': 40, 'dense_dropout_0': 0.34737598746294085, 'dense_units_1': 38, 'dense_dropout_1': 0.11094207453858271, 'learning_rate': 0.0032969859439712706}. Best is trial 13 with value: 0.16509604454040527.
[I 2025-04-14 18:35:43,573] Trial 14 finished with value: 0.16542714834213257 and parameters: {'n_lstm_layers': 1, 'lstm_units': 41, 'n_dense_layers': 2, 'lstm_dropout_0': 0.23704049216710893, 'dense_units_0': 44, 'dense_dropout_0': 0.36932073975844926, 'dense_units_1': 39, 'dense_dropout_1': 0.19062175064251224, 'learning_rate': 0.002272988986373054}. Best is trial 13 with value: 0.16509604454040527.
[I 2025-04-14 18:35:47,917] Trial 15 finished with value: 0.16474254429340363 and parameters: {'n_lstm_layers': 1, 'lstm_units': 63, 'n_dense_layers': 1, 'lstm_dropout_0': 0.31816764108355294, 'dense_units_0': 40, 'dense_dropout_0': 0.34266377150597205, 'learning_rate': 0.0051671961555181025}. Best is trial 15 with value: 0.16474254429340363.
[I 2025-04-14 18:35:52,372] Trial 16 finished with value: 0.16884902119636536 and parameters: {'n_lstm_layers': 1, 'lstm_units': 68, 'n_dense_layers': 1, 'lstm_dropout_0': 0.3302534801964504, 'dense_units_0': 38, 'dense_dropout_0': 0.36442314064560777, 'learning_rate': 0.0022639355791514316}. Best is trial 15 with value: 0.16474254429340363.
[I 2025-04-14 18:35:59,287] Trial 17 finished with value: 0.16620782017707825 and parameters: {'n_lstm_layers': 2, 'lstm_units': 80, 'n_dense_layers': 1, 'lstm_dropout_0': 0.2602073410918086, 'lstm_dropout_1': 0.12755115183117163, 'dense_units_0': 39, 'dense_dropout_0': 0.44475020688910233, 'learning_rate': 0.004842095966643602}. Best is trial 15 with value: 0.16474254429340363.
[I 2025-04-14 18:36:03,546] Trial 18 finished with value: 0.16613154113292694 and parameters: {'n_lstm_layers': 1, 'lstm_units': 56, 'n_dense_layers': 1, 'lstm_dropout_0': 0.3501923262276066, 'dense_units_0': 36, 'dense_dropout_0': 0.3229308725084302, 'learning_rate': 0.0022249445067030215}. Best is trial 15 with value: 0.16474254429340363.
[I 2025-04-14 18:36:07,887] Trial 19 finished with value: 0.16512887179851532 and parameters: {'n_lstm_layers': 1, 'lstm_units': 58, 'n_dense_layers': 1, 'lstm_dropout_0': 0.2920886511578345, 'dense_units_0': 24, 'dense_dropout_0': 0.415057187050409, 'learning_rate': 0.006290484194752892}. Best is trial 15 with value: 0.16474254429340363.
[I 2025-04-14 18:36:14,280] Trial 20 finished with value: 0.17091505229473114 and parameters: {'n_lstm_layers': 2, 'lstm_units': 75, 'n_dense_layers': 1, 'lstm_dropout_0': 0.3682031303961445, 'lstm_dropout_1': 0.12703999606033897, 'dense_units_0': 45, 'dense_dropout_0': 0.3239207696616957, 'learning_rate': 0.0016644186530298693}. Best is trial 15 with value: 0.16474254429340363.
[I 2025-04-14 18:36:17,919] Trial 21 finished with value: 0.1669897437095642 and parameters: {'n_lstm_layers': 1, 'lstm_units': 59, 'n_dense_layers': 1, 'lstm_dropout_0': 0.2855184161545401, 'dense_units_0': 23, 'dense_dropout_0': 0.4187303352008908, 'learning_rate': 0.005645981083025048}. Best is trial 15 with value: 0.16474254429340363.
[I 2025-04-14 18:36:21,932] Trial 22 finished with value: 0.16616323590278625 and parameters: {'n_lstm_layers': 1, 'lstm_units': 65, 'n_dense_layers': 1, 'lstm_dropout_0': 0.30709566069442334, 'dense_units_0': 22, 'dense_dropout_0': 0.40734738234747475, 'learning_rate': 0.006129653771241427}. Best is trial 15 with value: 0.16474254429340363.
[I 2025-04-14 18:36:26,430] Trial 23 finished with value: 0.16694539785385132 and parameters: {'n_lstm_layers': 1, 'lstm_units': 51, 'n_dense_layers': 1, 'lstm_dropout_0': 0.2479973642358769, 'dense_units_0': 32, 'dense_dropout_0': 0.4933882637934114, 'learning_rate': 0.003067057960984721}. Best is trial 15 with value: 0.16474254429340363.
[I 2025-04-14 18:36:31,031] Trial 24 finished with value: 0.17569667100906372 and parameters: {'n_lstm_layers': 1, 'lstm_units': 84, 'n_dense_layers': 1, 'lstm_dropout_0': 0.29882668845582894, 'dense_units_0': 44, 'dense_dropout_0': 0.29677040971304436, 'learning_rate': 0.0005803149955769714}. Best is trial 15 with value: 0.16474254429340363.
[I 2025-04-14 18:36:32,093] A new study created in memory with name: tune-11-LightGBM_Baseline-24hr
[I 2025-04-14 18:36:32,753] Trial 0 finished with value: 0.19915525200957476 and parameters: {'n_estimators': 133, 'learning_rate': 0.0019524346277710453, 'num_leaves': 51, 'max_depth': 4, 'min_child_samples': 28, 'subsample': 0.522496401604813, 'colsample_bytree': 0.8481953600779986, 'reg_alpha': 1.4265861126758668e-07, 'reg_lambda': 4.770914566758715e-05}. Best is trial 0 with value: 0.19915525200957476.
[I 2025-04-14 18:36:33,516] Trial 1 finished with value: 0.19199805090935243 and parameters: {'n_estimators': 205, 'learning_rate': 0.0028004042877982395, 'num_leaves': 41, 'max_depth': 6, 'min_child_samples': 46, 'subsample': 0.8203321092597242, 'colsample_bytree': 0.7749097069287036, 'reg_alpha': 0.0640432684691066, 'reg_lambda': 1.84798698581021e-07}. Best is trial 1 with value: 0.19199805090935243.
[I 2025-04-14 18:36:34,661] Trial 2 finished with value: 0.10087658941652478 and parameters: {'n_estimators': 196, 'learning_rate': 0.06949863492688538, 'num_leaves': 40, 'max_depth': 5, 'min_child_samples': 19, 'subsample': 0.8497916964611758, 'colsample_bytree': 0.5407547269553166, 'reg_alpha': 0.0046594059660883935, 'reg_lambda': 0.019664959621943395}. Best is trial 2 with value: 0.10087658941652478.
[I 2025-04-14 18:36:37,135] Trial 3 finished with value: 0.14475849418246808 and parameters: {'n_estimators': 258, 'learning_rate': 0.003602326692580551, 'num_leaves': 21, 'max_depth': 8, 'min_child_samples': 10, 'subsample': 0.5555773328984663, 'colsample_bytree': 0.9659539082274418, 'reg_alpha': 0.032649875331003164, 'reg_lambda': 0.003041485644205163}. Best is trial 2 with value: 0.10087658941652478.
[I 2025-04-14 18:36:38,271] Trial 4 finished with value: 0.12341423860757648 and parameters: {'n_estimators': 207, 'learning_rate': 0.17579451632243112, 'num_leaves': 52, 'max_depth': 7, 'min_child_samples': 22, 'subsample': 0.9594187191265167, 'colsample_bytree': 0.66641824909932, 'reg_alpha': 0.00981818776993742, 'reg_lambda': 2.3539890372481215e-06}. Best is trial 2 with value: 0.10087658941652478.
[I 2025-04-14 18:36:38,644] Trial 5 finished with value: 0.16224237126806143 and parameters: {'n_estimators': 61, 'learning_rate': 0.030174926092717238, 'num_leaves': 33, 'max_depth': 9, 'min_child_samples': 43, 'subsample': 0.5074986774505112, 'colsample_bytree': 0.7165307942494945, 'reg_alpha': 1.2398121348624994e-07, 'reg_lambda': 0.00038320975259104165}. Best is trial 2 with value: 0.10087658941652478.
[I 2025-04-14 18:36:39,307] Trial 6 finished with value: 0.0961180001574335 and parameters: {'n_estimators': 74, 'learning_rate': 0.08790556475647288, 'num_leaves': 29, 'max_depth': 5, 'min_child_samples': 18, 'subsample': 0.8555317383386971, 'colsample_bytree': 0.9466203051905835, 'reg_alpha': 2.492847362572821e-06, 'reg_lambda': 2.1661061231454955e-06}. Best is trial 6 with value: 0.0961180001574335.
[I 2025-04-14 18:36:40,464] Trial 7 finished with value: 0.1387298490541816 and parameters: {'n_estimators': 287, 'learning_rate': 0.12188042831675427, 'num_leaves': 54, 'max_depth': 3, 'min_child_samples': 32, 'subsample': 0.9726791194961015, 'colsample_bytree': 0.7584091625934988, 'reg_alpha': 0.00021369504860827937, 'reg_lambda': 0.015996392976678965}. Best is trial 6 with value: 0.0961180001574335.
[I 2025-04-14 18:36:41,233] Trial 8 finished with value: 0.20165429669085436 and parameters: {'n_estimators': 186, 'learning_rate': 0.001216396773517595, 'num_leaves': 58, 'max_depth': 6, 'min_child_samples': 31, 'subsample': 0.7801179440415538, 'colsample_bytree': 0.6437832972861712, 'reg_alpha': 7.924572592107413e-06, 'reg_lambda': 1.1800775222997249e-06}. Best is trial 6 with value: 0.0961180001574335.
[I 2025-04-14 18:36:42,494] Trial 9 finished with value: 0.19798663181680587 and parameters: {'n_estimators': 235, 'learning_rate': 0.0010878114822191138, 'num_leaves': 57, 'max_depth': 9, 'min_child_samples': 21, 'subsample': 0.9070926001829958, 'colsample_bytree': 0.8131285934777419, 'reg_alpha': 0.0008999242918972547, 'reg_lambda': 5.005127714042501e-07}. Best is trial 6 with value: 0.0961180001574335.
[I 2025-04-14 18:36:43,197] Trial 10 finished with value: 0.15836500723848282 and parameters: {'n_estimators': 56, 'learning_rate': 0.012400903445189298, 'num_leaves': 10, 'max_depth': 11, 'min_child_samples': 8, 'subsample': 0.6941787551197119, 'colsample_bytree': 0.9916685573918191, 'reg_alpha': 8.079250962603804e-06, 'reg_lambda': 0.7572703247723773}. Best is trial 6 with value: 0.0961180001574335.
[I 2025-04-14 18:36:44,127] Trial 11 finished with value: 0.10477486542487051 and parameters: {'n_estimators': 130, 'learning_rate': 0.04309248438290123, 'num_leaves': 33, 'max_depth': 5, 'min_child_samples': 16, 'subsample': 0.8524177771796946, 'colsample_bytree': 0.5084446786969701, 'reg_alpha': 4.387979414309793e-06, 'reg_lambda': 0.6466064044689604}. Best is trial 6 with value: 0.0961180001574335.
[I 2025-04-14 18:36:44,978] Trial 12 finished with value: 0.10323910308871835 and parameters: {'n_estimators': 147, 'learning_rate': 0.0728993598362588, 'num_leaves': 40, 'max_depth': 3, 'min_child_samples': 16, 'subsample': 0.6976624532682991, 'colsample_bytree': 0.5214086996362722, 'reg_alpha': 0.0019014281978045457, 'reg_lambda': 2.6368439236440956e-05}. Best is trial 6 with value: 0.0961180001574335.
[I 2025-04-14 18:36:45,497] Trial 13 finished with value: 0.14064129250121207 and parameters: {'n_estimators': 95, 'learning_rate': 0.29792154040925056, 'num_leaves': 25, 'max_depth': 5, 'min_child_samples': 36, 'subsample': 0.8791762121966475, 'colsample_bytree': 0.896674756921774, 'reg_alpha': 0.5256341928686875, 'reg_lambda': 1.0590263354583108e-08}. Best is trial 6 with value: 0.0961180001574335.
[I 2025-04-14 18:36:46,458] Trial 14 finished with value: 0.10711229736993659 and parameters: {'n_estimators': 163, 'learning_rate': 0.018540678326217624, 'num_leaves': 24, 'max_depth': 5, 'min_child_samples': 21, 'subsample': 0.7263688878338347, 'colsample_bytree': 0.5991520212945428, 'reg_alpha': 2.0597468525422676e-08, 'reg_lambda': 0.023149872484038207}. Best is trial 6 with value: 0.0961180001574335.
[I 2025-04-14 18:36:47,922] Trial 15 finished with value: 0.1485791893458281 and parameters: {'n_estimators': 96, 'learning_rate': 0.008687134972658429, 'num_leaves': 45, 'max_depth': 12, 'min_child_samples': 5, 'subsample': 0.633329015192473, 'colsample_bytree': 0.916864213642949, 'reg_alpha': 5.128758740756402e-05, 'reg_lambda': 0.0005684519534570611}. Best is trial 6 with value: 0.0961180001574335.
[I 2025-04-14 18:36:48,882] Trial 16 finished with value: 0.10215358824431721 and parameters: {'n_estimators': 101, 'learning_rate': 0.06345774019340705, 'num_leaves': 29, 'max_depth': 7, 'min_child_samples': 13, 'subsample': 0.8024975377834894, 'colsample_bytree': 0.5787761086755664, 'reg_alpha': 1.2719865857291876e-06, 'reg_lambda': 8.104249740266152e-06}. Best is trial 6 with value: 0.0961180001574335.
[I 2025-04-14 18:36:50,145] Trial 17 finished with value: 0.1384451574116511 and parameters: {'n_estimators': 236, 'learning_rate': 0.11931853243635107, 'num_leaves': 17, 'max_depth': 4, 'min_child_samples': 24, 'subsample': 0.9307219194964217, 'colsample_bytree': 0.6892170962491517, 'reg_alpha': 0.00019109581307824805, 'reg_lambda': 2.9113985582467656e-08}. Best is trial 6 with value: 0.0961180001574335.
[I 2025-04-14 18:36:50,980] Trial 18 finished with value: 0.1499194561301885 and parameters: {'n_estimators': 180, 'learning_rate': 0.029449218041609382, 'num_leaves': 38, 'max_depth': 6, 'min_child_samples': 38, 'subsample': 0.8707100218476537, 'colsample_bytree': 0.8520522973537121, 'reg_alpha': 0.9269982145481698, 'reg_lambda': 0.10383980105301369}. Best is trial 6 with value: 0.0961180001574335.
[I 2025-04-14 18:36:51,818] Trial 19 finished with value: 0.10803832936496016 and parameters: {'n_estimators': 113, 'learning_rate': 0.2806749734819282, 'num_leaves': 46, 'max_depth': 4, 'min_child_samples': 17, 'subsample': 0.7762750147716295, 'colsample_bytree': 0.5893901226902334, 'reg_alpha': 4.1033125155286517e-05, 'reg_lambda': 0.0012919422480804417}. Best is trial 6 with value: 0.0961180001574335.
[I 2025-04-14 18:36:52,787] Trial 20 finished with value: 0.15579057546601313 and parameters: {'n_estimators': 295, 'learning_rate': 0.07171231206924687, 'num_leaves': 31, 'max_depth': 8, 'min_child_samples': 50, 'subsample': 0.9917843502275128, 'colsample_bytree': 0.9293062147419004, 'reg_alpha': 0.0013969951192323612, 'reg_lambda': 0.00011432230722593029}. Best is trial 6 with value: 0.0961180001574335.
