[I 2025-04-14 18:43:03,791] Trial 24 finished with value: 0.028943323184129444 and parameters: {'n_estimators': 222, 'learning_rate': 0.08450159705232622, 'num_leaves': 25, 'max_depth': 6, 'min_child_samples': 24, 'subsample': 0.6672762523482334, 'colsample_bytree': 0.7726782118292139, 'reg_alpha': 0.03155234887765084, 'reg_lambda': 2.2721097243283568e-07}. Best is trial 16 with value: 0.027371289033547325.

--- Optuna Trial 15 for LSTM_Baseload ---
Trial 15: Training model...
Trial 15: Validation Score (mae, scaled) = 0.118388

--- Optuna Trial 16 for LSTM_Baseload ---
Trial 16: Training model...
Trial 16: Validation Score (mae, scaled) = 0.153594

--- Optuna Trial 17 for LSTM_Baseload ---
Trial 17: Training model...
Trial 17: Validation Score (mae, scaled) = 0.108881

--- Optuna Trial 18 for LSTM_Baseload ---
Trial 18: Training model...
Trial 18: Validation Score (mae, scaled) = 0.116789

--- Optuna Trial 19 for LSTM_Baseload ---
Trial 19: Training model...
Trial 19: Validation Score (mae, scaled) = 0.106494

--- Optuna Trial 20 for LSTM_Baseload ---
Trial 20: Training model...
Trial 20: Validation Score (mae, scaled) = 0.108074

--- Optuna Trial 21 for LSTM_Baseload ---
Trial 21: Training model...
Trial 21: Validation Score (mae, scaled) = 0.110872

--- Optuna Trial 22 for LSTM_Baseload ---
Trial 22: Training model...
Trial 22: Validation Score (mae, scaled) = 0.108474

--- Optuna Trial 23 for LSTM_Baseload ---
Trial 23: Training model...
Trial 23: Validation Score (mae, scaled) = 0.115894

--- Optuna Trial 24 for LSTM_Baseload ---
Trial 24: Training model...
Trial 24: Validation Score (mae, scaled) = 0.114637

--- Best Results for Feeder=11, Arch=LSTM_Baseload, Scenario=24hr ---
Best Validation Score (mae, scaled): 0.098545
Best Hyperparameters:
  n_lstm_layers: 2
  lstm_units: 84
  n_dense_layers: 1
  lstm_dropout_0: 0.2495586331656735
  lstm_dropout_1: 0.23951942526028394
  dense_units_0: 58
  dense_dropout_0: 0.2098373588561905
  learning_rate: 0.009778938872259967

--- Tuning: Arch=LSTM_Baseload, Scenario=Day ---
Loading existing model artifact to get scalers/columns...
Selecting model for Feeder 11, Arch: LSTM_Baseload, Scenario: Day, Version: None
Error: No matching model found for criteria: Feeder=11, Arch=LSTM_Baseload, Scenario=Day, Version=None
Warning: No existing model found for Feeder=11, Arch=LSTM_Baseload, Scenario=Day. Cannot get scalers. Skipping.

--- Tuning: Arch=LSTM_Baseload, Scenario=Night ---
Loading existing model artifact to get scalers/columns...
Selecting model for Feeder 11, Arch: LSTM_Baseload, Scenario: Night, Version: None
Error: No matching model found for criteria: Feeder=11, Arch=LSTM_Baseload, Scenario=Night, Version=None
Warning: No existing model found for Feeder=11, Arch=LSTM_Baseload, Scenario=Night. Cannot get scalers. Skipping.

--- Tuning: Arch=LSTM_Change_in_Load, Scenario=24hr ---
Loading existing model artifact to get scalers/columns...
Selecting model for Feeder 11, Arch: LSTM_Change_in_Load, Scenario: 24hr, Version: None
Selected Model ID: 182, Version: v1.1_Final_Forecasting_20250414170732, Path Info: {"keras_model": "models/feeder_11/LSTM_Change_in_Load_24hr_v1.1_Final_Forecasting_20250414170732.keras", "scalers_pkl": "models/feeder_11/LSTM_Change_in_Load_24hr_v1.1_Final_Forecasting_20250414170732_scalers.pkl"}
Loading artifact(s) based on path info: {'keras_model': 'models/feeder_11/LSTM_Change_in_Load_24hr_v1.1_Final_Forecasting_20250414170732.keras', 'scalers_pkl': 'models/feeder_11/LSTM_Change_in_Load_24hr_v1.1_Final_Forecasting_20250414170732_scalers.pkl'}
Detected separate Keras model (models/feeder_11/LSTM_Change_in_Load_24hr_v1.1_Final_Forecasting_20250414170732.keras) and scalers (models/feeder_11/LSTM_Change_in_Load_24hr_v1.1_Final_Forecasting_20250414170732_scalers.pkl).
Downloading Keras model to: H:\My Drive\Barbados_Forecasting_Tool_Final\tmp\LSTM_Change_in_Load_24hr_v1.1_Final_Forecasting_20250414170732.keras
Keras model downloaded. Loading...
Keras model loaded.
Downloading scalers pickle to: H:\My Drive\Barbados_Forecasting_Tool_Final\tmp\LSTM_Change_in_Load_24hr_v1.1_Final_Forecasting_20250414170732_scalers.pkl
Scalers pickle downloaded. Loading...
Scalers pickle loaded.
Cleaned up temporary file: H:\My Drive\Barbados_Forecasting_Tool_Final\tmp\LSTM_Change_in_Load_24hr_v1.1_Final_Forecasting_20250414170732.keras
Cleaned up temporary file: H:\My Drive\Barbados_Forecasting_Tool_Final\tmp\LSTM_Change_in_Load_24hr_v1.1_Final_Forecasting_20250414170732_scalers.pkl
Preparing training and validation data using loaded scalers...
Starting feature engineering for scenario: 24hr...
Pivoting data into daily vectors...
Reshaped data: X shape (152, 177), y shape (152, 24)
Transforming data using provided scalers (X and y)...
Data transformed.
Starting feature engineering for scenario: 24hr...
Pivoting data into daily vectors...
Reshaped data: X shape (30, 177), y shape (30, 24)
Transforming data using provided scalers (X and y)...
Data transformed.
Starting Optuna optimization (25 trials)...

--- Optuna Trial 0 for LSTM_Change_in_Load ---
Trial 0: Training model...
Trial 0: Validation Score (mae, scaled) = 0.113378

--- Optuna Trial 1 for LSTM_Change_in_Load ---
Trial 1: Training model...
Trial 1: Validation Score (mae, scaled) = 0.282201

--- Optuna Trial 2 for LSTM_Change_in_Load ---
Trial 2: Training model...
Trial 2: Validation Score (mae, scaled) = 0.135808

--- Optuna Trial 3 for LSTM_Change_in_Load ---
Trial 3: Training model...
Trial 3: Validation Score (mae, scaled) = 0.105443

--- Optuna Trial 4 for LSTM_Change_in_Load ---
Trial 4: Training model...
Trial 4: Validation Score (mae, scaled) = 0.121909

--- Optuna Trial 5 for LSTM_Change_in_Load ---
Trial 5: Training model...
Trial 5: Validation Score (mae, scaled) = 0.160994

--- Optuna Trial 6 for LSTM_Change_in_Load ---
Trial 6: Training model...
Trial 6: Validation Score (mae, scaled) = 0.122172

--- Optuna Trial 7 for LSTM_Change_in_Load ---
Trial 7: Training model...
Trial 7: Validation Score (mae, scaled) = 0.167147

--- Optuna Trial 8 for LSTM_Change_in_Load ---
Trial 8: Training model...
Trial 8: Validation Score (mae, scaled) = 0.272514

--- Optuna Trial 9 for LSTM_Change_in_Load ---
Trial 9: Training model...
Trial 9: Validation Score (mae, scaled) = 0.130857

--- Optuna Trial 10 for LSTM_Change_in_Load ---
Trial 10: Training model...
Trial 10: Validation Score (mae, scaled) = 0.100534

--- Optuna Trial 11 for LSTM_Change_in_Load ---
Trial 11: Training model...
Trial 11: Validation Score (mae, scaled) = 0.099305

--- Optuna Trial 12 for LSTM_Change_in_Load ---
Trial 12: Training model...
Trial 12: Validation Score (mae, scaled) = 0.099910

--- Optuna Trial 13 for LSTM_Change_in_Load ---
Trial 13: Training model...
Trial 13: Validation Score (mae, scaled) = 0.103740

--- Optuna Trial 14 for LSTM_Change_in_Load ---
Trial 14: Training model...
Trial 14: Validation Score (mae, scaled) = 0.109292

--- Optuna Trial 15 for LSTM_Change_in_Load ---
Trial 15: Training model...
Trial 15: Validation Score (mae, scaled) = 0.110126

--- Optuna Trial 16 for LSTM_Change_in_Load ---
Trial 16: Training model...
Trial 16: Validation Score (mae, scaled) = 0.111197

--- Optuna Trial 17 for LSTM_Change_in_Load ---
Trial 17: Training model...
Trial 17: Validation Score (mae, scaled) = 0.112885

--- Optuna Trial 18 for LSTM_Change_in_Load ---
Trial 18: Training model...
Trial 18: Validation Score (mae, scaled) = 0.107538

--- Optuna Trial 19 for LSTM_Change_in_Load ---
Trial 19: Training model...
Trial 19: Validation Score (mae, scaled) = 0.108333

--- Optuna Trial 20 for LSTM_Change_in_Load ---
Trial 20: Training model...
Trial 20: Validation Score (mae, scaled) = 0.099169

--- Optuna Trial 21 for LSTM_Change_in_Load ---
Trial 21: Training model...
Trial 21: Validation Score (mae, scaled) = 0.104186

--- Optuna Trial 22 for LSTM_Change_in_Load ---
Trial 22: Training model...
Trial 22: Validation Score (mae, scaled) = 0.103521

--- Optuna Trial 23 for LSTM_Change_in_Load ---
Trial 23: Training model...
Trial 23: Validation Score (mae, scaled) = 0.119262

--- Optuna Trial 24 for LSTM_Change_in_Load ---
Trial 24: Training model...
Trial 24: Validation Score (mae, scaled) = 0.101988

--- Best Results for Feeder=11, Arch=LSTM_Change_in_Load, Scenario=24hr ---
Best Validation Score (mae, scaled): 0.099169
Best Hyperparameters:
  n_lstm_layers: 2
[I 2025-04-14 18:43:07,326] A new study created in memory with name: tune-12-LSTM_Baseload-24hr
[I 2025-04-14 18:43:14,592] Trial 0 finished with value: 0.07816846668720245 and parameters: {'n_lstm_layers': 2, 'lstm_units': 32, 'n_dense_layers': 0, 'lstm_dropout_0': 0.29268524117146627, 'lstm_dropout_1': 0.33599190868440854, 'learning_rate': 0.0001248465407259068}. Best is trial 0 with value: 0.07816846668720245.
[I 2025-04-14 18:43:22,249] Trial 1 finished with value: 0.05692011117935181 and parameters: {'n_lstm_layers': 2, 'lstm_units': 57, 'n_dense_layers': 2, 'lstm_dropout_0': 0.4387377048247204, 'lstm_dropout_1': 0.39252282009547035, 'dense_units_0': 28, 'dense_dropout_0': 0.3052457749393841, 'dense_units_1': 56, 'dense_dropout_1': 0.42541262682766556, 'learning_rate': 0.00042764054172493766}. Best is trial 1 with value: 0.05692011117935181.
[I 2025-04-14 18:43:29,346] Trial 2 finished with value: 0.03717690706253052 and parameters: {'n_lstm_layers': 2, 'lstm_units': 36, 'n_dense_layers': 0, 'lstm_dropout_0': 0.10806669686320239, 'lstm_dropout_1': 0.2692377246137603, 'learning_rate': 0.001449442539919632}. Best is trial 2 with value: 0.03717690706253052.
[I 2025-04-14 18:43:36,779] Trial 3 finished with value: 0.0971180871129036 and parameters: {'n_lstm_layers': 2, 'lstm_units': 56, 'n_dense_layers': 1, 'lstm_dropout_0': 0.42114472519678636, 'lstm_dropout_1': 0.32287045006905557, 'dense_units_0': 32, 'dense_dropout_0': 0.4887804015645224, 'learning_rate': 0.00021311185255567302}. Best is trial 2 with value: 0.03717690706253052.
[I 2025-04-14 18:43:41,336] Trial 4 finished with value: 0.039258427917957306 and parameters: {'n_lstm_layers': 1, 'lstm_units': 95, 'n_dense_layers': 1, 'lstm_dropout_0': 0.18196383820740758, 'dense_units_0': 34, 'dense_dropout_0': 0.37808316061887803, 'learning_rate': 0.0030290988783736534}. Best is trial 2 with value: 0.03717690706253052.
[I 2025-04-14 18:43:48,693] Trial 5 finished with value: 0.04611195623874664 and parameters: {'n_lstm_layers': 2, 'lstm_units': 123, 'n_dense_layers': 0, 'lstm_dropout_0': 0.2750144284330581, 'lstm_dropout_1': 0.31230208874164245, 'learning_rate': 0.0002845991143492626}. Best is trial 2 with value: 0.03717690706253052.
[I 2025-04-14 18:43:53,685] Trial 6 finished with value: 0.09912858158349991 and parameters: {'n_lstm_layers': 1, 'lstm_units': 75, 'n_dense_layers': 2, 'lstm_dropout_0': 0.4353833234330532, 'dense_units_0': 17, 'dense_dropout_0': 0.45031519510912277, 'dense_units_1': 35, 'dense_dropout_1': 0.42885101778179935, 'learning_rate': 0.000336298925899952}. Best is trial 2 with value: 0.03717690706253052.
[I 2025-04-14 18:44:01,011] Trial 7 finished with value: 0.03764914348721504 and parameters: {'n_lstm_layers': 2, 'lstm_units': 34, 'n_dense_layers': 2, 'lstm_dropout_0': 0.18974501081495956, 'lstm_dropout_1': 0.2072822918649273, 'dense_units_0': 42, 'dense_dropout_0': 0.11475414656487369, 'dense_units_1': 64, 'dense_dropout_1': 0.16350446668376023, 'learning_rate': 0.0006781801630902101}. Best is trial 2 with value: 0.03717690706253052.
[I 2025-04-14 18:44:05,753] Trial 8 finished with value: 0.04713866487145424 and parameters: {'n_lstm_layers': 1, 'lstm_units': 77, 'n_dense_layers': 0, 'lstm_dropout_0': 0.3736782847429371, 'learning_rate': 0.0005730708571557628}. Best is trial 2 with value: 0.03717690706253052.
[I 2025-04-14 18:44:10,153] Trial 9 finished with value: 0.039706408977508545 and parameters: {'n_lstm_layers': 1, 'lstm_units': 100, 'n_dense_layers': 1, 'lstm_dropout_0': 0.10698787730752164, 'dense_units_0': 47, 'dense_dropout_0': 0.14472532055400789, 'learning_rate': 0.0021222866471199515}. Best is trial 2 with value: 0.03717690706253052.
[I 2025-04-14 18:44:16,906] Trial 10 finished with value: 0.03452669084072113 and parameters: {'n_lstm_layers': 2, 'lstm_units': 43, 'n_dense_layers': 0, 'lstm_dropout_0': 0.10250517474993634, 'lstm_dropout_1': 0.10600047244373834, 'learning_rate': 0.005686222274679695}. Best is trial 10 with value: 0.03452669084072113.
[I 2025-04-14 18:44:24,005] Trial 11 finished with value: 0.03515664488077164 and parameters: {'n_lstm_layers': 2, 'lstm_units': 42, 'n_dense_layers': 0, 'lstm_dropout_0': 0.10444462407550476, 'lstm_dropout_1': 0.11214597331226284, 'learning_rate': 0.009962794303673738}. Best is trial 10 with value: 0.03452669084072113.
[I 2025-04-14 18:44:30,816] Trial 12 finished with value: 0.034338127821683884 and parameters: {'n_lstm_layers': 2, 'lstm_units': 45, 'n_dense_layers': 0, 'lstm_dropout_0': 0.18768761901327152, 'lstm_dropout_1': 0.10329113922841233, 'learning_rate': 0.009611312819031968}. Best is trial 12 with value: 0.034338127821683884.
[I 2025-04-14 18:44:39,661] Trial 13 finished with value: 0.03294532746076584 and parameters: {'n_lstm_layers': 2, 'lstm_units': 47, 'n_dense_layers': 0, 'lstm_dropout_0': 0.21530238431069615, 'lstm_dropout_1': 0.10445753810725922, 'learning_rate': 0.009140378008998012}. Best is trial 13 with value: 0.03294532746076584.
[I 2025-04-14 18:44:46,371] Trial 14 finished with value: 0.03481829911470413 and parameters: {'n_lstm_layers': 2, 'lstm_units': 46, 'n_dense_layers': 1, 'lstm_dropout_0': 0.2128241916650549, 'lstm_dropout_1': 0.488278665244996, 'dense_units_0': 63, 'dense_dropout_0': 0.21979340701858463, 'learning_rate': 0.009372090040934039}. Best is trial 13 with value: 0.03294532746076584.
[I 2025-04-14 18:44:53,064] Trial 15 finished with value: 0.035062648355960846 and parameters: {'n_lstm_layers': 2, 'lstm_units': 51, 'n_dense_layers': 0, 'lstm_dropout_0': 0.2254621992785191, 'lstm_dropout_1': 0.18367731523679123, 'learning_rate': 0.004091894545294993}. Best is trial 13 with value: 0.03294532746076584.
[I 2025-04-14 18:45:00,145] Trial 16 finished with value: 0.0333402156829834 and parameters: {'n_lstm_layers': 2, 'lstm_units': 65, 'n_dense_layers': 1, 'lstm_dropout_0': 0.34499010766597105, 'lstm_dropout_1': 0.18006350215525974, 'dense_units_0': 16, 'dense_dropout_0': 0.2824908051123021, 'learning_rate': 0.005523418104740992}. Best is trial 13 with value: 0.03294532746076584.
[I 2025-04-14 18:45:04,196] Trial 17 finished with value: 0.03860093653202057 and parameters: {'n_lstm_layers': 1, 'lstm_units': 67, 'n_dense_layers': 1, 'lstm_dropout_0': 0.3488520452824962, 'dense_units_0': 19, 'dense_dropout_0': 0.29489250581235676, 'learning_rate': 0.0051248141536112965}. Best is trial 13 with value: 0.03294532746076584.
[I 2025-04-14 18:45:11,861] Trial 18 finished with value: 0.038088150322437286 and parameters: {'n_lstm_layers': 2, 'lstm_units': 66, 'n_dense_layers': 2, 'lstm_dropout_0': 0.3452881732710296, 'lstm_dropout_1': 0.17731644323303197, 'dense_units_0': 24, 'dense_dropout_0': 0.23866357606548794, 'dense_units_1': 16, 'dense_dropout_1': 0.10299991823950772, 'learning_rate': 0.0022279647480246915}. Best is trial 13 with value: 0.03294532746076584.
[I 2025-04-14 18:45:19,271] Trial 19 finished with value: 0.04514206200838089 and parameters: {'n_lstm_layers': 2, 'lstm_units': 91, 'n_dense_layers': 1, 'lstm_dropout_0': 0.26819730035692585, 'lstm_dropout_1': 0.23018754373051747, 'dense_units_0': 21, 'dense_dropout_0': 0.37905000713088566, 'learning_rate': 0.0012849049486226742}. Best is trial 13 with value: 0.03294532746076584.
[I 2025-04-14 18:45:24,203] Trial 20 finished with value: 0.03616352379322052 and parameters: {'n_lstm_layers': 1, 'lstm_units': 55, 'n_dense_layers': 1, 'lstm_dropout_0': 0.48578547044092496, 'dense_units_0': 16, 'dense_dropout_0': 0.19049118514763633, 'learning_rate': 0.0061537269631544425}. Best is trial 13 with value: 0.03294532746076584.
[I 2025-04-14 18:45:30,428] Trial 21 finished with value: 0.03658958524465561 and parameters: {'n_lstm_layers': 2, 'lstm_units': 48, 'n_dense_layers': 0, 'lstm_dropout_0': 0.24638066240717765, 'lstm_dropout_1': 0.1396959806088305, 'learning_rate': 0.00828198933044641}. Best is trial 13 with value: 0.03294532746076584.
[I 2025-04-14 18:45:37,595] Trial 22 finished with value: 0.03552240878343582 and parameters: {'n_lstm_layers': 2, 'lstm_units': 38, 'n_dense_layers': 0, 'lstm_dropout_0': 0.15816963303397527, 'lstm_dropout_1': 0.1532673850407096, 'learning_rate': 0.0036089207148548006}. Best is trial 13 with value: 0.03294532746076584.
[I 2025-04-14 18:45:44,489] Trial 23 finished with value: 0.03564627096056938 and parameters: {'n_lstm_layers': 2, 'lstm_units': 41, 'n_dense_layers': 0, 'lstm_dropout_0': 0.32264919074670295, 'lstm_dropout_1': 0.11753381532912827, 'learning_rate': 0.006795528315051727}. Best is trial 13 with value: 0.03294532746076584.
