[I 2025-04-14 17:39:36,016] Trial 24 finished with value: 0.06780538707971573 and parameters: {'n_layers': 1, 'units_layer_0': 48, 'dropout_layer_0': 0.19490799897267605, 'learning_rate': 0.007691674714650258}. Best is trial 14 with value: 0.06172779202461243.

--- Optuna Trial 18 for LightGBM_Baseline ---
Trial 18: Training model...
Trial 18: Evaluating model...
Trial 18: Validation Score (mae, scaled) = 0.082489

--- Optuna Trial 19 for LightGBM_Baseline ---
Trial 19: Training model...
Trial 19: Evaluating model...
Trial 19: Validation Score (mae, scaled) = 0.083812

--- Optuna Trial 20 for LightGBM_Baseline ---
Trial 20: Training model...
Trial 20: Evaluating model...
Trial 20: Validation Score (mae, scaled) = 0.086132

--- Optuna Trial 21 for LightGBM_Baseline ---
Trial 21: Training model...
Trial 21: Evaluating model...
Trial 21: Validation Score (mae, scaled) = 0.084076

--- Optuna Trial 22 for LightGBM_Baseline ---
Trial 22: Training model...
Trial 22: Evaluating model...
Trial 22: Validation Score (mae, scaled) = 0.082889

--- Optuna Trial 23 for LightGBM_Baseline ---
Trial 23: Training model...
Trial 23: Evaluating model...
Trial 23: Validation Score (mae, scaled) = 0.085558

--- Optuna Trial 24 for LightGBM_Baseline ---
Trial 24: Training model...
Trial 24: Evaluating model...
Trial 24: Validation Score (mae, scaled) = 0.083909

--- Best Results for Feeder=1, Arch=LightGBM_Baseline, Scenario=24hr ---
Best Validation Score (mae, scaled): 0.082489
Best Hyperparameters:
  n_estimators: 97
  learning_rate: 0.143780173340082
  num_leaves: 47
  max_depth: 9
  min_child_samples: 20
  subsample: 0.8625111026367087
  colsample_bytree: 0.9981403657772591
  reg_alpha: 5.476285507534117e-06
  reg_lambda: 0.0003991187467010624

--- Tuning: Arch=LightGBM_Baseline, Scenario=Day ---
Loading existing model artifact to get scalers/columns...
Selecting model for Feeder 1, Arch: LightGBM_Baseline, Scenario: Day, Version: None
Error: No matching model found for criteria: Feeder=1, Arch=LightGBM_Baseline, Scenario=Day, Version=None
Warning: No existing model found for Feeder=1, Arch=LightGBM_Baseline, Scenario=Day. Cannot get scalers. Skipping.

--- Tuning: Arch=LightGBM_Baseline, Scenario=Night ---
Loading existing model artifact to get scalers/columns...
Selecting model for Feeder 1, Arch: LightGBM_Baseline, Scenario: Night, Version: None
Error: No matching model found for criteria: Feeder=1, Arch=LightGBM_Baseline, Scenario=Night, Version=None
Warning: No existing model found for Feeder=1, Arch=LightGBM_Baseline, Scenario=Night. Cannot get scalers. Skipping.

--- Tuning: Arch=ANN_Baseload, Scenario=24hr ---
Loading existing model artifact to get scalers/columns...
Selecting model for Feeder 1, Arch: ANN_Baseload, Scenario: 24hr, Version: None
Selected Model ID: 88, Version: v1.0_automated_training_20250414022040, Path Info: {"keras_model": "models/feeder_1/ANN_Baseload_24hr_v1.0_automated_training_20250414022040.keras", "scalers_pkl": "models/feeder_1/ANN_Baseload_24hr_v1.0_automated_training_20250414022040_scalers.pkl"}
Loading artifact(s) based on path info: {'keras_model': 'models/feeder_1/ANN_Baseload_24hr_v1.0_automated_training_20250414022040.keras', 'scalers_pkl': 'models/feeder_1/ANN_Baseload_24hr_v1.0_automated_training_20250414022040_scalers.pkl'}
Detected separate Keras model (models/feeder_1/ANN_Baseload_24hr_v1.0_automated_training_20250414022040.keras) and scalers (models/feeder_1/ANN_Baseload_24hr_v1.0_automated_training_20250414022040_scalers.pkl).
Downloading Keras model to: H:\My Drive\Barbados_Forecasting_Tool_Final\tmp\ANN_Baseload_24hr_v1.0_automated_training_20250414022040.keras
Keras model downloaded. Loading...
Keras model loaded.
Downloading scalers pickle to: H:\My Drive\Barbados_Forecasting_Tool_Final\tmp\ANN_Baseload_24hr_v1.0_automated_training_20250414022040_scalers.pkl
Scalers pickle downloaded. Loading...
Scalers pickle loaded.
Cleaned up temporary file: H:\My Drive\Barbados_Forecasting_Tool_Final\tmp\ANN_Baseload_24hr_v1.0_automated_training_20250414022040.keras
Cleaned up temporary file: H:\My Drive\Barbados_Forecasting_Tool_Final\tmp\ANN_Baseload_24hr_v1.0_automated_training_20250414022040_scalers.pkl
Preparing training and validation data using loaded scalers...
Starting feature engineering for scenario: 24hr...
Pivoting data into daily vectors...
Reshaped data: X shape (150, 177), y shape (150, 24)
Transforming data using provided scalers (X and y)...
Data transformed.
Starting feature engineering for scenario: 24hr...
Pivoting data into daily vectors...
Reshaped data: X shape (31, 177), y shape (31, 24)
Transforming data using provided scalers (X and y)...
Data transformed.
Starting Optuna optimization (25 trials)...

--- Optuna Trial 0 for ANN_Baseload ---
Trial 0: Training model...
Trial 0: Validation Score (mae, scaled) = 0.111631

--- Optuna Trial 1 for ANN_Baseload ---
Trial 1: Training model...
Trial 1: Validation Score (mae, scaled) = 0.110579

--- Optuna Trial 2 for ANN_Baseload ---
Trial 2: Training model...
Trial 2: Validation Score (mae, scaled) = 0.091296

--- Optuna Trial 3 for ANN_Baseload ---
Trial 3: Training model...
Trial 3: Validation Score (mae, scaled) = 0.099709

--- Optuna Trial 4 for ANN_Baseload ---
Trial 4: Training model...
Trial 4: Validation Score (mae, scaled) = 0.111964

--- Optuna Trial 5 for ANN_Baseload ---
Trial 5: Training model...
Trial 5: Validation Score (mae, scaled) = 0.108526

--- Optuna Trial 6 for ANN_Baseload ---
Trial 6: Training model...
Trial 6: Validation Score (mae, scaled) = 0.123380

--- Optuna Trial 7 for ANN_Baseload ---
Trial 7: Training model...
Trial 7: Validation Score (mae, scaled) = 0.119258

--- Optuna Trial 8 for ANN_Baseload ---
Trial 8: Training model...
Trial 8: Validation Score (mae, scaled) = 0.094941

--- Optuna Trial 9 for ANN_Baseload ---
Trial 9: Training model...
Trial 9: Validation Score (mae, scaled) = 0.125089

--- Optuna Trial 10 for ANN_Baseload ---
Trial 10: Training model...
Trial 10: Validation Score (mae, scaled) = 0.121440

--- Optuna Trial 11 for ANN_Baseload ---
Trial 11: Training model...
Trial 11: Validation Score (mae, scaled) = 0.091792

--- Optuna Trial 12 for ANN_Baseload ---
Trial 12: Training model...
Trial 12: Validation Score (mae, scaled) = 0.093574

--- Optuna Trial 13 for ANN_Baseload ---
Trial 13: Training model...
Trial 13: Validation Score (mae, scaled) = 0.096696

--- Optuna Trial 14 for ANN_Baseload ---
Trial 14: Training model...
Trial 14: Validation Score (mae, scaled) = 0.113173

--- Optuna Trial 15 for ANN_Baseload ---
Trial 15: Training model...
Trial 15: Validation Score (mae, scaled) = 0.117708

--- Optuna Trial 16 for ANN_Baseload ---
Trial 16: Training model...
Trial 16: Validation Score (mae, scaled) = 0.137435

--- Optuna Trial 17 for ANN_Baseload ---
Trial 17: Training model...
Trial 17: Validation Score (mae, scaled) = 0.117414

--- Optuna Trial 18 for ANN_Baseload ---
Trial 18: Training model...
Trial 18: Validation Score (mae, scaled) = 0.115352

--- Optuna Trial 19 for ANN_Baseload ---
Trial 19: Training model...
Trial 19: Validation Score (mae, scaled) = 0.094685

--- Optuna Trial 20 for ANN_Baseload ---
Trial 20: Training model...
Trial 20: Validation Score (mae, scaled) = 0.115495

--- Optuna Trial 21 for ANN_Baseload ---
Trial 21: Training model...
Trial 21: Validation Score (mae, scaled) = 0.092379

--- Optuna Trial 22 for ANN_Baseload ---
Trial 22: Training model...
Trial 22: Validation Score (mae, scaled) = 0.118932

--- Optuna Trial 23 for ANN_Baseload ---
Trial 23: Training model...
Trial 23: Validation Score (mae, scaled) = 0.089832

--- Optuna Trial 24 for ANN_Baseload ---
Trial 24: Training model...
Trial 24: Validation Score (mae, scaled) = 0.099024

--- Best Results for Feeder=1, Arch=ANN_Baseload, Scenario=24hr ---
Best Validation Score (mae, scaled): 0.089832
Best Hyperparameters:
  n_layers: 3
  units_layer_0: 255
  dropout_layer_0: 0.28062027452977767
  units_layer_1: 71
  dropout_layer_1: 0.2925653022404558
  units_layer_2: 131
  dropout_layer_2: 0.21331008677904822
  learning_rate: 0.003775193066223191

--- Tuning: Arch=ANN_Baseload, Scenario=Day ---
Loading existing model artifact to get scalers/columns...
[I 2025-04-14 17:39:37,945] A new study created in memory with name: tune-1-LSTM_Baseload-24hr
[I 2025-04-14 17:39:42,998] Trial 0 finished with value: 0.09212396293878555 and parameters: {'n_lstm_layers': 1, 'lstm_units': 70, 'n_dense_layers': 2, 'lstm_dropout_0': 0.15116259785819208, 'dense_units_0': 41, 'dense_dropout_0': 0.40106340752163916, 'dense_units_1': 54, 'dense_dropout_1': 0.3550948664759722, 'learning_rate': 0.008355545447979628}. Best is trial 0 with value: 0.09212396293878555.
[I 2025-04-14 17:39:48,065] Trial 1 finished with value: 0.10881919413805008 and parameters: {'n_lstm_layers': 1, 'lstm_units': 70, 'n_dense_layers': 2, 'lstm_dropout_0': 0.3703716288329373, 'dense_units_0': 64, 'dense_dropout_0': 0.28715216827911483, 'dense_units_1': 50, 'dense_dropout_1': 0.43802272062937764, 'learning_rate': 0.001518343197193882}. Best is trial 0 with value: 0.09212396293878555.
[I 2025-04-14 17:39:53,903] Trial 2 finished with value: 0.11378005146980286 and parameters: {'n_lstm_layers': 2, 'lstm_units': 42, 'n_dense_layers': 1, 'lstm_dropout_0': 0.4526521759615668, 'lstm_dropout_1': 0.46248603431433466, 'dense_units_0': 47, 'dense_dropout_0': 0.2901332734412697, 'learning_rate': 0.008692571285786916}. Best is trial 0 with value: 0.09212396293878555.
[I 2025-04-14 17:39:58,008] Trial 3 finished with value: 0.09083603322505951 and parameters: {'n_lstm_layers': 1, 'lstm_units': 38, 'n_dense_layers': 0, 'lstm_dropout_0': 0.17914611927753615, 'learning_rate': 0.005304692511124775}. Best is trial 3 with value: 0.09083603322505951.
[I 2025-04-14 17:40:03,038] Trial 4 finished with value: 0.10129924863576889 and parameters: {'n_lstm_layers': 1, 'lstm_units': 79, 'n_dense_layers': 1, 'lstm_dropout_0': 0.43052619686493754, 'dense_units_0': 17, 'dense_dropout_0': 0.44770679208572295, 'learning_rate': 0.001306042211852384}. Best is trial 3 with value: 0.09083603322505951.
[I 2025-04-14 17:40:07,590] Trial 5 finished with value: 0.09473246335983276 and parameters: {'n_lstm_layers': 1, 'lstm_units': 117, 'n_dense_layers': 1, 'lstm_dropout_0': 0.4877801064118421, 'dense_units_0': 60, 'dense_dropout_0': 0.25274071942982457, 'learning_rate': 0.0010989826140784234}. Best is trial 3 with value: 0.09083603322505951.
[I 2025-04-14 17:40:14,466] Trial 6 finished with value: 0.08702300488948822 and parameters: {'n_lstm_layers': 2, 'lstm_units': 54, 'n_dense_layers': 0, 'lstm_dropout_0': 0.21969691399188274, 'lstm_dropout_1': 0.28824467955746585, 'learning_rate': 0.002418396142255863}. Best is trial 6 with value: 0.08702300488948822.
[I 2025-04-14 17:40:21,990] Trial 7 finished with value: 0.11420147866010666 and parameters: {'n_lstm_layers': 2, 'lstm_units': 36, 'n_dense_layers': 1, 'lstm_dropout_0': 0.36506964280440235, 'lstm_dropout_1': 0.4096388816449261, 'dense_units_0': 23, 'dense_dropout_0': 0.2532756383010414, 'learning_rate': 0.0006439696931561749}. Best is trial 6 with value: 0.08702300488948822.
[I 2025-04-14 17:40:28,921] Trial 8 finished with value: 0.11624859273433685 and parameters: {'n_lstm_layers': 2, 'lstm_units': 83, 'n_dense_layers': 2, 'lstm_dropout_0': 0.49051186963102644, 'lstm_dropout_1': 0.4412503441450334, 'dense_units_0': 53, 'dense_dropout_0': 0.25753238777467546, 'dense_units_1': 52, 'dense_dropout_1': 0.1426336775117798, 'learning_rate': 0.0006073427204721688}. Best is trial 6 with value: 0.08702300488948822.
[I 2025-04-14 17:40:36,194] Trial 9 finished with value: 0.11645082384347916 and parameters: {'n_lstm_layers': 2, 'lstm_units': 55, 'n_dense_layers': 2, 'lstm_dropout_0': 0.10148819757828771, 'lstm_dropout_1': 0.1411613866903217, 'dense_units_0': 23, 'dense_dropout_0': 0.2232799842389492, 'dense_units_1': 17, 'dense_dropout_1': 0.4337562362822437, 'learning_rate': 0.0013727409888000224}. Best is trial 6 with value: 0.08702300488948822.
[I 2025-04-14 17:40:43,887] Trial 10 finished with value: 0.10968763381242752 and parameters: {'n_lstm_layers': 2, 'lstm_units': 51, 'n_dense_layers': 0, 'lstm_dropout_0': 0.24944468904247033, 'lstm_dropout_1': 0.2353609853756063, 'learning_rate': 0.0001223409960353462}. Best is trial 6 with value: 0.08702300488948822.
[I 2025-04-14 17:40:48,540] Trial 11 finished with value: 0.08667498826980591 and parameters: {'n_lstm_layers': 1, 'lstm_units': 33, 'n_dense_layers': 0, 'lstm_dropout_0': 0.22482392395035428, 'learning_rate': 0.0035024953365389365}. Best is trial 11 with value: 0.08667498826980591.
[I 2025-04-14 17:40:56,022] Trial 12 finished with value: 0.0943293571472168 and parameters: {'n_lstm_layers': 2, 'lstm_units': 32, 'n_dense_layers': 0, 'lstm_dropout_0': 0.2609595117158239, 'lstm_dropout_1': 0.30341340726721716, 'learning_rate': 0.0030206070631002466}. Best is trial 11 with value: 0.08667498826980591.
[I 2025-04-14 17:41:00,944] Trial 13 finished with value: 0.0886358693242073 and parameters: {'n_lstm_layers': 1, 'lstm_units': 47, 'n_dense_layers': 0, 'lstm_dropout_0': 0.21010235112781556, 'learning_rate': 0.0028568884035975505}. Best is trial 11 with value: 0.08667498826980591.
[I 2025-04-14 17:41:05,251] Trial 14 finished with value: 0.08725043386220932 and parameters: {'n_lstm_layers': 1, 'lstm_units': 101, 'n_dense_layers': 0, 'lstm_dropout_0': 0.31154739088031713, 'learning_rate': 0.003483225988657287}. Best is trial 11 with value: 0.08667498826980591.
[I 2025-04-14 17:41:13,289] Trial 15 finished with value: 0.11342159658670425 and parameters: {'n_lstm_layers': 2, 'lstm_units': 58, 'n_dense_layers': 0, 'lstm_dropout_0': 0.27150504115153956, 'lstm_dropout_1': 0.31357599977387624, 'learning_rate': 0.00027088772803431565}. Best is trial 11 with value: 0.08667498826980591.
[I 2025-04-14 17:41:20,886] Trial 16 finished with value: 0.08231374621391296 and parameters: {'n_lstm_layers': 2, 'lstm_units': 44, 'n_dense_layers': 0, 'lstm_dropout_0': 0.20505835763267546, 'lstm_dropout_1': 0.11259093026249084, 'learning_rate': 0.0022551761476824477}. Best is trial 16 with value: 0.08231374621391296.
[I 2025-04-14 17:41:25,877] Trial 17 finished with value: 0.085531085729599 and parameters: {'n_lstm_layers': 1, 'lstm_units': 32, 'n_dense_layers': 1, 'lstm_dropout_0': 0.14689433600491336, 'dense_units_0': 33, 'dense_dropout_0': 0.12191345977862006, 'learning_rate': 0.004918427789174408}. Best is trial 16 with value: 0.08231374621391296.
[I 2025-04-14 17:41:32,689] Trial 18 finished with value: 0.08929216116666794 and parameters: {'n_lstm_layers': 2, 'lstm_units': 44, 'n_dense_layers': 1, 'lstm_dropout_0': 0.10119978781831104, 'lstm_dropout_1': 0.10129900470112724, 'dense_units_0': 32, 'dense_dropout_0': 0.1326331350063544, 'learning_rate': 0.004639630199171651}. Best is trial 16 with value: 0.08231374621391296.
[I 2025-04-14 17:41:37,929] Trial 19 finished with value: 0.09873601794242859 and parameters: {'n_lstm_layers': 1, 'lstm_units': 40, 'n_dense_layers': 1, 'lstm_dropout_0': 0.15311956243696495, 'dense_units_0': 34, 'dense_dropout_0': 0.10165608171099161, 'learning_rate': 0.0006037958506908482}. Best is trial 16 with value: 0.08231374621391296.
[I 2025-04-14 17:41:43,039] Trial 20 finished with value: 0.09448721259832382 and parameters: {'n_lstm_layers': 1, 'lstm_units': 37, 'n_dense_layers': 1, 'lstm_dropout_0': 0.16552782879195144, 'dense_units_0': 24, 'dense_dropout_0': 0.17716508766651387, 'learning_rate': 0.0020087832108438655}. Best is trial 16 with value: 0.08231374621391296.
[I 2025-04-14 17:41:47,472] Trial 21 finished with value: 0.0914258286356926 and parameters: {'n_lstm_layers': 1, 'lstm_units': 32, 'n_dense_layers': 0, 'lstm_dropout_0': 0.21083847939106415, 'learning_rate': 0.00548998387488859}. Best is trial 16 with value: 0.08231374621391296.
[I 2025-04-14 17:41:52,272] Trial 22 finished with value: 0.0893004760146141 and parameters: {'n_lstm_layers': 1, 'lstm_units': 32, 'n_dense_layers': 0, 'lstm_dropout_0': 0.3059995895058225, 'learning_rate': 0.005916724213833879}. Best is trial 16 with value: 0.08231374621391296.
[I 2025-04-14 17:41:56,037] Trial 23 finished with value: 0.09018538147211075 and parameters: {'n_lstm_layers': 1, 'lstm_units': 47, 'n_dense_layers': 0, 'lstm_dropout_0': 0.125766151011982, 'learning_rate': 0.003949917991256077}. Best is trial 16 with value: 0.08231374621391296.
[I 2025-04-14 17:42:00,940] Trial 24 finished with value: 0.11416984349489212 and parameters: {'n_lstm_layers': 1, 'lstm_units': 35, 'n_dense_layers': 1, 'lstm_dropout_0': 0.19017555734923078, 'dense_units_0': 16, 'dense_dropout_0': 0.37536832708214246, 'learning_rate': 0.0019125069448130679}. Best is trial 16 with value: 0.08231374621391296.
[I 2025-04-14 17:42:02,838] A new study created in memory with name: tune-1-LSTM_Change_in_Load-24hr
