[I 2025-04-14 18:08:20,219] Trial 12 finished with value: 0.13966551885462178 and parameters: {'n_estimators': 222, 'learning_rate': 0.2632578459893276, 'num_leaves': 59, 'max_depth': 12, 'min_child_samples': 6, 'subsample': 0.8874858160094808, 'colsample_bytree': 0.9899457317889317, 'reg_alpha': 4.656372225185219e-05, 'reg_lambda': 0.00011486004059161992}. Best is trial 11 with value: 0.13722516645013813.
Loading artifact(s) based on path info: {'keras_model': 'models/feeder_5/LSTM_Baseload_24hr_v1.1_Final_Forecasting_20250414170501.keras', 'scalers_pkl': 'models/feeder_5/LSTM_Baseload_24hr_v1.1_Final_Forecasting_20250414170501_scalers.pkl'}
Detected separate Keras model (models/feeder_5/LSTM_Baseload_24hr_v1.1_Final_Forecasting_20250414170501.keras) and scalers (models/feeder_5/LSTM_Baseload_24hr_v1.1_Final_Forecasting_20250414170501_scalers.pkl).
Downloading Keras model to: H:\My Drive\Barbados_Forecasting_Tool_Final\tmp\LSTM_Baseload_24hr_v1.1_Final_Forecasting_20250414170501.keras
Keras model downloaded. Loading...
Keras model loaded.
Downloading scalers pickle to: H:\My Drive\Barbados_Forecasting_Tool_Final\tmp\LSTM_Baseload_24hr_v1.1_Final_Forecasting_20250414170501_scalers.pkl
Scalers pickle downloaded. Loading...
Scalers pickle loaded.
Cleaned up temporary file: H:\My Drive\Barbados_Forecasting_Tool_Final\tmp\LSTM_Baseload_24hr_v1.1_Final_Forecasting_20250414170501.keras
Cleaned up temporary file: H:\My Drive\Barbados_Forecasting_Tool_Final\tmp\LSTM_Baseload_24hr_v1.1_Final_Forecasting_20250414170501_scalers.pkl
Preparing training and validation data using loaded scalers...
Starting feature engineering for scenario: 24hr...
Pivoting data into daily vectors...
Reshaped data: X shape (150, 177), y shape (150, 24)
Transforming data using provided scalers (X and y)...
Data transformed.
Starting feature engineering for scenario: 24hr...
Pivoting data into daily vectors...
Reshaped data: X shape (32, 177), y shape (32, 24)
Transforming data using provided scalers (X and y)...
Data transformed.
Starting Optuna optimization (25 trials)...

--- Optuna Trial 0 for LSTM_Baseload ---
Trial 0: Training model...
Trial 0: Validation Score (mae, scaled) = 0.152297

--- Optuna Trial 1 for LSTM_Baseload ---
Trial 1: Training model...
Trial 1: Validation Score (mae, scaled) = 0.146567

--- Optuna Trial 2 for LSTM_Baseload ---
Trial 2: Training model...
Trial 2: Validation Score (mae, scaled) = 0.195094

--- Optuna Trial 3 for LSTM_Baseload ---
Trial 3: Training model...
Trial 3: Validation Score (mae, scaled) = 0.259461

--- Optuna Trial 4 for LSTM_Baseload ---
Trial 4: Training model...
Trial 4: Validation Score (mae, scaled) = 0.125448

--- Optuna Trial 5 for LSTM_Baseload ---
Trial 5: Training model...
Trial 5: Validation Score (mae, scaled) = 0.142353

--- Optuna Trial 6 for LSTM_Baseload ---
Trial 6: Training model...
Trial 6: Validation Score (mae, scaled) = 0.165412

--- Optuna Trial 7 for LSTM_Baseload ---
Trial 7: Training model...
Trial 7: Validation Score (mae, scaled) = 0.291246

--- Optuna Trial 8 for LSTM_Baseload ---
Trial 8: Training model...
Trial 8: Validation Score (mae, scaled) = 0.139517

--- Optuna Trial 9 for LSTM_Baseload ---
Trial 9: Training model...
Trial 9: Validation Score (mae, scaled) = 0.127396

--- Optuna Trial 10 for LSTM_Baseload ---
Trial 10: Training model...
Trial 10: Validation Score (mae, scaled) = 0.147518

--- Optuna Trial 11 for LSTM_Baseload ---
Trial 11: Training model...
Trial 11: Validation Score (mae, scaled) = 0.132288

--- Optuna Trial 12 for LSTM_Baseload ---
Trial 12: Training model...
Trial 12: Validation Score (mae, scaled) = 0.127704

--- Optuna Trial 13 for LSTM_Baseload ---
Trial 13: Training model...
Trial 13: Validation Score (mae, scaled) = 0.135088

--- Optuna Trial 14 for LSTM_Baseload ---
Trial 14: Training model...
Trial 14: Validation Score (mae, scaled) = 0.131503

--- Optuna Trial 15 for LSTM_Baseload ---
Trial 15: Training model...
Trial 15: Validation Score (mae, scaled) = 0.137818

--- Optuna Trial 16 for LSTM_Baseload ---
Trial 16: Training model...
Trial 16: Validation Score (mae, scaled) = 0.126815

--- Optuna Trial 17 for LSTM_Baseload ---
Trial 17: Training model...
Trial 17: Validation Score (mae, scaled) = 0.146545

--- Optuna Trial 18 for LSTM_Baseload ---
Trial 18: Training model...
Trial 18: Validation Score (mae, scaled) = 0.135748

--- Optuna Trial 19 for LSTM_Baseload ---
Trial 19: Training model...
Trial 19: Validation Score (mae, scaled) = 0.133665

--- Optuna Trial 20 for LSTM_Baseload ---
Trial 20: Training model...
Trial 20: Validation Score (mae, scaled) = 0.133009

--- Optuna Trial 21 for LSTM_Baseload ---
Trial 21: Training model...
Trial 21: Validation Score (mae, scaled) = 0.128078

--- Optuna Trial 22 for LSTM_Baseload ---
Trial 22: Training model...
Trial 22: Validation Score (mae, scaled) = 0.126792

--- Optuna Trial 23 for LSTM_Baseload ---
Trial 23: Training model...
Trial 23: Validation Score (mae, scaled) = 0.131090

--- Optuna Trial 24 for LSTM_Baseload ---
Trial 24: Training model...
Trial 24: Validation Score (mae, scaled) = 0.126329

--- Best Results for Feeder=5, Arch=LSTM_Baseload, Scenario=24hr ---
Best Validation Score (mae, scaled): 0.125448
Best Hyperparameters:
  n_lstm_layers: 2
  lstm_units: 108
  n_dense_layers: 0
  lstm_dropout_0: 0.1702998075739121
  lstm_dropout_1: 0.2739042036232272
  learning_rate: 0.0016927465122475217

--- Tuning: Arch=LSTM_Baseload, Scenario=Day ---
Loading existing model artifact to get scalers/columns...
Selecting model for Feeder 5, Arch: LSTM_Baseload, Scenario: Day, Version: None
Error: No matching model found for criteria: Feeder=5, Arch=LSTM_Baseload, Scenario=Day, Version=None
Warning: No existing model found for Feeder=5, Arch=LSTM_Baseload, Scenario=Day. Cannot get scalers. Skipping.

--- Tuning: Arch=LSTM_Baseload, Scenario=Night ---
Loading existing model artifact to get scalers/columns...
Selecting model for Feeder 5, Arch: LSTM_Baseload, Scenario: Night, Version: None
Error: No matching model found for criteria: Feeder=5, Arch=LSTM_Baseload, Scenario=Night, Version=None
Warning: No existing model found for Feeder=5, Arch=LSTM_Baseload, Scenario=Night. Cannot get scalers. Skipping.

--- Tuning: Arch=LSTM_Change_in_Load, Scenario=24hr ---
Loading existing model artifact to get scalers/columns...
Selecting model for Feeder 5, Arch: LSTM_Change_in_Load, Scenario: 24hr, Version: None
Selected Model ID: 158, Version: v1.1_Final_Forecasting_20250414170510, Path Info: {"keras_model": "models/feeder_5/LSTM_Change_in_Load_24hr_v1.1_Final_Forecasting_20250414170510.keras", "scalers_pkl": "models/feeder_5/LSTM_Change_in_Load_24hr_v1.1_Final_Forecasting_20250414170510_scalers.pkl"}
Loading artifact(s) based on path info: {'keras_model': 'models/feeder_5/LSTM_Change_in_Load_24hr_v1.1_Final_Forecasting_20250414170510.keras', 'scalers_pkl': 'models/feeder_5/LSTM_Change_in_Load_24hr_v1.1_Final_Forecasting_20250414170510_scalers.pkl'}
Detected separate Keras model (models/feeder_5/LSTM_Change_in_Load_24hr_v1.1_Final_Forecasting_20250414170510.keras) and scalers (models/feeder_5/LSTM_Change_in_Load_24hr_v1.1_Final_Forecasting_20250414170510_scalers.pkl).
Downloading Keras model to: H:\My Drive\Barbados_Forecasting_Tool_Final\tmp\LSTM_Change_in_Load_24hr_v1.1_Final_Forecasting_20250414170510.keras
Keras model downloaded. Loading...
Keras model loaded.
Downloading scalers pickle to: H:\My Drive\Barbados_Forecasting_Tool_Final\tmp\LSTM_Change_in_Load_24hr_v1.1_Final_Forecasting_20250414170510_scalers.pkl
Scalers pickle downloaded. Loading...
Scalers pickle loaded.
Cleaned up temporary file: H:\My Drive\Barbados_Forecasting_Tool_Final\tmp\LSTM_Change_in_Load_24hr_v1.1_Final_Forecasting_20250414170510.keras
Cleaned up temporary file: H:\My Drive\Barbados_Forecasting_Tool_Final\tmp\LSTM_Change_in_Load_24hr_v1.1_Final_Forecasting_20250414170510_scalers.pkl
Preparing training and validation data using loaded scalers...
Starting feature engineering for scenario: 24hr...
Pivoting data into daily vectors...
Reshaped data: X shape (150, 177), y shape (150, 24)
Transforming data using provided scalers (X and y)...
Data transformed.
Starting feature engineering for scenario: 24hr...
Pivoting data into daily vectors...
Reshaped data: X shape (32, 177), y shape (32, 24)
Transforming data using provided scalers (X and y)...
Data transformed.
[I 2025-04-14 18:08:21,468] Trial 13 finished with value: 0.1469420253988691 and parameters: {'n_estimators': 143, 'learning_rate': 0.2693494512972031, 'num_leaves': 53, 'max_depth': 11, 'min_child_samples': 16, 'subsample': 0.9272450143693377, 'colsample_bytree': 0.9978523874919925, 'reg_alpha': 3.4809504559210943e-06, 'reg_lambda': 1.380772955751217e-05}. Best is trial 11 with value: 0.13722516645013813.
[I 2025-04-14 18:08:23,042] Trial 14 finished with value: 0.15849176710241653 and parameters: {'n_estimators': 197, 'learning_rate': 0.02495273429106795, 'num_leaves': 48, 'max_depth': 10, 'min_child_samples': 17, 'subsample': 0.8267142632289745, 'colsample_bytree': 0.9104565488717868, 'reg_alpha': 0.0008202634289481034, 'reg_lambda': 0.0010120321188089331}. Best is trial 11 with value: 0.13722516645013813.
[I 2025-04-14 18:08:25,750] Trial 15 finished with value: 0.1440084205146354 and parameters: {'n_estimators': 261, 'learning_rate': 0.07735696190960717, 'num_leaves': 60, 'max_depth': 11, 'min_child_samples': 11, 'subsample': 0.9879107514623318, 'colsample_bytree': 0.9067947821299144, 'reg_alpha': 0.000553325593621412, 'reg_lambda': 7.1547081498139225e-06}. Best is trial 11 with value: 0.13722516645013813.
[I 2025-04-14 18:08:28,198] Trial 16 finished with value: 0.1397247992356235 and parameters: {'n_estimators': 147, 'learning_rate': 0.13155046134272044, 'num_leaves': 48, 'max_depth': 12, 'min_child_samples': 5, 'subsample': 0.9014879188078483, 'colsample_bytree': 0.9006887104842016, 'reg_alpha': 2.8535704687552164e-06, 'reg_lambda': 0.0017424411094461773}. Best is trial 11 with value: 0.13722516645013813.
[I 2025-04-14 18:08:30,524] Trial 17 finished with value: 0.14689862908113946 and parameters: {'n_estimators': 213, 'learning_rate': 0.050324088940428474, 'num_leaves': 54, 'max_depth': 10, 'min_child_samples': 12, 'subsample': 0.7897256333295087, 'colsample_bytree': 0.9483050883364755, 'reg_alpha': 0.000472505112193958, 'reg_lambda': 1.0331778620891632e-06}. Best is trial 11 with value: 0.13722516645013813.
[I 2025-04-14 18:08:32,009] Trial 18 finished with value: 0.16913775331672176 and parameters: {'n_estimators': 255, 'learning_rate': 0.015671430046617828, 'num_leaves': 60, 'max_depth': 11, 'min_child_samples': 22, 'subsample': 0.8571655114948526, 'colsample_bytree': 0.8510962755955345, 'reg_alpha': 6.787672781990435e-06, 'reg_lambda': 2.926897296999219e-05}. Best is trial 11 with value: 0.13722516645013813.
[I 2025-04-14 18:08:33,164] Trial 19 finished with value: 0.1540078901604701 and parameters: {'n_estimators': 154, 'learning_rate': 0.1629057041795089, 'num_leaves': 48, 'max_depth': 10, 'min_child_samples': 20, 'subsample': 0.9320526420756124, 'colsample_bytree': 0.9471550568715813, 'reg_alpha': 5.104251641771688e-07, 'reg_lambda': 0.0004588458019824413}. Best is trial 11 with value: 0.13722516645013813.
[I 2025-04-14 18:08:33,937] Trial 20 finished with value: 0.20292750316201272 and parameters: {'n_estimators': 208, 'learning_rate': 0.05052230400740554, 'num_leaves': 54, 'max_depth': 8, 'min_child_samples': 49, 'subsample': 0.8086718757748931, 'colsample_bytree': 0.8459104141693045, 'reg_alpha': 0.004102269703547504, 'reg_lambda': 0.007135736759384669}. Best is trial 11 with value: 0.13722516645013813.
[I 2025-04-14 18:08:37,671] Trial 21 finished with value: 0.13950099925792447 and parameters: {'n_estimators': 227, 'learning_rate': 0.2987529060809185, 'num_leaves': 60, 'max_depth': 12, 'min_child_samples': 6, 'subsample': 0.8866487628925627, 'colsample_bytree': 0.9747610594728273, 'reg_alpha': 6.167566162838338e-05, 'reg_lambda': 0.00010604199931431371}. Best is trial 11 with value: 0.13722516645013813.
[I 2025-04-14 18:08:41,990] Trial 22 finished with value: 0.13308493203446017 and parameters: {'n_estimators': 253, 'learning_rate': 0.29471490959730323, 'num_leaves': 56, 'max_depth': 12, 'min_child_samples': 5, 'subsample': 0.870653286534444, 'colsample_bytree': 0.9497587992545666, 'reg_alpha': 0.0001289760492381335, 'reg_lambda': 5.059092462761579e-05}. Best is trial 22 with value: 0.13308493203446017.
[I 2025-04-14 18:08:44,713] Trial 23 finished with value: 0.13714144112124588 and parameters: {'n_estimators': 257, 'learning_rate': 0.15534282642146022, 'num_leaves': 51, 'max_depth': 11, 'min_child_samples': 10, 'subsample': 0.9434431749951101, 'colsample_bytree': 0.9354009409502453, 'reg_alpha': 0.0002653121638668085, 'reg_lambda': 3.79037835056983e-05}. Best is trial 22 with value: 0.13308493203446017.
[I 2025-04-14 18:08:47,215] Trial 24 finished with value: 0.14310045529366414 and parameters: {'n_estimators': 265, 'learning_rate': 0.13910380481448328, 'num_leaves': 43, 'max_depth': 11, 'min_child_samples': 12, 'subsample': 0.9372471480466211, 'colsample_bytree': 0.8960310507307275, 'reg_alpha': 0.002073436061591255, 'reg_lambda': 8.512270132499527e-07}. Best is trial 22 with value: 0.13308493203446017.
[I 2025-04-14 18:08:50,467] A new study created in memory with name: tune-6-LSTM_Baseload-24hr
[I 2025-04-14 18:08:58,332] Trial 0 finished with value: 0.28255125880241394 and parameters: {'n_lstm_layers': 2, 'lstm_units': 35, 'n_dense_layers': 2, 'lstm_dropout_0': 0.11691409775732856, 'lstm_dropout_1': 0.3309995032431835, 'dense_units_0': 27, 'dense_dropout_0': 0.40354069616942556, 'dense_units_1': 30, 'dense_dropout_1': 0.3382731481969308, 'learning_rate': 0.00029043235255807944}. Best is trial 0 with value: 0.28255125880241394.
[I 2025-04-14 18:09:03,319] Trial 1 finished with value: 0.15399815142154694 and parameters: {'n_lstm_layers': 1, 'lstm_units': 44, 'n_dense_layers': 1, 'lstm_dropout_0': 0.1361843572874642, 'dense_units_0': 27, 'dense_dropout_0': 0.4179055910890306, 'learning_rate': 0.0007129262490002157}. Best is trial 1 with value: 0.15399815142154694.
