[I 2025-04-14 18:29:03,078] Trial 24 finished with value: 0.1246839165687561 and parameters: {'n_lstm_layers': 2, 'lstm_units': 85, 'n_dense_layers': 1, 'lstm_dropout_0': 0.26153132920008193, 'lstm_dropout_1': 0.29724158168475334, 'dense_units_0': 62, 'dense_dropout_0': 0.39878819465143894, 'learning_rate': 0.005054799244724986}. Best is trial 19 with value: 0.1188216507434845.
Transforming data using provided scalers (X and y)...
Data transformed.
Starting Optuna optimization (25 trials)...

--- Optuna Trial 0 for LightGBM_Baseline ---
Trial 0: Training model...
Trial 0: Evaluating model...
Trial 0: Validation Score (mae, scaled) = 0.115566

--- Optuna Trial 1 for LightGBM_Baseline ---
Trial 1: Training model...
Trial 1: Evaluating model...
Trial 1: Validation Score (mae, scaled) = 0.166722

--- Optuna Trial 2 for LightGBM_Baseline ---
Trial 2: Training model...
Trial 2: Evaluating model...
Trial 2: Validation Score (mae, scaled) = 0.156648

--- Optuna Trial 3 for LightGBM_Baseline ---
Trial 3: Training model...
Trial 3: Evaluating model...
Trial 3: Validation Score (mae, scaled) = 0.117334

--- Optuna Trial 4 for LightGBM_Baseline ---
Trial 4: Training model...
Trial 4: Evaluating model...
Trial 4: Validation Score (mae, scaled) = 0.114502

--- Optuna Trial 5 for LightGBM_Baseline ---
Trial 5: Training model...
Trial 5: Evaluating model...
Trial 5: Validation Score (mae, scaled) = 0.166722

--- Optuna Trial 6 for LightGBM_Baseline ---
Trial 6: Training model...
Trial 6: Evaluating model...
Trial 6: Validation Score (mae, scaled) = 0.116210

--- Optuna Trial 7 for LightGBM_Baseline ---
Trial 7: Training model...
Trial 7: Evaluating model...
Trial 7: Validation Score (mae, scaled) = 0.144658

--- Optuna Trial 8 for LightGBM_Baseline ---
Trial 8: Training model...
Trial 8: Evaluating model...
Trial 8: Validation Score (mae, scaled) = 0.115968

--- Optuna Trial 9 for LightGBM_Baseline ---
Trial 9: Training model...
Trial 9: Evaluating model...
Trial 9: Validation Score (mae, scaled) = 0.130522

--- Optuna Trial 10 for LightGBM_Baseline ---
Trial 10: Training model...
Trial 10: Evaluating model...
Trial 10: Validation Score (mae, scaled) = 0.136823

--- Optuna Trial 11 for LightGBM_Baseline ---
Trial 11: Training model...
Trial 11: Evaluating model...
Trial 11: Validation Score (mae, scaled) = 0.116927

--- Optuna Trial 12 for LightGBM_Baseline ---
Trial 12: Training model...
Trial 12: Evaluating model...
Trial 12: Validation Score (mae, scaled) = 0.117579

--- Optuna Trial 13 for LightGBM_Baseline ---
Trial 13: Training model...
Trial 13: Evaluating model...
Trial 13: Validation Score (mae, scaled) = 0.114692

--- Optuna Trial 14 for LightGBM_Baseline ---
Trial 14: Training model...
Trial 14: Evaluating model...
Trial 14: Validation Score (mae, scaled) = 0.115906

--- Optuna Trial 15 for LightGBM_Baseline ---
Trial 15: Training model...
Trial 15: Evaluating model...
Trial 15: Validation Score (mae, scaled) = 0.116151

--- Optuna Trial 16 for LightGBM_Baseline ---
Trial 16: Training model...
Trial 16: Evaluating model...
Trial 16: Validation Score (mae, scaled) = 0.116400

--- Optuna Trial 17 for LightGBM_Baseline ---
Trial 17: Training model...
Trial 17: Evaluating model...
Trial 17: Validation Score (mae, scaled) = 0.115238

--- Optuna Trial 18 for LightGBM_Baseline ---
Trial 18: Training model...
Trial 18: Evaluating model...
Trial 18: Validation Score (mae, scaled) = 0.117182

--- Optuna Trial 19 for LightGBM_Baseline ---
Trial 19: Training model...
Trial 19: Evaluating model...
Trial 19: Validation Score (mae, scaled) = 0.120460

--- Optuna Trial 20 for LightGBM_Baseline ---
Trial 20: Training model...
Trial 20: Evaluating model...
Trial 20: Validation Score (mae, scaled) = 0.120553

--- Optuna Trial 21 for LightGBM_Baseline ---
Trial 21: Training model...
Trial 21: Evaluating model...
Trial 21: Validation Score (mae, scaled) = 0.116277

--- Optuna Trial 22 for LightGBM_Baseline ---
Trial 22: Training model...
Trial 22: Evaluating model...
Trial 22: Validation Score (mae, scaled) = 0.116291

--- Optuna Trial 23 for LightGBM_Baseline ---
Trial 23: Training model...
Trial 23: Evaluating model...
Trial 23: Validation Score (mae, scaled) = 0.117449

--- Optuna Trial 24 for LightGBM_Baseline ---
Trial 24: Training model...
Trial 24: Evaluating model...
Trial 24: Validation Score (mae, scaled) = 0.114615

--- Best Results for Feeder=9, Arch=LightGBM_Baseline, Scenario=24hr ---
Best Validation Score (mae, scaled): 0.114502
Best Hyperparameters:
  n_estimators: 77
  learning_rate: 0.09788147429902692
  num_leaves: 23
  max_depth: 10
  min_child_samples: 23
  subsample: 0.974354356233927
  colsample_bytree: 0.5030787717483867
  reg_alpha: 2.732667434630833e-06
  reg_lambda: 1.9857421215678946e-08

--- Tuning: Arch=LightGBM_Baseline, Scenario=Day ---
Loading existing model artifact to get scalers/columns...
Selecting model for Feeder 9, Arch: LightGBM_Baseline, Scenario: Day, Version: None
Error: No matching model found for criteria: Feeder=9, Arch=LightGBM_Baseline, Scenario=Day, Version=None
Warning: No existing model found for Feeder=9, Arch=LightGBM_Baseline, Scenario=Day. Cannot get scalers. Skipping.

--- Tuning: Arch=LightGBM_Baseline, Scenario=Night ---
Loading existing model artifact to get scalers/columns...
Selecting model for Feeder 9, Arch: LightGBM_Baseline, Scenario: Night, Version: None
Error: No matching model found for criteria: Feeder=9, Arch=LightGBM_Baseline, Scenario=Night, Version=None
Warning: No existing model found for Feeder=9, Arch=LightGBM_Baseline, Scenario=Night. Cannot get scalers. Skipping.

--- Tuning: Arch=ANN_Baseload, Scenario=24hr ---
Loading existing model artifact to get scalers/columns...
Selecting model for Feeder 9, Arch: ANN_Baseload, Scenario: 24hr, Version: None
Error: No matching model found for criteria: Feeder=9, Arch=ANN_Baseload, Scenario=24hr, Version=None
Warning: No existing model found for Feeder=9, Arch=ANN_Baseload, Scenario=24hr. Cannot get scalers. Skipping.

--- Tuning: Arch=ANN_Baseload, Scenario=Day ---
Loading existing model artifact to get scalers/columns...
Selecting model for Feeder 9, Arch: ANN_Baseload, Scenario: Day, Version: None
Error: No matching model found for criteria: Feeder=9, Arch=ANN_Baseload, Scenario=Day, Version=None
Warning: No existing model found for Feeder=9, Arch=ANN_Baseload, Scenario=Day. Cannot get scalers. Skipping.

--- Tuning: Arch=ANN_Baseload, Scenario=Night ---
Loading existing model artifact to get scalers/columns...
Selecting model for Feeder 9, Arch: ANN_Baseload, Scenario: Night, Version: None
Error: No matching model found for criteria: Feeder=9, Arch=ANN_Baseload, Scenario=Night, Version=None
Warning: No existing model found for Feeder=9, Arch=ANN_Baseload, Scenario=Night. Cannot get scalers. Skipping.

--- Tuning: Arch=ANN_Change_in_Load, Scenario=24hr ---
Loading existing model artifact to get scalers/columns...
Selecting model for Feeder 9, Arch: ANN_Change_in_Load, Scenario: 24hr, Version: None
Error: No matching model found for criteria: Feeder=9, Arch=ANN_Change_in_Load, Scenario=24hr, Version=None
Warning: No existing model found for Feeder=9, Arch=ANN_Change_in_Load, Scenario=24hr. Cannot get scalers. Skipping.

--- Tuning: Arch=ANN_Change_in_Load, Scenario=Day ---
Loading existing model artifact to get scalers/columns...
Selecting model for Feeder 9, Arch: ANN_Change_in_Load, Scenario: Day, Version: None
Error: No matching model found for criteria: Feeder=9, Arch=ANN_Change_in_Load, Scenario=Day, Version=None
Warning: No existing model found for Feeder=9, Arch=ANN_Change_in_Load, Scenario=Day. Cannot get scalers. Skipping.

--- Tuning: Arch=ANN_Change_in_Load, Scenario=Night ---
Loading existing model artifact to get scalers/columns...
Selecting model for Feeder 9, Arch: ANN_Change_in_Load, Scenario: Night, Version: None
Error: No matching model found for criteria: Feeder=9, Arch=ANN_Change_in_Load, Scenario=Night, Version=None
Warning: No existing model found for Feeder=9, Arch=ANN_Change_in_Load, Scenario=Night. Cannot get scalers. Skipping.

--- Tuning: Arch=LSTM_Baseload, Scenario=24hr ---
Loading existing model artifact to get scalers/columns...
Selecting model for Feeder 9, Arch: LSTM_Baseload, Scenario: 24hr, Version: None
[I 2025-04-14 18:29:17,187] A new study created in memory with name: tune-9-LSTM_Change_in_Load-24hr
[I 2025-04-14 18:29:24,569] Trial 0 finished with value: 0.1276763677597046 and parameters: {'n_lstm_layers': 2, 'lstm_units': 82, 'n_dense_layers': 0, 'lstm_dropout_0': 0.40338494013296133, 'lstm_dropout_1': 0.38331862101746206, 'learning_rate': 0.00035053283476950463}. Best is trial 0 with value: 0.1276763677597046.
[I 2025-04-14 18:29:28,826] Trial 1 finished with value: 0.12585382163524628 and parameters: {'n_lstm_layers': 1, 'lstm_units': 126, 'n_dense_layers': 0, 'lstm_dropout_0': 0.32576590423701873, 'learning_rate': 0.0007820231629478935}. Best is trial 1 with value: 0.12585382163524628.
[I 2025-04-14 18:29:35,276] Trial 2 finished with value: 0.12453953176736832 and parameters: {'n_lstm_layers': 2, 'lstm_units': 37, 'n_dense_layers': 2, 'lstm_dropout_0': 0.13524358505079906, 'lstm_dropout_1': 0.21861244193115775, 'dense_units_0': 20, 'dense_dropout_0': 0.23012203685886093, 'dense_units_1': 49, 'dense_dropout_1': 0.24368594875621774, 'learning_rate': 0.007363757203892955}. Best is trial 2 with value: 0.12453953176736832.
[I 2025-04-14 18:29:38,915] Trial 3 finished with value: 0.1286810338497162 and parameters: {'n_lstm_layers': 1, 'lstm_units': 68, 'n_dense_layers': 1, 'lstm_dropout_0': 0.3650761715122376, 'dense_units_0': 42, 'dense_dropout_0': 0.35904320070669393, 'learning_rate': 0.002768846426771178}. Best is trial 2 with value: 0.12453953176736832.
[I 2025-04-14 18:29:46,086] Trial 4 finished with value: 0.12649160623550415 and parameters: {'n_lstm_layers': 2, 'lstm_units': 75, 'n_dense_layers': 0, 'lstm_dropout_0': 0.38568647357141583, 'lstm_dropout_1': 0.19820337630386514, 'learning_rate': 0.00045121455371186577}. Best is trial 2 with value: 0.12453953176736832.
[I 2025-04-14 18:29:50,899] Trial 5 finished with value: 0.22673746943473816 and parameters: {'n_lstm_layers': 1, 'lstm_units': 32, 'n_dense_layers': 2, 'lstm_dropout_0': 0.2721069780277956, 'dense_units_0': 27, 'dense_dropout_0': 0.38108543783030735, 'dense_units_1': 17, 'dense_dropout_1': 0.3739198878540423, 'learning_rate': 0.0004963511884157282}. Best is trial 2 with value: 0.12453953176736832.
[I 2025-04-14 18:29:58,400] Trial 6 finished with value: 0.13568848371505737 and parameters: {'n_lstm_layers': 2, 'lstm_units': 55, 'n_dense_layers': 2, 'lstm_dropout_0': 0.2860417034357706, 'lstm_dropout_1': 0.2604340937869867, 'dense_units_0': 23, 'dense_dropout_0': 0.2000758292424664, 'dense_units_1': 57, 'dense_dropout_1': 0.43408957078941135, 'learning_rate': 0.000773141694478922}. Best is trial 2 with value: 0.12453953176736832.
[I 2025-04-14 18:30:06,046] Trial 7 finished with value: 0.13501444458961487 and parameters: {'n_lstm_layers': 2, 'lstm_units': 94, 'n_dense_layers': 0, 'lstm_dropout_0': 0.45466981481805147, 'lstm_dropout_1': 0.34469609724259787, 'learning_rate': 0.0001038674652614236}. Best is trial 2 with value: 0.12453953176736832.
[I 2025-04-14 18:30:12,897] Trial 8 finished with value: 0.12324540317058563 and parameters: {'n_lstm_layers': 2, 'lstm_units': 68, 'n_dense_layers': 1, 'lstm_dropout_0': 0.43609471287415835, 'lstm_dropout_1': 0.2267972076553666, 'dense_units_0': 29, 'dense_dropout_0': 0.36106307228693313, 'learning_rate': 0.0057980703762919444}. Best is trial 8 with value: 0.12324540317058563.
[I 2025-04-14 18:30:20,406] Trial 9 finished with value: 0.1368733048439026 and parameters: {'n_lstm_layers': 2, 'lstm_units': 39, 'n_dense_layers': 1, 'lstm_dropout_0': 0.29612337429058166, 'lstm_dropout_1': 0.10318076136394612, 'dense_units_0': 21, 'dense_dropout_0': 0.316837054056365, 'learning_rate': 0.0008210995690267977}. Best is trial 8 with value: 0.12324540317058563.
[I 2025-04-14 18:30:24,555] Trial 10 finished with value: 0.12428036332130432 and parameters: {'n_lstm_layers': 1, 'lstm_units': 52, 'n_dense_layers': 1, 'lstm_dropout_0': 0.4935022119549719, 'dense_units_0': 63, 'dense_dropout_0': 0.4921128950019796, 'learning_rate': 0.009701861717777054}. Best is trial 8 with value: 0.12324540317058563.
[I 2025-04-14 18:30:28,302] Trial 11 finished with value: 0.12517113983631134 and parameters: {'n_lstm_layers': 1, 'lstm_units': 51, 'n_dense_layers': 1, 'lstm_dropout_0': 0.4892203034758851, 'dense_units_0': 61, 'dense_dropout_0': 0.48459949277719927, 'learning_rate': 0.009860657546542254}. Best is trial 8 with value: 0.12324540317058563.
[I 2025-04-14 18:30:32,821] Trial 12 finished with value: 0.12281307578086853 and parameters: {'n_lstm_layers': 1, 'lstm_units': 51, 'n_dense_layers': 1, 'lstm_dropout_0': 0.4956833017525194, 'dense_units_0': 35, 'dense_dropout_0': 0.483903382360438, 'learning_rate': 0.0034469041496794635}. Best is trial 12 with value: 0.12281307578086853.
[I 2025-04-14 18:30:37,725] Trial 13 finished with value: 0.12202033400535583 and parameters: {'n_lstm_layers': 1, 'lstm_units': 60, 'n_dense_layers': 1, 'lstm_dropout_0': 0.4399016565785236, 'dense_units_0': 37, 'dense_dropout_0': 0.41526910795226674, 'learning_rate': 0.0026414574010104495}. Best is trial 13 with value: 0.12202033400535583.
[I 2025-04-14 18:30:41,991] Trial 14 finished with value: 0.13036377727985382 and parameters: {'n_lstm_layers': 1, 'lstm_units': 44, 'n_dense_layers': 1, 'lstm_dropout_0': 0.20197145175386091, 'dense_units_0': 39, 'dense_dropout_0': 0.44294296715224596, 'learning_rate': 0.002328423786688158}. Best is trial 13 with value: 0.12202033400535583.
[I 2025-04-14 18:30:46,534] Trial 15 finished with value: 0.12213915586471558 and parameters: {'n_lstm_layers': 1, 'lstm_units': 59, 'n_dense_layers': 2, 'lstm_dropout_0': 0.436383063281733, 'dense_units_0': 39, 'dense_dropout_0': 0.4249157201555018, 'dense_units_1': 20, 'dense_dropout_1': 0.10730595445556926, 'learning_rate': 0.0026355196143767476}. Best is trial 13 with value: 0.12202033400535583.
[I 2025-04-14 18:30:51,321] Trial 16 finished with value: 0.12833291292190552 and parameters: {'n_lstm_layers': 1, 'lstm_units': 106, 'n_dense_layers': 2, 'lstm_dropout_0': 0.3393685075211007, 'dense_units_0': 45, 'dense_dropout_0': 0.4126789258008044, 'dense_units_1': 19, 'dense_dropout_1': 0.10171996664186848, 'learning_rate': 0.0013742747445319868}. Best is trial 13 with value: 0.12202033400535583.
[I 2025-04-14 18:30:56,187] Trial 17 finished with value: 0.12288790196180344 and parameters: {'n_lstm_layers': 1, 'lstm_units': 59, 'n_dense_layers': 2, 'lstm_dropout_0': 0.4281427088698534, 'dense_units_0': 16, 'dense_dropout_0': 0.11742429104257537, 'dense_units_1': 28, 'dense_dropout_1': 0.12752530191031372, 'learning_rate': 0.0017914093144232748}. Best is trial 13 with value: 0.12202033400535583.
[I 2025-04-14 18:31:01,070] Trial 18 finished with value: 0.1219538152217865 and parameters: {'n_lstm_layers': 1, 'lstm_units': 83, 'n_dense_layers': 2, 'lstm_dropout_0': 0.2342521323299082, 'dense_units_0': 49, 'dense_dropout_0': 0.2647961356437788, 'dense_units_1': 27, 'dense_dropout_1': 0.22986179545072508, 'learning_rate': 0.004340766228604256}. Best is trial 18 with value: 0.1219538152217865.
[I 2025-04-14 18:31:05,092] Trial 19 finished with value: 0.12519453465938568 and parameters: {'n_lstm_layers': 1, 'lstm_units': 90, 'n_dense_layers': 2, 'lstm_dropout_0': 0.23191074911715323, 'dense_units_0': 51, 'dense_dropout_0': 0.2524799881171843, 'dense_units_1': 34, 'dense_dropout_1': 0.24619467839051848, 'learning_rate': 0.004655891451922713}. Best is trial 18 with value: 0.1219538152217865.
[I 2025-04-14 18:31:09,033] Trial 20 finished with value: 0.12496194243431091 and parameters: {'n_lstm_layers': 1, 'lstm_units': 106, 'n_dense_layers': 1, 'lstm_dropout_0': 0.11530903074510396, 'dense_units_0': 49, 'dense_dropout_0': 0.3120921460812828, 'learning_rate': 0.004508332343411105}. Best is trial 18 with value: 0.1219538152217865.
[I 2025-04-14 18:31:13,605] Trial 21 finished with value: 0.1326376497745514 and parameters: {'n_lstm_layers': 1, 'lstm_units': 63, 'n_dense_layers': 2, 'lstm_dropout_0': 0.18239526750404844, 'dense_units_0': 34, 'dense_dropout_0': 0.4227816411506312, 'dense_units_1': 26, 'dense_dropout_1': 0.19172515670392276, 'learning_rate': 0.001548891025550882}. Best is trial 18 with value: 0.1219538152217865.
[I 2025-04-14 18:31:17,742] Trial 22 finished with value: 0.1289469450712204 and parameters: {'n_lstm_layers': 1, 'lstm_units': 75, 'n_dense_layers': 2, 'lstm_dropout_0': 0.23964594746161197, 'dense_units_0': 38, 'dense_dropout_0': 0.2751324268369755, 'dense_units_1': 22, 'dense_dropout_1': 0.3071394892798214, 'learning_rate': 0.0030524140795197773}. Best is trial 18 with value: 0.1219538152217865.
[I 2025-04-14 18:31:21,967] Trial 23 finished with value: 0.12425373494625092 and parameters: {'n_lstm_layers': 1, 'lstm_units': 45, 'n_dense_layers': 2, 'lstm_dropout_0': 0.3426323197053846, 'dense_units_0': 53, 'dense_dropout_0': 0.2115904826561571, 'dense_units_1': 38, 'dense_dropout_1': 0.17693765799174954, 'learning_rate': 0.002225518811229913}. Best is trial 18 with value: 0.1219538152217865.
[I 2025-04-14 18:31:26,876] Trial 24 finished with value: 0.1430932581424713 and parameters: {'n_lstm_layers': 1, 'lstm_units': 75, 'n_dense_layers': 2, 'lstm_dropout_0': 0.459703042832988, 'dense_units_0': 31, 'dense_dropout_0': 0.13987316091084573, 'dense_units_1': 23, 'dense_dropout_1': 0.3111196969965086, 'learning_rate': 0.0011649689247619965}. Best is trial 18 with value: 0.1219538152217865.
[I 2025-04-14 18:31:27,756] A new study created in memory with name: tune-10-LightGBM_Baseline-24hr
[I 2025-04-14 18:31:32,409] Trial 0 finished with value: 0.15537048638173753 and parameters: {'n_estimators': 293, 'learning_rate': 0.014771245024382216, 'num_leaves': 53, 'max_depth': 7, 'min_child_samples': 17, 'subsample': 0.5943569105428763, 'colsample_bytree': 0.6586171594276661, 'reg_alpha': 0.0007566292313088516, 'reg_lambda': 4.0124519418600313e-08}. Best is trial 0 with value: 0.15537048638173753.
[I 2025-04-14 18:31:33,092] Trial 1 finished with value: 0.15756710728798617 and parameters: {'n_estimators': 270, 'learning_rate': 0.036585934855039, 'num_leaves': 33, 'max_depth': 9, 'min_child_samples': 31, 'subsample': 0.9106440976175714, 'colsample_bytree': 0.892229066548873, 'reg_alpha': 2.947626696411951e-07, 'reg_lambda': 2.2026708614337497e-06}. Best is trial 0 with value: 0.15537048638173753.
[I 2025-04-14 18:31:34,503] Trial 2 finished with value: 0.16195946522015117 and parameters: {'n_estimators': 294, 'learning_rate': 0.001997926363223434, 'num_leaves': 55, 'max_depth': 8, 'min_child_samples': 12, 'subsample': 0.9078366153039037, 'colsample_bytree': 0.8488811414172548, 'reg_alpha': 4.0425572416730075e-07, 'reg_lambda': 0.0052390838814256905}. Best is trial 0 with value: 0.15537048638173753.
[I 2025-04-14 18:31:34,846] Trial 3 finished with value: 0.1653120804630338 and parameters: {'n_estimators': 79, 'learning_rate': 0.006166372055562888, 'num_leaves': 58, 'max_depth': 11, 'min_child_samples': 33, 'subsample': 0.5564417014085248, 'colsample_bytree': 0.5216458441577317, 'reg_alpha': 7.760475310003471e-07, 'reg_lambda': 6.967620960689414e-07}. Best is trial 0 with value: 0.15537048638173753.
[I 2025-04-14 18:31:35,227] Trial 4 finished with value: 0.16831108136739326 and parameters: {'n_estimators': 110, 'learning_rate': 0.0015590558133017213, 'num_leaves': 17, 'max_depth': 3, 'min_child_samples': 35, 'subsample': 0.5546190049459407, 'colsample_bytree': 0.9297166414009994, 'reg_alpha': 9.691863568368112e-08, 'reg_lambda': 1.8799927050792868e-06}. Best is trial 0 with value: 0.15537048638173753.
[I 2025-04-14 18:31:35,734] Trial 5 finished with value: 0.15898408433496838 and parameters: {'n_estimators': 154, 'learning_rate': 0.03831003229927582, 'num_leaves': 57, 'max_depth': 5, 'min_child_samples': 37, 'subsample': 0.5209151923610461, 'colsample_bytree': 0.8790334572744223, 'reg_alpha': 3.638973780452259e-08, 'reg_lambda': 0.00015621437794172165}. Best is trial 0 with value: 0.15537048638173753.
[I 2025-04-14 18:31:36,303] Trial 6 finished with value: 0.16608818046338847 and parameters: {'n_estimators': 86, 'learning_rate': 0.0022991656363992264, 'num_leaves': 37, 'max_depth': 10, 'min_child_samples': 9, 'subsample': 0.6381591181839015, 'colsample_bytree': 0.7110465654536838, 'reg_alpha': 0.09454035479708273, 'reg_lambda': 0.0003289640813812864}. Best is trial 0 with value: 0.15537048638173753.
[I 2025-04-14 18:31:36,619] Trial 7 finished with value: 0.15871056423747523 and parameters: {'n_estimators': 68, 'learning_rate': 0.14542686257050386, 'num_leaves': 53, 'max_depth': 8, 'min_child_samples': 27, 'subsample': 0.5934558319715436, 'colsample_bytree': 0.8037101184152753, 'reg_alpha': 2.1991818207633625e-07, 'reg_lambda': 3.64039357663895e-05}. Best is trial 0 with value: 0.15537048638173753.
[I 2025-04-14 18:31:37,028] Trial 8 finished with value: 0.15689111922263818 and parameters: {'n_estimators': 75, 'learning_rate': 0.021283240826975157, 'num_leaves': 53, 'max_depth': 10, 'min_child_samples': 13, 'subsample': 0.5571632637503803, 'colsample_bytree': 0.6187350639969961, 'reg_alpha': 0.06084364696733799, 'reg_lambda': 1.805093172034354e-05}. Best is trial 0 with value: 0.15537048638173753.
[I 2025-04-14 18:31:37,486] Trial 9 finished with value: 0.16161267389645556 and parameters: {'n_estimators': 111, 'learning_rate': 0.009675164437537383, 'num_leaves': 50, 'max_depth': 11, 'min_child_samples': 22, 'subsample': 0.708306288675562, 'colsample_bytree': 0.817039473011977, 'reg_alpha': 0.01487521177680378, 'reg_lambda': 3.9239135753611355e-07}. Best is trial 0 with value: 0.15537048638173753.
