[I 2025-04-14 18:38:33,018] Trial 14 finished with value: 0.11618171632289886 and parameters: {'n_lstm_layers': 2, 'lstm_units': 75, 'n_dense_layers': 1, 'lstm_dropout_0': 0.2669368641848293, 'lstm_dropout_1': 0.29457149751487854, 'dense_units_0': 26, 'dense_dropout_0': 0.10572212111594563, 'learning_rate': 0.004504446973794782}. Best is trial 11 with value: 0.09854495525360107.

--- Optuna Trial 12 for LSTM_Change_in_Load ---
Trial 12: Training model...
Trial 12: Validation Score (mae, scaled) = 0.167629

--- Optuna Trial 13 for LSTM_Change_in_Load ---
Trial 13: Training model...
Trial 13: Validation Score (mae, scaled) = 0.165096

--- Optuna Trial 14 for LSTM_Change_in_Load ---
Trial 14: Training model...
Trial 14: Validation Score (mae, scaled) = 0.165427

--- Optuna Trial 15 for LSTM_Change_in_Load ---
Trial 15: Training model...
Trial 15: Validation Score (mae, scaled) = 0.164743

--- Optuna Trial 16 for LSTM_Change_in_Load ---
Trial 16: Training model...
Trial 16: Validation Score (mae, scaled) = 0.168849

--- Optuna Trial 17 for LSTM_Change_in_Load ---
Trial 17: Training model...
Trial 17: Validation Score (mae, scaled) = 0.166208

--- Optuna Trial 18 for LSTM_Change_in_Load ---
Trial 18: Training model...
Trial 18: Validation Score (mae, scaled) = 0.166132

--- Optuna Trial 19 for LSTM_Change_in_Load ---
Trial 19: Training model...
Trial 19: Validation Score (mae, scaled) = 0.165129

--- Optuna Trial 20 for LSTM_Change_in_Load ---
Trial 20: Training model...
Trial 20: Validation Score (mae, scaled) = 0.170915

--- Optuna Trial 21 for LSTM_Change_in_Load ---
Trial 21: Training model...
Trial 21: Validation Score (mae, scaled) = 0.166990

--- Optuna Trial 22 for LSTM_Change_in_Load ---
Trial 22: Training model...
Trial 22: Validation Score (mae, scaled) = 0.166163

--- Optuna Trial 23 for LSTM_Change_in_Load ---
Trial 23: Training model...
Trial 23: Validation Score (mae, scaled) = 0.166945

--- Optuna Trial 24 for LSTM_Change_in_Load ---
Trial 24: Training model...
Trial 24: Validation Score (mae, scaled) = 0.175697

--- Best Results for Feeder=10, Arch=LSTM_Change_in_Load, Scenario=24hr ---
Best Validation Score (mae, scaled): 0.164743
Best Hyperparameters:
  n_lstm_layers: 1
  lstm_units: 63
  n_dense_layers: 1
  lstm_dropout_0: 0.31816764108355294
  dense_units_0: 40
  dense_dropout_0: 0.34266377150597205
  learning_rate: 0.0051671961555181025

--- Tuning: Arch=LSTM_Change_in_Load, Scenario=Day ---
Loading existing model artifact to get scalers/columns...
Selecting model for Feeder 10, Arch: LSTM_Change_in_Load, Scenario: Day, Version: None
Error: No matching model found for criteria: Feeder=10, Arch=LSTM_Change_in_Load, Scenario=Day, Version=None
Warning: No existing model found for Feeder=10, Arch=LSTM_Change_in_Load, Scenario=Day. Cannot get scalers. Skipping.

--- Tuning: Arch=LSTM_Change_in_Load, Scenario=Night ---
Loading existing model artifact to get scalers/columns...
Selecting model for Feeder 10, Arch: LSTM_Change_in_Load, Scenario: Night, Version: None
Error: No matching model found for criteria: Feeder=10, Arch=LSTM_Change_in_Load, Scenario=Night, Version=None
Warning: No existing model found for Feeder=10, Arch=LSTM_Change_in_Load, Scenario=Night. Cannot get scalers. Skipping.

===== Tuning for Feeder 11 =====

--- Tuning: Arch=LightGBM_Baseline, Scenario=24hr ---
Loading existing model artifact to get scalers/columns...
Selecting model for Feeder 11, Arch: LightGBM_Baseline, Scenario: 24hr, Version: None
Selected Model ID: 180, Version: v1.1_Final_Forecasting_20250414170721, Path Info: models/feeder_11/LightGBM_Baseline_24hr_v1.1_Final_Forecasting_20250414170721.pkl
Loading artifact(s) based on path info: models/feeder_11/LightGBM_Baseline_24hr_v1.1_Final_Forecasting_20250414170721.pkl
Detected single pickle artifact path: models/feeder_11/LightGBM_Baseline_24hr_v1.1_Final_Forecasting_20250414170721.pkl
Downloading single pickle artifact to: H:\My Drive\Barbados_Forecasting_Tool_Final\tmp\LightGBM_Baseline_24hr_v1.1_Final_Forecasting_20250414170721.pkl
Single pickle downloaded. Loading...
Single pickle loaded.
Cleaned up temporary file: H:\My Drive\Barbados_Forecasting_Tool_Final\tmp\LightGBM_Baseline_24hr_v1.1_Final_Forecasting_20250414170721.pkl
Preparing training and validation data using loaded scalers...
Starting feature engineering for scenario: 24hr...
Pivoting data into daily vectors...
Reshaped data: X shape (152, 177), y shape (152, 24)
Transforming data using provided scalers (X and y)...
Data transformed.
Starting feature engineering for scenario: 24hr...
Pivoting data into daily vectors...
Reshaped data: X shape (30, 177), y shape (30, 24)
Transforming data using provided scalers (X and y)...
Data transformed.
Starting Optuna optimization (25 trials)...

--- Optuna Trial 0 for LightGBM_Baseline ---
Trial 0: Training model...
Trial 0: Evaluating model...
Trial 0: Validation Score (mae, scaled) = 0.199155

--- Optuna Trial 1 for LightGBM_Baseline ---
Trial 1: Training model...
Trial 1: Evaluating model...
Trial 1: Validation Score (mae, scaled) = 0.191998

--- Optuna Trial 2 for LightGBM_Baseline ---
Trial 2: Training model...
Trial 2: Evaluating model...
Trial 2: Validation Score (mae, scaled) = 0.100877

--- Optuna Trial 3 for LightGBM_Baseline ---
Trial 3: Training model...
Trial 3: Evaluating model...
Trial 3: Validation Score (mae, scaled) = 0.144758

--- Optuna Trial 4 for LightGBM_Baseline ---
Trial 4: Training model...
Trial 4: Evaluating model...
Trial 4: Validation Score (mae, scaled) = 0.123414

--- Optuna Trial 5 for LightGBM_Baseline ---
Trial 5: Training model...
Trial 5: Evaluating model...
Trial 5: Validation Score (mae, scaled) = 0.162242

--- Optuna Trial 6 for LightGBM_Baseline ---
Trial 6: Training model...
Trial 6: Evaluating model...
Trial 6: Validation Score (mae, scaled) = 0.096118

--- Optuna Trial 7 for LightGBM_Baseline ---
Trial 7: Training model...
Trial 7: Evaluating model...
Trial 7: Validation Score (mae, scaled) = 0.138730

--- Optuna Trial 8 for LightGBM_Baseline ---
Trial 8: Training model...
Trial 8: Evaluating model...
Trial 8: Validation Score (mae, scaled) = 0.201654

--- Optuna Trial 9 for LightGBM_Baseline ---
Trial 9: Training model...
Trial 9: Evaluating model...
Trial 9: Validation Score (mae, scaled) = 0.197987

--- Optuna Trial 10 for LightGBM_Baseline ---
Trial 10: Training model...
Trial 10: Evaluating model...
Trial 10: Validation Score (mae, scaled) = 0.158365

--- Optuna Trial 11 for LightGBM_Baseline ---
Trial 11: Training model...
Trial 11: Evaluating model...
Trial 11: Validation Score (mae, scaled) = 0.104775

--- Optuna Trial 12 for LightGBM_Baseline ---
Trial 12: Training model...
Trial 12: Evaluating model...
Trial 12: Validation Score (mae, scaled) = 0.103239

--- Optuna Trial 13 for LightGBM_Baseline ---
Trial 13: Training model...
Trial 13: Evaluating model...
Trial 13: Validation Score (mae, scaled) = 0.140641

--- Optuna Trial 14 for LightGBM_Baseline ---
Trial 14: Training model...
Trial 14: Evaluating model...
Trial 14: Validation Score (mae, scaled) = 0.107112

--- Optuna Trial 15 for LightGBM_Baseline ---
Trial 15: Training model...
Trial 15: Evaluating model...
Trial 15: Validation Score (mae, scaled) = 0.148579

--- Optuna Trial 16 for LightGBM_Baseline ---
Trial 16: Training model...
Trial 16: Evaluating model...
Trial 16: Validation Score (mae, scaled) = 0.102154

--- Optuna Trial 17 for LightGBM_Baseline ---
Trial 17: Training model...
Trial 17: Evaluating model...
Trial 17: Validation Score (mae, scaled) = 0.138445

--- Optuna Trial 18 for LightGBM_Baseline ---
Trial 18: Training model...
Trial 18: Evaluating model...
Trial 18: Validation Score (mae, scaled) = 0.149919

--- Optuna Trial 19 for LightGBM_Baseline ---
Trial 19: Training model...
Trial 19: Evaluating model...
Trial 19: Validation Score (mae, scaled) = 0.108038

--- Optuna Trial 20 for LightGBM_Baseline ---
Trial 20: Training model...
Trial 20: Evaluating model...
Trial 20: Validation Score (mae, scaled) = 0.155791

--- Optuna Trial 21 for LightGBM_Baseline ---
Trial 21: Training model...
Trial 21: Evaluating model...
Trial 21: Validation Score (mae, scaled) = 0.105142

--- Optuna Trial 22 for LightGBM_Baseline ---
Trial 22: Training model...
Trial 22: Evaluating model...
Trial 22: Validation Score (mae, scaled) = 0.107325
[I 2025-04-14 18:38:38,113] Trial 15 finished with value: 0.11838804185390472 and parameters: {'n_lstm_layers': 1, 'lstm_units': 98, 'n_dense_layers': 1, 'lstm_dropout_0': 0.27503348603794536, 'dense_units_0': 17, 'dense_dropout_0': 0.28224622966403246, 'learning_rate': 0.0022449056835658772}. Best is trial 11 with value: 0.09854495525360107.
[I 2025-04-14 18:38:43,349] Trial 16 finished with value: 0.1535944938659668 and parameters: {'n_lstm_layers': 1, 'lstm_units': 68, 'n_dense_layers': 2, 'lstm_dropout_0': 0.1526543808850932, 'dense_units_0': 47, 'dense_dropout_0': 0.18022571456700054, 'dense_units_1': 38, 'dense_dropout_1': 0.13791482077192596, 'learning_rate': 0.00040076808426945754}. Best is trial 11 with value: 0.09854495525360107.
[I 2025-04-14 18:38:50,856] Trial 17 finished with value: 0.10888080298900604 and parameters: {'n_lstm_layers': 2, 'lstm_units': 50, 'n_dense_layers': 0, 'lstm_dropout_0': 0.2565725555621924, 'lstm_dropout_1': 0.1066132326289653, 'learning_rate': 0.006111771240997352}. Best is trial 11 with value: 0.09854495525360107.
[I 2025-04-14 18:38:57,653] Trial 18 finished with value: 0.11678942292928696 and parameters: {'n_lstm_layers': 2, 'lstm_units': 100, 'n_dense_layers': 0, 'lstm_dropout_0': 0.3810311675114287, 'lstm_dropout_1': 0.10341559274879025, 'learning_rate': 0.006490740872247472}. Best is trial 11 with value: 0.09854495525360107.
[I 2025-04-14 18:39:05,263] Trial 19 finished with value: 0.10649388283491135 and parameters: {'n_lstm_layers': 2, 'lstm_units': 42, 'n_dense_layers': 0, 'lstm_dropout_0': 0.263480900034621, 'lstm_dropout_1': 0.2612763269106575, 'learning_rate': 0.009217333053556716}. Best is trial 11 with value: 0.09854495525360107.
[I 2025-04-14 18:39:12,756] Trial 20 finished with value: 0.10807396471500397 and parameters: {'n_lstm_layers': 2, 'lstm_units': 42, 'n_dense_layers': 0, 'lstm_dropout_0': 0.1702698065138106, 'lstm_dropout_1': 0.27028158746927966, 'learning_rate': 0.008973073323082986}. Best is trial 11 with value: 0.09854495525360107.
[I 2025-04-14 18:39:20,216] Trial 21 finished with value: 0.11087249219417572 and parameters: {'n_lstm_layers': 2, 'lstm_units': 42, 'n_dense_layers': 0, 'lstm_dropout_0': 0.16585338791229395, 'lstm_dropout_1': 0.27339936617463445, 'learning_rate': 0.008421850301975665}. Best is trial 11 with value: 0.09854495525360107.
[I 2025-04-14 18:39:27,601] Trial 22 finished with value: 0.10847438126802444 and parameters: {'n_lstm_layers': 2, 'lstm_units': 43, 'n_dense_layers': 0, 'lstm_dropout_0': 0.19138308674557958, 'lstm_dropout_1': 0.23984803573298413, 'learning_rate': 0.009775719597796762}. Best is trial 11 with value: 0.09854495525360107.
[I 2025-04-14 18:39:35,027] Trial 23 finished with value: 0.11589420586824417 and parameters: {'n_lstm_layers': 2, 'lstm_units': 58, 'n_dense_layers': 0, 'lstm_dropout_0': 0.10905057994052376, 'lstm_dropout_1': 0.35289158072115145, 'learning_rate': 0.0032508387173580313}. Best is trial 11 with value: 0.09854495525360107.
[I 2025-04-14 18:39:42,574] Trial 24 finished with value: 0.11463657766580582 and parameters: {'n_lstm_layers': 2, 'lstm_units': 39, 'n_dense_layers': 0, 'lstm_dropout_0': 0.295586214651274, 'lstm_dropout_1': 0.3446259614765015, 'learning_rate': 0.005329030395069484}. Best is trial 11 with value: 0.09854495525360107.
[I 2025-04-14 18:39:44,229] A new study created in memory with name: tune-11-LSTM_Change_in_Load-24hr
[I 2025-04-14 18:39:49,266] Trial 0 finished with value: 0.11337772756814957 and parameters: {'n_lstm_layers': 1, 'lstm_units': 78, 'n_dense_layers': 1, 'lstm_dropout_0': 0.4114386210154156, 'dense_units_0': 19, 'dense_dropout_0': 0.1437797327044446, 'learning_rate': 0.0019126387504533554}. Best is trial 0 with value: 0.11337772756814957.
[I 2025-04-14 18:39:54,066] Trial 1 finished with value: 0.2822013199329376 and parameters: {'n_lstm_layers': 1, 'lstm_units': 64, 'n_dense_layers': 1, 'lstm_dropout_0': 0.13018434881836877, 'dense_units_0': 25, 'dense_dropout_0': 0.48342323543558463, 'learning_rate': 0.00016127784694540084}. Best is trial 0 with value: 0.11337772756814957.
[I 2025-04-14 18:39:59,389] Trial 2 finished with value: 0.13580819964408875 and parameters: {'n_lstm_layers': 1, 'lstm_units': 62, 'n_dense_layers': 1, 'lstm_dropout_0': 0.13603284929549636, 'dense_units_0': 37, 'dense_dropout_0': 0.2811686942741124, 'learning_rate': 0.0005368808207053934}. Best is trial 0 with value: 0.11337772756814957.
[I 2025-04-14 18:40:06,964] Trial 3 finished with value: 0.10544324666261673 and parameters: {'n_lstm_layers': 2, 'lstm_units': 63, 'n_dense_layers': 0, 'lstm_dropout_0': 0.3099631599943554, 'lstm_dropout_1': 0.27105181078990226, 'learning_rate': 0.003861108134085504}. Best is trial 3 with value: 0.10544324666261673.
[I 2025-04-14 18:40:11,562] Trial 4 finished with value: 0.12190920859575272 and parameters: {'n_lstm_layers': 1, 'lstm_units': 40, 'n_dense_layers': 2, 'lstm_dropout_0': 0.3259476137262956, 'dense_units_0': 17, 'dense_dropout_0': 0.19603075859192984, 'dense_units_1': 24, 'dense_dropout_1': 0.4201174802812536, 'learning_rate': 0.005301207231351567}. Best is trial 3 with value: 0.10544324666261673.
[I 2025-04-14 18:40:19,310] Trial 5 finished with value: 0.16099442541599274 and parameters: {'n_lstm_layers': 2, 'lstm_units': 35, 'n_dense_layers': 2, 'lstm_dropout_0': 0.32478198474637887, 'lstm_dropout_1': 0.2778536498914242, 'dense_units_0': 16, 'dense_dropout_0': 0.23527242165703965, 'dense_units_1': 29, 'dense_dropout_1': 0.38527796765709554, 'learning_rate': 0.0005885453570618454}. Best is trial 3 with value: 0.10544324666261673.
[I 2025-04-14 18:40:23,828] Trial 6 finished with value: 0.12217244505882263 and parameters: {'n_lstm_layers': 1, 'lstm_units': 37, 'n_dense_layers': 0, 'lstm_dropout_0': 0.48719583264111943, 'learning_rate': 0.0013469156198037398}. Best is trial 3 with value: 0.10544324666261673.
[I 2025-04-14 18:40:31,519] Trial 7 finished with value: 0.16714665293693542 and parameters: {'n_lstm_layers': 2, 'lstm_units': 39, 'n_dense_layers': 0, 'lstm_dropout_0': 0.18197658371810974, 'lstm_dropout_1': 0.487685411271948, 'learning_rate': 0.0003433951319797708}. Best is trial 3 with value: 0.10544324666261673.
[I 2025-04-14 18:40:36,617] Trial 8 finished with value: 0.2725141942501068 and parameters: {'n_lstm_layers': 1, 'lstm_units': 78, 'n_dense_layers': 1, 'lstm_dropout_0': 0.26181709259069647, 'dense_units_0': 19, 'dense_dropout_0': 0.18439121805729092, 'learning_rate': 0.00010657726290566381}. Best is trial 3 with value: 0.10544324666261673.
[I 2025-04-14 18:40:41,473] Trial 9 finished with value: 0.13085688650608063 and parameters: {'n_lstm_layers': 1, 'lstm_units': 79, 'n_dense_layers': 2, 'lstm_dropout_0': 0.27231453246779225, 'dense_units_0': 31, 'dense_dropout_0': 0.320551396526613, 'dense_units_1': 48, 'dense_dropout_1': 0.30931062035823076, 'learning_rate': 0.0007616152708583874}. Best is trial 3 with value: 0.10544324666261673.
[I 2025-04-14 18:40:49,279] Trial 10 finished with value: 0.10053379088640213 and parameters: {'n_lstm_layers': 2, 'lstm_units': 127, 'n_dense_layers': 0, 'lstm_dropout_0': 0.41452901722284513, 'lstm_dropout_1': 0.13680331484116098, 'learning_rate': 0.009294264412399325}. Best is trial 10 with value: 0.10053379088640213.
[I 2025-04-14 18:40:56,851] Trial 11 finished with value: 0.09930500388145447 and parameters: {'n_lstm_layers': 2, 'lstm_units': 126, 'n_dense_layers': 0, 'lstm_dropout_0': 0.40915026485008116, 'lstm_dropout_1': 0.11149954434067108, 'learning_rate': 0.009498438059458804}. Best is trial 11 with value: 0.09930500388145447.
[I 2025-04-14 18:41:04,650] Trial 12 finished with value: 0.0999104306101799 and parameters: {'n_lstm_layers': 2, 'lstm_units': 128, 'n_dense_layers': 0, 'lstm_dropout_0': 0.4256625813415836, 'lstm_dropout_1': 0.10526604334781176, 'learning_rate': 0.009763072618136056}. Best is trial 11 with value: 0.09930500388145447.
[I 2025-04-14 18:41:12,310] Trial 13 finished with value: 0.10374031215906143 and parameters: {'n_lstm_layers': 2, 'lstm_units': 124, 'n_dense_layers': 0, 'lstm_dropout_0': 0.4157891223595561, 'lstm_dropout_1': 0.10248327098819726, 'learning_rate': 0.009304988190601104}. Best is trial 11 with value: 0.09930500388145447.
[I 2025-04-14 18:41:20,001] Trial 14 finished with value: 0.10929213464260101 and parameters: {'n_lstm_layers': 2, 'lstm_units': 104, 'n_dense_layers': 0, 'lstm_dropout_0': 0.4987355268995627, 'lstm_dropout_1': 0.17722300908875327, 'learning_rate': 0.0032106640915089994}. Best is trial 11 with value: 0.09930500388145447.
[I 2025-04-14 18:41:26,877] Trial 15 finished with value: 0.11012596637010574 and parameters: {'n_lstm_layers': 2, 'lstm_units': 98, 'n_dense_layers': 0, 'lstm_dropout_0': 0.37355315635223973, 'lstm_dropout_1': 0.20522149912273083, 'learning_rate': 0.005679293233656955}. Best is trial 11 with value: 0.09930500388145447.
[I 2025-04-14 18:41:34,756] Trial 16 finished with value: 0.11119671165943146 and parameters: {'n_lstm_layers': 2, 'lstm_units': 99, 'n_dense_layers': 1, 'lstm_dropout_0': 0.4573062699799001, 'lstm_dropout_1': 0.40831000402205453, 'dense_units_0': 63, 'dense_dropout_0': 0.4928234335864818, 'learning_rate': 0.0024450150220000693}. Best is trial 11 with value: 0.09930500388145447.
[I 2025-04-14 18:41:42,260] Trial 17 finished with value: 0.11288539320230484 and parameters: {'n_lstm_layers': 2, 'lstm_units': 49, 'n_dense_layers': 0, 'lstm_dropout_0': 0.38688585202391534, 'lstm_dropout_1': 0.22355604613502655, 'learning_rate': 0.0061293092686935296}. Best is trial 11 with value: 0.09930500388145447.
[I 2025-04-14 18:41:49,775] Trial 18 finished with value: 0.10753799229860306 and parameters: {'n_lstm_layers': 2, 'lstm_units': 111, 'n_dense_layers': 0, 'lstm_dropout_0': 0.4496375690156955, 'lstm_dropout_1': 0.10115564777576651, 'learning_rate': 0.0015775344144505566}. Best is trial 11 with value: 0.09930500388145447.
[I 2025-04-14 18:41:56,879] Trial 19 finished with value: 0.10833306610584259 and parameters: {'n_lstm_layers': 2, 'lstm_units': 88, 'n_dense_layers': 1, 'lstm_dropout_0': 0.3563440731167024, 'lstm_dropout_1': 0.3396306512566848, 'dense_units_0': 60, 'dense_dropout_0': 0.39702273175647584, 'learning_rate': 0.009939979180835425}. Best is trial 11 with value: 0.09930500388145447.
[I 2025-04-14 18:42:04,734] Trial 20 finished with value: 0.09916947782039642 and parameters: {'n_lstm_layers': 2, 'lstm_units': 115, 'n_dense_layers': 1, 'lstm_dropout_0': 0.2285828274457054, 'lstm_dropout_1': 0.16919725134303384, 'dense_units_0': 41, 'dense_dropout_0': 0.10060917757860122, 'learning_rate': 0.0036422237367562294}. Best is trial 20 with value: 0.09916947782039642.
[I 2025-04-14 18:42:11,947] Trial 21 finished with value: 0.10418569296598434 and parameters: {'n_lstm_layers': 2, 'lstm_units': 115, 'n_dense_layers': 1, 'lstm_dropout_0': 0.19190308317065397, 'lstm_dropout_1': 0.1590892142023849, 'dense_units_0': 43, 'dense_dropout_0': 0.10215180032402243, 'learning_rate': 0.004074677330044054}. Best is trial 20 with value: 0.09916947782039642.
[I 2025-04-14 18:42:19,331] Trial 22 finished with value: 0.10352083295583725 and parameters: {'n_lstm_layers': 2, 'lstm_units': 128, 'n_dense_layers': 0, 'lstm_dropout_0': 0.21887817677541999, 'lstm_dropout_1': 0.14396030709808164, 'learning_rate': 0.006392158644866677}. Best is trial 20 with value: 0.09916947782039642.
[I 2025-04-14 18:42:27,109] Trial 23 finished with value: 0.11926154047250748 and parameters: {'n_lstm_layers': 2, 'lstm_units': 96, 'n_dense_layers': 2, 'lstm_dropout_0': 0.2517141086783306, 'lstm_dropout_1': 0.1052359474052496, 'dense_units_0': 48, 'dense_dropout_0': 0.31963469726978244, 'dense_units_1': 16, 'dense_dropout_1': 0.1453623583750692, 'learning_rate': 0.002682852083103333}. Best is trial 20 with value: 0.09916947782039642.
