[I 2025-04-14 17:53:29,110] Trial 19 finished with value: 0.05722618103027344 and parameters: {'n_lstm_layers': 1, 'lstm_units': 86, 'n_dense_layers': 0, 'lstm_dropout_0': 0.4667715913108437, 'learning_rate': 0.005827028165381529}. Best is trial 11 with value: 0.053224772214889526.

Trial 16: Validation Score (mae, scaled) = 0.111456

--- Optuna Trial 17 for LSTM_Change_in_Load ---
Trial 17: Training model...
Trial 17: Validation Score (mae, scaled) = 0.093692

--- Optuna Trial 18 for LSTM_Change_in_Load ---
Trial 18: Training model...
Trial 18: Validation Score (mae, scaled) = 0.085973

--- Optuna Trial 19 for LSTM_Change_in_Load ---
Trial 19: Training model...
Trial 19: Validation Score (mae, scaled) = 0.084799

--- Optuna Trial 20 for LSTM_Change_in_Load ---
Trial 20: Training model...
Trial 20: Validation Score (mae, scaled) = 0.091106

--- Optuna Trial 21 for LSTM_Change_in_Load ---
Trial 21: Training model...
Trial 21: Validation Score (mae, scaled) = 0.088809

--- Optuna Trial 22 for LSTM_Change_in_Load ---
Trial 22: Training model...
Trial 22: Validation Score (mae, scaled) = 0.091280

--- Optuna Trial 23 for LSTM_Change_in_Load ---
Trial 23: Training model...
Trial 23: Validation Score (mae, scaled) = 0.095657

--- Optuna Trial 24 for LSTM_Change_in_Load ---
Trial 24: Training model...
Trial 24: Validation Score (mae, scaled) = 0.091221

--- Best Results for Feeder=2, Arch=LSTM_Change_in_Load, Scenario=24hr ---
Best Validation Score (mae, scaled): 0.084799
Best Hyperparameters:
  n_lstm_layers: 2
  lstm_units: 100
  n_dense_layers: 1
  lstm_dropout_0: 0.31919056548067415
  lstm_dropout_1: 0.2566754956483025
  dense_units_0: 64
  dense_dropout_0: 0.10831157130924224
  learning_rate: 0.0054834224985391014

--- Tuning: Arch=LSTM_Change_in_Load, Scenario=Day ---
Loading existing model artifact to get scalers/columns...
Selecting model for Feeder 2, Arch: LSTM_Change_in_Load, Scenario: Day, Version: None
Error: No matching model found for criteria: Feeder=2, Arch=LSTM_Change_in_Load, Scenario=Day, Version=None
Warning: No existing model found for Feeder=2, Arch=LSTM_Change_in_Load, Scenario=Day. Cannot get scalers. Skipping.

--- Tuning: Arch=LSTM_Change_in_Load, Scenario=Night ---
Loading existing model artifact to get scalers/columns...
Selecting model for Feeder 2, Arch: LSTM_Change_in_Load, Scenario: Night, Version: None
Error: No matching model found for criteria: Feeder=2, Arch=LSTM_Change_in_Load, Scenario=Night, Version=None
Warning: No existing model found for Feeder=2, Arch=LSTM_Change_in_Load, Scenario=Night. Cannot get scalers. Skipping.

===== Tuning for Feeder 3 =====

--- Tuning: Arch=LightGBM_Baseline, Scenario=24hr ---
Loading existing model artifact to get scalers/columns...
Selecting model for Feeder 3, Arch: LightGBM_Baseline, Scenario: 24hr, Version: None
Selected Model ID: 148, Version: v1.1_Final_Forecasting_20250414170405, Path Info: models/feeder_3/LightGBM_Baseline_24hr_v1.1_Final_Forecasting_20250414170405.pkl
Loading artifact(s) based on path info: models/feeder_3/LightGBM_Baseline_24hr_v1.1_Final_Forecasting_20250414170405.pkl
Detected single pickle artifact path: models/feeder_3/LightGBM_Baseline_24hr_v1.1_Final_Forecasting_20250414170405.pkl
Downloading single pickle artifact to: H:\My Drive\Barbados_Forecasting_Tool_Final\tmp\LightGBM_Baseline_24hr_v1.1_Final_Forecasting_20250414170405.pkl
Single pickle downloaded. Loading...
Single pickle loaded.
Cleaned up temporary file: H:\My Drive\Barbados_Forecasting_Tool_Final\tmp\LightGBM_Baseline_24hr_v1.1_Final_Forecasting_20250414170405.pkl
Preparing training and validation data using loaded scalers...
Starting feature engineering for scenario: 24hr...
Pivoting data into daily vectors...
Reshaped data: X shape (150, 177), y shape (150, 24)
Transforming data using provided scalers (X and y)...
Data transformed.
Starting feature engineering for scenario: 24hr...
Pivoting data into daily vectors...
Reshaped data: X shape (32, 177), y shape (32, 24)
Transforming data using provided scalers (X and y)...
Data transformed.
Starting Optuna optimization (25 trials)...

--- Optuna Trial 0 for LightGBM_Baseline ---
Trial 0: Training model...
Trial 0: Evaluating model...
Trial 0: Validation Score (mae, scaled) = 0.049656

--- Optuna Trial 1 for LightGBM_Baseline ---
Trial 1: Training model...
Trial 1: Evaluating model...
Trial 1: Validation Score (mae, scaled) = 0.048753

--- Optuna Trial 2 for LightGBM_Baseline ---
Trial 2: Training model...
Trial 2: Evaluating model...
Trial 2: Validation Score (mae, scaled) = 0.061605

--- Optuna Trial 3 for LightGBM_Baseline ---
Trial 3: Training model...
Trial 3: Evaluating model...
Trial 3: Validation Score (mae, scaled) = 0.049123

--- Optuna Trial 4 for LightGBM_Baseline ---
Trial 4: Training model...
Trial 4: Evaluating model...
Trial 4: Validation Score (mae, scaled) = 0.048916

--- Optuna Trial 5 for LightGBM_Baseline ---
Trial 5: Training model...
Trial 5: Evaluating model...
Trial 5: Validation Score (mae, scaled) = 0.051340

--- Optuna Trial 6 for LightGBM_Baseline ---
Trial 6: Training model...
Trial 6: Evaluating model...
Trial 6: Validation Score (mae, scaled) = 0.059589

--- Optuna Trial 7 for LightGBM_Baseline ---
Trial 7: Training model...
Trial 7: Evaluating model...
Trial 7: Validation Score (mae, scaled) = 0.059506

--- Optuna Trial 8 for LightGBM_Baseline ---
Trial 8: Training model...
Trial 8: Evaluating model...
Trial 8: Validation Score (mae, scaled) = 0.056210

--- Optuna Trial 9 for LightGBM_Baseline ---
Trial 9: Training model...
Trial 9: Evaluating model...
Trial 9: Validation Score (mae, scaled) = 0.061129

--- Optuna Trial 10 for LightGBM_Baseline ---
Trial 10: Training model...
Trial 10: Evaluating model...
Trial 10: Validation Score (mae, scaled) = 0.047948

--- Optuna Trial 11 for LightGBM_Baseline ---
Trial 11: Training model...
Trial 11: Evaluating model...
Trial 11: Validation Score (mae, scaled) = 0.047793

--- Optuna Trial 12 for LightGBM_Baseline ---
Trial 12: Training model...
Trial 12: Evaluating model...
Trial 12: Validation Score (mae, scaled) = 0.047901

--- Optuna Trial 13 for LightGBM_Baseline ---
Trial 13: Training model...
Trial 13: Evaluating model...
Trial 13: Validation Score (mae, scaled) = 0.049714

--- Optuna Trial 14 for LightGBM_Baseline ---
Trial 14: Training model...
Trial 14: Evaluating model...
Trial 14: Validation Score (mae, scaled) = 0.047703

--- Optuna Trial 15 for LightGBM_Baseline ---
Trial 15: Training model...
Trial 15: Evaluating model...
Trial 15: Validation Score (mae, scaled) = 0.047145

--- Optuna Trial 16 for LightGBM_Baseline ---
Trial 16: Training model...
Trial 16: Evaluating model...
Trial 16: Validation Score (mae, scaled) = 0.047741

--- Optuna Trial 17 for LightGBM_Baseline ---
Trial 17: Training model...
Trial 17: Evaluating model...
Trial 17: Validation Score (mae, scaled) = 0.050671

--- Optuna Trial 18 for LightGBM_Baseline ---
Trial 18: Training model...
Trial 18: Evaluating model...
Trial 18: Validation Score (mae, scaled) = 0.047401

--- Optuna Trial 19 for LightGBM_Baseline ---
Trial 19: Training model...
Trial 19: Evaluating model...
Trial 19: Validation Score (mae, scaled) = 0.047237

--- Optuna Trial 20 for LightGBM_Baseline ---
Trial 20: Training model...
Trial 20: Evaluating model...
Trial 20: Validation Score (mae, scaled) = 0.051742

--- Optuna Trial 21 for LightGBM_Baseline ---
Trial 21: Training model...
Trial 21: Evaluating model...
Trial 21: Validation Score (mae, scaled) = 0.047360

--- Optuna Trial 22 for LightGBM_Baseline ---
Trial 22: Training model...
Trial 22: Evaluating model...
Trial 22: Validation Score (mae, scaled) = 0.047345

--- Optuna Trial 23 for LightGBM_Baseline ---
Trial 23: Training model...
Trial 23: Evaluating model...
Trial 23: Validation Score (mae, scaled) = 0.047495

--- Optuna Trial 24 for LightGBM_Baseline ---
Trial 24: Training model...
Trial 24: Evaluating model...
Trial 24: Validation Score (mae, scaled) = 0.048193

--- Best Results for Feeder=3, Arch=LightGBM_Baseline, Scenario=24hr ---
Best Validation Score (mae, scaled): 0.047145
Best Hyperparameters:
  n_estimators: 223
  learning_rate: 0.06856482671559008
  num_leaves: 21
  max_depth: 5
  min_child_samples: 13
[I 2025-04-14 17:53:33,246] Trial 20 finished with value: 0.05511754751205444 and parameters: {'n_lstm_layers': 1, 'lstm_units': 56, 'n_dense_layers': 1, 'lstm_dropout_0': 0.2517728420350636, 'dense_units_0': 64, 'dense_dropout_0': 0.19371641485709967, 'learning_rate': 0.002978751239685945}. Best is trial 11 with value: 0.053224772214889526.
[I 2025-04-14 17:53:37,686] Trial 21 finished with value: 0.05440990626811981 and parameters: {'n_lstm_layers': 1, 'lstm_units': 66, 'n_dense_layers': 1, 'lstm_dropout_0': 0.491021929641484, 'dense_units_0': 48, 'dense_dropout_0': 0.49209378108562735, 'learning_rate': 0.006631757660451084}. Best is trial 11 with value: 0.053224772214889526.
[I 2025-04-14 17:53:42,048] Trial 22 finished with value: 0.055351220071315765 and parameters: {'n_lstm_layers': 1, 'lstm_units': 68, 'n_dense_layers': 1, 'lstm_dropout_0': 0.4104953168292835, 'dense_units_0': 54, 'dense_dropout_0': 0.4213192940287616, 'learning_rate': 0.0036241595527738454}. Best is trial 11 with value: 0.053224772214889526.
[I 2025-04-14 17:53:46,107] Trial 23 finished with value: 0.06368362903594971 and parameters: {'n_lstm_layers': 1, 'lstm_units': 79, 'n_dense_layers': 2, 'lstm_dropout_0': 0.49769944436182945, 'dense_units_0': 38, 'dense_dropout_0': 0.4452397191199861, 'dense_units_1': 16, 'dense_dropout_1': 0.4895326219817201, 'learning_rate': 0.0068789661179436785}. Best is trial 11 with value: 0.053224772214889526.
[I 2025-04-14 17:53:50,575] Trial 24 finished with value: 0.05602114647626877 and parameters: {'n_lstm_layers': 1, 'lstm_units': 59, 'n_dense_layers': 1, 'lstm_dropout_0': 0.36496750192499927, 'dense_units_0': 53, 'dense_dropout_0': 0.35474593121248865, 'learning_rate': 0.0028184311636754874}. Best is trial 11 with value: 0.053224772214889526.
[I 2025-04-14 17:53:52,651] A new study created in memory with name: tune-3-LSTM_Change_in_Load-24hr
[I 2025-04-14 17:53:57,456] Trial 0 finished with value: 0.048619113862514496 and parameters: {'n_lstm_layers': 1, 'lstm_units': 106, 'n_dense_layers': 2, 'lstm_dropout_0': 0.224872131637592, 'dense_units_0': 59, 'dense_dropout_0': 0.16488458519661486, 'dense_units_1': 24, 'dense_dropout_1': 0.43241864400490493, 'learning_rate': 0.0013446315886841}. Best is trial 0 with value: 0.048619113862514496.
[I 2025-04-14 17:54:04,594] Trial 1 finished with value: 0.04676440358161926 and parameters: {'n_lstm_layers': 2, 'lstm_units': 84, 'n_dense_layers': 1, 'lstm_dropout_0': 0.11770619554909466, 'lstm_dropout_1': 0.2195583513648831, 'dense_units_0': 29, 'dense_dropout_0': 0.2197876541786779, 'learning_rate': 0.0020792315257988753}. Best is trial 1 with value: 0.04676440358161926.
[I 2025-04-14 17:54:09,722] Trial 2 finished with value: 0.14473748207092285 and parameters: {'n_lstm_layers': 1, 'lstm_units': 115, 'n_dense_layers': 2, 'lstm_dropout_0': 0.21061459374170166, 'dense_units_0': 50, 'dense_dropout_0': 0.485569919658168, 'dense_units_1': 26, 'dense_dropout_1': 0.12481014923166348, 'learning_rate': 0.00016006379161032878}. Best is trial 1 with value: 0.04676440358161926.
[I 2025-04-14 17:54:13,564] Trial 3 finished with value: 0.059517811983823776 and parameters: {'n_lstm_layers': 1, 'lstm_units': 35, 'n_dense_layers': 0, 'lstm_dropout_0': 0.16153157942835775, 'learning_rate': 0.0006000568970958033}. Best is trial 1 with value: 0.04676440358161926.
[I 2025-04-14 17:54:18,092] Trial 4 finished with value: 0.049311257898807526 and parameters: {'n_lstm_layers': 1, 'lstm_units': 36, 'n_dense_layers': 0, 'lstm_dropout_0': 0.2568239090277512, 'learning_rate': 0.0017046462561140204}. Best is trial 1 with value: 0.04676440358161926.
[I 2025-04-14 17:54:25,347] Trial 5 finished with value: 0.19139021635055542 and parameters: {'n_lstm_layers': 2, 'lstm_units': 40, 'n_dense_layers': 2, 'lstm_dropout_0': 0.3524599026225633, 'lstm_dropout_1': 0.163544467622233, 'dense_units_0': 16, 'dense_dropout_0': 0.38289722721204467, 'dense_units_1': 38, 'dense_dropout_1': 0.38063989606139825, 'learning_rate': 0.0001870812643265775}. Best is trial 1 with value: 0.04676440358161926.
[I 2025-04-14 17:54:29,658] Trial 6 finished with value: 0.049758829176425934 and parameters: {'n_lstm_layers': 1, 'lstm_units': 97, 'n_dense_layers': 0, 'lstm_dropout_0': 0.4515689937426045, 'learning_rate': 0.0015134028031581937}. Best is trial 1 with value: 0.04676440358161926.
[I 2025-04-14 17:54:36,577] Trial 7 finished with value: 0.04669523984193802 and parameters: {'n_lstm_layers': 2, 'lstm_units': 98, 'n_dense_layers': 1, 'lstm_dropout_0': 0.3134648773385953, 'lstm_dropout_1': 0.3406482569491852, 'dense_units_0': 52, 'dense_dropout_0': 0.4382279340235842, 'learning_rate': 0.0019571603820659647}. Best is trial 7 with value: 0.04669523984193802.
[I 2025-04-14 17:54:43,415] Trial 8 finished with value: 0.045438461005687714 and parameters: {'n_lstm_layers': 2, 'lstm_units': 99, 'n_dense_layers': 2, 'lstm_dropout_0': 0.4697552948415591, 'lstm_dropout_1': 0.15422906776756104, 'dense_units_0': 25, 'dense_dropout_0': 0.14613632006201846, 'dense_units_1': 61, 'dense_dropout_1': 0.49004996966238556, 'learning_rate': 0.0028657223637856585}. Best is trial 8 with value: 0.045438461005687714.
[I 2025-04-14 17:54:50,270] Trial 9 finished with value: 0.04527979716658592 and parameters: {'n_lstm_layers': 2, 'lstm_units': 66, 'n_dense_layers': 0, 'lstm_dropout_0': 0.3563482998650518, 'lstm_dropout_1': 0.2296013864939691, 'learning_rate': 0.004131767404512714}. Best is trial 9 with value: 0.04527979716658592.
[I 2025-04-14 17:54:56,667] Trial 10 finished with value: 0.04536386579275131 and parameters: {'n_lstm_layers': 2, 'lstm_units': 56, 'n_dense_layers': 0, 'lstm_dropout_0': 0.38654055304154644, 'lstm_dropout_1': 0.4988343436378009, 'learning_rate': 0.00986598391782636}. Best is trial 9 with value: 0.04527979716658592.
[I 2025-04-14 17:55:03,364] Trial 11 finished with value: 0.045368045568466187 and parameters: {'n_lstm_layers': 2, 'lstm_units': 55, 'n_dense_layers': 0, 'lstm_dropout_0': 0.3923303734378563, 'lstm_dropout_1': 0.4779138642038021, 'learning_rate': 0.009993348920828524}. Best is trial 9 with value: 0.04527979716658592.
[I 2025-04-14 17:55:09,672] Trial 12 finished with value: 0.046076223254203796 and parameters: {'n_lstm_layers': 2, 'lstm_units': 62, 'n_dense_layers': 1, 'lstm_dropout_0': 0.3984473009405575, 'lstm_dropout_1': 0.3125365757201983, 'dense_units_0': 16, 'dense_dropout_0': 0.303850773923627, 'learning_rate': 0.009383964513922717}. Best is trial 9 with value: 0.04527979716658592.
[I 2025-04-14 17:55:15,987] Trial 13 finished with value: 0.04533674567937851 and parameters: {'n_lstm_layers': 2, 'lstm_units': 50, 'n_dense_layers': 0, 'lstm_dropout_0': 0.32941403965566046, 'lstm_dropout_1': 0.48734169192937016, 'learning_rate': 0.004626255556956728}. Best is trial 9 with value: 0.04527979716658592.
[I 2025-04-14 17:55:22,233] Trial 14 finished with value: 0.04557986557483673 and parameters: {'n_lstm_layers': 2, 'lstm_units': 46, 'n_dense_layers': 0, 'lstm_dropout_0': 0.3032434318644351, 'lstm_dropout_1': 0.39315823057809873, 'learning_rate': 0.0043363619395779835}. Best is trial 9 with value: 0.04527979716658592.
[I 2025-04-14 17:55:29,172] Trial 15 finished with value: 0.05998215824365616 and parameters: {'n_lstm_layers': 2, 'lstm_units': 72, 'n_dense_layers': 1, 'lstm_dropout_0': 0.3273138253802329, 'lstm_dropout_1': 0.24404412591245458, 'dense_units_0': 38, 'dense_dropout_0': 0.30089495477524153, 'learning_rate': 0.0007080344719958371}. Best is trial 9 with value: 0.04527979716658592.
[I 2025-04-14 17:55:36,394] Trial 16 finished with value: 0.04508097097277641 and parameters: {'n_lstm_layers': 2, 'lstm_units': 47, 'n_dense_layers': 0, 'lstm_dropout_0': 0.2674524414312311, 'lstm_dropout_1': 0.10002270904965499, 'learning_rate': 0.004524347631653716}. Best is trial 16 with value: 0.04508097097277641.
[I 2025-04-14 17:55:43,031] Trial 17 finished with value: 0.046332377940416336 and parameters: {'n_lstm_layers': 2, 'lstm_units': 72, 'n_dense_layers': 1, 'lstm_dropout_0': 0.2616129492143574, 'lstm_dropout_1': 0.10132949703563206, 'dense_units_0': 23, 'dense_dropout_0': 0.22346421994993806, 'learning_rate': 0.0051741165426529186}. Best is trial 16 with value: 0.04508097097277641.
[I 2025-04-14 17:55:50,083] Trial 18 finished with value: 0.051665760576725006 and parameters: {'n_lstm_layers': 2, 'lstm_units': 42, 'n_dense_layers': 0, 'lstm_dropout_0': 0.26584353300632774, 'lstm_dropout_1': 0.10085817508378753, 'learning_rate': 0.0003295082161370516}. Best is trial 16 with value: 0.04508097097277641.
[I 2025-04-14 17:55:56,764] Trial 19 finished with value: 0.04569569602608681 and parameters: {'n_lstm_layers': 2, 'lstm_units': 71, 'n_dense_layers': 0, 'lstm_dropout_0': 0.4295478036239053, 'lstm_dropout_1': 0.2563970303124201, 'learning_rate': 0.0029533982290627613}. Best is trial 16 with value: 0.04508097097277641.
[I 2025-04-14 17:56:01,162] Trial 20 finished with value: 0.050059061497449875 and parameters: {'n_lstm_layers': 1, 'lstm_units': 32, 'n_dense_layers': 1, 'lstm_dropout_0': 0.19388359134447924, 'dense_units_0': 41, 'dense_dropout_0': 0.3624469003573317, 'learning_rate': 0.0008592307378867801}. Best is trial 16 with value: 0.04508097097277641.
[I 2025-04-14 17:56:08,029] Trial 21 finished with value: 0.045195478945970535 and parameters: {'n_lstm_layers': 2, 'lstm_units': 49, 'n_dense_layers': 0, 'lstm_dropout_0': 0.36203868295293834, 'lstm_dropout_1': 0.4143596958321133, 'learning_rate': 0.0051879382411484}. Best is trial 16 with value: 0.04508097097277641.
[I 2025-04-14 17:56:14,571] Trial 22 finished with value: 0.0454573817551136 and parameters: {'n_lstm_layers': 2, 'lstm_units': 49, 'n_dense_layers': 0, 'lstm_dropout_0': 0.3547221883566788, 'lstm_dropout_1': 0.4080271262243595, 'learning_rate': 0.0062762733736991825}. Best is trial 16 with value: 0.04508097097277641.
[I 2025-04-14 17:56:21,870] Trial 23 finished with value: 0.045321062207221985 and parameters: {'n_lstm_layers': 2, 'lstm_units': 61, 'n_dense_layers': 0, 'lstm_dropout_0': 0.2856242612061995, 'lstm_dropout_1': 0.18662758885155617, 'learning_rate': 0.0031440727367013136}. Best is trial 16 with value: 0.04508097097277641.
